[15:55:12.762] [INFO   ] thread bguspl.set.Main.main() starting.
[15:55:12.769] [SEVERE ] cannot read configuration file config.properties trying from resources.
[15:55:12.773] [SEVERE ] configuration file was loaded from resources directory.
[15:55:13.883] [INFO   ] thread dealer starting.
[15:55:13.884] [INFO   ] thread dealer starting.
[15:55:13.989] [SEVERE ] placing card 0 in slot 0
[15:55:14.091] [SEVERE ] placing card 1 in slot 1
[15:55:14.192] [SEVERE ] placing card 2 in slot 2
[15:55:14.294] [SEVERE ] placing card 3 in slot 3
[15:55:14.395] [SEVERE ] placing card 4 in slot 4
[15:55:14.497] [SEVERE ] placing card 5 in slot 5
[15:55:14.598] [SEVERE ] placing card 6 in slot 6
[15:55:14.699] [SEVERE ] placing card 7 in slot 7
[15:55:14.800] [SEVERE ] placing card 8 in slot 8
[15:55:14.901] [SEVERE ] placing card 9 in slot 9
[15:55:15.003] [SEVERE ] placing card 10 in slot 10
[15:55:15.104] [SEVERE ] placing card 11 in slot 11
[15:55:15.115] [SEVERE ] updating countdown to 58751
[15:55:15.127] [SEVERE ] updating countdown to 58739
[15:55:15.138] [SEVERE ] updating countdown to 58728
[15:55:15.149] [SEVERE ] updating countdown to 58717
[15:55:15.160] [SEVERE ] updating countdown to 58706
[15:55:15.171] [SEVERE ] updating countdown to 58695
[15:55:15.181] [SEVERE ] updating countdown to 58685
[15:55:15.192] [SEVERE ] updating countdown to 58674
[15:55:15.203] [SEVERE ] updating countdown to 58663
[15:55:15.214] [SEVERE ] updating countdown to 58652
[15:55:15.225] [SEVERE ] updating countdown to 58641
[15:55:15.236] [SEVERE ] updating countdown to 58630
[15:55:15.247] [SEVERE ] updating countdown to 58619
[15:55:15.258] [SEVERE ] updating countdown to 58608
[15:55:15.270] [SEVERE ] updating countdown to 58596
[15:55:15.282] [SEVERE ] updating countdown to 58584
[15:55:15.294] [SEVERE ] updating countdown to 58572
[15:55:15.305] [SEVERE ] updating countdown to 58561
[15:55:15.316] [SEVERE ] updating countdown to 58550
[15:55:15.327] [SEVERE ] updating countdown to 58539
[15:55:15.338] [SEVERE ] updating countdown to 58528
[15:55:15.350] [SEVERE ] updating countdown to 58516
[15:55:15.361] [SEVERE ] updating countdown to 58505
[15:55:15.372] [SEVERE ] updating countdown to 58494
[15:55:15.383] [SEVERE ] updating countdown to 58483
[15:55:15.394] [SEVERE ] updating countdown to 58472
[15:55:15.404] [SEVERE ] updating countdown to 58462
[15:55:15.416] [SEVERE ] updating countdown to 58450
[15:55:15.427] [SEVERE ] updating countdown to 58439
[15:55:15.438] [SEVERE ] updating countdown to 58428
[15:55:15.449] [SEVERE ] updating countdown to 58417
[15:55:15.460] [SEVERE ] updating countdown to 58406
[15:55:15.471] [SEVERE ] updating countdown to 58395
[15:55:15.481] [SEVERE ] updating countdown to 58385
[15:55:15.492] [SEVERE ] updating countdown to 58374
[15:55:15.503] [SEVERE ] updating countdown to 58363
[15:55:15.515] [SEVERE ] updating countdown to 58352
[15:55:15.525] [SEVERE ] updating countdown to 58341
[15:55:15.537] [SEVERE ] updating countdown to 58329
[15:55:15.548] [SEVERE ] updating countdown to 58318
[15:55:15.559] [SEVERE ] updating countdown to 58307
[15:55:15.569] [SEVERE ] updating countdown to 58297
[15:55:15.580] [SEVERE ] updating countdown to 58286
[15:55:15.591] [SEVERE ] updating countdown to 58275
[15:55:15.602] [SEVERE ] updating countdown to 58264
[15:55:15.613] [SEVERE ] updating countdown to 58253
[15:55:15.624] [SEVERE ] updating countdown to 58242
[15:55:15.635] [SEVERE ] updating countdown to 58231
[15:55:15.646] [SEVERE ] updating countdown to 58220
[15:55:15.657] [SEVERE ] updating countdown to 58209
[15:55:15.667] [SEVERE ] updating countdown to 58199
[15:55:15.678] [SEVERE ] updating countdown to 58188
[15:55:15.689] [SEVERE ] updating countdown to 58177
[15:55:15.700] [SEVERE ] updating countdown to 58166
[15:55:15.711] [SEVERE ] updating countdown to 58155
[15:55:15.721] [SEVERE ] updating countdown to 58145
[15:55:15.732] [SEVERE ] updating countdown to 58134
[15:55:15.743] [SEVERE ] updating countdown to 58123
[15:55:15.754] [SEVERE ] updating countdown to 58112
[15:55:15.765] [SEVERE ] updating countdown to 58101
[15:55:15.776] [SEVERE ] updating countdown to 58090
[15:55:15.786] [SEVERE ] updating countdown to 58080
[15:55:15.797] [SEVERE ] updating countdown to 58069
[15:55:15.808] [SEVERE ] updating countdown to 58058
[15:55:15.819] [SEVERE ] updating countdown to 58047
[15:55:15.830] [SEVERE ] updating countdown to 58036
[15:55:15.841] [SEVERE ] updating countdown to 58025
[15:55:15.852] [SEVERE ] updating countdown to 58014
[15:55:15.863] [SEVERE ] updating countdown to 58003
[15:55:15.874] [SEVERE ] updating countdown to 57992
[15:55:15.885] [SEVERE ] updating countdown to 57981
[15:55:15.896] [SEVERE ] updating countdown to 57970
[15:55:15.906] [SEVERE ] updating countdown to 57960
[15:55:15.917] [SEVERE ] updating countdown to 57949
[15:55:15.928] [SEVERE ] updating countdown to 57938
[15:55:15.938] [SEVERE ] updating countdown to 57928
[15:55:15.949] [SEVERE ] updating countdown to 57917
[15:55:15.960] [SEVERE ] updating countdown to 57906
[15:55:15.971] [SEVERE ] updating countdown to 57895
[15:55:15.982] [SEVERE ] updating countdown to 57884
[15:55:15.992] [SEVERE ] updating countdown to 57874
[15:55:16.003] [SEVERE ] updating countdown to 57863
[15:55:16.014] [SEVERE ] updating countdown to 57852
[15:55:16.026] [SEVERE ] updating countdown to 57840
[15:55:16.036] [SEVERE ] updating countdown to 57830
[15:55:16.048] [SEVERE ] updating countdown to 57818
[15:55:16.059] [SEVERE ] updating countdown to 57807
[15:55:16.070] [SEVERE ] updating countdown to 57796
[15:55:16.081] [SEVERE ] updating countdown to 57785
[15:55:16.092] [SEVERE ] updating countdown to 57775
[15:55:16.102] [SEVERE ] updating countdown to 57764
[15:55:16.113] [SEVERE ] updating countdown to 57753
[15:55:16.124] [SEVERE ] updating countdown to 57742
[15:55:16.135] [SEVERE ] updating countdown to 57731
[15:55:16.146] [SEVERE ] updating countdown to 57720
[15:55:16.157] [SEVERE ] updating countdown to 57709
[15:55:16.167] [SEVERE ] updating countdown to 57699
[15:55:16.178] [SEVERE ] updating countdown to 57688
[15:55:16.189] [SEVERE ] updating countdown to 57677
[15:55:16.200] [SEVERE ] updating countdown to 57666
[15:55:16.212] [SEVERE ] updating countdown to 57654
[15:55:16.224] [SEVERE ] updating countdown to 57642
[15:55:16.235] [SEVERE ] updating countdown to 57631
[15:55:16.247] [SEVERE ] updating countdown to 57619
[15:55:16.259] [SEVERE ] updating countdown to 57607
[15:55:16.270] [SEVERE ] updating countdown to 57596
[15:55:16.282] [SEVERE ] updating countdown to 57584
[15:55:16.293] [SEVERE ] updating countdown to 57574
[15:55:16.303] [SEVERE ] updating countdown to 57563
[15:55:16.314] [SEVERE ] updating countdown to 57552
[15:55:16.325] [SEVERE ] updating countdown to 57541
[15:55:16.336] [SEVERE ] updating countdown to 57530
[15:55:16.348] [SEVERE ] updating countdown to 57518
[15:55:16.359] [SEVERE ] updating countdown to 57507
[15:55:16.370] [SEVERE ] updating countdown to 57496
[15:55:16.381] [SEVERE ] updating countdown to 57485
[15:55:16.393] [SEVERE ] updating countdown to 57473
[15:55:16.404] [SEVERE ] updating countdown to 57462
[15:55:16.415] [SEVERE ] updating countdown to 57451
[15:55:16.426] [SEVERE ] updating countdown to 57440
[15:55:16.436] [SEVERE ] updating countdown to 57430
[15:55:16.447] [SEVERE ] updating countdown to 57419
[15:55:16.458] [SEVERE ] updating countdown to 57408
[15:55:16.469] [SEVERE ] updating countdown to 57397
[15:55:16.480] [SEVERE ] updating countdown to 57386
[15:55:16.491] [SEVERE ] updating countdown to 57375
[15:55:16.502] [SEVERE ] updating countdown to 57364
[15:55:16.514] [SEVERE ] updating countdown to 57352
[15:55:16.524] [SEVERE ] updating countdown to 57342
[15:55:16.535] [SEVERE ] updating countdown to 57331
[15:55:16.549] [SEVERE ] updating countdown to 57317
[15:55:16.560] [SEVERE ] updating countdown to 57306
[15:55:16.570] [SEVERE ] updating countdown to 57296
[15:55:16.581] [SEVERE ] updating countdown to 57285
[15:55:16.592] [SEVERE ] updating countdown to 57274
[15:55:16.603] [SEVERE ] updating countdown to 57263
[15:55:16.615] [SEVERE ] updating countdown to 57251
[15:55:16.626] [SEVERE ] updating countdown to 57240
[15:55:16.637] [SEVERE ] updating countdown to 57229
[15:55:16.648] [SEVERE ] updating countdown to 57218
[15:55:16.659] [SEVERE ] updating countdown to 57207
[15:55:16.670] [SEVERE ] updating countdown to 57196
[15:55:16.681] [SEVERE ] updating countdown to 57185
[15:55:16.692] [SEVERE ] updating countdown to 57174
[15:55:16.703] [SEVERE ] updating countdown to 57163
[15:55:16.714] [SEVERE ] updating countdown to 57152
[15:55:16.725] [SEVERE ] updating countdown to 57141
[15:55:16.736] [SEVERE ] updating countdown to 57130
[15:55:16.746] [SEVERE ] updating countdown to 57120
[15:55:16.757] [SEVERE ] updating countdown to 57109
[15:55:16.768] [SEVERE ] updating countdown to 57098
[15:55:16.778] [SEVERE ] updating countdown to 57088
[15:55:16.789] [SEVERE ] updating countdown to 57077
[15:55:16.799] [SEVERE ] updating countdown to 57067
[15:55:16.810] [SEVERE ] updating countdown to 57056
[15:55:16.820] [SEVERE ] updating countdown to 57046
[15:55:16.831] [SEVERE ] updating countdown to 57035
[15:55:16.842] [SEVERE ] updating countdown to 57024
[15:55:16.853] [SEVERE ] updating countdown to 57013
[15:55:16.864] [SEVERE ] updating countdown to 57002
[15:55:16.874] [SEVERE ] updating countdown to 56992
[15:55:16.885] [SEVERE ] updating countdown to 56981
[15:55:16.896] [SEVERE ] updating countdown to 56970
[15:55:16.907] [SEVERE ] updating countdown to 56959
[15:55:16.917] [SEVERE ] updating countdown to 56949
[15:55:16.928] [SEVERE ] updating countdown to 56938
[15:55:16.939] [SEVERE ] updating countdown to 56927
[15:55:16.950] [SEVERE ] updating countdown to 56916
[15:55:16.961] [SEVERE ] updating countdown to 56905
[15:55:16.972] [SEVERE ] updating countdown to 56894
[15:55:16.984] [SEVERE ] updating countdown to 56882
[15:55:16.995] [SEVERE ] updating countdown to 56871
[15:55:17.007] [SEVERE ] updating countdown to 56859
[15:55:17.019] [SEVERE ] updating countdown to 56847
[15:55:17.030] [SEVERE ] updating countdown to 56836
[15:55:17.041] [SEVERE ] updating countdown to 56825
[15:55:17.053] [SEVERE ] updating countdown to 56813
[15:55:17.064] [SEVERE ] updating countdown to 56802
[15:55:17.076] [SEVERE ] updating countdown to 56790
[15:55:17.088] [SEVERE ] updating countdown to 56779
[15:55:17.100] [SEVERE ] updating countdown to 56766
[15:55:17.112] [SEVERE ] updating countdown to 56754
[15:55:17.123] [SEVERE ] updating countdown to 56743
[15:55:17.134] [SEVERE ] updating countdown to 56732
[15:55:17.146] [SEVERE ] updating countdown to 56720
[15:55:17.162] [SEVERE ] updating countdown to 56704
[15:55:17.173] [SEVERE ] updating countdown to 56693
[15:55:17.184] [SEVERE ] updating countdown to 56682
[15:55:17.195] [SEVERE ] updating countdown to 56671
[15:55:17.207] [SEVERE ] updating countdown to 56659
[15:55:17.218] [SEVERE ] updating countdown to 56648
[15:55:17.230] [SEVERE ] updating countdown to 56636
[15:55:17.241] [SEVERE ] updating countdown to 56625
[15:55:17.253] [SEVERE ] updating countdown to 56613
[15:55:17.265] [SEVERE ] updating countdown to 56601
[15:55:17.277] [SEVERE ] updating countdown to 56589
[15:55:17.289] [SEVERE ] updating countdown to 56577
[15:55:17.301] [SEVERE ] updating countdown to 56565
[15:55:17.312] [SEVERE ] updating countdown to 56554
[15:55:17.325] [SEVERE ] updating countdown to 56541
[15:55:17.336] [SEVERE ] updating countdown to 56530
[15:55:17.348] [SEVERE ] updating countdown to 56518
[15:55:17.360] [SEVERE ] updating countdown to 56507
[15:55:17.371] [SEVERE ] updating countdown to 56495
[15:55:17.383] [SEVERE ] updating countdown to 56483
[15:55:17.395] [SEVERE ] updating countdown to 56471
[15:55:17.406] [SEVERE ] updating countdown to 56460
[15:55:17.418] [SEVERE ] updating countdown to 56448
[15:55:17.429] [SEVERE ] updating countdown to 56437
[15:55:17.441] [SEVERE ] updating countdown to 56425
[15:55:17.453] [SEVERE ] updating countdown to 56413
[15:55:17.465] [SEVERE ] updating countdown to 56402
[15:55:17.476] [SEVERE ] updating countdown to 56390
[15:55:17.488] [SEVERE ] updating countdown to 56378
[15:55:17.499] [SEVERE ] updating countdown to 56367
[15:55:17.511] [SEVERE ] updating countdown to 56355
[15:55:17.523] [SEVERE ] updating countdown to 56343
[15:55:17.540] [SEVERE ] updating countdown to 56326
[15:55:17.551] [SEVERE ] updating countdown to 56315
[15:55:17.563] [SEVERE ] updating countdown to 56303
[15:55:17.574] [SEVERE ] updating countdown to 56292
[15:55:17.586] [SEVERE ] updating countdown to 56280
[15:55:17.597] [SEVERE ] updating countdown to 56269
[15:55:17.609] [SEVERE ] updating countdown to 56257
[15:55:17.620] [SEVERE ] updating countdown to 56246
[15:55:17.632] [SEVERE ] updating countdown to 56235
[15:55:17.643] [SEVERE ] updating countdown to 56223
[15:55:17.655] [SEVERE ] updating countdown to 56211
[15:55:17.667] [SEVERE ] updating countdown to 56199
[15:55:17.679] [SEVERE ] updating countdown to 56187
[15:55:17.690] [SEVERE ] updating countdown to 56176
[15:55:17.701] [SEVERE ] updating countdown to 56165
[15:55:17.713] [SEVERE ] updating countdown to 56153
[15:55:17.724] [SEVERE ] updating countdown to 56142
[15:55:17.735] [SEVERE ] updating countdown to 56131
[15:55:17.745] [SEVERE ] updating countdown to 56121
[15:55:17.756] [SEVERE ] updating countdown to 56110
[15:55:17.767] [SEVERE ] updating countdown to 56099
[15:55:17.778] [SEVERE ] updating countdown to 56088
[15:55:17.789] [SEVERE ] updating countdown to 56077
[15:55:17.801] [SEVERE ] updating countdown to 56065
[15:55:17.813] [SEVERE ] updating countdown to 56054
[15:55:17.824] [SEVERE ] updating countdown to 56042
[15:55:17.835] [SEVERE ] updating countdown to 56031
[15:55:17.847] [SEVERE ] updating countdown to 56019
[15:55:17.859] [SEVERE ] updating countdown to 56007
[15:55:17.871] [SEVERE ] updating countdown to 55995
[15:55:17.883] [SEVERE ] updating countdown to 55983
[15:55:17.894] [SEVERE ] updating countdown to 55972
[15:55:17.905] [SEVERE ] updating countdown to 55961
[15:55:17.917] [SEVERE ] updating countdown to 55949
[15:55:17.928] [SEVERE ] updating countdown to 55938
[15:55:17.939] [SEVERE ] updating countdown to 55927
[15:55:17.951] [SEVERE ] updating countdown to 55915
[15:55:17.962] [SEVERE ] updating countdown to 55904
[15:55:17.974] [SEVERE ] updating countdown to 55892
[15:55:17.986] [SEVERE ] updating countdown to 55880
[15:55:17.997] [SEVERE ] updating countdown to 55869
[15:55:18.009] [SEVERE ] updating countdown to 55857
[15:55:18.020] [SEVERE ] updating countdown to 55846
[15:55:18.032] [SEVERE ] updating countdown to 55834
[15:55:18.044] [SEVERE ] updating countdown to 55822
[15:55:18.055] [SEVERE ] updating countdown to 55811
[15:55:18.067] [SEVERE ] updating countdown to 55799
[15:55:18.078] [SEVERE ] updating countdown to 55788
[15:55:18.090] [SEVERE ] updating countdown to 55776
[15:55:18.101] [SEVERE ] updating countdown to 55765
[15:55:18.113] [SEVERE ] updating countdown to 55754
[15:55:18.124] [SEVERE ] updating countdown to 55742
[15:55:18.135] [SEVERE ] updating countdown to 55731
[15:55:18.146] [SEVERE ] updating countdown to 55720
[15:55:18.157] [SEVERE ] updating countdown to 55709
[15:55:18.168] [SEVERE ] updating countdown to 55698
[15:55:18.179] [SEVERE ] updating countdown to 55687
[15:55:18.191] [SEVERE ] updating countdown to 55675
[15:55:18.202] [SEVERE ] updating countdown to 55664
[15:55:18.214] [SEVERE ] updating countdown to 55652
[15:55:18.225] [SEVERE ] updating countdown to 55641
[15:55:18.237] [SEVERE ] updating countdown to 55629
[15:55:18.248] [SEVERE ] updating countdown to 55618
[15:55:18.259] [SEVERE ] updating countdown to 55607
[15:55:18.271] [SEVERE ] updating countdown to 55595
[15:55:18.282] [SEVERE ] updating countdown to 55584
[15:55:18.294] [SEVERE ] updating countdown to 55572
[15:55:18.305] [SEVERE ] updating countdown to 55561
[15:55:18.316] [SEVERE ] updating countdown to 55550
[15:55:18.328] [SEVERE ] updating countdown to 55538
[15:55:18.338] [SEVERE ] updating countdown to 55528
[15:55:18.349] [SEVERE ] updating countdown to 55517
[15:55:18.360] [SEVERE ] updating countdown to 55506
[15:55:18.371] [SEVERE ] updating countdown to 55495
[15:55:18.382] [SEVERE ] updating countdown to 55484
[15:55:18.393] [SEVERE ] updating countdown to 55473
[15:55:18.404] [SEVERE ] updating countdown to 55462
[15:55:18.416] [SEVERE ] updating countdown to 55450
[15:55:18.427] [SEVERE ] updating countdown to 55439
[15:55:18.439] [SEVERE ] updating countdown to 55427
[15:55:18.450] [SEVERE ] updating countdown to 55416
[15:55:18.462] [SEVERE ] updating countdown to 55404
[15:55:18.476] [SEVERE ] updating countdown to 55390
[15:55:18.488] [SEVERE ] updating countdown to 55378
[15:55:18.499] [SEVERE ] updating countdown to 55367
[15:55:18.510] [SEVERE ] updating countdown to 55356
[15:55:18.521] [SEVERE ] updating countdown to 55345
[15:55:18.532] [SEVERE ] updating countdown to 55334
[15:55:18.543] [SEVERE ] updating countdown to 55323
[15:55:18.554] [SEVERE ] updating countdown to 55312
[15:55:18.565] [SEVERE ] updating countdown to 55301
[15:55:18.576] [SEVERE ] updating countdown to 55290
[15:55:18.587] [SEVERE ] updating countdown to 55279
[15:55:18.598] [SEVERE ] updating countdown to 55268
[15:55:18.610] [SEVERE ] updating countdown to 55256
[15:55:18.621] [SEVERE ] updating countdown to 55245
[15:55:18.632] [SEVERE ] updating countdown to 55234
[15:55:18.644] [SEVERE ] updating countdown to 55222
[15:55:18.655] [SEVERE ] updating countdown to 55211
[15:55:18.666] [SEVERE ] updating countdown to 55200
[15:55:18.678] [SEVERE ] updating countdown to 55188
[15:55:18.689] [SEVERE ] updating countdown to 55177
[15:55:18.701] [SEVERE ] updating countdown to 55165
[15:55:18.713] [SEVERE ] updating countdown to 55153
[15:55:18.724] [SEVERE ] updating countdown to 55142
[15:55:18.736] [SEVERE ] updating countdown to 55130
[15:55:18.747] [SEVERE ] updating countdown to 55119
[15:55:18.759] [SEVERE ] updating countdown to 55107
[15:55:18.770] [SEVERE ] updating countdown to 55096
[15:55:18.781] [SEVERE ] updating countdown to 55085
[15:55:18.792] [SEVERE ] updating countdown to 55074
[15:55:18.803] [SEVERE ] updating countdown to 55063
[15:55:18.813] [SEVERE ] updating countdown to 55053
[15:55:18.824] [SEVERE ] updating countdown to 55042
[15:55:18.835] [SEVERE ] updating countdown to 55031
[15:55:18.846] [SEVERE ] updating countdown to 55020
[15:55:18.857] [SEVERE ] updating countdown to 55009
[15:55:18.867] [SEVERE ] updating countdown to 54999
[15:55:18.878] [SEVERE ] updating countdown to 54988
[15:55:18.888] [SEVERE ] updating countdown to 54978
[15:55:18.899] [SEVERE ] updating countdown to 54967
[15:55:18.910] [SEVERE ] updating countdown to 54956
[15:55:18.921] [SEVERE ] updating countdown to 54945
[15:55:18.933] [SEVERE ] updating countdown to 54933
[15:55:18.945] [SEVERE ] updating countdown to 54922
[15:55:18.961] [SEVERE ] updating countdown to 54905
[15:55:18.972] [SEVERE ] updating countdown to 54894
[15:55:18.984] [SEVERE ] updating countdown to 54882
[15:55:18.995] [SEVERE ] updating countdown to 54871
[15:55:19.007] [SEVERE ] updating countdown to 54859
[15:55:19.018] [SEVERE ] updating countdown to 54848
[15:55:19.030] [SEVERE ] updating countdown to 54836
[15:55:19.041] [SEVERE ] updating countdown to 54825
[15:55:19.052] [SEVERE ] updating countdown to 54814
[15:55:19.064] [SEVERE ] updating countdown to 54802
[15:55:19.075] [SEVERE ] updating countdown to 54791
[15:55:19.087] [SEVERE ] updating countdown to 54779
[15:55:19.098] [SEVERE ] updating countdown to 54768
[15:55:19.110] [SEVERE ] updating countdown to 54756
[15:55:19.121] [SEVERE ] updating countdown to 54745
[15:55:19.133] [SEVERE ] updating countdown to 54733
[15:55:19.145] [SEVERE ] updating countdown to 54721
[15:55:19.157] [SEVERE ] updating countdown to 54709
[15:55:19.168] [SEVERE ] updating countdown to 54698
[15:55:19.179] [SEVERE ] updating countdown to 54687
[15:55:19.190] [SEVERE ] updating countdown to 54676
[15:55:19.201] [SEVERE ] updating countdown to 54665
[15:55:19.213] [SEVERE ] updating countdown to 54653
[15:55:19.224] [SEVERE ] updating countdown to 54642
[15:55:19.235] [SEVERE ] updating countdown to 54631
[15:55:19.248] [SEVERE ] updating countdown to 54618
[15:55:19.259] [SEVERE ] updating countdown to 54607
[15:55:19.270] [SEVERE ] updating countdown to 54596
[15:55:19.281] [SEVERE ] updating countdown to 54585
[15:55:19.293] [SEVERE ] updating countdown to 54573
[15:55:19.304] [SEVERE ] updating countdown to 54562
[15:55:19.316] [SEVERE ] updating countdown to 54550
[15:55:19.327] [SEVERE ] updating countdown to 54539
[15:55:19.338] [SEVERE ] updating countdown to 54528
[15:55:19.350] [SEVERE ] updating countdown to 54516
[15:55:19.361] [SEVERE ] updating countdown to 54505
[15:55:19.373] [SEVERE ] updating countdown to 54493
[15:55:19.384] [SEVERE ] updating countdown to 54482
[15:55:19.395] [SEVERE ] updating countdown to 54471
[15:55:19.412] [SEVERE ] updating countdown to 54454
[15:55:19.423] [SEVERE ] updating countdown to 54443
[15:55:19.434] [SEVERE ] updating countdown to 54432
[15:55:19.445] [SEVERE ] updating countdown to 54421
[15:55:19.456] [SEVERE ] updating countdown to 54410
[15:55:19.467] [SEVERE ] updating countdown to 54399
[15:55:19.478] [SEVERE ] updating countdown to 54388
[15:55:19.489] [SEVERE ] updating countdown to 54377
[15:55:19.501] [SEVERE ] updating countdown to 54365
[15:55:19.512] [SEVERE ] updating countdown to 54354
[15:55:19.523] [SEVERE ] updating countdown to 54343
[15:55:19.534] [SEVERE ] updating countdown to 54332
[15:55:19.545] [SEVERE ] updating countdown to 54321
[15:55:19.556] [SEVERE ] updating countdown to 54310
[15:55:19.568] [SEVERE ] updating countdown to 54298
[15:55:19.579] [SEVERE ] updating countdown to 54287
[15:55:19.590] [SEVERE ] updating countdown to 54276
[15:55:19.602] [SEVERE ] updating countdown to 54264
[15:55:19.613] [SEVERE ] updating countdown to 54253
[15:55:19.624] [SEVERE ] updating countdown to 54242
[15:55:19.636] [SEVERE ] updating countdown to 54230
[15:55:19.647] [SEVERE ] updating countdown to 54219
[15:55:19.658] [SEVERE ] updating countdown to 54208
[15:55:19.670] [SEVERE ] updating countdown to 54196
[15:55:19.681] [SEVERE ] updating countdown to 54185
[15:55:19.693] [SEVERE ] updating countdown to 54173
[15:55:19.704] [SEVERE ] updating countdown to 54162
[15:55:19.715] [SEVERE ] updating countdown to 54151
[15:55:19.728] [SEVERE ] updating countdown to 54138
[15:55:19.739] [SEVERE ] updating countdown to 54127
[15:55:19.750] [SEVERE ] updating countdown to 54116
[15:55:19.762] [SEVERE ] updating countdown to 54104
[15:55:19.773] [SEVERE ] updating countdown to 54093
[15:55:19.784] [SEVERE ] updating countdown to 54082
[15:55:19.795] [SEVERE ] updating countdown to 54071
[15:55:19.806] [SEVERE ] updating countdown to 54060
[15:55:19.817] [SEVERE ] updating countdown to 54049
[15:55:19.828] [SEVERE ] updating countdown to 54038
[15:55:19.840] [SEVERE ] updating countdown to 54026
[15:55:19.851] [SEVERE ] updating countdown to 54015
[15:55:19.862] [SEVERE ] updating countdown to 54004
[15:55:19.874] [SEVERE ] updating countdown to 53992
[15:55:19.885] [SEVERE ] updating countdown to 53981
[15:55:19.896] [SEVERE ] updating countdown to 53970
[15:55:19.907] [SEVERE ] updating countdown to 53959
[15:55:19.918] [SEVERE ] updating countdown to 53948
[15:55:19.929] [SEVERE ] updating countdown to 53937
[15:55:19.941] [SEVERE ] updating countdown to 53925
[15:55:19.952] [SEVERE ] updating countdown to 53914
[15:55:19.963] [SEVERE ] updating countdown to 53903
[15:55:19.974] [SEVERE ] updating countdown to 53892
[15:55:19.979] [SEVERE ] key 81 was pressed by player 1
[15:55:19.984] [SEVERE ] updating countdown to 53882
[15:55:19.995] [SEVERE ] updating countdown to 53871
[15:55:20.006] [SEVERE ] updating countdown to 53860
[15:55:20.017] [SEVERE ] updating countdown to 53849
[15:55:20.029] [SEVERE ] updating countdown to 53837
[15:55:20.040] [SEVERE ] updating countdown to 53826
[15:55:20.052] [SEVERE ] updating countdown to 53814
[15:55:20.063] [SEVERE ] updating countdown to 53803
[15:55:20.075] [SEVERE ] updating countdown to 53791
[15:55:20.086] [SEVERE ] updating countdown to 53780
[15:55:20.096] [SEVERE ] updating countdown to 53770
[15:55:20.107] [SEVERE ] updating countdown to 53759
[15:55:20.118] [SEVERE ] updating countdown to 53748
[15:55:20.129] [SEVERE ] updating countdown to 53737
[15:55:20.141] [SEVERE ] updating countdown to 53725
[15:55:20.152] [SEVERE ] updating countdown to 53714
[15:55:20.163] [SEVERE ] updating countdown to 53703
[15:55:20.174] [SEVERE ] updating countdown to 53692
[15:55:20.193] [SEVERE ] updating countdown to 53673
[15:55:20.204] [SEVERE ] updating countdown to 53662
[15:55:20.215] [SEVERE ] updating countdown to 53651
[15:55:20.226] [SEVERE ] updating countdown to 53640
[15:55:20.237] [SEVERE ] updating countdown to 53629
[15:55:20.248] [SEVERE ] updating countdown to 53618
[15:55:20.260] [SEVERE ] updating countdown to 53606
[15:55:20.271] [SEVERE ] updating countdown to 53595
[15:55:20.282] [SEVERE ] updating countdown to 53584
[15:55:20.293] [SEVERE ] updating countdown to 53573
[15:55:20.305] [SEVERE ] updating countdown to 53561
[15:55:20.317] [SEVERE ] updating countdown to 53549
[15:55:20.328] [SEVERE ] updating countdown to 53538
[15:55:20.340] [SEVERE ] updating countdown to 53526
[15:55:20.351] [SEVERE ] updating countdown to 53515
[15:55:20.362] [SEVERE ] updating countdown to 53504
[15:55:20.373] [SEVERE ] updating countdown to 53493
[15:55:20.383] [SEVERE ] updating countdown to 53483
[15:55:20.394] [SEVERE ] updating countdown to 53472
[15:55:20.404] [SEVERE ] updating countdown to 53462
[15:55:20.415] [SEVERE ] updating countdown to 53451
[15:55:20.426] [SEVERE ] updating countdown to 53440
[15:55:20.437] [SEVERE ] updating countdown to 53429
[15:55:20.448] [SEVERE ] updating countdown to 53418
[15:55:20.460] [SEVERE ] updating countdown to 53406
[15:55:20.471] [SEVERE ] updating countdown to 53395
[15:55:20.482] [SEVERE ] updating countdown to 53384
[15:55:20.493] [SEVERE ] updating countdown to 53373
[15:55:20.504] [SEVERE ] updating countdown to 53362
[15:55:20.520] [SEVERE ] updating countdown to 53346
[15:55:20.533] [SEVERE ] updating countdown to 53333
[15:55:20.544] [SEVERE ] updating countdown to 53322
[15:55:20.555] [SEVERE ] updating countdown to 53311
[15:55:20.566] [SEVERE ] updating countdown to 53300
[15:55:20.577] [SEVERE ] updating countdown to 53289
[15:55:20.589] [SEVERE ] updating countdown to 53278
[15:55:20.599] [SEVERE ] updating countdown to 53267
[15:55:20.610] [SEVERE ] updating countdown to 53256
[15:55:20.621] [SEVERE ] updating countdown to 53245
[15:55:20.632] [SEVERE ] updating countdown to 53234
[15:55:20.643] [SEVERE ] updating countdown to 53223
[15:55:20.653] [SEVERE ] updating countdown to 53213
[15:55:20.664] [SEVERE ] updating countdown to 53202
[15:55:20.675] [SEVERE ] updating countdown to 53191
[15:55:20.685] [SEVERE ] updating countdown to 53181
[15:55:20.696] [SEVERE ] updating countdown to 53170
[15:55:20.707] [SEVERE ] updating countdown to 53159
[15:55:20.718] [SEVERE ] updating countdown to 53148
[15:55:20.729] [SEVERE ] updating countdown to 53137
[15:55:20.741] [SEVERE ] updating countdown to 53125
[15:55:20.752] [SEVERE ] updating countdown to 53114
[15:55:20.763] [SEVERE ] updating countdown to 53103
[15:55:20.775] [SEVERE ] updating countdown to 53091
[15:55:20.787] [SEVERE ] updating countdown to 53079
[15:55:20.798] [SEVERE ] updating countdown to 53068
[15:55:20.809] [SEVERE ] updating countdown to 53057
[15:55:20.821] [SEVERE ] updating countdown to 53045
[15:55:20.832] [SEVERE ] updating countdown to 53034
[15:55:20.844] [SEVERE ] updating countdown to 53022
[15:55:20.855] [SEVERE ] updating countdown to 53011
[15:55:20.867] [SEVERE ] updating countdown to 52999
[15:55:20.878] [SEVERE ] updating countdown to 52988
[15:55:20.889] [SEVERE ] updating countdown to 52977
[15:55:20.900] [SEVERE ] updating countdown to 52966
[15:55:20.912] [SEVERE ] updating countdown to 52954
[15:55:20.923] [SEVERE ] updating countdown to 52943
[15:55:20.934] [SEVERE ] updating countdown to 52932
[15:55:20.946] [SEVERE ] updating countdown to 52921
[15:55:20.957] [SEVERE ] updating countdown to 52909
[15:55:20.967] [SEVERE ] updating countdown to 52899
[15:55:20.979] [SEVERE ] updating countdown to 52887
[15:55:20.990] [SEVERE ] updating countdown to 52876
[15:55:21.001] [SEVERE ] updating countdown to 52865
[15:55:21.013] [SEVERE ] updating countdown to 52853
[15:55:21.024] [SEVERE ] updating countdown to 52842
[15:55:21.035] [SEVERE ] updating countdown to 52831
[15:55:21.045] [SEVERE ] updating countdown to 52821
[15:55:21.056] [SEVERE ] updating countdown to 52810
[15:55:21.068] [SEVERE ] updating countdown to 52798
[15:55:21.079] [SEVERE ] updating countdown to 52787
[15:55:21.090] [SEVERE ] updating countdown to 52776
[15:55:21.102] [SEVERE ] updating countdown to 52764
[15:55:21.113] [SEVERE ] updating countdown to 52753
[15:55:21.124] [SEVERE ] updating countdown to 52742
[15:55:21.135] [SEVERE ] updating countdown to 52731
[15:55:21.147] [SEVERE ] updating countdown to 52719
[15:55:21.158] [SEVERE ] updating countdown to 52708
[15:55:21.169] [SEVERE ] updating countdown to 52697
[15:55:21.180] [SEVERE ] updating countdown to 52686
[15:55:21.191] [SEVERE ] updating countdown to 52675
[15:55:21.202] [SEVERE ] updating countdown to 52664
[15:55:21.213] [SEVERE ] updating countdown to 52653
[15:55:21.224] [SEVERE ] updating countdown to 52642
[15:55:21.235] [SEVERE ] updating countdown to 52631
[15:55:21.246] [SEVERE ] updating countdown to 52620
[15:55:21.257] [SEVERE ] updating countdown to 52609
[15:55:21.268] [SEVERE ] updating countdown to 52598
[15:55:21.279] [SEVERE ] updating countdown to 52587
[15:55:21.289] [SEVERE ] updating countdown to 52577
[15:55:21.300] [SEVERE ] updating countdown to 52566
[15:55:21.311] [SEVERE ] updating countdown to 52555
[15:55:21.322] [SEVERE ] updating countdown to 52544
[15:55:21.333] [SEVERE ] updating countdown to 52533
[15:55:21.343] [SEVERE ] updating countdown to 52523
[15:55:21.355] [SEVERE ] updating countdown to 52511
[15:55:21.366] [SEVERE ] updating countdown to 52500
[15:55:21.377] [SEVERE ] updating countdown to 52489
[15:55:21.388] [SEVERE ] updating countdown to 52478
[15:55:21.399] [SEVERE ] updating countdown to 52467
[15:55:21.409] [SEVERE ] updating countdown to 52457
[15:55:21.420] [SEVERE ] updating countdown to 52446
[15:55:21.430] [SEVERE ] updating countdown to 52436
[15:55:21.441] [SEVERE ] updating countdown to 52425
[15:55:21.452] [SEVERE ] updating countdown to 52414
[15:55:21.463] [SEVERE ] updating countdown to 52403
[15:55:21.475] [SEVERE ] updating countdown to 52391
[15:55:21.486] [SEVERE ] updating countdown to 52380
[15:55:21.497] [SEVERE ] updating countdown to 52369
[15:55:21.509] [SEVERE ] updating countdown to 52357
[15:55:21.520] [SEVERE ] updating countdown to 52346
[15:55:21.531] [SEVERE ] updating countdown to 52335
[15:55:21.542] [SEVERE ] updating countdown to 52324
[15:55:21.554] [SEVERE ] updating countdown to 52312
[15:55:21.565] [SEVERE ] updating countdown to 52301
[15:55:21.577] [SEVERE ] updating countdown to 52289
[15:55:21.589] [SEVERE ] updating countdown to 52277
[15:55:21.600] [SEVERE ] updating countdown to 52266
[15:55:21.612] [SEVERE ] updating countdown to 52254
[15:55:21.623] [SEVERE ] updating countdown to 52243
[15:55:21.634] [SEVERE ] updating countdown to 52232
[15:55:21.645] [SEVERE ] updating countdown to 52221
[15:55:21.656] [SEVERE ] updating countdown to 52210
[15:55:21.667] [SEVERE ] updating countdown to 52199
[15:55:21.678] [SEVERE ] updating countdown to 52188
[15:55:21.690] [SEVERE ] updating countdown to 52176
[15:55:21.701] [SEVERE ] updating countdown to 52165
[15:55:21.712] [SEVERE ] updating countdown to 52154
[15:55:21.722] [SEVERE ] updating countdown to 52144
[15:55:21.733] [SEVERE ] updating countdown to 52133
[15:55:21.744] [SEVERE ] updating countdown to 52122
[15:55:21.754] [SEVERE ] updating countdown to 52112
[15:55:21.765] [SEVERE ] updating countdown to 52101
[15:55:21.776] [SEVERE ] updating countdown to 52090
[15:55:21.786] [SEVERE ] updating countdown to 52080
[15:55:21.797] [SEVERE ] updating countdown to 52069
[15:55:21.808] [SEVERE ] updating countdown to 52058
[15:55:21.818] [SEVERE ] updating countdown to 52048
[15:55:21.829] [SEVERE ] updating countdown to 52037
[15:55:21.840] [SEVERE ] updating countdown to 52026
[15:55:21.851] [SEVERE ] updating countdown to 52015
[15:55:21.861] [SEVERE ] updating countdown to 52005
[15:55:21.872] [SEVERE ] updating countdown to 51994
[15:55:21.883] [SEVERE ] updating countdown to 51983
[15:55:21.894] [SEVERE ] updating countdown to 51973
[15:55:21.904] [SEVERE ] updating countdown to 51962
[15:55:21.915] [SEVERE ] updating countdown to 51951
[15:55:21.926] [SEVERE ] updating countdown to 51940
[15:55:21.937] [SEVERE ] updating countdown to 51929
[15:55:21.948] [SEVERE ] updating countdown to 51918
[15:55:21.960] [SEVERE ] updating countdown to 51906
[15:55:21.971] [SEVERE ] updating countdown to 51895
[15:55:21.982] [SEVERE ] updating countdown to 51884
[15:55:21.993] [SEVERE ] updating countdown to 51873
[15:55:22.005] [SEVERE ] updating countdown to 51861
[15:55:22.016] [SEVERE ] updating countdown to 51850
[15:55:22.027] [SEVERE ] updating countdown to 51839
[15:55:22.039] [SEVERE ] updating countdown to 51827
[15:55:22.050] [SEVERE ] updating countdown to 51816
[15:55:22.061] [SEVERE ] updating countdown to 51805
[15:55:22.073] [SEVERE ] updating countdown to 51793
[15:55:22.084] [SEVERE ] updating countdown to 51782
[15:55:22.097] [SEVERE ] updating countdown to 51770
[15:55:22.108] [SEVERE ] updating countdown to 51758
[15:55:22.119] [SEVERE ] updating countdown to 51747
[15:55:22.130] [SEVERE ] updating countdown to 51736
[15:55:22.141] [SEVERE ] updating countdown to 51725
[15:55:22.153] [SEVERE ] updating countdown to 51713
[15:55:22.164] [SEVERE ] updating countdown to 51702
[15:55:22.176] [SEVERE ] updating countdown to 51690
[15:55:22.187] [SEVERE ] updating countdown to 51679
[15:55:22.199] [SEVERE ] updating countdown to 51667
[15:55:22.210] [SEVERE ] updating countdown to 51656
[15:55:22.221] [SEVERE ] updating countdown to 51645
[15:55:22.232] [SEVERE ] updating countdown to 51634
[15:55:22.243] [SEVERE ] updating countdown to 51623
[15:55:22.255] [SEVERE ] updating countdown to 51611
[15:55:22.266] [SEVERE ] updating countdown to 51600
[15:55:22.277] [SEVERE ] updating countdown to 51589
[15:55:22.288] [SEVERE ] updating countdown to 51578
[15:55:22.300] [SEVERE ] updating countdown to 51566
[15:55:22.311] [SEVERE ] updating countdown to 51555
[15:55:22.322] [SEVERE ] updating countdown to 51544
[15:55:22.334] [SEVERE ] updating countdown to 51532
[15:55:22.345] [SEVERE ] updating countdown to 51521
[15:55:22.357] [SEVERE ] updating countdown to 51509
[15:55:22.368] [SEVERE ] updating countdown to 51498
[15:55:22.379] [SEVERE ] updating countdown to 51487
[15:55:22.389] [SEVERE ] updating countdown to 51477
[15:55:22.400] [SEVERE ] updating countdown to 51466
[15:55:22.411] [SEVERE ] updating countdown to 51455
[15:55:22.422] [SEVERE ] updating countdown to 51444
[15:55:22.432] [SEVERE ] updating countdown to 51434
[15:55:22.443] [SEVERE ] updating countdown to 51423
[15:55:22.453] [SEVERE ] updating countdown to 51413
[15:55:22.465] [SEVERE ] updating countdown to 51401
[15:55:22.476] [SEVERE ] updating countdown to 51390
[15:55:22.487] [SEVERE ] updating countdown to 51379
[15:55:22.496] [SEVERE ] key 87 was pressed by player 1
[15:55:22.499] [SEVERE ] updating countdown to 51367
[15:55:22.509] [SEVERE ] updating countdown to 51357
[15:55:22.521] [SEVERE ] updating countdown to 51345
[15:55:22.532] [SEVERE ] updating countdown to 51334
[15:55:22.543] [SEVERE ] updating countdown to 51323
[15:55:22.554] [SEVERE ] updating countdown to 51312
[15:55:22.565] [SEVERE ] updating countdown to 51301
[15:55:22.576] [SEVERE ] updating countdown to 51290
[15:55:22.587] [SEVERE ] updating countdown to 51279
[15:55:22.599] [SEVERE ] updating countdown to 51267
[15:55:22.610] [SEVERE ] updating countdown to 51256
[15:55:22.621] [SEVERE ] updating countdown to 51245
[15:55:22.632] [SEVERE ] updating countdown to 51234
[15:55:22.643] [SEVERE ] updating countdown to 51223
[15:55:22.653] [SEVERE ] updating countdown to 51213
[15:55:22.664] [SEVERE ] updating countdown to 51202
[15:55:22.675] [SEVERE ] updating countdown to 51191
[15:55:22.686] [SEVERE ] updating countdown to 51180
[15:55:22.698] [SEVERE ] updating countdown to 51168
[15:55:22.710] [SEVERE ] updating countdown to 51156
[15:55:22.721] [SEVERE ] updating countdown to 51145
[15:55:22.732] [SEVERE ] updating countdown to 51134
[15:55:22.743] [SEVERE ] updating countdown to 51123
[15:55:22.754] [SEVERE ] updating countdown to 51112
[15:55:22.764] [SEVERE ] updating countdown to 51102
[15:55:22.775] [SEVERE ] updating countdown to 51091
[15:55:22.786] [SEVERE ] updating countdown to 51080
[15:55:22.796] [SEVERE ] updating countdown to 51070
[15:55:22.807] [SEVERE ] updating countdown to 51059
[15:55:22.818] [SEVERE ] updating countdown to 51048
[15:55:22.829] [SEVERE ] updating countdown to 51037
[15:55:22.840] [SEVERE ] updating countdown to 51026
[15:55:22.851] [SEVERE ] updating countdown to 51015
[15:55:22.862] [SEVERE ] updating countdown to 51004
[15:55:22.873] [SEVERE ] updating countdown to 50993
[15:55:22.885] [SEVERE ] updating countdown to 50981
[15:55:22.896] [SEVERE ] updating countdown to 50970
[15:55:22.907] [SEVERE ] updating countdown to 50959
[15:55:22.919] [SEVERE ] updating countdown to 50947
[15:55:22.930] [SEVERE ] updating countdown to 50936
[15:55:22.941] [SEVERE ] updating countdown to 50925
[15:55:22.952] [SEVERE ] updating countdown to 50914
[15:55:22.964] [SEVERE ] updating countdown to 50902
[15:55:22.975] [SEVERE ] updating countdown to 50891
[15:55:22.987] [SEVERE ] updating countdown to 50879
[15:55:22.998] [SEVERE ] updating countdown to 50868
[15:55:23.009] [SEVERE ] updating countdown to 50857
[15:55:23.020] [SEVERE ] updating countdown to 50846
[15:55:23.031] [SEVERE ] updating countdown to 50835
[15:55:23.042] [SEVERE ] updating countdown to 50824
[15:55:23.054] [SEVERE ] updating countdown to 50812
[15:55:23.065] [SEVERE ] updating countdown to 50801
[15:55:23.076] [SEVERE ] updating countdown to 50790
[15:55:23.087] [SEVERE ] updating countdown to 50779
[15:55:23.099] [SEVERE ] updating countdown to 50767
[15:55:23.110] [SEVERE ] updating countdown to 50756
[15:55:23.122] [SEVERE ] updating countdown to 50744
[15:55:23.133] [SEVERE ] updating countdown to 50733
[15:55:23.144] [SEVERE ] updating countdown to 50722
[15:55:23.155] [SEVERE ] updating countdown to 50711
[15:55:23.167] [SEVERE ] updating countdown to 50699
[15:55:23.179] [SEVERE ] updating countdown to 50687
[15:55:23.191] [SEVERE ] updating countdown to 50675
[15:55:23.203] [SEVERE ] updating countdown to 50663
[15:55:23.215] [SEVERE ] updating countdown to 50651
[15:55:23.227] [SEVERE ] updating countdown to 50639
[15:55:23.238] [SEVERE ] updating countdown to 50628
[15:55:23.250] [SEVERE ] updating countdown to 50616
[15:55:23.261] [SEVERE ] updating countdown to 50605
[15:55:23.272] [SEVERE ] updating countdown to 50594
[15:55:23.283] [SEVERE ] updating countdown to 50583
[15:55:23.295] [SEVERE ] updating countdown to 50571
[15:55:23.307] [SEVERE ] updating countdown to 50560
[15:55:23.318] [SEVERE ] updating countdown to 50548
[15:55:23.330] [SEVERE ] updating countdown to 50536
[15:55:23.341] [SEVERE ] updating countdown to 50525
[15:55:23.353] [SEVERE ] updating countdown to 50513
[15:55:23.364] [SEVERE ] updating countdown to 50502
[15:55:23.377] [SEVERE ] updating countdown to 50489
[15:55:23.388] [SEVERE ] updating countdown to 50478
[15:55:23.398] [SEVERE ] updating countdown to 50468
[15:55:23.409] [SEVERE ] updating countdown to 50457
[15:55:23.424] [SEVERE ] updating countdown to 50442
[15:55:23.435] [SEVERE ] updating countdown to 50431
[15:55:23.446] [SEVERE ] updating countdown to 50420
[15:55:23.457] [SEVERE ] updating countdown to 50409
[15:55:23.469] [SEVERE ] updating countdown to 50397
[15:55:23.480] [SEVERE ] updating countdown to 50386
[15:55:23.491] [SEVERE ] updating countdown to 50375
[15:55:23.502] [SEVERE ] updating countdown to 50364
[15:55:23.514] [SEVERE ] updating countdown to 50352
[15:55:23.525] [SEVERE ] updating countdown to 50341
[15:55:23.537] [SEVERE ] updating countdown to 50329
[15:55:23.547] [SEVERE ] updating countdown to 50319
[15:55:23.559] [SEVERE ] updating countdown to 50307
[15:55:23.570] [SEVERE ] updating countdown to 50296
[15:55:23.581] [SEVERE ] updating countdown to 50285
[15:55:23.592] [SEVERE ] updating countdown to 50274
[15:55:23.603] [SEVERE ] updating countdown to 50263
[15:55:23.614] [SEVERE ] updating countdown to 50252
[15:55:23.626] [SEVERE ] updating countdown to 50240
[15:55:23.638] [SEVERE ] updating countdown to 50228
[15:55:23.649] [SEVERE ] updating countdown to 50217
[15:55:23.661] [SEVERE ] updating countdown to 50205
[15:55:23.672] [SEVERE ] updating countdown to 50194
[15:55:23.684] [SEVERE ] updating countdown to 50182
[15:55:23.696] [SEVERE ] updating countdown to 50170
[15:55:23.708] [SEVERE ] updating countdown to 50158
[15:55:23.719] [SEVERE ] updating countdown to 50147
[15:55:23.731] [SEVERE ] updating countdown to 50135
[15:55:23.742] [SEVERE ] updating countdown to 50124
[15:55:23.753] [SEVERE ] updating countdown to 50113
[15:55:23.764] [SEVERE ] updating countdown to 50102
[15:55:23.777] [SEVERE ] updating countdown to 50089
[15:55:23.788] [SEVERE ] updating countdown to 50078
[15:55:23.798] [SEVERE ] updating countdown to 50068
[15:55:23.809] [SEVERE ] updating countdown to 50057
[15:55:23.820] [SEVERE ] updating countdown to 50046
[15:55:23.830] [SEVERE ] updating countdown to 50036
[15:55:23.838] [SEVERE ] key 73 was pressed by player 2
[15:55:23.841] [SEVERE ] updating countdown to 50025
[15:55:23.851] [SEVERE ] updating countdown to 50015
[15:55:23.856] [SEVERE ] key 79 was pressed by player 2
[15:55:23.862] [SEVERE ] updating countdown to 50004
[15:55:23.872] [SEVERE ] updating countdown to 49994
[15:55:23.883] [SEVERE ] updating countdown to 49983
[15:55:23.894] [SEVERE ] updating countdown to 49972
[15:55:23.905] [SEVERE ] updating countdown to 49961
[15:55:23.912] [SEVERE ] key 80 was pressed by player 2
[15:55:23.915] [SEVERE ] updating countdown to 49951
[15:55:23.926] [SEVERE ] updating countdown to 49940
[15:55:23.937] [SEVERE ] updating countdown to 49929
[15:55:23.949] [SEVERE ] updating countdown to 49917
[15:55:23.960] [SEVERE ] updating countdown to 49906
[15:55:23.971] [SEVERE ] updating countdown to 49895
[15:55:23.983] [SEVERE ] updating countdown to 49883
[15:55:23.994] [SEVERE ] updating countdown to 49872
[15:55:24.006] [SEVERE ] updating countdown to 49860
[15:55:24.018] [SEVERE ] updating countdown to 49848
[15:55:24.029] [SEVERE ] updating countdown to 49837
[15:55:24.042] [SEVERE ] updating countdown to 49824
[15:55:24.052] [SEVERE ] updating countdown to 49814
[15:55:24.063] [SEVERE ] updating countdown to 49803
[15:55:24.074] [SEVERE ] updating countdown to 49792
[15:55:24.085] [SEVERE ] updating countdown to 49781
[15:55:24.095] [SEVERE ] updating countdown to 49771
[15:55:24.106] [SEVERE ] updating countdown to 49760
[15:55:24.116] [SEVERE ] updating countdown to 49750
[15:55:24.127] [SEVERE ] updating countdown to 49739
[15:55:24.137] [SEVERE ] updating countdown to 49729
[15:55:24.148] [SEVERE ] updating countdown to 49718
[15:55:24.159] [SEVERE ] updating countdown to 49707
[15:55:24.171] [SEVERE ] updating countdown to 49695
[15:55:24.182] [SEVERE ] updating countdown to 49684
[15:55:24.193] [SEVERE ] updating countdown to 49673
[15:55:24.205] [SEVERE ] updating countdown to 49661
[15:55:24.217] [SEVERE ] updating countdown to 49649
[15:55:24.228] [SEVERE ] updating countdown to 49638
[15:55:24.240] [SEVERE ] updating countdown to 49626
[15:55:24.251] [SEVERE ] updating countdown to 49615
[15:55:24.262] [SEVERE ] updating countdown to 49604
[15:55:24.273] [SEVERE ] updating countdown to 49593
[15:55:24.284] [SEVERE ] updating countdown to 49582
[15:55:24.295] [SEVERE ] updating countdown to 49571
[15:55:24.306] [SEVERE ] updating countdown to 49560
[15:55:24.317] [SEVERE ] updating countdown to 49549
[15:55:24.329] [SEVERE ] updating countdown to 49537
[15:55:24.340] [SEVERE ] updating countdown to 49526
[15:55:24.351] [SEVERE ] updating countdown to 49515
[15:55:24.363] [SEVERE ] updating countdown to 49503
[15:55:24.375] [SEVERE ] updating countdown to 49492
[15:55:24.386] [SEVERE ] updating countdown to 49480
[15:55:24.397] [SEVERE ] updating countdown to 49469
[15:55:24.409] [SEVERE ] updating countdown to 49457
[15:55:24.420] [SEVERE ] updating countdown to 49446
[15:55:24.431] [SEVERE ] updating countdown to 49435
[15:55:24.442] [SEVERE ] updating countdown to 49424
[15:55:24.464] [SEVERE ] updating countdown to 49402
[15:55:24.474] [SEVERE ] updating countdown to 49392
[15:55:24.485] [SEVERE ] updating countdown to 49381
[15:55:24.496] [SEVERE ] updating countdown to 49370
[15:55:24.507] [SEVERE ] updating countdown to 49359
[15:55:24.518] [SEVERE ] updating countdown to 49348
[15:55:24.529] [SEVERE ] updating countdown to 49337
[15:55:24.540] [SEVERE ] updating countdown to 49326
[15:55:24.551] [SEVERE ] updating countdown to 49315
[15:55:24.562] [SEVERE ] updating countdown to 49304
[15:55:24.573] [SEVERE ] updating countdown to 49293
[15:55:24.584] [SEVERE ] updating countdown to 49282
[15:55:24.597] [SEVERE ] updating countdown to 49269
[15:55:24.608] [SEVERE ] updating countdown to 49258
[15:55:24.619] [SEVERE ] updating countdown to 49247
[15:55:24.630] [SEVERE ] updating countdown to 49236
[15:55:24.643] [SEVERE ] updating countdown to 49223
[15:55:24.654] [SEVERE ] updating countdown to 49212
[15:55:24.665] [SEVERE ] updating countdown to 49201
[15:55:24.687] [SEVERE ] updating countdown to 49179
[15:55:24.698] [SEVERE ] updating countdown to 49168
[15:55:24.709] [SEVERE ] updating countdown to 49157
[15:55:24.720] [SEVERE ] updating countdown to 49146
[15:55:24.731] [SEVERE ] updating countdown to 49135
[15:55:24.742] [SEVERE ] updating countdown to 49124
[15:55:24.752] [SEVERE ] updating countdown to 49114
[15:55:24.763] [SEVERE ] updating countdown to 49103
[15:55:24.773] [SEVERE ] updating countdown to 49093
[15:55:24.784] [SEVERE ] updating countdown to 49082
[15:55:24.795] [SEVERE ] updating countdown to 49071
[15:55:24.807] [SEVERE ] updating countdown to 49059
[15:55:24.818] [SEVERE ] updating countdown to 49048
[15:55:24.829] [SEVERE ] updating countdown to 49037
[15:55:24.840] [SEVERE ] updating countdown to 49026
[15:55:24.850] [SEVERE ] updating countdown to 49016
[15:55:24.861] [SEVERE ] updating countdown to 49005
[15:55:24.872] [SEVERE ] updating countdown to 48994
[15:55:24.883] [SEVERE ] updating countdown to 48983
[15:55:24.894] [SEVERE ] updating countdown to 48972
[15:55:24.895] [SEVERE ] key 73 was pressed by player 2
[15:55:24.904] [SEVERE ] updating countdown to 48962
[15:55:24.915] [SEVERE ] updating countdown to 48951
[15:55:24.926] [SEVERE ] updating countdown to 48940
[15:55:24.937] [SEVERE ] updating countdown to 48929
[15:55:24.947] [SEVERE ] updating countdown to 48919
[15:55:24.958] [SEVERE ] updating countdown to 48908
[15:55:24.969] [SEVERE ] updating countdown to 48897
[15:55:24.980] [SEVERE ] updating countdown to 48886
[15:55:24.991] [SEVERE ] updating countdown to 48875
[15:55:25.002] [SEVERE ] updating countdown to 48864
[15:55:25.013] [SEVERE ] updating countdown to 48853
[15:55:25.023] [SEVERE ] updating countdown to 48843
[15:55:25.034] [SEVERE ] updating countdown to 48832
[15:55:25.045] [SEVERE ] updating countdown to 48821
[15:55:25.055] [SEVERE ] updating countdown to 48811
[15:55:25.066] [SEVERE ] updating countdown to 48800
[15:55:25.077] [SEVERE ] updating countdown to 48789
[15:55:25.087] [SEVERE ] updating countdown to 48779
[15:55:25.098] [SEVERE ] updating countdown to 48768
[15:55:25.109] [SEVERE ] updating countdown to 48757
[15:55:25.119] [SEVERE ] updating countdown to 48747
[15:55:25.130] [SEVERE ] updating countdown to 48736
[15:55:25.141] [SEVERE ] updating countdown to 48725
[15:55:25.151] [SEVERE ] updating countdown to 48715
[15:55:25.162] [SEVERE ] updating countdown to 48704
[15:55:25.173] [SEVERE ] updating countdown to 48693
[15:55:25.183] [SEVERE ] updating countdown to 48683
[15:55:25.194] [SEVERE ] updating countdown to 48672
[15:55:25.205] [SEVERE ] updating countdown to 48661
[15:55:25.215] [SEVERE ] updating countdown to 48651
[15:55:25.226] [SEVERE ] updating countdown to 48640
[15:55:25.236] [SEVERE ] updating countdown to 48630
[15:55:25.247] [SEVERE ] updating countdown to 48619
[15:55:25.258] [SEVERE ] updating countdown to 48608
[15:55:25.269] [SEVERE ] updating countdown to 48597
[15:55:25.280] [SEVERE ] updating countdown to 48586
[15:55:25.291] [SEVERE ] updating countdown to 48575
[15:55:25.301] [SEVERE ] updating countdown to 48565
[15:55:25.312] [SEVERE ] updating countdown to 48554
[15:55:25.323] [SEVERE ] updating countdown to 48543
[15:55:25.334] [SEVERE ] updating countdown to 48532
[15:55:25.345] [SEVERE ] updating countdown to 48521
[15:55:25.356] [SEVERE ] updating countdown to 48510
[15:55:25.367] [SEVERE ] updating countdown to 48499
[15:55:25.378] [SEVERE ] updating countdown to 48488
[15:55:25.389] [SEVERE ] updating countdown to 48477
[15:55:25.399] [SEVERE ] updating countdown to 48467
[15:55:25.410] [SEVERE ] updating countdown to 48456
[15:55:25.421] [SEVERE ] updating countdown to 48445
[15:55:25.431] [SEVERE ] updating countdown to 48435
[15:55:25.442] [SEVERE ] updating countdown to 48424
[15:55:25.453] [SEVERE ] updating countdown to 48413
[15:55:25.464] [SEVERE ] updating countdown to 48402
[15:55:25.475] [SEVERE ] updating countdown to 48391
[15:55:25.487] [SEVERE ] updating countdown to 48379
[15:55:25.498] [SEVERE ] updating countdown to 48368
[15:55:25.511] [SEVERE ] updating countdown to 48355
[15:55:25.521] [SEVERE ] updating countdown to 48345
[15:55:25.532] [SEVERE ] updating countdown to 48334
[15:55:25.543] [SEVERE ] updating countdown to 48323
[15:55:25.554] [SEVERE ] updating countdown to 48312
[15:55:25.565] [SEVERE ] updating countdown to 48301
[15:55:25.576] [SEVERE ] updating countdown to 48290
[15:55:25.587] [SEVERE ] updating countdown to 48279
[15:55:25.599] [SEVERE ] updating countdown to 48267
[15:55:25.609] [SEVERE ] updating countdown to 48257
[15:55:25.621] [SEVERE ] updating countdown to 48245
[15:55:25.632] [SEVERE ] updating countdown to 48234
[15:55:25.643] [SEVERE ] updating countdown to 48223
[15:55:25.655] [SEVERE ] updating countdown to 48211
[15:55:25.666] [SEVERE ] updating countdown to 48200
[15:55:25.678] [SEVERE ] updating countdown to 48188
[15:55:25.689] [SEVERE ] updating countdown to 48177
[15:55:25.701] [SEVERE ] updating countdown to 48165
[15:55:25.713] [SEVERE ] updating countdown to 48153
[15:55:25.724] [SEVERE ] updating countdown to 48142
[15:55:25.736] [SEVERE ] updating countdown to 48131
[15:55:25.747] [SEVERE ] updating countdown to 48119
[15:55:25.759] [SEVERE ] updating countdown to 48107
[15:55:25.770] [SEVERE ] updating countdown to 48096
[15:55:25.781] [SEVERE ] updating countdown to 48085
[15:55:25.792] [SEVERE ] updating countdown to 48074
[15:55:25.802] [SEVERE ] updating countdown to 48064
[15:55:25.813] [SEVERE ] updating countdown to 48053
[15:55:25.824] [SEVERE ] updating countdown to 48042
[15:55:25.835] [SEVERE ] updating countdown to 48031
[15:55:25.846] [SEVERE ] updating countdown to 48020
[15:55:25.857] [SEVERE ] updating countdown to 48009
[15:55:25.868] [SEVERE ] updating countdown to 47998
[15:55:25.879] [SEVERE ] updating countdown to 47987
[15:55:25.892] [SEVERE ] updating countdown to 47974
[15:55:25.903] [SEVERE ] updating countdown to 47963
[15:55:25.914] [SEVERE ] updating countdown to 47952
[15:55:25.925] [SEVERE ] updating countdown to 47941
[15:55:25.935] [SEVERE ] updating countdown to 47931
[15:55:25.947] [SEVERE ] updating countdown to 47919
[15:55:25.958] [SEVERE ] updating countdown to 47908
[15:55:25.969] [SEVERE ] updating countdown to 47897
[15:55:25.980] [SEVERE ] updating countdown to 47886
[15:55:25.992] [SEVERE ] updating countdown to 47874
[15:55:26.002] [SEVERE ] updating countdown to 47864
[15:55:26.013] [SEVERE ] updating countdown to 47853
[15:55:26.024] [SEVERE ] updating countdown to 47842
[15:55:26.036] [SEVERE ] updating countdown to 47830
[15:55:26.047] [SEVERE ] updating countdown to 47819
[15:55:26.058] [SEVERE ] updating countdown to 47808
[15:55:26.070] [SEVERE ] updating countdown to 47797
[15:55:26.081] [SEVERE ] updating countdown to 47785
[15:55:26.093] [SEVERE ] updating countdown to 47774
[15:55:26.104] [SEVERE ] updating countdown to 47762
[15:55:26.115] [SEVERE ] updating countdown to 47751
[15:55:26.127] [SEVERE ] updating countdown to 47739
[15:55:26.138] [SEVERE ] updating countdown to 47728
[15:55:26.149] [SEVERE ] updating countdown to 47717
[15:55:26.160] [SEVERE ] updating countdown to 47707
[15:55:26.170] [SEVERE ] updating countdown to 47696
[15:55:26.181] [SEVERE ] updating countdown to 47685
[15:55:26.192] [SEVERE ] updating countdown to 47674
[15:55:26.204] [SEVERE ] updating countdown to 47662
[15:55:26.216] [SEVERE ] updating countdown to 47650
[15:55:26.227] [SEVERE ] updating countdown to 47639
[15:55:26.239] [SEVERE ] updating countdown to 47627
[15:55:26.250] [SEVERE ] updating countdown to 47616
[15:55:26.262] [SEVERE ] updating countdown to 47604
[15:55:26.273] [SEVERE ] updating countdown to 47593
[15:55:26.283] [SEVERE ] updating countdown to 47583
[15:55:26.294] [SEVERE ] updating countdown to 47572
[15:55:26.304] [SEVERE ] updating countdown to 47562
[15:55:26.315] [SEVERE ] updating countdown to 47551
[15:55:26.326] [SEVERE ] updating countdown to 47540
[15:55:26.337] [SEVERE ] updating countdown to 47529
[15:55:26.348] [SEVERE ] updating countdown to 47518
[15:55:26.359] [SEVERE ] updating countdown to 47507
[15:55:26.369] [SEVERE ] updating countdown to 47497
[15:55:26.380] [SEVERE ] updating countdown to 47486
[15:55:26.391] [SEVERE ] updating countdown to 47475
[15:55:26.402] [SEVERE ] updating countdown to 47464
[15:55:26.412] [SEVERE ] updating countdown to 47454
[15:55:26.423] [SEVERE ] updating countdown to 47443
[15:55:26.434] [SEVERE ] updating countdown to 47432
[15:55:26.445] [SEVERE ] updating countdown to 47421
[15:55:26.455] [SEVERE ] updating countdown to 47411
[15:55:26.466] [SEVERE ] updating countdown to 47400
[15:55:26.477] [SEVERE ] updating countdown to 47389
[15:55:26.488] [SEVERE ] updating countdown to 47378
[15:55:26.499] [SEVERE ] updating countdown to 47367
[15:55:26.509] [SEVERE ] updating countdown to 47357
[15:55:26.521] [SEVERE ] updating countdown to 47345
[15:55:26.531] [SEVERE ] updating countdown to 47335
[15:55:26.542] [SEVERE ] updating countdown to 47324
[15:55:26.552] [SEVERE ] updating countdown to 47314
[15:55:26.563] [SEVERE ] updating countdown to 47303
[15:55:26.573] [SEVERE ] updating countdown to 47293
[15:55:26.584] [SEVERE ] updating countdown to 47282
[15:55:26.594] [SEVERE ] updating countdown to 47272
[15:55:26.605] [SEVERE ] updating countdown to 47261
[15:55:26.616] [SEVERE ] updating countdown to 47250
[15:55:26.627] [SEVERE ] updating countdown to 47239
[15:55:26.638] [SEVERE ] updating countdown to 47228
[15:55:26.648] [SEVERE ] updating countdown to 47218
[15:55:26.659] [SEVERE ] updating countdown to 47207
[15:55:26.670] [SEVERE ] updating countdown to 47196
[15:55:26.680] [SEVERE ] updating countdown to 47186
[15:55:26.691] [SEVERE ] updating countdown to 47175
[15:55:26.702] [SEVERE ] updating countdown to 47164
[15:55:26.713] [SEVERE ] updating countdown to 47153
[15:55:26.724] [SEVERE ] updating countdown to 47142
[15:55:26.735] [SEVERE ] updating countdown to 47131
[15:55:26.745] [SEVERE ] updating countdown to 47121
[15:55:26.756] [SEVERE ] updating countdown to 47110
[15:55:26.767] [SEVERE ] updating countdown to 47099
[15:55:26.777] [SEVERE ] updating countdown to 47089
[15:55:26.788] [SEVERE ] updating countdown to 47078
[15:55:26.798] [SEVERE ] updating countdown to 47068
[15:55:26.808] [SEVERE ] updating countdown to 47058
[15:55:26.819] [SEVERE ] updating countdown to 47047
[15:55:26.829] [SEVERE ] updating countdown to 47037
[15:55:26.840] [SEVERE ] updating countdown to 47026
[15:55:26.850] [SEVERE ] updating countdown to 47016
[15:55:26.861] [SEVERE ] updating countdown to 47005
[15:55:26.871] [SEVERE ] updating countdown to 46995
[15:55:26.882] [SEVERE ] updating countdown to 46984
[15:55:26.892] [SEVERE ] updating countdown to 46974
[15:55:26.903] [SEVERE ] updating countdown to 46963
[15:55:26.913] [SEVERE ] updating countdown to 46953
[15:55:26.924] [SEVERE ] updating countdown to 46942
[15:55:26.934] [SEVERE ] updating countdown to 46932
[15:55:26.945] [SEVERE ] updating countdown to 46921
[15:55:26.956] [SEVERE ] updating countdown to 46910
[15:55:26.966] [SEVERE ] updating countdown to 46900
[15:55:26.976] [SEVERE ] updating countdown to 46890
[15:55:26.987] [SEVERE ] updating countdown to 46879
[15:55:26.999] [SEVERE ] updating countdown to 46867
[15:55:27.010] [SEVERE ] updating countdown to 46856
[15:55:27.021] [SEVERE ] updating countdown to 46845
[15:55:27.031] [SEVERE ] updating countdown to 46835
[15:55:27.042] [SEVERE ] updating countdown to 46824
[15:55:27.053] [SEVERE ] updating countdown to 46813
[15:55:27.063] [SEVERE ] updating countdown to 46803
[15:55:27.074] [SEVERE ] updating countdown to 46792
[15:55:27.084] [SEVERE ] updating countdown to 46782
[15:55:27.095] [SEVERE ] updating countdown to 46771
[15:55:27.106] [SEVERE ] updating countdown to 46760
[15:55:27.116] [SEVERE ] updating countdown to 46750
[15:55:27.127] [SEVERE ] updating countdown to 46739
[15:55:27.138] [SEVERE ] updating countdown to 46728
[15:55:27.148] [SEVERE ] updating countdown to 46718
[15:55:27.159] [SEVERE ] updating countdown to 46707
[15:55:27.170] [SEVERE ] updating countdown to 46696
[15:55:27.181] [SEVERE ] updating countdown to 46685
[15:55:27.191] [SEVERE ] updating countdown to 46675
[15:55:27.203] [SEVERE ] updating countdown to 46663
[15:55:27.214] [SEVERE ] updating countdown to 46652
[15:55:27.224] [SEVERE ] updating countdown to 46642
[15:55:27.235] [SEVERE ] updating countdown to 46631
[15:55:27.246] [SEVERE ] updating countdown to 46620
[15:55:27.257] [SEVERE ] updating countdown to 46609
[15:55:27.268] [SEVERE ] updating countdown to 46598
[15:55:27.279] [SEVERE ] updating countdown to 46587
[15:55:27.290] [SEVERE ] updating countdown to 46576
[15:55:27.301] [SEVERE ] updating countdown to 46565
[15:55:27.312] [SEVERE ] updating countdown to 46554
[15:55:27.323] [SEVERE ] updating countdown to 46543
[15:55:27.334] [SEVERE ] updating countdown to 46532
[15:55:27.345] [SEVERE ] updating countdown to 46521
[15:55:27.355] [SEVERE ] updating countdown to 46511
[15:55:27.366] [SEVERE ] updating countdown to 46500
[15:55:27.377] [SEVERE ] updating countdown to 46489
[15:55:27.388] [SEVERE ] updating countdown to 46478
[15:55:27.399] [SEVERE ] updating countdown to 46467
[15:55:27.410] [SEVERE ] updating countdown to 46456
[15:55:27.421] [SEVERE ] updating countdown to 46445
[15:55:27.432] [SEVERE ] updating countdown to 46434
[15:55:27.443] [SEVERE ] updating countdown to 46423
[15:55:27.454] [SEVERE ] updating countdown to 46412
[15:55:27.464] [SEVERE ] updating countdown to 46402
[15:55:27.475] [SEVERE ] updating countdown to 46391
[15:55:27.486] [SEVERE ] updating countdown to 46380
[15:55:27.497] [SEVERE ] updating countdown to 46369
[15:55:27.508] [SEVERE ] updating countdown to 46358
[15:55:27.519] [SEVERE ] updating countdown to 46347
[15:55:27.530] [SEVERE ] updating countdown to 46336
[15:55:27.541] [SEVERE ] updating countdown to 46325
[15:55:27.551] [SEVERE ] updating countdown to 46315
[15:55:27.562] [SEVERE ] updating countdown to 46304
[15:55:27.573] [SEVERE ] updating countdown to 46293
[15:55:27.584] [SEVERE ] updating countdown to 46282
[15:55:27.595] [SEVERE ] updating countdown to 46271
[15:55:27.607] [SEVERE ] updating countdown to 46259
[15:55:27.618] [SEVERE ] updating countdown to 46248
[15:55:27.629] [SEVERE ] updating countdown to 46237
[15:55:27.640] [SEVERE ] updating countdown to 46226
[15:55:27.652] [SEVERE ] updating countdown to 46214
[15:55:27.662] [SEVERE ] updating countdown to 46204
[15:55:27.673] [SEVERE ] updating countdown to 46193
[15:55:27.684] [SEVERE ] updating countdown to 46182
[15:55:27.694] [SEVERE ] updating countdown to 46172
[15:55:27.705] [SEVERE ] updating countdown to 46161
[15:55:27.716] [SEVERE ] updating countdown to 46150
[15:55:27.727] [SEVERE ] updating countdown to 46139
[15:55:27.737] [SEVERE ] updating countdown to 46129
[15:55:27.748] [SEVERE ] updating countdown to 46118
[15:55:27.759] [SEVERE ] updating countdown to 46107
[15:55:27.770] [SEVERE ] updating countdown to 46096
[15:55:27.780] [SEVERE ] updating countdown to 46086
[15:55:27.791] [SEVERE ] updating countdown to 46075
[15:55:27.802] [SEVERE ] updating countdown to 46064
[15:55:27.813] [SEVERE ] updating countdown to 46053
[15:55:27.824] [SEVERE ] updating countdown to 46042
[15:55:27.834] [SEVERE ] updating countdown to 46032
[15:55:27.845] [SEVERE ] updating countdown to 46021
[15:55:27.855] [SEVERE ] updating countdown to 46011
[15:55:27.866] [SEVERE ] updating countdown to 46000
[15:55:27.877] [SEVERE ] updating countdown to 45989
[15:55:27.888] [SEVERE ] updating countdown to 45978
[15:55:27.898] [SEVERE ] updating countdown to 45968
[15:55:27.909] [SEVERE ] updating countdown to 45957
[15:55:27.919] [SEVERE ] updating countdown to 45947
[15:55:27.930] [SEVERE ] updating countdown to 45936
[15:55:27.941] [SEVERE ] updating countdown to 45925
[15:55:27.952] [SEVERE ] updating countdown to 45914
[15:55:27.963] [SEVERE ] updating countdown to 45903
[15:55:27.974] [SEVERE ] updating countdown to 45892
[15:55:27.985] [SEVERE ] updating countdown to 45881
[15:55:27.995] [SEVERE ] updating countdown to 45871
[15:55:28.006] [SEVERE ] updating countdown to 45860
[15:55:28.017] [SEVERE ] updating countdown to 45849
[15:55:28.028] [SEVERE ] updating countdown to 45838
[15:55:28.039] [SEVERE ] updating countdown to 45827
[15:55:28.050] [SEVERE ] updating countdown to 45816
[15:55:28.062] [SEVERE ] updating countdown to 45804
[15:55:28.075] [SEVERE ] updating countdown to 45791
[15:55:28.085] [SEVERE ] updating countdown to 45781
[15:55:28.096] [SEVERE ] updating countdown to 45770
[15:55:28.108] [SEVERE ] updating countdown to 45758
[15:55:28.120] [SEVERE ] updating countdown to 45746
[15:55:28.131] [SEVERE ] updating countdown to 45735
[15:55:28.143] [SEVERE ] updating countdown to 45723
[15:55:28.154] [SEVERE ] updating countdown to 45712
[15:55:28.165] [SEVERE ] updating countdown to 45701
[15:55:28.176] [SEVERE ] updating countdown to 45690
[15:55:28.188] [SEVERE ] updating countdown to 45678
[15:55:28.199] [SEVERE ] updating countdown to 45667
[15:55:28.210] [SEVERE ] updating countdown to 45656
[15:55:28.222] [SEVERE ] updating countdown to 45644
[15:55:28.233] [SEVERE ] updating countdown to 45633
[15:55:28.243] [SEVERE ] updating countdown to 45623
[15:55:28.254] [SEVERE ] updating countdown to 45612
[15:55:28.265] [SEVERE ] updating countdown to 45601
[15:55:28.276] [SEVERE ] updating countdown to 45590
[15:55:28.287] [SEVERE ] updating countdown to 45579
[15:55:28.298] [SEVERE ] updating countdown to 45568
[15:55:28.309] [SEVERE ] updating countdown to 45557
[15:55:28.320] [SEVERE ] updating countdown to 45546
[15:55:28.331] [SEVERE ] updating countdown to 45535
[15:55:28.342] [SEVERE ] updating countdown to 45524
[15:55:28.353] [SEVERE ] updating countdown to 45513
[15:55:28.363] [SEVERE ] updating countdown to 45503
[15:55:28.374] [SEVERE ] updating countdown to 45492
[15:55:28.385] [SEVERE ] updating countdown to 45481
[15:55:28.396] [SEVERE ] updating countdown to 45470
[15:55:28.408] [SEVERE ] updating countdown to 45458
[15:55:28.419] [SEVERE ] updating countdown to 45447
[15:55:28.431] [SEVERE ] updating countdown to 45435
[15:55:28.442] [SEVERE ] updating countdown to 45424
[15:55:28.453] [SEVERE ] updating countdown to 45413
[15:55:28.463] [SEVERE ] updating countdown to 45403
[15:55:28.474] [SEVERE ] updating countdown to 45392
[15:55:28.485] [SEVERE ] updating countdown to 45381
[15:55:28.497] [SEVERE ] updating countdown to 45369
[15:55:28.508] [SEVERE ] updating countdown to 45358
[15:55:28.519] [SEVERE ] updating countdown to 45347
[15:55:28.530] [SEVERE ] updating countdown to 45336
[15:55:28.540] [SEVERE ] updating countdown to 45326
[15:55:28.551] [SEVERE ] updating countdown to 45315
[15:55:28.561] [SEVERE ] updating countdown to 45305
[15:55:28.571] [SEVERE ] updating countdown to 45295
[15:55:28.582] [SEVERE ] updating countdown to 45284
[15:55:28.592] [SEVERE ] updating countdown to 45274
[15:55:28.603] [SEVERE ] updating countdown to 45263
[15:55:28.614] [SEVERE ] updating countdown to 45252
[15:55:28.625] [SEVERE ] updating countdown to 45241
[15:55:28.635] [SEVERE ] updating countdown to 45231
[15:55:28.647] [SEVERE ] updating countdown to 45219
[15:55:28.658] [SEVERE ] updating countdown to 45208
[15:55:28.669] [SEVERE ] updating countdown to 45197
[15:55:28.680] [SEVERE ] updating countdown to 45186
[15:55:28.691] [SEVERE ] updating countdown to 45175
[15:55:28.701] [SEVERE ] updating countdown to 45165
[15:55:28.712] [SEVERE ] updating countdown to 45154
[15:55:28.723] [SEVERE ] updating countdown to 45143
[15:55:28.733] [SEVERE ] updating countdown to 45133
[15:55:28.744] [SEVERE ] updating countdown to 45122
[15:55:28.755] [SEVERE ] updating countdown to 45111
[15:55:28.765] [SEVERE ] updating countdown to 45101
[15:55:28.776] [SEVERE ] updating countdown to 45090
[15:55:28.786] [SEVERE ] updating countdown to 45080
[15:55:28.797] [SEVERE ] updating countdown to 45069
[15:55:28.808] [SEVERE ] updating countdown to 45058
[15:55:28.819] [SEVERE ] updating countdown to 45047
[15:55:28.829] [SEVERE ] updating countdown to 45037
[15:55:28.840] [SEVERE ] updating countdown to 45026
[15:55:28.851] [SEVERE ] updating countdown to 45015
[15:55:28.862] [SEVERE ] updating countdown to 45004
[15:55:28.873] [SEVERE ] updating countdown to 44993
[15:55:28.884] [SEVERE ] updating countdown to 44982
[15:55:28.895] [SEVERE ] updating countdown to 44971
[15:55:28.906] [SEVERE ] updating countdown to 44960
[15:55:28.917] [SEVERE ] updating countdown to 44949
[15:55:28.928] [SEVERE ] updating countdown to 44938
[15:55:28.939] [SEVERE ] updating countdown to 44927
[15:55:28.950] [SEVERE ] updating countdown to 44916
[15:55:28.961] [SEVERE ] updating countdown to 44905
[15:55:28.972] [SEVERE ] updating countdown to 44894
[15:55:28.983] [SEVERE ] updating countdown to 44883
[15:55:28.994] [SEVERE ] updating countdown to 44872
[15:55:29.004] [SEVERE ] updating countdown to 44862
[15:55:29.015] [SEVERE ] updating countdown to 44851
[15:55:29.026] [SEVERE ] updating countdown to 44840
[15:55:29.037] [SEVERE ] updating countdown to 44829
[15:55:29.048] [SEVERE ] updating countdown to 44818
[15:55:29.059] [SEVERE ] updating countdown to 44807
[15:55:29.070] [SEVERE ] updating countdown to 44796
[15:55:29.080] [SEVERE ] updating countdown to 44786
[15:55:29.091] [SEVERE ] updating countdown to 44775
[15:55:29.103] [SEVERE ] updating countdown to 44763
[15:55:29.114] [SEVERE ] updating countdown to 44752
[15:55:29.124] [SEVERE ] updating countdown to 44742
[15:55:29.135] [SEVERE ] updating countdown to 44731
[15:55:29.146] [SEVERE ] updating countdown to 44720
[15:55:29.157] [SEVERE ] updating countdown to 44709
[15:55:29.168] [SEVERE ] updating countdown to 44698
[15:55:29.178] [SEVERE ] updating countdown to 44688
[15:55:29.189] [SEVERE ] updating countdown to 44677
[15:55:29.200] [SEVERE ] updating countdown to 44666
[15:55:29.210] [SEVERE ] updating countdown to 44656
[15:55:29.221] [SEVERE ] updating countdown to 44645
[15:55:29.231] [SEVERE ] updating countdown to 44635
[15:55:29.242] [SEVERE ] updating countdown to 44624
[15:55:29.253] [SEVERE ] updating countdown to 44613
[15:55:29.264] [SEVERE ] updating countdown to 44602
[15:55:29.275] [SEVERE ] updating countdown to 44591
[15:55:29.286] [SEVERE ] updating countdown to 44580
[15:55:29.297] [SEVERE ] updating countdown to 44569
[15:55:29.307] [SEVERE ] updating countdown to 44559
[15:55:29.318] [SEVERE ] updating countdown to 44548
[15:55:29.330] [SEVERE ] updating countdown to 44536
[15:55:29.341] [SEVERE ] updating countdown to 44525
[15:55:29.352] [SEVERE ] updating countdown to 44514
[15:55:29.363] [SEVERE ] updating countdown to 44503
[15:55:29.374] [SEVERE ] updating countdown to 44492
[15:55:29.385] [SEVERE ] updating countdown to 44481
[15:55:29.396] [SEVERE ] updating countdown to 44470
[15:55:29.407] [SEVERE ] updating countdown to 44459
[15:55:29.417] [SEVERE ] updating countdown to 44449
[15:55:29.428] [SEVERE ] updating countdown to 44438
[15:55:29.439] [SEVERE ] updating countdown to 44427
[15:55:29.449] [SEVERE ] updating countdown to 44417
[15:55:29.460] [SEVERE ] updating countdown to 44406
[15:55:29.470] [SEVERE ] updating countdown to 44396
[15:55:29.481] [SEVERE ] updating countdown to 44385
[15:55:29.492] [SEVERE ] updating countdown to 44374
[15:55:29.502] [SEVERE ] updating countdown to 44364
[15:55:29.513] [SEVERE ] updating countdown to 44353
[15:55:29.524] [SEVERE ] updating countdown to 44342
[15:55:29.534] [SEVERE ] updating countdown to 44332
[15:55:29.545] [SEVERE ] updating countdown to 44321
[15:55:29.555] [SEVERE ] updating countdown to 44311
[15:55:29.566] [SEVERE ] updating countdown to 44300
[15:55:29.576] [SEVERE ] updating countdown to 44290
[15:55:29.587] [SEVERE ] updating countdown to 44279
[15:55:29.598] [SEVERE ] updating countdown to 44268
[15:55:29.609] [SEVERE ] updating countdown to 44257
[15:55:29.619] [SEVERE ] updating countdown to 44247
[15:55:29.630] [SEVERE ] updating countdown to 44236
[15:55:29.640] [SEVERE ] updating countdown to 44226
[15:55:29.651] [SEVERE ] updating countdown to 44215
[15:55:29.661] [SEVERE ] updating countdown to 44205
[15:55:29.672] [SEVERE ] updating countdown to 44194
[15:55:29.682] [SEVERE ] updating countdown to 44184
[15:55:29.693] [SEVERE ] updating countdown to 44173
[15:55:29.703] [SEVERE ] updating countdown to 44163
[15:55:29.714] [SEVERE ] updating countdown to 44152
[15:55:29.724] [SEVERE ] updating countdown to 44142
[15:55:29.735] [SEVERE ] updating countdown to 44131
[15:55:29.745] [SEVERE ] updating countdown to 44121
[15:55:29.756] [SEVERE ] updating countdown to 44110
[15:55:29.766] [SEVERE ] updating countdown to 44100
[15:55:29.777] [SEVERE ] updating countdown to 44089
[15:55:29.787] [SEVERE ] updating countdown to 44079
[15:55:29.798] [SEVERE ] updating countdown to 44068
[15:55:29.808] [SEVERE ] updating countdown to 44058
[15:55:29.819] [SEVERE ] updating countdown to 44047
[15:55:29.829] [SEVERE ] updating countdown to 44037
[15:55:29.840] [SEVERE ] updating countdown to 44026
[15:55:29.850] [SEVERE ] updating countdown to 44016
[15:55:29.861] [SEVERE ] updating countdown to 44005
[15:55:29.872] [SEVERE ] updating countdown to 43994
[15:55:29.883] [SEVERE ] updating countdown to 43983
[15:55:29.894] [SEVERE ] updating countdown to 43972
[15:55:29.906] [SEVERE ] updating countdown to 43960
[15:55:29.917] [SEVERE ] updating countdown to 43949
[15:55:29.928] [SEVERE ] updating countdown to 43938
[15:55:29.939] [SEVERE ] updating countdown to 43927
[15:55:29.950] [SEVERE ] updating countdown to 43916
[15:55:29.961] [SEVERE ] updating countdown to 43905
[15:55:29.973] [SEVERE ] updating countdown to 43893
[15:55:29.984] [SEVERE ] updating countdown to 43882
[15:55:29.995] [SEVERE ] updating countdown to 43871
[15:55:30.007] [SEVERE ] updating countdown to 43859
[15:55:30.017] [SEVERE ] updating countdown to 43849
[15:55:30.028] [SEVERE ] updating countdown to 43838
[15:55:30.038] [SEVERE ] updating countdown to 43828
[15:55:30.049] [SEVERE ] updating countdown to 43817
[15:55:30.060] [SEVERE ] updating countdown to 43806
[15:55:30.071] [SEVERE ] updating countdown to 43795
[15:55:30.082] [SEVERE ] updating countdown to 43784
[15:55:30.092] [SEVERE ] updating countdown to 43774
[15:55:30.103] [SEVERE ] updating countdown to 43763
[15:55:30.114] [SEVERE ] updating countdown to 43752
[15:55:30.124] [SEVERE ] updating countdown to 43742
[15:55:30.135] [SEVERE ] updating countdown to 43731
[15:55:30.145] [SEVERE ] updating countdown to 43721
[15:55:30.156] [SEVERE ] updating countdown to 43710
[15:55:30.167] [SEVERE ] updating countdown to 43699
[15:55:30.178] [SEVERE ] updating countdown to 43688
[15:55:30.189] [SEVERE ] updating countdown to 43677
[15:55:30.199] [SEVERE ] updating countdown to 43667
[15:55:30.209] [SEVERE ] updating countdown to 43657
[15:55:30.220] [SEVERE ] updating countdown to 43646
[15:55:30.231] [SEVERE ] updating countdown to 43635
[15:55:30.241] [SEVERE ] updating countdown to 43625
[15:55:30.252] [SEVERE ] updating countdown to 43614
[15:55:30.262] [SEVERE ] updating countdown to 43604
[15:55:30.273] [SEVERE ] updating countdown to 43593
[15:55:30.284] [SEVERE ] updating countdown to 43582
[15:55:30.295] [SEVERE ] updating countdown to 43571
[15:55:30.305] [SEVERE ] updating countdown to 43561
[15:55:30.316] [SEVERE ] updating countdown to 43550
[15:55:30.327] [SEVERE ] updating countdown to 43539
[15:55:30.338] [SEVERE ] updating countdown to 43528
[15:55:30.349] [SEVERE ] updating countdown to 43517
[15:55:30.361] [SEVERE ] updating countdown to 43505
[15:55:30.372] [SEVERE ] updating countdown to 43494
[15:55:30.383] [SEVERE ] updating countdown to 43483
[15:55:30.394] [SEVERE ] updating countdown to 43472
[15:55:30.405] [SEVERE ] updating countdown to 43461
[15:55:30.417] [SEVERE ] updating countdown to 43449
[15:55:30.428] [SEVERE ] updating countdown to 43438
[15:55:30.438] [SEVERE ] updating countdown to 43428
[15:55:30.449] [SEVERE ] updating countdown to 43417
[15:55:30.460] [SEVERE ] updating countdown to 43406
[15:55:30.470] [SEVERE ] updating countdown to 43396
[15:55:30.481] [SEVERE ] updating countdown to 43385
[15:55:30.492] [SEVERE ] updating countdown to 43374
[15:55:30.503] [SEVERE ] updating countdown to 43363
[15:55:30.514] [SEVERE ] updating countdown to 43352
[15:55:30.526] [SEVERE ] updating countdown to 43340
[15:55:30.537] [SEVERE ] updating countdown to 43329
[15:55:30.548] [SEVERE ] updating countdown to 43318
[15:55:30.559] [SEVERE ] updating countdown to 43307
[15:55:30.570] [SEVERE ] updating countdown to 43296
[15:55:30.581] [SEVERE ] updating countdown to 43285
[15:55:30.591] [SEVERE ] updating countdown to 43275
[15:55:30.602] [SEVERE ] updating countdown to 43264
[15:55:30.612] [SEVERE ] updating countdown to 43254
[15:55:30.623] [SEVERE ] updating countdown to 43243
[15:55:30.634] [SEVERE ] updating countdown to 43232
[15:55:30.645] [SEVERE ] updating countdown to 43221
[15:55:30.656] [SEVERE ] updating countdown to 43210
[15:55:30.667] [SEVERE ] updating countdown to 43199
[15:55:30.679] [SEVERE ] updating countdown to 43187
[15:55:30.691] [SEVERE ] updating countdown to 43175
[15:55:30.702] [SEVERE ] updating countdown to 43164
[15:55:30.713] [SEVERE ] updating countdown to 43153
[15:55:30.724] [SEVERE ] updating countdown to 43142
[15:55:30.735] [SEVERE ] updating countdown to 43131
[15:55:30.746] [SEVERE ] updating countdown to 43120
[15:55:30.758] [SEVERE ] updating countdown to 43108
[15:55:30.769] [SEVERE ] updating countdown to 43097
[15:55:30.781] [SEVERE ] updating countdown to 43085
[15:55:30.792] [SEVERE ] updating countdown to 43074
[15:55:30.803] [SEVERE ] updating countdown to 43063
[15:55:30.814] [SEVERE ] updating countdown to 43052
[15:55:30.826] [SEVERE ] updating countdown to 43040
[15:55:30.837] [SEVERE ] updating countdown to 43029
[15:55:30.848] [SEVERE ] updating countdown to 43018
[15:55:30.859] [SEVERE ] updating countdown to 43007
[15:55:30.870] [SEVERE ] updating countdown to 42996
[15:55:30.881] [SEVERE ] updating countdown to 42985
[15:55:30.893] [SEVERE ] updating countdown to 42973
[15:55:30.904] [SEVERE ] updating countdown to 42962
[15:55:30.915] [SEVERE ] updating countdown to 42951
[15:55:30.926] [SEVERE ] updating countdown to 42940
[15:55:30.937] [SEVERE ] updating countdown to 42929
[15:55:30.947] [SEVERE ] updating countdown to 42919
[15:55:30.958] [SEVERE ] updating countdown to 42908
[15:55:30.969] [SEVERE ] updating countdown to 42897
[15:55:30.980] [SEVERE ] updating countdown to 42886
[15:55:30.991] [SEVERE ] updating countdown to 42875
[15:55:31.002] [SEVERE ] updating countdown to 42864
[15:55:31.012] [SEVERE ] updating countdown to 42854
[15:55:31.023] [SEVERE ] updating countdown to 42843
[15:55:31.035] [SEVERE ] updating countdown to 42831
[15:55:31.046] [SEVERE ] updating countdown to 42820
[15:55:31.058] [SEVERE ] updating countdown to 42808
[15:55:31.069] [SEVERE ] updating countdown to 42797
[15:55:31.080] [SEVERE ] updating countdown to 42786
[15:55:31.091] [SEVERE ] updating countdown to 42775
[15:55:31.104] [SEVERE ] updating countdown to 42762
[15:55:31.115] [SEVERE ] updating countdown to 42751
[15:55:31.125] [SEVERE ] updating countdown to 42741
[15:55:31.136] [SEVERE ] updating countdown to 42730
[15:55:31.148] [SEVERE ] updating countdown to 42718
[15:55:31.159] [SEVERE ] updating countdown to 42707
[15:55:31.169] [SEVERE ] updating countdown to 42697
[15:55:31.180] [SEVERE ] updating countdown to 42686
[15:55:31.191] [SEVERE ] updating countdown to 42675
[15:55:31.201] [SEVERE ] updating countdown to 42665
[15:55:31.215] [SEVERE ] updating countdown to 42651
[15:55:31.226] [SEVERE ] updating countdown to 42640
[15:55:31.236] [SEVERE ] updating countdown to 42630
[15:55:31.247] [SEVERE ] updating countdown to 42619
[15:55:31.258] [SEVERE ] updating countdown to 42608
[15:55:31.269] [SEVERE ] updating countdown to 42597
[15:55:31.279] [SEVERE ] updating countdown to 42587
[15:55:31.289] [SEVERE ] updating countdown to 42577
[15:55:31.301] [SEVERE ] updating countdown to 42565
[15:55:31.312] [SEVERE ] updating countdown to 42554
[15:55:31.323] [SEVERE ] updating countdown to 42543
[15:55:31.334] [SEVERE ] updating countdown to 42532
[15:55:31.345] [SEVERE ] updating countdown to 42521
[15:55:31.355] [SEVERE ] updating countdown to 42511
[15:55:31.366] [SEVERE ] updating countdown to 42500
[15:55:31.377] [SEVERE ] updating countdown to 42489
[15:55:31.387] [SEVERE ] updating countdown to 42479
[15:55:31.398] [SEVERE ] updating countdown to 42468
[15:55:31.409] [SEVERE ] updating countdown to 42457
[15:55:31.422] [SEVERE ] updating countdown to 42444
[15:55:31.432] [SEVERE ] updating countdown to 42434
[15:55:31.444] [SEVERE ] updating countdown to 42422
[15:55:31.455] [SEVERE ] updating countdown to 42411
[15:55:31.465] [SEVERE ] updating countdown to 42401
[15:55:31.476] [SEVERE ] updating countdown to 42390
[15:55:31.487] [SEVERE ] updating countdown to 42379
[15:55:31.497] [SEVERE ] updating countdown to 42369
[15:55:31.507] [SEVERE ] updating countdown to 42359
[15:55:31.521] [SEVERE ] updating countdown to 42345
[15:55:31.531] [SEVERE ] updating countdown to 42335
[15:55:31.542] [SEVERE ] updating countdown to 42324
[15:55:31.553] [SEVERE ] updating countdown to 42313
[15:55:31.563] [SEVERE ] updating countdown to 42303
[15:55:31.574] [SEVERE ] updating countdown to 42292
[15:55:31.584] [SEVERE ] updating countdown to 42282
[15:55:31.595] [SEVERE ] updating countdown to 42271
[15:55:31.605] [SEVERE ] updating countdown to 42261
[15:55:31.616] [SEVERE ] updating countdown to 42250
[15:55:31.627] [SEVERE ] updating countdown to 42239
[15:55:31.637] [SEVERE ] updating countdown to 42229
[15:55:31.648] [SEVERE ] updating countdown to 42218
[15:55:31.658] [SEVERE ] updating countdown to 42208
[15:55:31.669] [SEVERE ] updating countdown to 42197
[15:55:31.679] [SEVERE ] updating countdown to 42187
[15:55:31.690] [SEVERE ] updating countdown to 42176
[15:55:31.701] [SEVERE ] updating countdown to 42165
[15:55:31.711] [SEVERE ] updating countdown to 42155
[15:55:31.722] [SEVERE ] updating countdown to 42144
[15:55:31.732] [SEVERE ] updating countdown to 42134
[15:55:31.743] [SEVERE ] updating countdown to 42123
[15:55:31.753] [SEVERE ] updating countdown to 42113
[15:55:31.764] [SEVERE ] updating countdown to 42102
[15:55:31.775] [SEVERE ] updating countdown to 42091
[15:55:31.785] [SEVERE ] updating countdown to 42081
[15:55:31.801] [SEVERE ] updating countdown to 42065
[15:55:31.811] [SEVERE ] updating countdown to 42055
[15:55:31.822] [SEVERE ] updating countdown to 42044
[15:55:31.833] [SEVERE ] updating countdown to 42033
[15:55:31.843] [SEVERE ] updating countdown to 42023
[15:55:31.854] [SEVERE ] updating countdown to 42013
[15:55:31.864] [SEVERE ] updating countdown to 42002
[15:55:31.875] [SEVERE ] updating countdown to 41991
[15:55:31.885] [SEVERE ] updating countdown to 41981
[15:55:31.896] [SEVERE ] updating countdown to 41970
[15:55:31.906] [SEVERE ] updating countdown to 41960
[15:55:31.918] [SEVERE ] updating countdown to 41948
[15:55:31.929] [SEVERE ] updating countdown to 41937
[15:55:31.939] [SEVERE ] updating countdown to 41927
[15:55:31.950] [SEVERE ] updating countdown to 41916
[15:55:31.960] [SEVERE ] updating countdown to 41906
[15:55:31.971] [SEVERE ] updating countdown to 41895
[15:55:31.981] [SEVERE ] updating countdown to 41885
[15:55:31.992] [SEVERE ] updating countdown to 41874
[15:55:32.002] [SEVERE ] updating countdown to 41864
[15:55:32.013] [SEVERE ] updating countdown to 41853
[15:55:32.037] [SEVERE ] updating countdown to 41829
[15:55:32.050] [SEVERE ] updating countdown to 41816
[15:55:32.061] [SEVERE ] updating countdown to 41805
[15:55:32.072] [SEVERE ] updating countdown to 41794
[15:55:32.082] [SEVERE ] updating countdown to 41784
[15:55:32.093] [SEVERE ] updating countdown to 41773
[15:55:32.103] [SEVERE ] updating countdown to 41763
[15:55:32.114] [SEVERE ] updating countdown to 41752
[15:55:32.125] [SEVERE ] updating countdown to 41741
[15:55:32.136] [SEVERE ] updating countdown to 41730
[15:55:32.146] [SEVERE ] updating countdown to 41720
[15:55:32.158] [SEVERE ] updating countdown to 41708
[15:55:32.169] [SEVERE ] updating countdown to 41697
[15:55:32.180] [SEVERE ] updating countdown to 41686
[15:55:32.190] [SEVERE ] updating countdown to 41676
[15:55:32.202] [SEVERE ] updating countdown to 41664
[15:55:32.212] [SEVERE ] updating countdown to 41654
[15:55:32.223] [SEVERE ] updating countdown to 41643
[15:55:32.233] [SEVERE ] updating countdown to 41633
[15:55:32.244] [SEVERE ] updating countdown to 41622
[15:55:32.255] [SEVERE ] updating countdown to 41611
[15:55:32.266] [SEVERE ] updating countdown to 41600
[15:55:32.277] [SEVERE ] updating countdown to 41589
[15:55:32.288] [SEVERE ] updating countdown to 41578
[15:55:32.299] [SEVERE ] updating countdown to 41567
[15:55:32.311] [SEVERE ] updating countdown to 41555
[15:55:32.322] [SEVERE ] updating countdown to 41544
[15:55:32.333] [SEVERE ] updating countdown to 41533
[15:55:32.343] [SEVERE ] updating countdown to 41523
[15:55:32.355] [SEVERE ] updating countdown to 41511
[15:55:32.366] [SEVERE ] updating countdown to 41500
[15:55:32.377] [SEVERE ] updating countdown to 41489
[15:55:32.387] [SEVERE ] updating countdown to 41479
[15:55:32.398] [SEVERE ] updating countdown to 41468
[15:55:32.409] [SEVERE ] updating countdown to 41457
[15:55:32.420] [SEVERE ] updating countdown to 41446
[15:55:32.431] [SEVERE ] updating countdown to 41435
[15:55:32.443] [SEVERE ] updating countdown to 41423
[15:55:32.454] [SEVERE ] updating countdown to 41412
[15:55:32.465] [SEVERE ] updating countdown to 41401
[15:55:32.476] [SEVERE ] updating countdown to 41390
[15:55:32.487] [SEVERE ] updating countdown to 41379
[15:55:32.498] [SEVERE ] updating countdown to 41368
[15:55:32.509] [SEVERE ] updating countdown to 41357
[15:55:32.521] [SEVERE ] updating countdown to 41345
[15:55:32.532] [SEVERE ] updating countdown to 41334
[15:55:32.543] [SEVERE ] updating countdown to 41323
[15:55:32.554] [SEVERE ] updating countdown to 41312
[15:55:32.565] [SEVERE ] updating countdown to 41301
[15:55:32.575] [SEVERE ] updating countdown to 41291
[15:55:32.587] [SEVERE ] updating countdown to 41279
[15:55:32.597] [SEVERE ] updating countdown to 41269
[15:55:32.658] [SEVERE ] updating countdown to 41208
[15:55:32.672] [SEVERE ] updating countdown to 41194
[15:55:32.683] [SEVERE ] updating countdown to 41183
[15:55:32.694] [SEVERE ] updating countdown to 41172
[15:55:32.704] [SEVERE ] updating countdown to 41162
[15:55:32.715] [SEVERE ] updating countdown to 41151
[15:55:32.725] [SEVERE ] updating countdown to 41141
[15:55:32.736] [SEVERE ] updating countdown to 41130
[15:55:32.746] [SEVERE ] updating countdown to 41120
[15:55:32.757] [SEVERE ] updating countdown to 41109
[15:55:32.768] [SEVERE ] updating countdown to 41098
[15:55:32.778] [SEVERE ] updating countdown to 41088
[15:55:32.789] [SEVERE ] updating countdown to 41077
[15:55:32.800] [SEVERE ] updating countdown to 41066
[15:55:32.811] [SEVERE ] updating countdown to 41055
[15:55:32.822] [SEVERE ] updating countdown to 41044
[15:55:32.837] [SEVERE ] updating countdown to 41029
[15:55:32.852] [SEVERE ] updating countdown to 41014
[15:55:32.863] [SEVERE ] updating countdown to 41003
[15:55:32.874] [SEVERE ] updating countdown to 40992
[15:55:32.885] [SEVERE ] updating countdown to 40981
[15:55:32.896] [SEVERE ] updating countdown to 40970
[15:55:32.906] [SEVERE ] updating countdown to 40960
[15:55:32.917] [SEVERE ] updating countdown to 40949
[15:55:32.928] [SEVERE ] updating countdown to 40938
[15:55:32.938] [SEVERE ] updating countdown to 40928
[15:55:32.949] [SEVERE ] updating countdown to 40917
[15:55:32.959] [SEVERE ] updating countdown to 40907
[15:55:32.969] [SEVERE ] updating countdown to 40897
[15:55:32.980] [SEVERE ] updating countdown to 40886
[15:55:32.990] [SEVERE ] updating countdown to 40876
[15:55:33.001] [SEVERE ] updating countdown to 40865
[15:55:33.012] [SEVERE ] updating countdown to 40854
[15:55:33.022] [SEVERE ] updating countdown to 40844
[15:55:33.033] [SEVERE ] updating countdown to 40833
[15:55:33.044] [SEVERE ] updating countdown to 40822
[15:55:33.054] [SEVERE ] updating countdown to 40812
[15:55:33.065] [SEVERE ] updating countdown to 40801
[15:55:33.076] [SEVERE ] updating countdown to 40790
[15:55:33.086] [SEVERE ] updating countdown to 40780
[15:55:33.097] [SEVERE ] updating countdown to 40769
[15:55:33.107] [SEVERE ] updating countdown to 40759
[15:55:33.118] [SEVERE ] updating countdown to 40748
[15:55:33.130] [SEVERE ] updating countdown to 40736
[15:55:33.141] [SEVERE ] updating countdown to 40725
[15:55:33.151] [SEVERE ] updating countdown to 40715
[15:55:33.162] [SEVERE ] updating countdown to 40704
[15:55:33.172] [SEVERE ] updating countdown to 40694
[15:55:33.183] [SEVERE ] updating countdown to 40683
[15:55:33.193] [SEVERE ] updating countdown to 40673
[15:55:33.204] [SEVERE ] updating countdown to 40662
[15:55:33.214] [SEVERE ] updating countdown to 40652
[15:55:33.225] [SEVERE ] updating countdown to 40641
[15:55:33.235] [SEVERE ] updating countdown to 40631
[15:55:33.246] [SEVERE ] updating countdown to 40620
[15:55:33.256] [SEVERE ] updating countdown to 40610
[15:55:33.267] [SEVERE ] updating countdown to 40599
[15:55:33.277] [SEVERE ] updating countdown to 40589
[15:55:33.288] [SEVERE ] updating countdown to 40578
[15:55:33.299] [SEVERE ] updating countdown to 40567
[15:55:33.309] [SEVERE ] updating countdown to 40557
[15:55:33.320] [SEVERE ] updating countdown to 40546
[15:55:33.331] [SEVERE ] updating countdown to 40535
[15:55:33.341] [SEVERE ] updating countdown to 40525
[15:55:33.392] [SEVERE ] updating countdown to 40474
[15:55:33.403] [SEVERE ] updating countdown to 40463
[15:55:33.414] [SEVERE ] updating countdown to 40452
[15:55:33.424] [SEVERE ] updating countdown to 40442
[15:55:33.435] [SEVERE ] updating countdown to 40431
[15:55:33.446] [SEVERE ] updating countdown to 40420
[15:55:33.456] [SEVERE ] updating countdown to 40410
[15:55:33.467] [SEVERE ] updating countdown to 40399
[15:55:33.477] [SEVERE ] updating countdown to 40389
[15:55:33.488] [SEVERE ] updating countdown to 40378
[15:55:33.498] [SEVERE ] updating countdown to 40368
[15:55:33.509] [SEVERE ] updating countdown to 40357
[15:55:33.520] [SEVERE ] updating countdown to 40346
[15:55:33.531] [SEVERE ] updating countdown to 40335
[15:55:33.542] [SEVERE ] updating countdown to 40324
[15:55:33.553] [SEVERE ] updating countdown to 40313
[15:55:33.564] [SEVERE ] updating countdown to 40302
[15:55:33.576] [SEVERE ] updating countdown to 40290
[15:55:33.587] [SEVERE ] updating countdown to 40279
[15:55:33.599] [SEVERE ] updating countdown to 40267
[15:55:33.610] [SEVERE ] updating countdown to 40256
[15:55:33.622] [SEVERE ] updating countdown to 40244
[15:55:33.633] [SEVERE ] updating countdown to 40233
[15:55:33.645] [SEVERE ] updating countdown to 40221
[15:55:33.656] [SEVERE ] updating countdown to 40210
[15:55:33.667] [SEVERE ] updating countdown to 40199
[15:55:33.679] [SEVERE ] updating countdown to 40187
[15:55:33.690] [SEVERE ] updating countdown to 40176
[15:55:33.702] [SEVERE ] updating countdown to 40164
[15:55:33.712] [SEVERE ] updating countdown to 40154
[15:55:33.724] [SEVERE ] updating countdown to 40142
[15:55:33.735] [SEVERE ] updating countdown to 40131
[15:55:33.746] [SEVERE ] updating countdown to 40120
[15:55:33.758] [SEVERE ] updating countdown to 40108
[15:55:33.769] [SEVERE ] updating countdown to 40097
[15:55:33.780] [SEVERE ] updating countdown to 40086
[15:55:33.791] [SEVERE ] updating countdown to 40075
[15:55:33.801] [SEVERE ] updating countdown to 40065
[15:55:33.812] [SEVERE ] updating countdown to 40054
[15:55:33.823] [SEVERE ] updating countdown to 40043
[15:55:33.833] [SEVERE ] updating countdown to 40033
[15:55:33.845] [SEVERE ] updating countdown to 40021
[15:55:33.855] [SEVERE ] updating countdown to 40011
