[16:06:52.866] [INFO   ] thread bguspl.set.Main.main() starting.
[16:06:52.876] [SEVERE ] cannot read configuration file config.properties trying from resources.
[16:06:52.884] [SEVERE ] configuration file was loaded from resources directory.
[16:06:54.204] [INFO   ] thread dealer starting.
[16:06:54.205] [INFO   ] thread dealer starting.
[16:06:54.310] [SEVERE ] placing card 0 in slot 0
[16:06:54.443] [SEVERE ] placing card 1 in slot 1
[16:06:54.547] [SEVERE ] placing card 2 in slot 2
[16:06:54.648] [SEVERE ] placing card 3 in slot 3
[16:06:54.749] [SEVERE ] placing card 4 in slot 4
[16:06:54.851] [SEVERE ] placing card 5 in slot 5
[16:06:54.952] [SEVERE ] placing card 6 in slot 6
[16:06:55.054] [SEVERE ] placing card 7 in slot 7
[16:06:55.154] [SEVERE ] placing card 8 in slot 8
[16:06:55.256] [SEVERE ] placing card 9 in slot 9
[16:06:55.357] [SEVERE ] placing card 10 in slot 10
[16:06:55.458] [SEVERE ] placing card 11 in slot 11
[16:06:55.469] [SEVERE ] updating countdown to 58729
[16:06:55.482] [SEVERE ] updating countdown to 58716
[16:06:55.493] [SEVERE ] updating countdown to 58705
[16:06:55.504] [SEVERE ] updating countdown to 58694
[16:06:55.516] [SEVERE ] updating countdown to 58682
[16:06:55.528] [SEVERE ] updating countdown to 58670
[16:06:55.539] [SEVERE ] updating countdown to 58659
[16:06:55.550] [SEVERE ] updating countdown to 58648
[16:06:55.560] [SEVERE ] updating countdown to 58638
[16:06:55.571] [SEVERE ] updating countdown to 58627
[16:06:55.583] [SEVERE ] updating countdown to 58615
[16:06:55.594] [SEVERE ] updating countdown to 58604
[16:06:55.605] [SEVERE ] updating countdown to 58593
[16:06:55.615] [SEVERE ] updating countdown to 58583
[16:06:55.626] [SEVERE ] updating countdown to 58572
[16:06:55.637] [SEVERE ] updating countdown to 58561
[16:06:55.647] [SEVERE ] updating countdown to 58551
[16:06:55.658] [SEVERE ] updating countdown to 58540
[16:06:55.669] [SEVERE ] updating countdown to 58529
[16:06:55.680] [SEVERE ] updating countdown to 58518
[16:06:55.691] [SEVERE ] updating countdown to 58507
[16:06:55.702] [SEVERE ] updating countdown to 58496
[16:06:55.713] [SEVERE ] updating countdown to 58485
[16:06:55.723] [SEVERE ] updating countdown to 58475
[16:06:55.734] [SEVERE ] updating countdown to 58464
[16:06:55.745] [SEVERE ] updating countdown to 58453
[16:06:55.756] [SEVERE ] updating countdown to 58442
[16:06:55.766] [SEVERE ] updating countdown to 58432
[16:06:55.777] [SEVERE ] updating countdown to 58421
[16:06:55.788] [SEVERE ] updating countdown to 58410
[16:06:55.798] [SEVERE ] updating countdown to 58400
[16:06:55.809] [SEVERE ] updating countdown to 58389
[16:06:55.820] [SEVERE ] updating countdown to 58378
[16:06:55.830] [SEVERE ] updating countdown to 58368
[16:06:55.841] [SEVERE ] updating countdown to 58357
[16:06:55.852] [SEVERE ] updating countdown to 58346
[16:06:55.863] [SEVERE ] updating countdown to 58335
[16:06:55.873] [SEVERE ] updating countdown to 58325
[16:06:55.884] [SEVERE ] updating countdown to 58314
[16:06:55.894] [SEVERE ] updating countdown to 58304
[16:06:55.905] [SEVERE ] updating countdown to 58293
[16:06:55.916] [SEVERE ] updating countdown to 58282
[16:06:55.927] [SEVERE ] updating countdown to 58271
[16:06:55.939] [SEVERE ] updating countdown to 58259
[16:06:55.950] [SEVERE ] updating countdown to 58248
[16:06:55.962] [SEVERE ] updating countdown to 58236
[16:06:55.974] [SEVERE ] updating countdown to 58224
[16:06:55.987] [SEVERE ] updating countdown to 58211
[16:06:55.998] [SEVERE ] updating countdown to 58200
[16:06:56.009] [SEVERE ] updating countdown to 58189
[16:06:56.020] [SEVERE ] updating countdown to 58178
[16:06:56.031] [SEVERE ] updating countdown to 58167
[16:06:56.042] [SEVERE ] updating countdown to 58156
[16:06:56.053] [SEVERE ] updating countdown to 58145
[16:06:56.064] [SEVERE ] updating countdown to 58134
[16:06:56.075] [SEVERE ] updating countdown to 58123
[16:06:56.086] [SEVERE ] updating countdown to 58112
[16:06:56.097] [SEVERE ] updating countdown to 58101
[16:06:56.108] [SEVERE ] updating countdown to 58090
[16:06:56.119] [SEVERE ] updating countdown to 58079
[16:06:56.130] [SEVERE ] updating countdown to 58068
[16:06:56.141] [SEVERE ] updating countdown to 58057
[16:06:56.152] [SEVERE ] updating countdown to 58046
[16:06:56.163] [SEVERE ] updating countdown to 58035
[16:06:56.174] [SEVERE ] updating countdown to 58024
[16:06:56.185] [SEVERE ] updating countdown to 58013
[16:06:56.196] [SEVERE ] updating countdown to 58002
[16:06:56.207] [SEVERE ] updating countdown to 57991
[16:06:56.218] [SEVERE ] updating countdown to 57980
[16:06:56.229] [SEVERE ] updating countdown to 57969
[16:06:56.240] [SEVERE ] updating countdown to 57958
[16:06:56.251] [SEVERE ] updating countdown to 57947
[16:06:56.263] [SEVERE ] updating countdown to 57935
[16:06:56.274] [SEVERE ] updating countdown to 57924
[16:06:56.286] [SEVERE ] updating countdown to 57912
[16:06:56.297] [SEVERE ] updating countdown to 57901
[16:06:56.309] [SEVERE ] updating countdown to 57889
[16:06:56.320] [SEVERE ] updating countdown to 57878
[16:06:56.331] [SEVERE ] updating countdown to 57867
[16:06:56.342] [SEVERE ] updating countdown to 57856
[16:06:56.354] [SEVERE ] updating countdown to 57845
[16:06:56.365] [SEVERE ] updating countdown to 57833
[16:06:56.376] [SEVERE ] updating countdown to 57822
[16:06:56.388] [SEVERE ] updating countdown to 57810
[16:06:56.399] [SEVERE ] updating countdown to 57799
[16:06:56.410] [SEVERE ] updating countdown to 57788
[16:06:56.421] [SEVERE ] updating countdown to 57777
[16:06:56.432] [SEVERE ] updating countdown to 57767
[16:06:56.442] [SEVERE ] updating countdown to 57756
[16:06:56.453] [SEVERE ] updating countdown to 57745
[16:06:56.464] [SEVERE ] updating countdown to 57734
[16:06:56.476] [SEVERE ] updating countdown to 57723
[16:06:56.487] [SEVERE ] updating countdown to 57711
[16:06:56.498] [SEVERE ] updating countdown to 57700
[16:06:56.510] [SEVERE ] updating countdown to 57688
[16:06:56.521] [SEVERE ] updating countdown to 57677
[16:06:56.533] [SEVERE ] updating countdown to 57665
[16:06:56.545] [SEVERE ] updating countdown to 57653
[16:06:56.557] [SEVERE ] updating countdown to 57641
[16:06:56.569] [SEVERE ] updating countdown to 57630
[16:06:56.580] [SEVERE ] updating countdown to 57618
[16:06:56.592] [SEVERE ] updating countdown to 57606
[16:06:56.603] [SEVERE ] updating countdown to 57595
[16:06:56.615] [SEVERE ] updating countdown to 57583
[16:06:56.626] [SEVERE ] updating countdown to 57572
[16:06:56.637] [SEVERE ] updating countdown to 57561
[16:06:56.648] [SEVERE ] updating countdown to 57550
[16:06:56.660] [SEVERE ] updating countdown to 57538
[16:06:56.672] [SEVERE ] updating countdown to 57526
[16:06:56.683] [SEVERE ] updating countdown to 57515
[16:06:56.695] [SEVERE ] updating countdown to 57503
[16:06:56.707] [SEVERE ] updating countdown to 57492
[16:06:56.718] [SEVERE ] updating countdown to 57480
[16:06:56.729] [SEVERE ] updating countdown to 57469
[16:06:56.740] [SEVERE ] updating countdown to 57458
[16:06:56.753] [SEVERE ] updating countdown to 57445
[16:06:56.764] [SEVERE ] updating countdown to 57434
[16:06:56.775] [SEVERE ] updating countdown to 57423
[16:06:56.786] [SEVERE ] updating countdown to 57412
[16:06:56.797] [SEVERE ] updating countdown to 57401
[16:06:56.809] [SEVERE ] updating countdown to 57389
[16:06:56.820] [SEVERE ] updating countdown to 57378
[16:06:56.834] [SEVERE ] updating countdown to 57364
[16:06:56.845] [SEVERE ] updating countdown to 57353
[16:06:56.856] [SEVERE ] updating countdown to 57342
[16:06:56.867] [SEVERE ] updating countdown to 57331
[16:06:56.879] [SEVERE ] updating countdown to 57319
[16:06:56.890] [SEVERE ] updating countdown to 57308
[16:06:56.901] [SEVERE ] updating countdown to 57297
[16:06:56.912] [SEVERE ] updating countdown to 57286
[16:06:56.923] [SEVERE ] updating countdown to 57275
[16:06:56.934] [SEVERE ] updating countdown to 57264
[16:06:56.945] [SEVERE ] updating countdown to 57253
[16:06:56.956] [SEVERE ] updating countdown to 57242
[16:06:56.967] [SEVERE ] updating countdown to 57231
[16:06:56.979] [SEVERE ] updating countdown to 57219
[16:06:56.990] [SEVERE ] updating countdown to 57208
[16:06:57.001] [SEVERE ] updating countdown to 57197
[16:06:57.013] [SEVERE ] updating countdown to 57186
[16:06:57.023] [SEVERE ] updating countdown to 57175
[16:06:57.034] [SEVERE ] updating countdown to 57164
[16:06:57.046] [SEVERE ] updating countdown to 57152
[16:06:57.057] [SEVERE ] updating countdown to 57141
[16:06:57.068] [SEVERE ] updating countdown to 57130
[16:06:57.079] [SEVERE ] updating countdown to 57119
[16:06:57.089] [SEVERE ] updating countdown to 57109
[16:06:57.100] [SEVERE ] updating countdown to 57098
[16:06:57.111] [SEVERE ] updating countdown to 57087
[16:06:57.122] [SEVERE ] updating countdown to 57076
[16:06:57.133] [SEVERE ] updating countdown to 57065
[16:06:57.144] [SEVERE ] updating countdown to 57054
[16:06:57.155] [SEVERE ] updating countdown to 57043
[16:06:57.167] [SEVERE ] updating countdown to 57031
[16:06:57.177] [SEVERE ] updating countdown to 57021
[16:06:57.188] [SEVERE ] updating countdown to 57010
[16:06:57.199] [SEVERE ] updating countdown to 56999
[16:06:57.210] [SEVERE ] updating countdown to 56988
[16:06:57.221] [SEVERE ] updating countdown to 56977
[16:06:57.231] [SEVERE ] updating countdown to 56967
[16:06:57.242] [SEVERE ] updating countdown to 56956
[16:06:57.253] [SEVERE ] updating countdown to 56945
[16:06:57.264] [SEVERE ] updating countdown to 56934
[16:06:57.274] [SEVERE ] updating countdown to 56924
[16:06:57.285] [SEVERE ] updating countdown to 56913
[16:06:57.299] [SEVERE ] updating countdown to 56899
[16:06:57.310] [SEVERE ] updating countdown to 56888
[16:06:57.321] [SEVERE ] updating countdown to 56877
[16:06:57.332] [SEVERE ] updating countdown to 56866
[16:06:57.342] [SEVERE ] updating countdown to 56856
[16:06:57.353] [SEVERE ] updating countdown to 56845
[16:06:57.364] [SEVERE ] updating countdown to 56834
[16:06:57.374] [SEVERE ] updating countdown to 56824
[16:06:57.385] [SEVERE ] updating countdown to 56813
[16:06:57.396] [SEVERE ] updating countdown to 56802
[16:06:57.407] [SEVERE ] updating countdown to 56791
[16:06:57.417] [SEVERE ] updating countdown to 56781
[16:06:57.428] [SEVERE ] updating countdown to 56770
[16:06:57.439] [SEVERE ] updating countdown to 56759
[16:06:57.450] [SEVERE ] updating countdown to 56748
[16:06:57.460] [SEVERE ] updating countdown to 56738
[16:06:57.471] [SEVERE ] updating countdown to 56727
[16:06:57.481] [SEVERE ] updating countdown to 56717
[16:06:57.492] [SEVERE ] updating countdown to 56706
[16:06:57.503] [SEVERE ] updating countdown to 56695
[16:06:57.514] [SEVERE ] updating countdown to 56684
[16:06:57.524] [SEVERE ] updating countdown to 56674
[16:06:57.535] [SEVERE ] updating countdown to 56663
[16:06:57.546] [SEVERE ] updating countdown to 56652
[16:06:57.557] [SEVERE ] updating countdown to 56641
[16:06:57.567] [SEVERE ] updating countdown to 56631
[16:06:57.578] [SEVERE ] updating countdown to 56620
[16:06:57.589] [SEVERE ] updating countdown to 56609
[16:06:57.599] [SEVERE ] updating countdown to 56599
[16:06:57.611] [SEVERE ] updating countdown to 56587
[16:06:57.624] [SEVERE ] updating countdown to 56574
[16:06:57.635] [SEVERE ] updating countdown to 56563
[16:06:57.646] [SEVERE ] updating countdown to 56552
[16:06:57.657] [SEVERE ] updating countdown to 56541
[16:06:57.668] [SEVERE ] updating countdown to 56530
[16:06:57.679] [SEVERE ] updating countdown to 56519
[16:06:57.690] [SEVERE ] updating countdown to 56508
[16:06:57.700] [SEVERE ] updating countdown to 56498
[16:06:57.711] [SEVERE ] updating countdown to 56487
[16:06:57.722] [SEVERE ] updating countdown to 56476
[16:06:57.732] [SEVERE ] updating countdown to 56466
[16:06:57.743] [SEVERE ] updating countdown to 56455
[16:06:57.753] [SEVERE ] updating countdown to 56445
[16:06:57.764] [SEVERE ] updating countdown to 56434
[16:06:57.774] [SEVERE ] updating countdown to 56424
[16:06:57.785] [SEVERE ] updating countdown to 56413
[16:06:57.795] [SEVERE ] updating countdown to 56403
[16:06:57.806] [SEVERE ] updating countdown to 56392
[16:06:57.816] [SEVERE ] updating countdown to 56382
[16:06:57.827] [SEVERE ] updating countdown to 56371
[16:06:57.837] [SEVERE ] updating countdown to 56361
[16:06:57.848] [SEVERE ] updating countdown to 56350
[16:06:57.859] [SEVERE ] updating countdown to 56339
[16:06:57.869] [SEVERE ] updating countdown to 56329
[16:06:57.880] [SEVERE ] updating countdown to 56318
[16:06:57.891] [SEVERE ] updating countdown to 56307
[16:06:57.902] [SEVERE ] updating countdown to 56296
[16:06:57.912] [SEVERE ] updating countdown to 56286
[16:06:57.923] [SEVERE ] updating countdown to 56275
[16:06:57.934] [SEVERE ] updating countdown to 56264
[16:06:57.944] [SEVERE ] updating countdown to 56254
[16:06:57.955] [SEVERE ] updating countdown to 56243
[16:06:57.965] [SEVERE ] updating countdown to 56233
[16:06:57.976] [SEVERE ] updating countdown to 56222
[16:06:57.987] [SEVERE ] updating countdown to 56211
[16:06:57.998] [SEVERE ] updating countdown to 56200
[16:06:58.009] [SEVERE ] updating countdown to 56189
[16:06:58.020] [SEVERE ] updating countdown to 56178
[16:06:58.031] [SEVERE ] updating countdown to 56167
[16:06:58.042] [SEVERE ] updating countdown to 56156
[16:06:58.052] [SEVERE ] updating countdown to 56146
[16:06:58.063] [SEVERE ] updating countdown to 56135
[16:06:58.074] [SEVERE ] updating countdown to 56124
[16:06:58.084] [SEVERE ] updating countdown to 56114
[16:06:58.095] [SEVERE ] updating countdown to 56103
[16:06:58.106] [SEVERE ] updating countdown to 56092
[16:06:58.116] [SEVERE ] updating countdown to 56082
[16:06:58.127] [SEVERE ] updating countdown to 56071
[16:06:58.138] [SEVERE ] updating countdown to 56060
[16:06:58.149] [SEVERE ] updating countdown to 56049
[16:06:58.160] [SEVERE ] updating countdown to 56038
[16:06:58.171] [SEVERE ] updating countdown to 56027
[16:06:58.182] [SEVERE ] updating countdown to 56016
[16:06:58.193] [SEVERE ] updating countdown to 56005
[16:06:58.204] [SEVERE ] updating countdown to 55994
[16:06:58.215] [SEVERE ] updating countdown to 55983
[16:06:58.226] [SEVERE ] updating countdown to 55972
[16:06:58.237] [SEVERE ] updating countdown to 55961
[16:06:58.248] [SEVERE ] updating countdown to 55950
[16:06:58.259] [SEVERE ] updating countdown to 55939
[16:06:58.269] [SEVERE ] updating countdown to 55929
[16:06:58.280] [SEVERE ] updating countdown to 55918
[16:06:58.291] [SEVERE ] updating countdown to 55907
[16:06:58.303] [SEVERE ] updating countdown to 55895
[16:06:58.314] [SEVERE ] updating countdown to 55884
[16:06:58.325] [SEVERE ] updating countdown to 55873
[16:06:58.337] [SEVERE ] updating countdown to 55861
[16:06:58.348] [SEVERE ] updating countdown to 55850
[16:06:58.359] [SEVERE ] updating countdown to 55839
[16:06:58.370] [SEVERE ] updating countdown to 55828
[16:06:58.381] [SEVERE ] updating countdown to 55817
[16:06:58.392] [SEVERE ] updating countdown to 55806
[16:06:58.404] [SEVERE ] updating countdown to 55794
[16:06:58.416] [SEVERE ] updating countdown to 55782
[16:06:58.428] [SEVERE ] updating countdown to 55770
[16:06:58.440] [SEVERE ] updating countdown to 55758
[16:06:58.452] [SEVERE ] updating countdown to 55746
[16:06:58.462] [SEVERE ] updating countdown to 55736
[16:06:58.473] [SEVERE ] updating countdown to 55725
[16:06:58.484] [SEVERE ] updating countdown to 55714
[16:06:58.495] [SEVERE ] updating countdown to 55703
[16:06:58.506] [SEVERE ] updating countdown to 55692
[16:06:58.517] [SEVERE ] updating countdown to 55681
[16:06:58.529] [SEVERE ] updating countdown to 55669
[16:06:58.540] [SEVERE ] updating countdown to 55658
[16:06:58.552] [SEVERE ] updating countdown to 55646
[16:06:58.564] [SEVERE ] updating countdown to 55634
[16:06:58.576] [SEVERE ] updating countdown to 55622
[16:06:58.588] [SEVERE ] updating countdown to 55610
[16:06:58.599] [SEVERE ] updating countdown to 55599
[16:06:58.610] [SEVERE ] updating countdown to 55588
[16:06:58.622] [SEVERE ] updating countdown to 55576
[16:06:58.633] [SEVERE ] updating countdown to 55565
[16:06:58.644] [SEVERE ] updating countdown to 55554
[16:06:58.655] [SEVERE ] updating countdown to 55543
[16:06:58.667] [SEVERE ] updating countdown to 55531
[16:06:58.679] [SEVERE ] updating countdown to 55519
[16:06:58.690] [SEVERE ] updating countdown to 55508
[16:06:58.701] [SEVERE ] updating countdown to 55497
[16:06:58.713] [SEVERE ] updating countdown to 55486
[16:06:58.724] [SEVERE ] updating countdown to 55474
[16:06:58.735] [SEVERE ] updating countdown to 55463
[16:06:58.748] [SEVERE ] updating countdown to 55450
[16:06:58.759] [SEVERE ] updating countdown to 55439
[16:06:58.770] [SEVERE ] updating countdown to 55428
[16:06:58.781] [SEVERE ] updating countdown to 55417
[16:06:58.792] [SEVERE ] updating countdown to 55406
[16:06:58.803] [SEVERE ] updating countdown to 55395
[16:06:58.815] [SEVERE ] updating countdown to 55383
[16:06:58.826] [SEVERE ] updating countdown to 55372
[16:06:58.838] [SEVERE ] updating countdown to 55360
[16:06:58.849] [SEVERE ] updating countdown to 55349
[16:06:58.860] [SEVERE ] updating countdown to 55338
[16:06:58.872] [SEVERE ] updating countdown to 55326
[16:06:58.884] [SEVERE ] updating countdown to 55314
[16:06:58.895] [SEVERE ] updating countdown to 55303
[16:06:58.907] [SEVERE ] updating countdown to 55291
[16:06:58.918] [SEVERE ] updating countdown to 55280
[16:06:58.929] [SEVERE ] updating countdown to 55269
[16:06:58.940] [SEVERE ] updating countdown to 55258
[16:06:58.952] [SEVERE ] updating countdown to 55246
[16:06:58.963] [SEVERE ] updating countdown to 55235
[16:06:58.975] [SEVERE ] updating countdown to 55223
[16:06:58.986] [SEVERE ] updating countdown to 55212
[16:06:58.998] [SEVERE ] updating countdown to 55200
[16:06:59.009] [SEVERE ] updating countdown to 55189
[16:06:59.021] [SEVERE ] updating countdown to 55177
[16:06:59.033] [SEVERE ] updating countdown to 55165
[16:06:59.044] [SEVERE ] updating countdown to 55154
[16:06:59.056] [SEVERE ] updating countdown to 55142
[16:06:59.067] [SEVERE ] updating countdown to 55131
[16:06:59.079] [SEVERE ] updating countdown to 55119
[16:06:59.090] [SEVERE ] updating countdown to 55108
[16:06:59.102] [SEVERE ] updating countdown to 55096
[16:06:59.113] [SEVERE ] updating countdown to 55085
[16:06:59.125] [SEVERE ] updating countdown to 55073
[16:06:59.136] [SEVERE ] updating countdown to 55062
[16:06:59.148] [SEVERE ] updating countdown to 55050
[16:06:59.159] [SEVERE ] updating countdown to 55039
[16:06:59.171] [SEVERE ] updating countdown to 55027
[16:06:59.182] [SEVERE ] updating countdown to 55016
[16:06:59.193] [SEVERE ] updating countdown to 55005
[16:06:59.205] [SEVERE ] updating countdown to 54993
[16:06:59.216] [SEVERE ] updating countdown to 54982
[16:06:59.227] [SEVERE ] updating countdown to 54971
[16:06:59.238] [SEVERE ] updating countdown to 54960
[16:06:59.249] [SEVERE ] updating countdown to 54949
[16:06:59.261] [SEVERE ] updating countdown to 54937
[16:06:59.272] [SEVERE ] updating countdown to 54926
[16:06:59.283] [SEVERE ] updating countdown to 54915
[16:06:59.294] [SEVERE ] updating countdown to 54904
[16:06:59.306] [SEVERE ] updating countdown to 54892
[16:06:59.317] [SEVERE ] updating countdown to 54881
[16:06:59.329] [SEVERE ] updating countdown to 54869
[16:06:59.340] [SEVERE ] updating countdown to 54858
[16:06:59.352] [SEVERE ] updating countdown to 54846
[16:06:59.364] [SEVERE ] updating countdown to 54834
[16:06:59.376] [SEVERE ] updating countdown to 54822
[16:06:59.387] [SEVERE ] updating countdown to 54811
[16:06:59.398] [SEVERE ] updating countdown to 54800
[16:06:59.409] [SEVERE ] updating countdown to 54789
[16:06:59.421] [SEVERE ] updating countdown to 54777
[16:06:59.432] [SEVERE ] updating countdown to 54766
[16:06:59.444] [SEVERE ] updating countdown to 54754
[16:06:59.455] [SEVERE ] updating countdown to 54743
[16:06:59.466] [SEVERE ] updating countdown to 54732
[16:06:59.477] [SEVERE ] updating countdown to 54721
[16:06:59.488] [SEVERE ] updating countdown to 54710
[16:06:59.499] [SEVERE ] updating countdown to 54699
[16:06:59.510] [SEVERE ] updating countdown to 54688
[16:06:59.522] [SEVERE ] updating countdown to 54676
[16:06:59.534] [SEVERE ] updating countdown to 54664
[16:06:59.546] [SEVERE ] updating countdown to 54652
[16:06:59.558] [SEVERE ] updating countdown to 54640
[16:06:59.569] [SEVERE ] updating countdown to 54629
[16:06:59.580] [SEVERE ] updating countdown to 54618
[16:06:59.591] [SEVERE ] updating countdown to 54607
[16:06:59.601] [SEVERE ] updating countdown to 54597
[16:06:59.612] [SEVERE ] updating countdown to 54586
[16:06:59.623] [SEVERE ] updating countdown to 54575
[16:06:59.635] [SEVERE ] updating countdown to 54563
[16:06:59.646] [SEVERE ] updating countdown to 54552
[16:06:59.658] [SEVERE ] updating countdown to 54540
[16:06:59.670] [SEVERE ] updating countdown to 54528
[16:06:59.681] [SEVERE ] updating countdown to 54517
[16:06:59.692] [SEVERE ] updating countdown to 54506
[16:06:59.704] [SEVERE ] updating countdown to 54494
[16:06:59.715] [SEVERE ] updating countdown to 54483
[16:06:59.727] [SEVERE ] updating countdown to 54471
[16:06:59.739] [SEVERE ] updating countdown to 54459
[16:06:59.750] [SEVERE ] updating countdown to 54448
[16:06:59.761] [SEVERE ] updating countdown to 54437
[16:06:59.771] [SEVERE ] updating countdown to 54427
[16:06:59.782] [SEVERE ] updating countdown to 54416
[16:06:59.793] [SEVERE ] updating countdown to 54405
[16:06:59.804] [SEVERE ] updating countdown to 54394
[16:06:59.815] [SEVERE ] updating countdown to 54383
[16:06:59.826] [SEVERE ] updating countdown to 54372
[16:06:59.836] [SEVERE ] updating countdown to 54362
[16:06:59.847] [SEVERE ] updating countdown to 54351
[16:06:59.859] [SEVERE ] updating countdown to 54339
[16:06:59.870] [SEVERE ] updating countdown to 54328
[16:06:59.881] [SEVERE ] updating countdown to 54317
[16:06:59.893] [SEVERE ] updating countdown to 54305
[16:06:59.905] [SEVERE ] updating countdown to 54293
[16:06:59.915] [SEVERE ] key 81 was pressed by player 1
[16:06:59.915] [SEVERE ] updating countdown to 54283
[16:06:59.926] [SEVERE ] updating countdown to 54272
[16:06:59.937] [SEVERE ] updating countdown to 54261
[16:06:59.948] [SEVERE ] updating countdown to 54250
[16:06:59.959] [SEVERE ] updating countdown to 54239
[16:06:59.971] [SEVERE ] updating countdown to 54227
[16:06:59.982] [SEVERE ] updating countdown to 54216
[16:06:59.993] [SEVERE ] updating countdown to 54205
[16:07:00.005] [SEVERE ] updating countdown to 54193
[16:07:00.017] [SEVERE ] updating countdown to 54181
[16:07:00.029] [SEVERE ] updating countdown to 54169
[16:07:00.039] [SEVERE ] updating countdown to 54159
[16:07:00.050] [SEVERE ] updating countdown to 54148
[16:07:00.061] [SEVERE ] updating countdown to 54137
[16:07:00.072] [SEVERE ] updating countdown to 54126
[16:07:00.084] [SEVERE ] updating countdown to 54114
[16:07:00.095] [SEVERE ] updating countdown to 54103
[16:07:00.106] [SEVERE ] updating countdown to 54092
[16:07:00.118] [SEVERE ] updating countdown to 54080
[16:07:00.129] [SEVERE ] updating countdown to 54069
[16:07:00.140] [SEVERE ] updating countdown to 54058
[16:07:00.151] [SEVERE ] updating countdown to 54047
[16:07:00.163] [SEVERE ] updating countdown to 54035
[16:07:00.174] [SEVERE ] updating countdown to 54024
[16:07:00.186] [SEVERE ] updating countdown to 54012
[16:07:00.197] [SEVERE ] updating countdown to 54001
[16:07:00.208] [SEVERE ] updating countdown to 53990
[16:07:00.219] [SEVERE ] updating countdown to 53979
[16:07:00.230] [SEVERE ] updating countdown to 53968
[16:07:00.242] [SEVERE ] updating countdown to 53956
[16:07:00.252] [SEVERE ] updating countdown to 53946
[16:07:00.263] [SEVERE ] updating countdown to 53935
[16:07:00.275] [SEVERE ] updating countdown to 53923
[16:07:00.285] [SEVERE ] updating countdown to 53913
[16:07:00.296] [SEVERE ] updating countdown to 53902
[16:07:00.308] [SEVERE ] updating countdown to 53890
[16:07:00.319] [SEVERE ] updating countdown to 53879
[16:07:00.330] [SEVERE ] updating countdown to 53868
[16:07:00.341] [SEVERE ] updating countdown to 53857
[16:07:00.352] [SEVERE ] updating countdown to 53846
[16:07:00.364] [SEVERE ] updating countdown to 53834
[16:07:00.375] [SEVERE ] updating countdown to 53823
[16:07:00.387] [SEVERE ] updating countdown to 53811
[16:07:00.398] [SEVERE ] updating countdown to 53800
[16:07:00.410] [SEVERE ] updating countdown to 53788
[16:07:00.422] [SEVERE ] updating countdown to 53776
[16:07:00.433] [SEVERE ] updating countdown to 53765
[16:07:00.445] [SEVERE ] updating countdown to 53753
[16:07:00.456] [SEVERE ] updating countdown to 53742
[16:07:00.468] [SEVERE ] updating countdown to 53730
[16:07:00.479] [SEVERE ] updating countdown to 53719
[16:07:00.490] [SEVERE ] updating countdown to 53708
[16:07:00.502] [SEVERE ] updating countdown to 53696
[16:07:00.513] [SEVERE ] updating countdown to 53685
[16:07:00.524] [SEVERE ] updating countdown to 53674
[16:07:00.534] [SEVERE ] updating countdown to 53664
[16:07:00.545] [SEVERE ] updating countdown to 53653
[16:07:00.555] [SEVERE ] updating countdown to 53643
[16:07:00.566] [SEVERE ] updating countdown to 53632
[16:07:00.577] [SEVERE ] updating countdown to 53621
[16:07:00.588] [SEVERE ] updating countdown to 53610
[16:07:00.598] [SEVERE ] updating countdown to 53600
[16:07:00.609] [SEVERE ] updating countdown to 53589
[16:07:00.619] [SEVERE ] updating countdown to 53579
[16:07:00.630] [SEVERE ] updating countdown to 53568
[16:07:00.641] [SEVERE ] updating countdown to 53557
[16:07:00.652] [SEVERE ] updating countdown to 53546
[16:07:00.663] [SEVERE ] updating countdown to 53535
[16:07:00.673] [SEVERE ] updating countdown to 53525
[16:07:00.684] [SEVERE ] updating countdown to 53514
[16:07:00.694] [SEVERE ] updating countdown to 53504
[16:07:00.705] [SEVERE ] updating countdown to 53493
[16:07:00.716] [SEVERE ] updating countdown to 53482
[16:07:00.727] [SEVERE ] updating countdown to 53471
[16:07:00.738] [SEVERE ] updating countdown to 53460
[16:07:00.750] [SEVERE ] updating countdown to 53448
[16:07:00.760] [SEVERE ] updating countdown to 53438
[16:07:00.771] [SEVERE ] updating countdown to 53427
[16:07:00.783] [SEVERE ] updating countdown to 53415
[16:07:00.793] [SEVERE ] updating countdown to 53405
[16:07:00.805] [SEVERE ] updating countdown to 53393
[16:07:00.816] [SEVERE ] updating countdown to 53382
[16:07:00.827] [SEVERE ] updating countdown to 53371
[16:07:00.839] [SEVERE ] updating countdown to 53359
[16:07:00.850] [SEVERE ] updating countdown to 53348
[16:07:00.861] [SEVERE ] updating countdown to 53337
[16:07:00.873] [SEVERE ] updating countdown to 53325
[16:07:00.884] [SEVERE ] updating countdown to 53314
[16:07:00.896] [SEVERE ] updating countdown to 53302
[16:07:00.907] [SEVERE ] updating countdown to 53291
[16:07:00.919] [SEVERE ] updating countdown to 53279
[16:07:00.930] [SEVERE ] updating countdown to 53268
[16:07:00.942] [SEVERE ] updating countdown to 53256
[16:07:00.953] [SEVERE ] updating countdown to 53245
[16:07:00.964] [SEVERE ] updating countdown to 53234
[16:07:00.976] [SEVERE ] updating countdown to 53222
[16:07:00.987] [SEVERE ] updating countdown to 53211
[16:07:00.998] [SEVERE ] updating countdown to 53200
[16:07:01.010] [SEVERE ] updating countdown to 53188
[16:07:01.022] [SEVERE ] updating countdown to 53176
[16:07:01.033] [SEVERE ] updating countdown to 53165
[16:07:01.045] [SEVERE ] updating countdown to 53153
[16:07:01.056] [SEVERE ] updating countdown to 53142
[16:07:01.068] [SEVERE ] updating countdown to 53130
[16:07:01.079] [SEVERE ] updating countdown to 53119
[16:07:01.091] [SEVERE ] updating countdown to 53108
[16:07:01.104] [SEVERE ] updating countdown to 53094
[16:07:01.115] [SEVERE ] updating countdown to 53083
[16:07:01.126] [SEVERE ] updating countdown to 53072
[16:07:01.137] [SEVERE ] updating countdown to 53061
[16:07:01.148] [SEVERE ] updating countdown to 53050
[16:07:01.159] [SEVERE ] updating countdown to 53039
[16:07:01.170] [SEVERE ] updating countdown to 53028
[16:07:01.181] [SEVERE ] updating countdown to 53017
[16:07:01.192] [SEVERE ] updating countdown to 53006
[16:07:01.203] [SEVERE ] updating countdown to 52995
[16:07:01.215] [SEVERE ] updating countdown to 52983
[16:07:01.227] [SEVERE ] updating countdown to 52971
[16:07:01.238] [SEVERE ] updating countdown to 52960
[16:07:01.250] [SEVERE ] updating countdown to 52948
[16:07:01.260] [SEVERE ] updating countdown to 52938
[16:07:01.271] [SEVERE ] updating countdown to 52927
[16:07:01.282] [SEVERE ] updating countdown to 52916
[16:07:01.293] [SEVERE ] updating countdown to 52905
[16:07:01.304] [SEVERE ] updating countdown to 52894
[16:07:01.316] [SEVERE ] updating countdown to 52882
[16:07:01.326] [SEVERE ] updating countdown to 52872
[16:07:01.338] [SEVERE ] updating countdown to 52860
[16:07:01.349] [SEVERE ] updating countdown to 52849
[16:07:01.360] [SEVERE ] updating countdown to 52838
[16:07:01.372] [SEVERE ] updating countdown to 52826
[16:07:01.384] [SEVERE ] updating countdown to 52814
[16:07:01.395] [SEVERE ] updating countdown to 52803
[16:07:01.406] [SEVERE ] updating countdown to 52792
[16:07:01.418] [SEVERE ] updating countdown to 52780
[16:07:01.429] [SEVERE ] updating countdown to 52769
[16:07:01.440] [SEVERE ] updating countdown to 52758
[16:07:01.452] [SEVERE ] updating countdown to 52746
[16:07:01.463] [SEVERE ] updating countdown to 52735
[16:07:01.474] [SEVERE ] updating countdown to 52724
[16:07:01.485] [SEVERE ] updating countdown to 52713
[16:07:01.496] [SEVERE ] updating countdown to 52702
[16:07:01.507] [SEVERE ] updating countdown to 52691
[16:07:01.518] [SEVERE ] updating countdown to 52680
[16:07:01.529] [SEVERE ] updating countdown to 52669
[16:07:01.540] [SEVERE ] updating countdown to 52658
[16:07:01.551] [SEVERE ] updating countdown to 52647
[16:07:01.562] [SEVERE ] updating countdown to 52636
[16:07:01.573] [SEVERE ] updating countdown to 52625
[16:07:01.584] [SEVERE ] updating countdown to 52614
[16:07:01.596] [SEVERE ] updating countdown to 52602
[16:07:01.607] [SEVERE ] updating countdown to 52591
[16:07:01.618] [SEVERE ] updating countdown to 52580
[16:07:01.631] [SEVERE ] updating countdown to 52567
[16:07:01.642] [SEVERE ] updating countdown to 52556
[16:07:01.654] [SEVERE ] updating countdown to 52544
[16:07:01.665] [SEVERE ] updating countdown to 52533
[16:07:01.676] [SEVERE ] updating countdown to 52522
[16:07:01.687] [SEVERE ] updating countdown to 52512
[16:07:01.697] [SEVERE ] updating countdown to 52501
[16:07:01.709] [SEVERE ] updating countdown to 52489
[16:07:01.720] [SEVERE ] updating countdown to 52478
[16:07:01.732] [SEVERE ] updating countdown to 52466
[16:07:01.744] [SEVERE ] updating countdown to 52454
[16:07:01.756] [SEVERE ] updating countdown to 52442
[16:07:01.766] [SEVERE ] updating countdown to 52432
[16:07:01.777] [SEVERE ] updating countdown to 52421
[16:07:01.788] [SEVERE ] updating countdown to 52410
[16:07:01.799] [SEVERE ] updating countdown to 52399
[16:07:01.810] [SEVERE ] updating countdown to 52388
[16:07:01.821] [SEVERE ] updating countdown to 52377
[16:07:01.833] [SEVERE ] updating countdown to 52365
[16:07:01.844] [SEVERE ] updating countdown to 52354
[16:07:01.855] [SEVERE ] updating countdown to 52343
[16:07:01.865] [SEVERE ] updating countdown to 52333
[16:07:01.876] [SEVERE ] updating countdown to 52322
[16:07:01.886] [SEVERE ] updating countdown to 52312
[16:07:01.897] [SEVERE ] updating countdown to 52301
[16:07:01.908] [SEVERE ] updating countdown to 52290
[16:07:01.918] [SEVERE ] updating countdown to 52280
[16:07:01.929] [SEVERE ] updating countdown to 52269
[16:07:01.940] [SEVERE ] updating countdown to 52258
[16:07:01.951] [SEVERE ] updating countdown to 52247
[16:07:01.961] [SEVERE ] updating countdown to 52237
[16:07:01.972] [SEVERE ] updating countdown to 52226
[16:07:01.983] [SEVERE ] updating countdown to 52215
[16:07:01.993] [SEVERE ] updating countdown to 52205
[16:07:02.004] [SEVERE ] updating countdown to 52194
[16:07:02.015] [SEVERE ] updating countdown to 52183
[16:07:02.026] [SEVERE ] updating countdown to 52172
[16:07:02.037] [SEVERE ] updating countdown to 52161
[16:07:02.047] [SEVERE ] updating countdown to 52151
[16:07:02.058] [SEVERE ] updating countdown to 52140
[16:07:02.069] [SEVERE ] updating countdown to 52129
[16:07:02.080] [SEVERE ] updating countdown to 52118
[16:07:02.091] [SEVERE ] updating countdown to 52107
[16:07:02.101] [SEVERE ] updating countdown to 52097
[16:07:02.112] [SEVERE ] updating countdown to 52086
[16:07:02.123] [SEVERE ] updating countdown to 52075
[16:07:02.134] [SEVERE ] updating countdown to 52064
[16:07:02.145] [SEVERE ] updating countdown to 52053
[16:07:02.156] [SEVERE ] updating countdown to 52042
[16:07:02.167] [SEVERE ] updating countdown to 52031
[16:07:02.178] [SEVERE ] updating countdown to 52020
[16:07:02.189] [SEVERE ] updating countdown to 52009
[16:07:02.200] [SEVERE ] updating countdown to 51998
[16:07:02.211] [SEVERE ] updating countdown to 51987
[16:07:02.223] [SEVERE ] updating countdown to 51975
[16:07:02.234] [SEVERE ] updating countdown to 51964
[16:07:02.245] [SEVERE ] updating countdown to 51953
[16:07:02.256] [SEVERE ] updating countdown to 51942
[16:07:02.267] [SEVERE ] updating countdown to 51931
[16:07:02.278] [SEVERE ] updating countdown to 51920
[16:07:02.289] [SEVERE ] updating countdown to 51909
[16:07:02.300] [SEVERE ] updating countdown to 51898
[16:07:02.311] [SEVERE ] updating countdown to 51887
[16:07:02.322] [SEVERE ] updating countdown to 51876
[16:07:02.333] [SEVERE ] updating countdown to 51865
[16:07:02.345] [SEVERE ] updating countdown to 51853
[16:07:02.356] [SEVERE ] updating countdown to 51842
[16:07:02.367] [SEVERE ] updating countdown to 51831
[16:07:02.378] [SEVERE ] updating countdown to 51820
[16:07:02.389] [SEVERE ] updating countdown to 51809
[16:07:02.400] [SEVERE ] updating countdown to 51798
[16:07:02.412] [SEVERE ] updating countdown to 51786
[16:07:02.423] [SEVERE ] updating countdown to 51775
[16:07:02.434] [SEVERE ] updating countdown to 51764
[16:07:02.445] [SEVERE ] updating countdown to 51753
[16:07:02.456] [SEVERE ] updating countdown to 51742
[16:07:02.468] [SEVERE ] updating countdown to 51730
[16:07:02.479] [SEVERE ] updating countdown to 51719
[16:07:02.490] [SEVERE ] updating countdown to 51708
[16:07:02.501] [SEVERE ] updating countdown to 51697
[16:07:02.511] [SEVERE ] updating countdown to 51687
[16:07:02.523] [SEVERE ] updating countdown to 51675
[16:07:02.534] [SEVERE ] updating countdown to 51664
[16:07:02.545] [SEVERE ] updating countdown to 51653
[16:07:02.556] [SEVERE ] updating countdown to 51642
[16:07:02.567] [SEVERE ] updating countdown to 51631
[16:07:02.577] [SEVERE ] updating countdown to 51621
[16:07:02.588] [SEVERE ] updating countdown to 51610
[16:07:02.599] [SEVERE ] updating countdown to 51599
[16:07:02.610] [SEVERE ] updating countdown to 51588
[16:07:02.621] [SEVERE ] updating countdown to 51577
[16:07:02.633] [SEVERE ] updating countdown to 51565
[16:07:02.644] [SEVERE ] updating countdown to 51554
[16:07:02.656] [SEVERE ] updating countdown to 51542
[16:07:02.667] [SEVERE ] updating countdown to 51531
[16:07:02.678] [SEVERE ] updating countdown to 51520
[16:07:02.689] [SEVERE ] updating countdown to 51509
[16:07:02.700] [SEVERE ] updating countdown to 51498
[16:07:02.711] [SEVERE ] updating countdown to 51487
[16:07:02.722] [SEVERE ] updating countdown to 51476
[16:07:02.734] [SEVERE ] updating countdown to 51464
[16:07:02.745] [SEVERE ] updating countdown to 51453
[16:07:02.756] [SEVERE ] updating countdown to 51442
[16:07:02.767] [SEVERE ] updating countdown to 51431
[16:07:02.778] [SEVERE ] updating countdown to 51420
[16:07:02.790] [SEVERE ] updating countdown to 51408
[16:07:02.800] [SEVERE ] updating countdown to 51398
[16:07:02.812] [SEVERE ] updating countdown to 51386
[16:07:02.822] [SEVERE ] updating countdown to 51376
[16:07:02.834] [SEVERE ] updating countdown to 51364
[16:07:02.844] [SEVERE ] updating countdown to 51354
[16:07:02.855] [SEVERE ] updating countdown to 51343
[16:07:02.866] [SEVERE ] updating countdown to 51332
[16:07:02.877] [SEVERE ] updating countdown to 51321
[16:07:02.889] [SEVERE ] updating countdown to 51309
[16:07:02.900] [SEVERE ] updating countdown to 51298
[16:07:02.911] [SEVERE ] updating countdown to 51287
[16:07:02.922] [SEVERE ] updating countdown to 51276
[16:07:02.933] [SEVERE ] updating countdown to 51265
[16:07:02.944] [SEVERE ] updating countdown to 51254
[16:07:02.956] [SEVERE ] updating countdown to 51242
[16:07:02.968] [SEVERE ] updating countdown to 51230
[16:07:02.979] [SEVERE ] updating countdown to 51219
[16:07:02.991] [SEVERE ] updating countdown to 51207
[16:07:03.002] [SEVERE ] updating countdown to 51196
[16:07:03.013] [SEVERE ] updating countdown to 51185
[16:07:03.024] [SEVERE ] updating countdown to 51174
[16:07:03.035] [SEVERE ] updating countdown to 51163
[16:07:03.046] [SEVERE ] updating countdown to 51152
[16:07:03.058] [SEVERE ] updating countdown to 51140
[16:07:03.069] [SEVERE ] updating countdown to 51129
[16:07:03.081] [SEVERE ] updating countdown to 51117
[16:07:03.092] [SEVERE ] updating countdown to 51106
[16:07:03.104] [SEVERE ] updating countdown to 51094
[16:07:03.116] [SEVERE ] updating countdown to 51082
[16:07:03.127] [SEVERE ] updating countdown to 51071
[16:07:03.138] [SEVERE ] updating countdown to 51060
[16:07:03.149] [SEVERE ] updating countdown to 51049
[16:07:03.160] [SEVERE ] updating countdown to 51038
[16:07:03.171] [SEVERE ] updating countdown to 51027
[16:07:03.183] [SEVERE ] updating countdown to 51015
[16:07:03.194] [SEVERE ] updating countdown to 51004
[16:07:03.205] [SEVERE ] updating countdown to 50993
[16:07:03.217] [SEVERE ] updating countdown to 50981
[16:07:03.228] [SEVERE ] updating countdown to 50970
[16:07:03.240] [SEVERE ] updating countdown to 50958
[16:07:03.251] [SEVERE ] updating countdown to 50947
[16:07:03.261] [SEVERE ] updating countdown to 50937
[16:07:03.272] [SEVERE ] updating countdown to 50926
[16:07:03.282] [SEVERE ] updating countdown to 50916
[16:07:03.295] [SEVERE ] updating countdown to 50903
[16:07:03.305] [SEVERE ] updating countdown to 50893
[16:07:03.316] [SEVERE ] updating countdown to 50882
[16:07:03.327] [SEVERE ] updating countdown to 50871
[16:07:03.338] [SEVERE ] updating countdown to 50860
[16:07:03.349] [SEVERE ] updating countdown to 50849
[16:07:03.360] [SEVERE ] updating countdown to 50838
[16:07:03.371] [SEVERE ] updating countdown to 50827
[16:07:03.382] [SEVERE ] updating countdown to 50816
[16:07:03.393] [SEVERE ] updating countdown to 50806
[16:07:03.403] [SEVERE ] updating countdown to 50795
[16:07:03.414] [SEVERE ] updating countdown to 50784
[16:07:03.425] [SEVERE ] updating countdown to 50773
[16:07:03.436] [SEVERE ] updating countdown to 50762
[16:07:03.447] [SEVERE ] updating countdown to 50751
[16:07:03.458] [SEVERE ] updating countdown to 50740
[16:07:03.469] [SEVERE ] updating countdown to 50729
[16:07:03.479] [SEVERE ] updating countdown to 50719
[16:07:03.490] [SEVERE ] updating countdown to 50708
[16:07:03.501] [SEVERE ] updating countdown to 50697
[16:07:03.512] [SEVERE ] updating countdown to 50686
[16:07:03.523] [SEVERE ] updating countdown to 50675
[16:07:03.535] [SEVERE ] updating countdown to 50663
[16:07:03.546] [SEVERE ] updating countdown to 50652
[16:07:03.558] [SEVERE ] updating countdown to 50640
[16:07:03.569] [SEVERE ] updating countdown to 50629
[16:07:03.580] [SEVERE ] updating countdown to 50618
[16:07:03.591] [SEVERE ] updating countdown to 50607
[16:07:03.602] [SEVERE ] updating countdown to 50596
[16:07:03.613] [SEVERE ] updating countdown to 50585
[16:07:03.624] [SEVERE ] updating countdown to 50574
[16:07:03.635] [SEVERE ] updating countdown to 50563
[16:07:03.646] [SEVERE ] updating countdown to 50552
[16:07:03.657] [SEVERE ] updating countdown to 50541
[16:07:03.667] [SEVERE ] updating countdown to 50531
[16:07:03.678] [SEVERE ] updating countdown to 50520
[16:07:03.689] [SEVERE ] updating countdown to 50509
[16:07:03.700] [SEVERE ] updating countdown to 50498
[16:07:03.711] [SEVERE ] updating countdown to 50487
[16:07:03.722] [SEVERE ] updating countdown to 50476
[16:07:03.732] [SEVERE ] updating countdown to 50466
[16:07:03.743] [SEVERE ] updating countdown to 50455
[16:07:03.754] [SEVERE ] updating countdown to 50444
[16:07:03.764] [SEVERE ] updating countdown to 50434
[16:07:03.776] [SEVERE ] updating countdown to 50422
[16:07:03.786] [SEVERE ] updating countdown to 50412
[16:07:03.797] [SEVERE ] updating countdown to 50401
[16:07:03.808] [SEVERE ] updating countdown to 50390
[16:07:03.819] [SEVERE ] updating countdown to 50379
[16:07:03.829] [SEVERE ] updating countdown to 50369
[16:07:03.840] [SEVERE ] updating countdown to 50358
[16:07:03.851] [SEVERE ] updating countdown to 50347
[16:07:03.862] [SEVERE ] updating countdown to 50336
[16:07:03.873] [SEVERE ] updating countdown to 50325
[16:07:03.884] [SEVERE ] updating countdown to 50314
[16:07:03.895] [SEVERE ] updating countdown to 50303
[16:07:03.906] [SEVERE ] updating countdown to 50292
[16:07:03.917] [SEVERE ] updating countdown to 50281
[16:07:03.928] [SEVERE ] updating countdown to 50270
[16:07:03.938] [SEVERE ] updating countdown to 50260
[16:07:03.949] [SEVERE ] updating countdown to 50249
[16:07:03.960] [SEVERE ] updating countdown to 50238
[16:07:03.971] [SEVERE ] updating countdown to 50227
[16:07:03.982] [SEVERE ] updating countdown to 50216
[16:07:03.993] [SEVERE ] updating countdown to 50205
[16:07:04.004] [SEVERE ] updating countdown to 50194
[16:07:04.015] [SEVERE ] updating countdown to 50183
[16:07:04.025] [SEVERE ] updating countdown to 50173
[16:07:04.036] [SEVERE ] updating countdown to 50162
[16:07:04.046] [SEVERE ] updating countdown to 50152
[16:07:04.057] [SEVERE ] updating countdown to 50141
[16:07:04.067] [SEVERE ] updating countdown to 50131
[16:07:04.078] [SEVERE ] updating countdown to 50120
[16:07:04.088] [SEVERE ] updating countdown to 50110
[16:07:04.099] [SEVERE ] updating countdown to 50099
[16:07:04.110] [SEVERE ] updating countdown to 50088
[16:07:04.120] [SEVERE ] updating countdown to 50078
[16:07:04.131] [SEVERE ] updating countdown to 50067
[16:07:04.142] [SEVERE ] updating countdown to 50056
[16:07:04.152] [SEVERE ] updating countdown to 50046
[16:07:04.163] [SEVERE ] updating countdown to 50035
[16:07:04.174] [SEVERE ] updating countdown to 50024
[16:07:04.185] [SEVERE ] updating countdown to 50013
[16:07:04.196] [SEVERE ] updating countdown to 50002
[16:07:04.207] [SEVERE ] updating countdown to 49991
[16:07:04.219] [SEVERE ] updating countdown to 49979
[16:07:04.230] [SEVERE ] updating countdown to 49968
[16:07:04.241] [SEVERE ] updating countdown to 49957
[16:07:04.252] [SEVERE ] updating countdown to 49947
[16:07:04.262] [SEVERE ] updating countdown to 49936
[16:07:04.274] [SEVERE ] updating countdown to 49924
[16:07:04.285] [SEVERE ] updating countdown to 49913
[16:07:04.296] [SEVERE ] updating countdown to 49902
[16:07:04.308] [SEVERE ] updating countdown to 49890
[16:07:04.319] [SEVERE ] updating countdown to 49879
[16:07:04.330] [SEVERE ] updating countdown to 49868
[16:07:04.341] [SEVERE ] updating countdown to 49857
[16:07:04.352] [SEVERE ] updating countdown to 49846
[16:07:04.363] [SEVERE ] updating countdown to 49835
[16:07:04.375] [SEVERE ] updating countdown to 49823
[16:07:04.385] [SEVERE ] updating countdown to 49813
[16:07:04.397] [SEVERE ] updating countdown to 49801
[16:07:04.408] [SEVERE ] updating countdown to 49790
[16:07:04.419] [SEVERE ] updating countdown to 49779
[16:07:04.430] [SEVERE ] updating countdown to 49768
[16:07:04.441] [SEVERE ] updating countdown to 49757
[16:07:04.452] [SEVERE ] updating countdown to 49746
[16:07:04.463] [SEVERE ] updating countdown to 49735
[16:07:04.474] [SEVERE ] updating countdown to 49724
[16:07:04.485] [SEVERE ] updating countdown to 49713
[16:07:04.496] [SEVERE ] updating countdown to 49702
[16:07:04.508] [SEVERE ] updating countdown to 49690
[16:07:04.519] [SEVERE ] updating countdown to 49679
[16:07:04.530] [SEVERE ] updating countdown to 49668
[16:07:04.542] [SEVERE ] updating countdown to 49656
[16:07:04.553] [SEVERE ] updating countdown to 49645
[16:07:04.564] [SEVERE ] updating countdown to 49634
[16:07:04.575] [SEVERE ] updating countdown to 49623
[16:07:04.586] [SEVERE ] updating countdown to 49612
[16:07:04.597] [SEVERE ] updating countdown to 49601
[16:07:04.608] [SEVERE ] updating countdown to 49590
[16:07:04.618] [SEVERE ] updating countdown to 49580
[16:07:04.629] [SEVERE ] updating countdown to 49569
[16:07:04.640] [SEVERE ] updating countdown to 49558
[16:07:04.650] [SEVERE ] updating countdown to 49548
[16:07:04.661] [SEVERE ] updating countdown to 49537
[16:07:04.673] [SEVERE ] updating countdown to 49525
[16:07:04.684] [SEVERE ] updating countdown to 49514
[16:07:04.695] [SEVERE ] updating countdown to 49503
[16:07:04.706] [SEVERE ] updating countdown to 49492
[16:07:04.717] [SEVERE ] updating countdown to 49481
[16:07:04.728] [SEVERE ] updating countdown to 49470
[16:07:04.739] [SEVERE ] updating countdown to 49459
[16:07:04.750] [SEVERE ] updating countdown to 49448
[16:07:04.760] [SEVERE ] updating countdown to 49438
[16:07:04.771] [SEVERE ] updating countdown to 49427
[16:07:04.782] [SEVERE ] updating countdown to 49416
[16:07:04.793] [SEVERE ] updating countdown to 49405
[16:07:04.804] [SEVERE ] updating countdown to 49394
[16:07:04.815] [SEVERE ] updating countdown to 49383
[16:07:04.826] [SEVERE ] updating countdown to 49372
[16:07:04.837] [SEVERE ] updating countdown to 49361
[16:07:04.848] [SEVERE ] updating countdown to 49350
[16:07:04.859] [SEVERE ] updating countdown to 49339
[16:07:04.870] [SEVERE ] updating countdown to 49328
[16:07:04.881] [SEVERE ] updating countdown to 49317
[16:07:04.892] [SEVERE ] updating countdown to 49306
[16:07:04.904] [SEVERE ] updating countdown to 49294
[16:07:04.915] [SEVERE ] updating countdown to 49283
[16:07:04.927] [SEVERE ] updating countdown to 49271
[16:07:04.938] [SEVERE ] updating countdown to 49260
[16:07:04.949] [SEVERE ] updating countdown to 49249
[16:07:04.960] [SEVERE ] updating countdown to 49238
[16:07:04.971] [SEVERE ] updating countdown to 49227
[16:07:04.982] [SEVERE ] updating countdown to 49216
[16:07:04.993] [SEVERE ] updating countdown to 49205
[16:07:05.004] [SEVERE ] updating countdown to 49194
[16:07:05.015] [SEVERE ] updating countdown to 49183
[16:07:05.026] [SEVERE ] updating countdown to 49172
[16:07:05.037] [SEVERE ] updating countdown to 49161
[16:07:05.048] [SEVERE ] updating countdown to 49150
[16:07:05.059] [SEVERE ] updating countdown to 49139
[16:07:05.070] [SEVERE ] updating countdown to 49128
[16:07:05.081] [SEVERE ] updating countdown to 49117
[16:07:05.091] [SEVERE ] updating countdown to 49107
[16:07:05.102] [SEVERE ] updating countdown to 49096
[16:07:05.113] [SEVERE ] updating countdown to 49085
[16:07:05.123] [SEVERE ] updating countdown to 49075
[16:07:05.134] [SEVERE ] updating countdown to 49064
[16:07:05.145] [SEVERE ] updating countdown to 49053
[16:07:05.156] [SEVERE ] updating countdown to 49042
[16:07:05.166] [SEVERE ] updating countdown to 49032
[16:07:05.177] [SEVERE ] updating countdown to 49021
[16:07:05.188] [SEVERE ] updating countdown to 49011
[16:07:05.199] [SEVERE ] updating countdown to 48999
[16:07:05.211] [SEVERE ] updating countdown to 48987
[16:07:05.222] [SEVERE ] updating countdown to 48976
[16:07:05.233] [SEVERE ] updating countdown to 48965
[16:07:05.245] [SEVERE ] updating countdown to 48953
[16:07:05.256] [SEVERE ] updating countdown to 48942
[16:07:05.267] [SEVERE ] updating countdown to 48931
[16:07:05.278] [SEVERE ] updating countdown to 48920
[16:07:05.289] [SEVERE ] updating countdown to 48909
[16:07:05.301] [SEVERE ] updating countdown to 48897
[16:07:05.313] [SEVERE ] updating countdown to 48885
[16:07:05.324] [SEVERE ] updating countdown to 48874
[16:07:05.335] [SEVERE ] updating countdown to 48863
[16:07:05.346] [SEVERE ] updating countdown to 48852
[16:07:05.357] [SEVERE ] updating countdown to 48841
[16:07:05.368] [SEVERE ] updating countdown to 48830
[16:07:05.379] [SEVERE ] updating countdown to 48819
[16:07:05.390] [SEVERE ] updating countdown to 48808
[16:07:05.400] [SEVERE ] updating countdown to 48798
[16:07:05.411] [SEVERE ] updating countdown to 48787
[16:07:05.423] [SEVERE ] updating countdown to 48775
[16:07:05.434] [SEVERE ] updating countdown to 48764
[16:07:05.445] [SEVERE ] updating countdown to 48753
[16:07:05.461] [SEVERE ] updating countdown to 48737
[16:07:05.472] [SEVERE ] updating countdown to 48726
[16:07:05.482] [SEVERE ] updating countdown to 48716
[16:07:05.493] [SEVERE ] updating countdown to 48705
[16:07:05.504] [SEVERE ] updating countdown to 48694
[16:07:05.515] [SEVERE ] updating countdown to 48683
[16:07:05.526] [SEVERE ] updating countdown to 48672
[16:07:05.536] [SEVERE ] updating countdown to 48662
[16:07:05.547] [SEVERE ] updating countdown to 48651
[16:07:05.558] [SEVERE ] updating countdown to 48640
[16:07:05.569] [SEVERE ] updating countdown to 48629
[16:07:05.579] [SEVERE ] updating countdown to 48619
[16:07:05.590] [SEVERE ] updating countdown to 48608
[16:07:05.601] [SEVERE ] updating countdown to 48597
[16:07:05.611] [SEVERE ] updating countdown to 48587
[16:07:05.622] [SEVERE ] updating countdown to 48576
[16:07:05.633] [SEVERE ] updating countdown to 48565
[16:07:05.643] [SEVERE ] updating countdown to 48555
[16:07:05.654] [SEVERE ] updating countdown to 48544
[16:07:05.665] [SEVERE ] updating countdown to 48533
[16:07:05.675] [SEVERE ] updating countdown to 48523
[16:07:05.686] [SEVERE ] updating countdown to 48513
[16:07:05.696] [SEVERE ] updating countdown to 48502
[16:07:05.707] [SEVERE ] updating countdown to 48491
[16:07:05.718] [SEVERE ] updating countdown to 48480
[16:07:05.728] [SEVERE ] updating countdown to 48470
[16:07:05.739] [SEVERE ] updating countdown to 48459
[16:07:05.749] [SEVERE ] updating countdown to 48449
[16:07:05.760] [SEVERE ] updating countdown to 48438
[16:07:05.772] [SEVERE ] updating countdown to 48426
[16:07:05.784] [SEVERE ] updating countdown to 48414
[16:07:05.795] [SEVERE ] updating countdown to 48403
[16:07:05.807] [SEVERE ] updating countdown to 48391
[16:07:05.819] [SEVERE ] updating countdown to 48379
[16:07:05.830] [SEVERE ] updating countdown to 48368
[16:07:05.842] [SEVERE ] updating countdown to 48356
[16:07:05.853] [SEVERE ] updating countdown to 48345
[16:07:05.863] [SEVERE ] updating countdown to 48335
[16:07:05.874] [SEVERE ] updating countdown to 48324
[16:07:05.886] [SEVERE ] updating countdown to 48312
[16:07:05.897] [SEVERE ] updating countdown to 48301
[16:07:05.908] [SEVERE ] updating countdown to 48290
[16:07:05.919] [SEVERE ] updating countdown to 48279
[16:07:05.930] [SEVERE ] updating countdown to 48268
[16:07:05.942] [SEVERE ] updating countdown to 48256
[16:07:05.953] [SEVERE ] updating countdown to 48245
[16:07:05.964] [SEVERE ] updating countdown to 48234
[16:07:05.976] [SEVERE ] updating countdown to 48222
[16:07:05.988] [SEVERE ] updating countdown to 48210
[16:07:05.999] [SEVERE ] updating countdown to 48199
[16:07:06.010] [SEVERE ] updating countdown to 48188
[16:07:06.021] [SEVERE ] updating countdown to 48177
[16:07:06.032] [SEVERE ] updating countdown to 48166
[16:07:06.043] [SEVERE ] updating countdown to 48155
[16:07:06.054] [SEVERE ] updating countdown to 48144
[16:07:06.065] [SEVERE ] updating countdown to 48133
[16:07:06.076] [SEVERE ] updating countdown to 48122
[16:07:06.088] [SEVERE ] updating countdown to 48110
[16:07:06.099] [SEVERE ] updating countdown to 48099
[16:07:06.110] [SEVERE ] updating countdown to 48088
[16:07:06.121] [SEVERE ] updating countdown to 48077
[16:07:06.132] [SEVERE ] updating countdown to 48066
[16:07:06.143] [SEVERE ] updating countdown to 48055
[16:07:06.154] [SEVERE ] updating countdown to 48044
[16:07:06.164] [SEVERE ] updating countdown to 48034
[16:07:06.175] [SEVERE ] updating countdown to 48023
[16:07:06.186] [SEVERE ] updating countdown to 48012
[16:07:06.196] [SEVERE ] updating countdown to 48002
[16:07:06.207] [SEVERE ] updating countdown to 47991
[16:07:06.218] [SEVERE ] updating countdown to 47980
[16:07:06.229] [SEVERE ] updating countdown to 47969
[16:07:06.239] [SEVERE ] updating countdown to 47959
[16:07:06.250] [SEVERE ] updating countdown to 47948
[16:07:06.261] [SEVERE ] updating countdown to 47937
[16:07:06.271] [SEVERE ] updating countdown to 47927
[16:07:06.282] [SEVERE ] updating countdown to 47916
[16:07:06.293] [SEVERE ] updating countdown to 47905
[16:07:06.304] [SEVERE ] updating countdown to 47894
[16:07:06.314] [SEVERE ] updating countdown to 47884
[16:07:06.325] [SEVERE ] updating countdown to 47873
[16:07:06.336] [SEVERE ] updating countdown to 47862
[16:07:06.347] [SEVERE ] updating countdown to 47851
[16:07:06.357] [SEVERE ] updating countdown to 47841
[16:07:06.368] [SEVERE ] updating countdown to 47830
[16:07:06.379] [SEVERE ] updating countdown to 47819
[16:07:06.389] [SEVERE ] updating countdown to 47809
[16:07:06.400] [SEVERE ] updating countdown to 47798
[16:07:06.410] [SEVERE ] updating countdown to 47788
[16:07:06.421] [SEVERE ] updating countdown to 47777
[16:07:06.432] [SEVERE ] updating countdown to 47766
[16:07:06.445] [SEVERE ] updating countdown to 47753
[16:07:06.455] [SEVERE ] updating countdown to 47743
[16:07:06.470] [SEVERE ] updating countdown to 47728
[16:07:06.480] [SEVERE ] updating countdown to 47718
[16:07:06.493] [SEVERE ] updating countdown to 47705
[16:07:06.503] [SEVERE ] updating countdown to 47695
[16:07:06.514] [SEVERE ] updating countdown to 47684
[16:07:06.525] [SEVERE ] updating countdown to 47673
[16:07:06.536] [SEVERE ] updating countdown to 47662
[16:07:06.547] [SEVERE ] updating countdown to 47651
[16:07:06.558] [SEVERE ] updating countdown to 47640
[16:07:06.570] [SEVERE ] updating countdown to 47628
[16:07:06.582] [SEVERE ] updating countdown to 47616
[16:07:06.594] [SEVERE ] updating countdown to 47604
[16:07:06.606] [SEVERE ] updating countdown to 47592
[16:07:06.618] [SEVERE ] updating countdown to 47580
[16:07:06.629] [SEVERE ] updating countdown to 47569
[16:07:06.641] [SEVERE ] updating countdown to 47557
[16:07:06.652] [SEVERE ] updating countdown to 47546
[16:07:06.663] [SEVERE ] updating countdown to 47535
[16:07:06.674] [SEVERE ] updating countdown to 47524
[16:07:06.685] [SEVERE ] updating countdown to 47513
[16:07:06.696] [SEVERE ] updating countdown to 47502
[16:07:06.708] [SEVERE ] updating countdown to 47490
[16:07:06.719] [SEVERE ] updating countdown to 47479
[16:07:06.731] [SEVERE ] updating countdown to 47467
[16:07:06.742] [SEVERE ] updating countdown to 47456
[16:07:06.754] [SEVERE ] updating countdown to 47444
[16:07:06.765] [SEVERE ] updating countdown to 47433
[16:07:06.777] [SEVERE ] updating countdown to 47421
[16:07:06.788] [SEVERE ] updating countdown to 47410
[16:07:06.800] [SEVERE ] updating countdown to 47398
[16:07:06.811] [SEVERE ] updating countdown to 47387
[16:07:06.823] [SEVERE ] updating countdown to 47375
[16:07:06.834] [SEVERE ] updating countdown to 47364
[16:07:06.845] [SEVERE ] updating countdown to 47353
[16:07:06.855] [SEVERE ] updating countdown to 47343
[16:07:06.866] [SEVERE ] updating countdown to 47332
[16:07:06.877] [SEVERE ] updating countdown to 47321
[16:07:06.888] [SEVERE ] updating countdown to 47310
[16:07:06.898] [SEVERE ] updating countdown to 47300
[16:07:06.909] [SEVERE ] updating countdown to 47289
[16:07:06.920] [SEVERE ] updating countdown to 47278
[16:07:06.931] [SEVERE ] updating countdown to 47267
[16:07:06.942] [SEVERE ] updating countdown to 47256
[16:07:06.952] [SEVERE ] updating countdown to 47246
[16:07:06.963] [SEVERE ] updating countdown to 47235
[16:07:06.974] [SEVERE ] updating countdown to 47224
[16:07:06.984] [SEVERE ] updating countdown to 47214
[16:07:06.995] [SEVERE ] updating countdown to 47203
[16:07:07.006] [SEVERE ] updating countdown to 47192
[16:07:07.017] [SEVERE ] updating countdown to 47181
[16:07:07.029] [SEVERE ] updating countdown to 47169
[16:07:07.040] [SEVERE ] updating countdown to 47158
[16:07:07.051] [SEVERE ] updating countdown to 47147
[16:07:07.063] [SEVERE ] updating countdown to 47135
[16:07:07.074] [SEVERE ] updating countdown to 47124
[16:07:07.086] [SEVERE ] updating countdown to 47112
[16:07:07.097] [SEVERE ] updating countdown to 47101
[16:07:07.109] [SEVERE ] updating countdown to 47089
[16:07:07.120] [SEVERE ] updating countdown to 47078
[16:07:07.131] [SEVERE ] updating countdown to 47067
[16:07:07.142] [SEVERE ] updating countdown to 47056
[16:07:07.154] [SEVERE ] updating countdown to 47044
[16:07:07.165] [SEVERE ] updating countdown to 47033
[16:07:07.177] [SEVERE ] updating countdown to 47021
[16:07:07.188] [SEVERE ] updating countdown to 47010
[16:07:07.200] [SEVERE ] updating countdown to 46998
[16:07:07.212] [SEVERE ] updating countdown to 46986
[16:07:07.223] [SEVERE ] updating countdown to 46975
[16:07:07.234] [SEVERE ] updating countdown to 46964
[16:07:07.245] [SEVERE ] updating countdown to 46953
[16:07:07.256] [SEVERE ] updating countdown to 46942
[16:07:07.268] [SEVERE ] updating countdown to 46930
[16:07:07.280] [SEVERE ] updating countdown to 46918
[16:07:07.291] [SEVERE ] updating countdown to 46907
[16:07:07.302] [SEVERE ] updating countdown to 46896
[16:07:07.314] [SEVERE ] updating countdown to 46884
[16:07:07.325] [SEVERE ] updating countdown to 46873
[16:07:07.337] [SEVERE ] updating countdown to 46861
[16:07:07.348] [SEVERE ] updating countdown to 46850
[16:07:07.359] [SEVERE ] updating countdown to 46839
[16:07:07.370] [SEVERE ] updating countdown to 46828
[16:07:07.381] [SEVERE ] updating countdown to 46817
[16:07:07.392] [SEVERE ] updating countdown to 46806
[16:07:07.403] [SEVERE ] updating countdown to 46795
[16:07:07.414] [SEVERE ] updating countdown to 46784
[16:07:07.425] [SEVERE ] updating countdown to 46773
[16:07:07.436] [SEVERE ] updating countdown to 46762
[16:07:07.448] [SEVERE ] updating countdown to 46750
[16:07:07.459] [SEVERE ] updating countdown to 46739
[16:07:07.470] [SEVERE ] updating countdown to 46728
[16:07:07.481] [SEVERE ] updating countdown to 46717
[16:07:07.492] [SEVERE ] updating countdown to 46706
[16:07:07.504] [SEVERE ] updating countdown to 46694
[16:07:07.515] [SEVERE ] updating countdown to 46683
[16:07:07.526] [SEVERE ] updating countdown to 46672
[16:07:07.537] [SEVERE ] updating countdown to 46661
[16:07:07.548] [SEVERE ] updating countdown to 46650
[16:07:07.560] [SEVERE ] updating countdown to 46638
[16:07:07.571] [SEVERE ] updating countdown to 46627
[16:07:07.582] [SEVERE ] updating countdown to 46616
[16:07:07.592] [SEVERE ] updating countdown to 46606
[16:07:07.603] [SEVERE ] updating countdown to 46595
[16:07:07.614] [SEVERE ] updating countdown to 46584
[16:07:07.624] [SEVERE ] updating countdown to 46574
[16:07:07.635] [SEVERE ] updating countdown to 46563
[16:07:07.647] [SEVERE ] updating countdown to 46551
[16:07:07.658] [SEVERE ] updating countdown to 46540
[16:07:07.669] [SEVERE ] updating countdown to 46529
[16:07:07.680] [SEVERE ] updating countdown to 46518
[16:07:07.691] [SEVERE ] updating countdown to 46507
[16:07:07.702] [SEVERE ] updating countdown to 46496
[16:07:07.714] [SEVERE ] updating countdown to 46484
[16:07:07.725] [SEVERE ] updating countdown to 46473
[16:07:07.737] [SEVERE ] updating countdown to 46461
[16:07:07.749] [SEVERE ] updating countdown to 46449
[16:07:07.760] [SEVERE ] updating countdown to 46438
[16:07:07.772] [SEVERE ] updating countdown to 46426
[16:07:07.784] [SEVERE ] updating countdown to 46414
[16:07:07.795] [SEVERE ] updating countdown to 46403
[16:07:07.807] [SEVERE ] updating countdown to 46391
[16:07:07.819] [SEVERE ] updating countdown to 46379
[16:07:07.830] [SEVERE ] updating countdown to 46368
[16:07:07.841] [SEVERE ] updating countdown to 46357
[16:07:07.853] [SEVERE ] updating countdown to 46345
[16:07:07.864] [SEVERE ] updating countdown to 46334
[16:07:07.875] [SEVERE ] updating countdown to 46323
[16:07:07.886] [SEVERE ] updating countdown to 46312
[16:07:07.898] [SEVERE ] updating countdown to 46300
[16:07:07.910] [SEVERE ] updating countdown to 46288
[16:07:07.922] [SEVERE ] updating countdown to 46276
[16:07:07.933] [SEVERE ] updating countdown to 46265
[16:07:07.944] [SEVERE ] updating countdown to 46254
[16:07:07.956] [SEVERE ] updating countdown to 46242
[16:07:07.968] [SEVERE ] updating countdown to 46230
[16:07:07.980] [SEVERE ] updating countdown to 46218
[16:07:07.992] [SEVERE ] updating countdown to 46206
[16:07:08.004] [SEVERE ] updating countdown to 46194
[16:07:08.016] [SEVERE ] updating countdown to 46182
[16:07:08.027] [SEVERE ] updating countdown to 46171
[16:07:08.038] [SEVERE ] updating countdown to 46160
[16:07:08.050] [SEVERE ] updating countdown to 46148
[16:07:08.061] [SEVERE ] updating countdown to 46137
[16:07:08.072] [SEVERE ] updating countdown to 46126
[16:07:08.083] [SEVERE ] updating countdown to 46115
[16:07:08.094] [SEVERE ] updating countdown to 46104
[16:07:08.105] [SEVERE ] updating countdown to 46093
[16:07:08.116] [SEVERE ] updating countdown to 46082
[16:07:08.126] [SEVERE ] updating countdown to 46072
[16:07:08.137] [SEVERE ] updating countdown to 46061
[16:07:08.148] [SEVERE ] updating countdown to 46050
[16:07:08.159] [SEVERE ] updating countdown to 46039
[16:07:08.170] [SEVERE ] updating countdown to 46028
[16:07:08.180] [SEVERE ] updating countdown to 46018
[16:07:08.190] [SEVERE ] updating countdown to 46008
[16:07:08.201] [SEVERE ] updating countdown to 45997
[16:07:08.212] [SEVERE ] updating countdown to 45986
[16:07:08.223] [SEVERE ] updating countdown to 45975
[16:07:08.234] [SEVERE ] updating countdown to 45964
[16:07:08.245] [SEVERE ] updating countdown to 45953
[16:07:08.256] [SEVERE ] updating countdown to 45942
[16:07:08.267] [SEVERE ] updating countdown to 45931
[16:07:08.279] [SEVERE ] updating countdown to 45919
[16:07:08.290] [SEVERE ] updating countdown to 45908
[16:07:08.301] [SEVERE ] updating countdown to 45897
[16:07:08.312] [SEVERE ] updating countdown to 45886
[16:07:08.323] [SEVERE ] updating countdown to 45875
[16:07:08.334] [SEVERE ] updating countdown to 45864
[16:07:08.345] [SEVERE ] updating countdown to 45854
[16:07:08.355] [SEVERE ] updating countdown to 45843
[16:07:08.366] [SEVERE ] updating countdown to 45832
[16:07:08.377] [SEVERE ] updating countdown to 45821
[16:07:08.387] [SEVERE ] updating countdown to 45811
[16:07:08.398] [SEVERE ] updating countdown to 45800
[16:07:08.408] [SEVERE ] updating countdown to 45790
[16:07:08.419] [SEVERE ] updating countdown to 45779
[16:07:08.430] [SEVERE ] updating countdown to 45768
[16:07:08.441] [SEVERE ] updating countdown to 45757
[16:07:08.452] [SEVERE ] updating countdown to 45746
[16:07:08.463] [SEVERE ] updating countdown to 45735
[16:07:08.474] [SEVERE ] updating countdown to 45724
[16:07:08.485] [SEVERE ] updating countdown to 45713
[16:07:08.496] [SEVERE ] updating countdown to 45702
[16:07:08.507] [SEVERE ] updating countdown to 45691
[16:07:08.517] [SEVERE ] updating countdown to 45681
[16:07:08.528] [SEVERE ] updating countdown to 45670
[16:07:08.539] [SEVERE ] updating countdown to 45659
[16:07:08.550] [SEVERE ] updating countdown to 45648
[16:07:08.562] [SEVERE ] updating countdown to 45636
[16:07:08.573] [SEVERE ] updating countdown to 45625
[16:07:08.584] [SEVERE ] updating countdown to 45614
[16:07:08.595] [SEVERE ] updating countdown to 45603
[16:07:08.606] [SEVERE ] updating countdown to 45592
[16:07:08.618] [SEVERE ] updating countdown to 45580
[16:07:08.630] [SEVERE ] updating countdown to 45569
[16:07:08.640] [SEVERE ] updating countdown to 45558
[16:07:08.651] [SEVERE ] updating countdown to 45547
[16:07:08.662] [SEVERE ] updating countdown to 45536
[16:07:08.676] [SEVERE ] updating countdown to 45522
[16:07:08.690] [SEVERE ] updating countdown to 45508
[16:07:08.701] [SEVERE ] updating countdown to 45497
[16:07:08.713] [SEVERE ] updating countdown to 45485
[16:07:08.724] [SEVERE ] updating countdown to 45474
[16:07:08.735] [SEVERE ] updating countdown to 45463
[16:07:08.745] [SEVERE ] updating countdown to 45453
[16:07:08.756] [SEVERE ] updating countdown to 45442
[16:07:08.767] [SEVERE ] updating countdown to 45431
[16:07:08.778] [SEVERE ] updating countdown to 45420
[16:07:08.789] [SEVERE ] updating countdown to 45409
[16:07:08.801] [SEVERE ] updating countdown to 45397
[16:07:08.812] [SEVERE ] updating countdown to 45386
[16:07:08.826] [SEVERE ] updating countdown to 45372
[16:07:08.836] [SEVERE ] updating countdown to 45362
[16:07:08.847] [SEVERE ] updating countdown to 45351
[16:07:08.858] [SEVERE ] updating countdown to 45340
[16:07:08.869] [SEVERE ] updating countdown to 45329
[16:07:08.880] [SEVERE ] updating countdown to 45318
[16:07:08.891] [SEVERE ] updating countdown to 45307
[16:07:08.903] [SEVERE ] updating countdown to 45295
[16:07:08.915] [SEVERE ] updating countdown to 45283
[16:07:08.926] [SEVERE ] updating countdown to 45272
[16:07:08.938] [SEVERE ] updating countdown to 45260
[16:07:08.950] [SEVERE ] updating countdown to 45248
[16:07:08.961] [SEVERE ] updating countdown to 45237
[16:07:08.972] [SEVERE ] updating countdown to 45226
[16:07:08.983] [SEVERE ] updating countdown to 45215
[16:07:08.994] [SEVERE ] updating countdown to 45204
[16:07:09.006] [SEVERE ] updating countdown to 45192
[16:07:09.018] [SEVERE ] updating countdown to 45180
[16:07:09.029] [SEVERE ] updating countdown to 45169
[16:07:09.040] [SEVERE ] updating countdown to 45158
[16:07:09.051] [SEVERE ] updating countdown to 45147
[16:07:09.062] [SEVERE ] updating countdown to 45136
[16:07:09.073] [SEVERE ] updating countdown to 45125
[16:07:09.085] [SEVERE ] updating countdown to 45113
[16:07:09.096] [SEVERE ] updating countdown to 45102
[16:07:09.108] [SEVERE ] updating countdown to 45090
[16:07:09.119] [SEVERE ] updating countdown to 45079
[16:07:09.130] [SEVERE ] updating countdown to 45068
[16:07:09.142] [SEVERE ] updating countdown to 45056
[16:07:09.153] [SEVERE ] updating countdown to 45045
[16:07:09.164] [SEVERE ] updating countdown to 45034
[16:07:09.175] [SEVERE ] updating countdown to 45023
[16:07:09.185] [SEVERE ] updating countdown to 45013
[16:07:09.195] [SEVERE ] updating countdown to 45003
[16:07:09.206] [SEVERE ] updating countdown to 44992
[16:07:09.217] [SEVERE ] updating countdown to 44981
[16:07:09.227] [SEVERE ] updating countdown to 44971
[16:07:09.239] [SEVERE ] updating countdown to 44959
[16:07:09.249] [SEVERE ] updating countdown to 44949
[16:07:09.260] [SEVERE ] updating countdown to 44938
[16:07:09.271] [SEVERE ] updating countdown to 44927
[16:07:09.282] [SEVERE ] updating countdown to 44916
[16:07:09.293] [SEVERE ] updating countdown to 44905
[16:07:09.304] [SEVERE ] updating countdown to 44894
[16:07:09.316] [SEVERE ] updating countdown to 44882
[16:07:09.327] [SEVERE ] updating countdown to 44871
[16:07:09.338] [SEVERE ] updating countdown to 44860
[16:07:09.349] [SEVERE ] updating countdown to 44849
[16:07:09.360] [SEVERE ] updating countdown to 44838
[16:07:09.372] [SEVERE ] updating countdown to 44826
[16:07:09.383] [SEVERE ] updating countdown to 44815
[16:07:09.394] [SEVERE ] updating countdown to 44804
[16:07:09.405] [SEVERE ] updating countdown to 44793
[16:07:09.416] [SEVERE ] updating countdown to 44782
[16:07:09.427] [SEVERE ] updating countdown to 44771
[16:07:09.438] [SEVERE ] updating countdown to 44760
[16:07:09.450] [SEVERE ] updating countdown to 44748
[16:07:09.461] [SEVERE ] updating countdown to 44737
[16:07:09.472] [SEVERE ] updating countdown to 44726
[16:07:09.483] [SEVERE ] updating countdown to 44715
[16:07:09.494] [SEVERE ] updating countdown to 44704
[16:07:09.505] [SEVERE ] updating countdown to 44693
[16:07:09.516] [SEVERE ] updating countdown to 44682
[16:07:09.527] [SEVERE ] updating countdown to 44671
[16:07:09.538] [SEVERE ] updating countdown to 44660
[16:07:09.549] [SEVERE ] updating countdown to 44649
[16:07:09.560] [SEVERE ] updating countdown to 44638
[16:07:09.571] [SEVERE ] updating countdown to 44627
[16:07:09.582] [SEVERE ] updating countdown to 44616
[16:07:09.593] [SEVERE ] updating countdown to 44605
[16:07:09.604] [SEVERE ] updating countdown to 44594
[16:07:09.615] [SEVERE ] updating countdown to 44584
[16:07:09.626] [SEVERE ] updating countdown to 44572
[16:07:09.637] [SEVERE ] updating countdown to 44561
[16:07:09.648] [SEVERE ] updating countdown to 44550
[16:07:09.659] [SEVERE ] updating countdown to 44539
[16:07:09.669] [SEVERE ] updating countdown to 44529
[16:07:09.680] [SEVERE ] updating countdown to 44518
[16:07:09.691] [SEVERE ] updating countdown to 44507
[16:07:09.702] [SEVERE ] updating countdown to 44496
[16:07:09.714] [SEVERE ] updating countdown to 44484
[16:07:09.725] [SEVERE ] updating countdown to 44473
[16:07:09.735] [SEVERE ] updating countdown to 44463
[16:07:09.746] [SEVERE ] updating countdown to 44452
[16:07:09.756] [SEVERE ] updating countdown to 44442
[16:07:09.767] [SEVERE ] updating countdown to 44431
[16:07:09.778] [SEVERE ] updating countdown to 44420
[16:07:09.790] [SEVERE ] updating countdown to 44408
[16:07:09.801] [SEVERE ] updating countdown to 44397
[16:07:09.812] [SEVERE ] updating countdown to 44386
[16:07:09.823] [SEVERE ] updating countdown to 44375
[16:07:09.833] [SEVERE ] updating countdown to 44365
[16:07:09.844] [SEVERE ] updating countdown to 44354
[16:07:09.856] [SEVERE ] updating countdown to 44342
[16:07:09.867] [SEVERE ] updating countdown to 44331
[16:07:09.878] [SEVERE ] updating countdown to 44320
[16:07:09.889] [SEVERE ] updating countdown to 44309
[16:07:09.900] [SEVERE ] updating countdown to 44298
[16:07:09.911] [SEVERE ] updating countdown to 44287
[16:07:09.922] [SEVERE ] updating countdown to 44276
[16:07:09.933] [SEVERE ] updating countdown to 44265
[16:07:09.944] [SEVERE ] updating countdown to 44254
[16:07:09.955] [SEVERE ] updating countdown to 44243
[16:07:09.966] [SEVERE ] updating countdown to 44232
[16:07:09.977] [SEVERE ] updating countdown to 44221
[16:07:09.988] [SEVERE ] updating countdown to 44210
[16:07:09.999] [SEVERE ] updating countdown to 44199
[16:07:10.009] [SEVERE ] updating countdown to 44189
[16:07:10.020] [SEVERE ] updating countdown to 44178
[16:07:10.031] [SEVERE ] updating countdown to 44167
[16:07:10.041] [SEVERE ] updating countdown to 44157
[16:07:10.052] [SEVERE ] updating countdown to 44146
[16:07:10.062] [SEVERE ] updating countdown to 44136
[16:07:10.074] [SEVERE ] updating countdown to 44124
[16:07:10.085] [SEVERE ] updating countdown to 44113
[16:07:10.096] [SEVERE ] updating countdown to 44102
[16:07:10.108] [SEVERE ] updating countdown to 44090
[16:07:10.121] [SEVERE ] updating countdown to 44077
[16:07:10.131] [SEVERE ] updating countdown to 44067
[16:07:10.142] [SEVERE ] updating countdown to 44056
[16:07:10.154] [SEVERE ] updating countdown to 44044
[16:07:10.165] [SEVERE ] updating countdown to 44033
[16:07:10.177] [SEVERE ] updating countdown to 44021
[16:07:10.188] [SEVERE ] updating countdown to 44010
[16:07:10.200] [SEVERE ] updating countdown to 43998
[16:07:10.212] [SEVERE ] updating countdown to 43986
[16:07:10.223] [SEVERE ] updating countdown to 43975
[16:07:10.234] [SEVERE ] updating countdown to 43964
[16:07:10.246] [SEVERE ] updating countdown to 43952
[16:07:10.257] [SEVERE ] updating countdown to 43941
[16:07:10.268] [SEVERE ] updating countdown to 43930
[16:07:10.279] [SEVERE ] updating countdown to 43919
[16:07:10.290] [SEVERE ] updating countdown to 43908
[16:07:10.301] [SEVERE ] updating countdown to 43897
[16:07:10.311] [SEVERE ] updating countdown to 43887
[16:07:10.323] [SEVERE ] updating countdown to 43875
[16:07:10.333] [SEVERE ] updating countdown to 43865
[16:07:10.344] [SEVERE ] updating countdown to 43854
[16:07:10.355] [SEVERE ] updating countdown to 43843
[16:07:10.366] [SEVERE ] updating countdown to 43832
[16:07:10.377] [SEVERE ] updating countdown to 43821
[16:07:10.387] [SEVERE ] updating countdown to 43811
[16:07:10.398] [SEVERE ] updating countdown to 43800
[16:07:10.409] [SEVERE ] updating countdown to 43789
[16:07:10.419] [SEVERE ] updating countdown to 43779
[16:07:10.430] [SEVERE ] updating countdown to 43768
[16:07:10.440] [SEVERE ] updating countdown to 43758
[16:07:10.451] [SEVERE ] updating countdown to 43747
[16:07:10.461] [SEVERE ] updating countdown to 43737
[16:07:10.472] [SEVERE ] updating countdown to 43726
[16:07:10.483] [SEVERE ] updating countdown to 43715
[16:07:10.493] [SEVERE ] updating countdown to 43705
[16:07:10.504] [SEVERE ] updating countdown to 43694
[16:07:10.515] [SEVERE ] updating countdown to 43683
[16:07:10.525] [SEVERE ] updating countdown to 43673
[16:07:10.536] [SEVERE ] updating countdown to 43662
[16:07:10.547] [SEVERE ] updating countdown to 43651
[16:07:10.557] [SEVERE ] updating countdown to 43641
[16:07:10.568] [SEVERE ] updating countdown to 43630
[16:07:10.578] [SEVERE ] updating countdown to 43620
[16:07:10.589] [SEVERE ] updating countdown to 43609
[16:07:10.599] [SEVERE ] updating countdown to 43599
[16:07:10.610] [SEVERE ] updating countdown to 43588
[16:07:10.621] [SEVERE ] updating countdown to 43577
[16:07:10.631] [SEVERE ] updating countdown to 43567
[16:07:10.642] [SEVERE ] updating countdown to 43556
[16:07:10.652] [SEVERE ] updating countdown to 43546
[16:07:10.663] [SEVERE ] updating countdown to 43535
[16:07:10.674] [SEVERE ] updating countdown to 43524
[16:07:10.684] [SEVERE ] updating countdown to 43514
[16:07:10.695] [SEVERE ] updating countdown to 43503
[16:07:10.705] [SEVERE ] updating countdown to 43493
[16:07:10.716] [SEVERE ] updating countdown to 43482
[16:07:10.727] [SEVERE ] updating countdown to 43471
[16:07:10.738] [SEVERE ] updating countdown to 43460
[16:07:10.748] [SEVERE ] updating countdown to 43450
[16:07:10.759] [SEVERE ] updating countdown to 43439
[16:07:10.769] [SEVERE ] updating countdown to 43429
[16:07:10.780] [SEVERE ] updating countdown to 43418
[16:07:10.791] [SEVERE ] updating countdown to 43407
[16:07:10.802] [SEVERE ] updating countdown to 43396
[16:07:10.813] [SEVERE ] updating countdown to 43385
[16:07:10.823] [SEVERE ] updating countdown to 43375
[16:07:10.834] [SEVERE ] updating countdown to 43364
[16:07:10.845] [SEVERE ] updating countdown to 43353
[16:07:10.856] [SEVERE ] updating countdown to 43342
[16:07:10.866] [SEVERE ] updating countdown to 43332
[16:07:10.877] [SEVERE ] updating countdown to 43321
[16:07:10.888] [SEVERE ] updating countdown to 43310
[16:07:10.899] [SEVERE ] updating countdown to 43299
[16:07:10.910] [SEVERE ] updating countdown to 43288
[16:07:10.921] [SEVERE ] updating countdown to 43277
[16:07:10.931] [SEVERE ] updating countdown to 43267
[16:07:10.943] [SEVERE ] updating countdown to 43255
[16:07:10.954] [SEVERE ] updating countdown to 43244
[16:07:10.965] [SEVERE ] updating countdown to 43233
[16:07:10.976] [SEVERE ] updating countdown to 43222
[16:07:10.987] [SEVERE ] updating countdown to 43211
[16:07:10.997] [SEVERE ] updating countdown to 43201
[16:07:11.008] [SEVERE ] updating countdown to 43190
[16:07:11.019] [SEVERE ] updating countdown to 43179
[16:07:11.029] [SEVERE ] updating countdown to 43169
[16:07:11.040] [SEVERE ] updating countdown to 43158
[16:07:11.052] [SEVERE ] updating countdown to 43146
[16:07:11.063] [SEVERE ] updating countdown to 43135
[16:07:11.075] [SEVERE ] updating countdown to 43123
[16:07:11.086] [SEVERE ] updating countdown to 43112
[16:07:11.098] [SEVERE ] updating countdown to 43100
[16:07:11.109] [SEVERE ] updating countdown to 43089
[16:07:11.120] [SEVERE ] updating countdown to 43078
[16:07:11.132] [SEVERE ] updating countdown to 43066
[16:07:11.143] [SEVERE ] updating countdown to 43055
[16:07:11.154] [SEVERE ] updating countdown to 43044
[16:07:11.165] [SEVERE ] updating countdown to 43033
[16:07:11.176] [SEVERE ] updating countdown to 43022
[16:07:11.187] [SEVERE ] updating countdown to 43011
[16:07:11.198] [SEVERE ] updating countdown to 43000
[16:07:11.209] [SEVERE ] updating countdown to 42989
[16:07:11.220] [SEVERE ] updating countdown to 42978
[16:07:11.232] [SEVERE ] updating countdown to 42966
[16:07:11.245] [SEVERE ] updating countdown to 42953
[16:07:11.256] [SEVERE ] updating countdown to 42942
[16:07:11.266] [SEVERE ] updating countdown to 42932
[16:07:11.277] [SEVERE ] updating countdown to 42921
[16:07:11.288] [SEVERE ] updating countdown to 42910
[16:07:11.300] [SEVERE ] updating countdown to 42898
[16:07:11.311] [SEVERE ] updating countdown to 42887
[16:07:11.323] [SEVERE ] updating countdown to 42875
[16:07:11.335] [SEVERE ] updating countdown to 42863
[16:07:11.346] [SEVERE ] updating countdown to 42852
[16:07:11.357] [SEVERE ] updating countdown to 42841
[16:07:11.368] [SEVERE ] updating countdown to 42830
[16:07:11.379] [SEVERE ] updating countdown to 42819
[16:07:11.390] [SEVERE ] updating countdown to 42808
[16:07:11.401] [SEVERE ] updating countdown to 42797
[16:07:11.412] [SEVERE ] updating countdown to 42786
[16:07:11.423] [SEVERE ] updating countdown to 42775
[16:07:11.434] [SEVERE ] updating countdown to 42764
[16:07:11.445] [SEVERE ] updating countdown to 42753
[16:07:11.455] [SEVERE ] updating countdown to 42743
[16:07:11.466] [SEVERE ] updating countdown to 42732
[16:07:11.477] [SEVERE ] updating countdown to 42721
[16:07:11.489] [SEVERE ] updating countdown to 42709
[16:07:11.500] [SEVERE ] updating countdown to 42698
[16:07:11.511] [SEVERE ] updating countdown to 42687
[16:07:11.522] [SEVERE ] updating countdown to 42676
[16:07:11.534] [SEVERE ] updating countdown to 42664
[16:07:11.545] [SEVERE ] updating countdown to 42653
[16:07:11.556] [SEVERE ] updating countdown to 42642
[16:07:11.567] [SEVERE ] updating countdown to 42631
[16:07:11.577] [SEVERE ] updating countdown to 42621
[16:07:11.588] [SEVERE ] updating countdown to 42610
[16:07:11.599] [SEVERE ] updating countdown to 42599
[16:07:11.610] [SEVERE ] updating countdown to 42588
[16:07:11.621] [SEVERE ] updating countdown to 42577
[16:07:11.631] [SEVERE ] updating countdown to 42567
[16:07:11.643] [SEVERE ] updating countdown to 42555
[16:07:11.654] [SEVERE ] updating countdown to 42544
[16:07:11.665] [SEVERE ] updating countdown to 42533
[16:07:11.675] [SEVERE ] updating countdown to 42523
[16:07:11.686] [SEVERE ] updating countdown to 42512
[16:07:11.692] [SEVERE ] exit button pressed
[16:07:11.697] [SEVERE ] updating countdown to 42501
[16:07:11.698] [SEVERE ] updating countdown to 102500
[16:07:11.799] [SEVERE ] removing card from slot 0
[16:07:11.901] [SEVERE ] removing card from slot 1
[16:07:12.057] [SEVERE ] removing card from slot 2
[16:07:12.158] [SEVERE ] removing card from slot 3
[16:07:12.263] [SEVERE ] removing card from slot 4
[16:07:12.364] [SEVERE ] removing card from slot 5
[16:07:12.465] [SEVERE ] removing card from slot 6
[16:07:12.566] [SEVERE ] removing card from slot 7
[16:07:12.667] [SEVERE ] removing card from slot 8
[16:07:12.768] [SEVERE ] removing card from slot 9
[16:07:12.869] [SEVERE ] removing card from slot 10
[16:07:12.970] [SEVERE ] removing card from slot 11
[16:07:12.972] [SEVERE ] announcing winner(s): player 1, player 2
[16:07:12.973] [INFO   ] thread dealer terminated.
[16:07:12.973] [INFO   ] thread dealer terminated.
[16:07:12.974] [SEVERE ] thanks for playing... it was fun!
[16:07:12.974] [INFO   ] thread bguspl.set.Main.main() terminated.
