[17:57:44.810] [INFO   ] thread bguspl.set.Main.main() starting.
[17:57:44.827] [SEVERE ] cannot read configuration file config.properties trying from resources.
[17:57:44.835] [SEVERE ] configuration file was loaded from resources directory.
[17:57:45.997] [INFO   ] thread dealer starting.
[17:57:45.998] [INFO   ] thread dealer starting.
[17:57:45.999] [INFO   ] thread player 0 starting.
[17:57:45.999] [INFO   ] thread player 1 starting.
[17:57:45.999] [INFO   ] thread player 0 starting.
[17:57:46.000] [INFO   ] thread player 1 starting.
[17:57:46.104] [SEVERE ] placing card 0 in slot 0
[17:57:46.205] [SEVERE ] placing card 1 in slot 1
[17:57:46.306] [SEVERE ] placing card 2 in slot 2
[17:57:46.408] [SEVERE ] placing card 3 in slot 3
[17:57:46.509] [SEVERE ] placing card 4 in slot 4
[17:57:46.627] [SEVERE ] placing card 5 in slot 5
[17:57:46.728] [SEVERE ] placing card 6 in slot 6
[17:57:46.829] [SEVERE ] placing card 7 in slot 7
[17:57:46.930] [SEVERE ] placing card 8 in slot 8
[17:57:47.032] [SEVERE ] placing card 9 in slot 9
[17:57:47.133] [SEVERE ] placing card 10 in slot 10
[17:57:47.235] [SEVERE ] placing card 11 in slot 11
[17:57:47.246] [SEVERE ] updating countdown to 58739
[17:57:47.258] [SEVERE ] updating countdown to 58727
[17:57:47.269] [SEVERE ] updating countdown to 58716
[17:57:47.280] [SEVERE ] updating countdown to 58705
[17:57:47.292] [SEVERE ] updating countdown to 58693
[17:57:47.304] [SEVERE ] updating countdown to 58682
[17:57:47.315] [SEVERE ] updating countdown to 58670
[17:57:47.326] [SEVERE ] updating countdown to 58659
[17:57:47.337] [SEVERE ] updating countdown to 58648
[17:57:47.349] [SEVERE ] updating countdown to 58636
[17:57:47.360] [SEVERE ] updating countdown to 58625
[17:57:47.371] [SEVERE ] updating countdown to 58614
[17:57:47.383] [SEVERE ] updating countdown to 58602
[17:57:47.394] [SEVERE ] updating countdown to 58591
[17:57:47.405] [SEVERE ] updating countdown to 58580
[17:57:47.417] [SEVERE ] updating countdown to 58568
[17:57:47.428] [SEVERE ] updating countdown to 58557
[17:57:47.439] [SEVERE ] updating countdown to 58546
[17:57:47.451] [SEVERE ] updating countdown to 58534
[17:57:47.462] [SEVERE ] updating countdown to 58523
[17:57:47.474] [SEVERE ] updating countdown to 58511
[17:57:47.485] [SEVERE ] updating countdown to 58500
[17:57:47.496] [SEVERE ] updating countdown to 58490
[17:57:47.507] [SEVERE ] updating countdown to 58478
[17:57:47.518] [SEVERE ] updating countdown to 58467
[17:57:47.528] [SEVERE ] updating countdown to 58457
[17:57:47.540] [SEVERE ] updating countdown to 58445
[17:57:47.551] [SEVERE ] updating countdown to 58435
[17:57:47.561] [SEVERE ] updating countdown to 58424
[17:57:47.572] [SEVERE ] updating countdown to 58413
[17:57:47.583] [SEVERE ] updating countdown to 58402
[17:57:47.594] [SEVERE ] updating countdown to 58391
[17:57:47.606] [SEVERE ] updating countdown to 58379
[17:57:47.617] [SEVERE ] updating countdown to 58369
[17:57:47.627] [SEVERE ] updating countdown to 58358
[17:57:47.638] [SEVERE ] updating countdown to 58347
[17:57:47.649] [SEVERE ] updating countdown to 58336
[17:57:47.660] [SEVERE ] updating countdown to 58325
[17:57:47.671] [SEVERE ] updating countdown to 58314
[17:57:47.682] [SEVERE ] updating countdown to 58303
[17:57:47.693] [SEVERE ] updating countdown to 58292
[17:57:47.703] [SEVERE ] updating countdown to 58282
[17:57:47.714] [SEVERE ] updating countdown to 58271
[17:57:47.725] [SEVERE ] updating countdown to 58260
[17:57:47.736] [SEVERE ] updating countdown to 58249
[17:57:47.746] [SEVERE ] updating countdown to 58239
[17:57:47.757] [SEVERE ] updating countdown to 58228
[17:57:47.769] [SEVERE ] updating countdown to 58216
[17:57:47.779] [SEVERE ] updating countdown to 58206
[17:57:47.791] [SEVERE ] updating countdown to 58194
[17:57:47.802] [SEVERE ] updating countdown to 58183
[17:57:47.813] [SEVERE ] updating countdown to 58172
[17:57:47.825] [SEVERE ] updating countdown to 58160
[17:57:47.835] [SEVERE ] updating countdown to 58150
[17:57:47.846] [SEVERE ] updating countdown to 58139
[17:57:47.857] [SEVERE ] updating countdown to 58128
[17:57:47.868] [SEVERE ] updating countdown to 58117
[17:57:47.879] [SEVERE ] updating countdown to 58106
[17:57:47.891] [SEVERE ] updating countdown to 58094
[17:57:47.902] [SEVERE ] updating countdown to 58083
[17:57:47.913] [SEVERE ] updating countdown to 58072
[17:57:47.924] [SEVERE ] updating countdown to 58061
[17:57:47.935] [SEVERE ] updating countdown to 58050
[17:57:47.947] [SEVERE ] updating countdown to 58038
[17:57:47.958] [SEVERE ] updating countdown to 58028
[17:57:47.968] [SEVERE ] updating countdown to 58017
[17:57:47.980] [SEVERE ] updating countdown to 58005
[17:57:47.992] [SEVERE ] updating countdown to 57993
[17:57:48.003] [SEVERE ] updating countdown to 57982
[17:57:48.013] [SEVERE ] updating countdown to 57972
[17:57:48.025] [SEVERE ] updating countdown to 57960
[17:57:48.036] [SEVERE ] updating countdown to 57949
[17:57:48.047] [SEVERE ] updating countdown to 57938
[17:57:48.058] [SEVERE ] updating countdown to 57927
[17:57:48.068] [SEVERE ] updating countdown to 57917
[17:57:48.079] [SEVERE ] updating countdown to 57906
[17:57:48.090] [SEVERE ] updating countdown to 57895
[17:57:48.101] [SEVERE ] updating countdown to 57884
[17:57:48.112] [SEVERE ] updating countdown to 57873
[17:57:48.123] [SEVERE ] updating countdown to 57862
[17:57:48.134] [SEVERE ] updating countdown to 57851
[17:57:48.145] [SEVERE ] updating countdown to 57840
[17:57:48.156] [SEVERE ] updating countdown to 57829
[17:57:48.167] [SEVERE ] updating countdown to 57818
[17:57:48.178] [SEVERE ] updating countdown to 57807
[17:57:48.189] [SEVERE ] updating countdown to 57796
[17:57:48.200] [SEVERE ] updating countdown to 57785
[17:57:48.211] [SEVERE ] updating countdown to 57774
[17:57:48.222] [SEVERE ] updating countdown to 57763
[17:57:48.233] [SEVERE ] updating countdown to 57752
[17:57:48.244] [SEVERE ] updating countdown to 57741
[17:57:48.254] [SEVERE ] updating countdown to 57731
[17:57:48.265] [SEVERE ] updating countdown to 57720
[17:57:48.276] [SEVERE ] updating countdown to 57709
[17:57:48.288] [SEVERE ] updating countdown to 57697
[17:57:48.298] [SEVERE ] updating countdown to 57687
[17:57:48.309] [SEVERE ] updating countdown to 57676
[17:57:48.320] [SEVERE ] updating countdown to 57665
[17:57:48.330] [SEVERE ] updating countdown to 57655
[17:57:48.341] [SEVERE ] updating countdown to 57644
[17:57:48.352] [SEVERE ] updating countdown to 57633
[17:57:48.363] [SEVERE ] updating countdown to 57622
[17:57:48.374] [SEVERE ] updating countdown to 57611
[17:57:48.385] [SEVERE ] updating countdown to 57600
[17:57:48.396] [SEVERE ] updating countdown to 57589
[17:57:48.406] [SEVERE ] updating countdown to 57579
[17:57:48.417] [SEVERE ] updating countdown to 57568
[17:57:48.428] [SEVERE ] updating countdown to 57557
[17:57:48.441] [SEVERE ] updating countdown to 57544
[17:57:48.451] [SEVERE ] updating countdown to 57534
[17:57:48.462] [SEVERE ] updating countdown to 57523
[17:57:48.473] [SEVERE ] updating countdown to 57512
[17:57:48.484] [SEVERE ] updating countdown to 57501
[17:57:48.513] [SEVERE ] updating countdown to 57472
[17:57:48.562] [SEVERE ] updating countdown to 57423
[17:57:48.590] [SEVERE ] updating countdown to 57395
[17:57:48.601] [SEVERE ] updating countdown to 57384
[17:57:48.612] [SEVERE ] updating countdown to 57373
[17:57:48.623] [SEVERE ] updating countdown to 57362
[17:57:48.633] [SEVERE ] updating countdown to 57352
[17:57:48.645] [SEVERE ] updating countdown to 57340
[17:57:48.655] [SEVERE ] updating countdown to 57330
[17:57:48.667] [SEVERE ] updating countdown to 57318
[17:57:48.678] [SEVERE ] updating countdown to 57307
[17:57:48.689] [SEVERE ] updating countdown to 57296
[17:57:48.700] [SEVERE ] updating countdown to 57285
[17:57:48.711] [SEVERE ] updating countdown to 57274
[17:57:48.722] [SEVERE ] updating countdown to 57263
[17:57:48.732] [SEVERE ] updating countdown to 57253
[17:57:48.743] [SEVERE ] updating countdown to 57242
[17:57:48.754] [SEVERE ] updating countdown to 57231
[17:57:48.764] [SEVERE ] updating countdown to 57221
[17:57:48.775] [SEVERE ] updating countdown to 57210
[17:57:48.786] [SEVERE ] updating countdown to 57199
[17:57:48.797] [SEVERE ] updating countdown to 57189
[17:57:48.807] [SEVERE ] updating countdown to 57178
[17:57:48.818] [SEVERE ] updating countdown to 57167
[17:57:48.828] [SEVERE ] updating countdown to 57157
[17:57:48.840] [SEVERE ] updating countdown to 57145
[17:57:48.850] [SEVERE ] updating countdown to 57135
[17:57:48.861] [SEVERE ] updating countdown to 57124
[17:57:48.872] [SEVERE ] updating countdown to 57113
[17:57:48.882] [SEVERE ] updating countdown to 57103
[17:57:48.893] [SEVERE ] updating countdown to 57092
[17:57:48.904] [SEVERE ] updating countdown to 57081
[17:57:48.914] [SEVERE ] updating countdown to 57071
[17:57:48.925] [SEVERE ] updating countdown to 57060
[17:57:48.936] [SEVERE ] updating countdown to 57049
[17:57:48.947] [SEVERE ] updating countdown to 57038
[17:57:48.958] [SEVERE ] updating countdown to 57027
[17:57:48.969] [SEVERE ] updating countdown to 57016
[17:57:48.980] [SEVERE ] updating countdown to 57005
[17:57:48.991] [SEVERE ] updating countdown to 56994
[17:57:49.002] [SEVERE ] updating countdown to 56983
[17:57:49.012] [SEVERE ] updating countdown to 56973
[17:57:49.023] [SEVERE ] updating countdown to 56962
[17:57:49.034] [SEVERE ] updating countdown to 56951
[17:57:49.044] [SEVERE ] updating countdown to 56941
[17:57:49.055] [SEVERE ] updating countdown to 56930
[17:57:49.066] [SEVERE ] updating countdown to 56919
[17:57:49.077] [SEVERE ] updating countdown to 56908
[17:57:49.087] [SEVERE ] updating countdown to 56898
[17:57:49.098] [SEVERE ] updating countdown to 56887
[17:57:49.109] [SEVERE ] updating countdown to 56876
[17:57:49.119] [SEVERE ] updating countdown to 56866
[17:57:49.131] [SEVERE ] updating countdown to 56854
[17:57:49.142] [SEVERE ] updating countdown to 56843
[17:57:49.152] [SEVERE ] updating countdown to 56833
[17:57:49.163] [SEVERE ] updating countdown to 56822
[17:57:49.173] [SEVERE ] updating countdown to 56812
[17:57:49.184] [SEVERE ] updating countdown to 56801
[17:57:49.194] [SEVERE ] updating countdown to 56791
[17:57:49.205] [SEVERE ] updating countdown to 56780
[17:57:49.216] [SEVERE ] updating countdown to 56769
[17:57:49.226] [SEVERE ] updating countdown to 56759
[17:57:49.237] [SEVERE ] updating countdown to 56748
[17:57:49.248] [SEVERE ] updating countdown to 56737
[17:57:49.258] [SEVERE ] updating countdown to 56727
[17:57:49.269] [SEVERE ] updating countdown to 56716
[17:57:49.280] [SEVERE ] updating countdown to 56705
[17:57:49.290] [SEVERE ] updating countdown to 56695
[17:57:49.301] [SEVERE ] updating countdown to 56684
[17:57:49.311] [SEVERE ] updating countdown to 56674
[17:57:49.322] [SEVERE ] updating countdown to 56663
[17:57:49.332] [SEVERE ] updating countdown to 56653
[17:57:49.343] [SEVERE ] updating countdown to 56642
[17:57:49.353] [SEVERE ] updating countdown to 56632
[17:57:49.364] [SEVERE ] updating countdown to 56621
[17:57:49.374] [SEVERE ] updating countdown to 56611
[17:57:49.385] [SEVERE ] updating countdown to 56600
[17:57:49.396] [SEVERE ] updating countdown to 56589
[17:57:49.407] [SEVERE ] updating countdown to 56578
[17:57:49.418] [SEVERE ] updating countdown to 56567
[17:57:49.429] [SEVERE ] updating countdown to 56556
[17:57:49.440] [SEVERE ] updating countdown to 56545
[17:57:49.451] [SEVERE ] updating countdown to 56534
[17:57:49.462] [SEVERE ] updating countdown to 56523
[17:57:49.472] [SEVERE ] updating countdown to 56513
[17:57:49.483] [SEVERE ] updating countdown to 56502
[17:57:49.493] [SEVERE ] updating countdown to 56492
[17:57:49.504] [SEVERE ] updating countdown to 56481
[17:57:49.515] [SEVERE ] updating countdown to 56470
[17:57:49.525] [SEVERE ] updating countdown to 56460
[17:57:49.536] [SEVERE ] updating countdown to 56449
[17:57:49.546] [SEVERE ] updating countdown to 56439
[17:57:49.557] [SEVERE ] updating countdown to 56428
[17:57:49.567] [SEVERE ] updating countdown to 56418
[17:57:49.578] [SEVERE ] updating countdown to 56407
[17:57:49.588] [SEVERE ] updating countdown to 56397
[17:57:49.599] [SEVERE ] updating countdown to 56386
[17:57:49.612] [SEVERE ] updating countdown to 56373
[17:57:49.623] [SEVERE ] updating countdown to 56362
[17:57:49.634] [SEVERE ] updating countdown to 56351
[17:57:49.644] [SEVERE ] updating countdown to 56341
[17:57:49.655] [SEVERE ] updating countdown to 56330
[17:57:49.671] [SEVERE ] updating countdown to 56314
[17:57:49.681] [SEVERE ] updating countdown to 56304
[17:57:49.692] [SEVERE ] updating countdown to 56293
[17:57:49.703] [SEVERE ] updating countdown to 56282
[17:57:49.714] [SEVERE ] updating countdown to 56271
[17:57:49.725] [SEVERE ] updating countdown to 56260
[17:57:49.736] [SEVERE ] updating countdown to 56249
[17:57:49.747] [SEVERE ] updating countdown to 56238
[17:57:49.758] [SEVERE ] updating countdown to 56227
[17:57:49.769] [SEVERE ] updating countdown to 56216
[17:57:49.779] [SEVERE ] updating countdown to 56206
[17:57:49.791] [SEVERE ] updating countdown to 56194
[17:57:49.802] [SEVERE ] updating countdown to 56183
[17:57:49.813] [SEVERE ] updating countdown to 56172
[17:57:49.824] [SEVERE ] updating countdown to 56161
[17:57:49.834] [SEVERE ] updating countdown to 56151
[17:57:49.845] [SEVERE ] updating countdown to 56140
[17:57:49.856] [SEVERE ] updating countdown to 56129
[17:57:49.867] [SEVERE ] updating countdown to 56118
[17:57:49.877] [SEVERE ] updating countdown to 56108
[17:57:49.889] [SEVERE ] updating countdown to 56096
[17:57:49.899] [SEVERE ] updating countdown to 56086
[17:57:49.910] [SEVERE ] updating countdown to 56075
[17:57:49.921] [SEVERE ] updating countdown to 56064
[17:57:49.932] [SEVERE ] updating countdown to 56053
[17:57:49.942] [SEVERE ] updating countdown to 56043
[17:57:49.953] [SEVERE ] updating countdown to 56032
[17:57:49.964] [SEVERE ] updating countdown to 56021
[17:57:49.974] [SEVERE ] updating countdown to 56011
[17:57:49.985] [SEVERE ] updating countdown to 56000
[17:57:49.996] [SEVERE ] updating countdown to 55989
[17:57:50.008] [SEVERE ] updating countdown to 55977
[17:57:50.019] [SEVERE ] updating countdown to 55966
[17:57:50.030] [SEVERE ] updating countdown to 55955
[17:57:50.041] [SEVERE ] updating countdown to 55944
[17:57:50.051] [SEVERE ] updating countdown to 55934
[17:57:50.062] [SEVERE ] updating countdown to 55923
[17:57:50.073] [SEVERE ] updating countdown to 55912
[17:57:50.083] [SEVERE ] updating countdown to 55902
[17:57:50.094] [SEVERE ] updating countdown to 55891
[17:57:50.105] [SEVERE ] updating countdown to 55880
[17:57:50.116] [SEVERE ] updating countdown to 55869
[17:57:50.127] [SEVERE ] updating countdown to 55859
[17:57:50.138] [SEVERE ] updating countdown to 55847
[17:57:50.149] [SEVERE ] updating countdown to 55836
[17:57:50.160] [SEVERE ] updating countdown to 55825
[17:57:50.171] [SEVERE ] updating countdown to 55814
[17:57:50.182] [SEVERE ] updating countdown to 55803
[17:57:50.192] [SEVERE ] updating countdown to 55793
[17:57:50.203] [SEVERE ] updating countdown to 55782
[17:57:50.213] [SEVERE ] updating countdown to 55772
[17:57:50.224] [SEVERE ] updating countdown to 55761
[17:57:50.234] [SEVERE ] updating countdown to 55751
[17:57:50.245] [SEVERE ] updating countdown to 55740
[17:57:50.256] [SEVERE ] updating countdown to 55729
[17:57:50.267] [SEVERE ] updating countdown to 55718
[17:57:50.277] [SEVERE ] updating countdown to 55708
[17:57:50.288] [SEVERE ] updating countdown to 55697
[17:57:50.299] [SEVERE ] updating countdown to 55686
[17:57:50.310] [SEVERE ] updating countdown to 55675
[17:57:50.320] [SEVERE ] updating countdown to 55665
[17:57:50.331] [SEVERE ] updating countdown to 55654
[17:57:50.342] [SEVERE ] updating countdown to 55643
[17:57:50.352] [SEVERE ] updating countdown to 55633
[17:57:50.363] [SEVERE ] updating countdown to 55622
[17:57:50.373] [SEVERE ] updating countdown to 55612
[17:57:50.385] [SEVERE ] updating countdown to 55600
[17:57:50.396] [SEVERE ] updating countdown to 55589
[17:57:50.407] [SEVERE ] updating countdown to 55578
[17:57:50.418] [SEVERE ] updating countdown to 55567
[17:57:50.429] [SEVERE ] updating countdown to 55556
[17:57:50.440] [SEVERE ] updating countdown to 55545
[17:57:50.451] [SEVERE ] updating countdown to 55534
[17:57:50.462] [SEVERE ] updating countdown to 55523
[17:57:50.473] [SEVERE ] updating countdown to 55512
[17:57:50.484] [SEVERE ] updating countdown to 55501
[17:57:50.495] [SEVERE ] updating countdown to 55490
[17:57:50.506] [SEVERE ] updating countdown to 55479
[17:57:50.517] [SEVERE ] updating countdown to 55468
[17:57:50.528] [SEVERE ] updating countdown to 55457
[17:57:50.538] [SEVERE ] updating countdown to 55447
[17:57:50.549] [SEVERE ] updating countdown to 55436
[17:57:50.560] [SEVERE ] updating countdown to 55425
[17:57:50.571] [SEVERE ] updating countdown to 55414
[17:57:50.581] [SEVERE ] updating countdown to 55404
[17:57:50.592] [SEVERE ] updating countdown to 55393
[17:57:50.603] [SEVERE ] updating countdown to 55382
[17:57:50.632] [SEVERE ] updating countdown to 55353
[17:57:50.684] [SEVERE ] updating countdown to 55301
[17:57:50.712] [SEVERE ] updating countdown to 55273
[17:57:50.722] [SEVERE ] updating countdown to 55263
[17:57:50.733] [SEVERE ] updating countdown to 55252
[17:57:50.744] [SEVERE ] updating countdown to 55241
[17:57:50.755] [SEVERE ] updating countdown to 55230
[17:57:50.766] [SEVERE ] updating countdown to 55219
[17:57:50.777] [SEVERE ] updating countdown to 55208
[17:57:50.788] [SEVERE ] updating countdown to 55197
[17:57:50.798] [SEVERE ] updating countdown to 55187
[17:57:50.809] [SEVERE ] updating countdown to 55176
[17:57:50.820] [SEVERE ] updating countdown to 55165
[17:57:50.830] [SEVERE ] updating countdown to 55155
[17:57:50.841] [SEVERE ] updating countdown to 55144
[17:57:50.852] [SEVERE ] updating countdown to 55133
[17:57:50.862] [SEVERE ] updating countdown to 55123
[17:57:50.872] [SEVERE ] updating countdown to 55113
[17:57:50.883] [SEVERE ] updating countdown to 55102
[17:57:50.894] [SEVERE ] updating countdown to 55091
[17:57:50.904] [SEVERE ] updating countdown to 55081
[17:57:50.915] [SEVERE ] updating countdown to 55070
[17:57:50.927] [SEVERE ] updating countdown to 55058
[17:57:50.937] [SEVERE ] updating countdown to 55048
[17:57:50.948] [SEVERE ] updating countdown to 55037
[17:57:50.959] [SEVERE ] updating countdown to 55026
[17:57:50.970] [SEVERE ] updating countdown to 55015
[17:57:50.980] [SEVERE ] updating countdown to 55005
[17:57:50.991] [SEVERE ] updating countdown to 54994
[17:57:51.001] [SEVERE ] updating countdown to 54984
[17:57:51.012] [SEVERE ] updating countdown to 54973
[17:57:51.022] [SEVERE ] updating countdown to 54963
[17:57:51.033] [SEVERE ] updating countdown to 54952
[17:57:51.044] [SEVERE ] updating countdown to 54941
[17:57:51.055] [SEVERE ] updating countdown to 54930
[17:57:51.066] [SEVERE ] updating countdown to 54919
[17:57:51.076] [SEVERE ] updating countdown to 54909
[17:57:51.087] [SEVERE ] updating countdown to 54898
[17:57:51.097] [SEVERE ] updating countdown to 54888
[17:57:51.108] [SEVERE ] updating countdown to 54877
[17:57:51.119] [SEVERE ] updating countdown to 54866
[17:57:51.130] [SEVERE ] updating countdown to 54855
[17:57:51.140] [SEVERE ] updating countdown to 54845
[17:57:51.151] [SEVERE ] updating countdown to 54834
[17:57:51.161] [SEVERE ] updating countdown to 54824
[17:57:51.172] [SEVERE ] updating countdown to 54813
[17:57:51.182] [SEVERE ] updating countdown to 54803
[17:57:51.193] [SEVERE ] updating countdown to 54792
[17:57:51.203] [SEVERE ] updating countdown to 54782
[17:57:51.213] [SEVERE ] updating countdown to 54772
[17:57:51.224] [SEVERE ] updating countdown to 54761
[17:57:51.238] [SEVERE ] updating countdown to 54747
[17:57:51.252] [SEVERE ] updating countdown to 54733
[17:57:51.262] [SEVERE ] updating countdown to 54723
[17:57:51.273] [SEVERE ] updating countdown to 54712
[17:57:51.283] [SEVERE ] updating countdown to 54702
[17:57:51.294] [SEVERE ] updating countdown to 54691
[17:57:51.305] [SEVERE ] updating countdown to 54680
[17:57:51.315] [SEVERE ] updating countdown to 54670
[17:57:51.326] [SEVERE ] updating countdown to 54659
[17:57:51.336] [SEVERE ] updating countdown to 54649
[17:57:51.348] [SEVERE ] updating countdown to 54637
[17:57:51.359] [SEVERE ] updating countdown to 54626
[17:57:51.370] [SEVERE ] updating countdown to 54615
[17:57:51.381] [SEVERE ] updating countdown to 54604
[17:57:51.392] [SEVERE ] updating countdown to 54593
[17:57:51.402] [SEVERE ] updating countdown to 54583
[17:57:51.413] [SEVERE ] updating countdown to 54572
[17:57:51.424] [SEVERE ] updating countdown to 54561
[17:57:51.435] [SEVERE ] updating countdown to 54550
[17:57:51.445] [SEVERE ] updating countdown to 54540
[17:57:51.456] [SEVERE ] updating countdown to 54529
[17:57:51.467] [SEVERE ] updating countdown to 54518
[17:57:51.477] [SEVERE ] updating countdown to 54508
[17:57:51.488] [SEVERE ] updating countdown to 54497
[17:57:51.499] [SEVERE ] updating countdown to 54486
[17:57:51.509] [SEVERE ] updating countdown to 54476
[17:57:51.520] [SEVERE ] updating countdown to 54465
[17:57:51.530] [SEVERE ] updating countdown to 54455
[17:57:51.541] [SEVERE ] updating countdown to 54444
[17:57:51.551] [SEVERE ] updating countdown to 54434
[17:57:51.562] [SEVERE ] updating countdown to 54423
[17:57:51.572] [SEVERE ] updating countdown to 54413
[17:57:51.583] [SEVERE ] updating countdown to 54402
[17:57:51.593] [SEVERE ] updating countdown to 54392
[17:57:51.604] [SEVERE ] updating countdown to 54381
[17:57:51.614] [SEVERE ] updating countdown to 54371
[17:57:51.625] [SEVERE ] updating countdown to 54360
[17:57:51.636] [SEVERE ] updating countdown to 54349
[17:57:51.646] [SEVERE ] updating countdown to 54339
[17:57:51.656] [SEVERE ] updating countdown to 54329
[17:57:51.667] [SEVERE ] updating countdown to 54318
[17:57:51.677] [SEVERE ] updating countdown to 54308
[17:57:51.688] [SEVERE ] updating countdown to 54297
[17:57:51.698] [SEVERE ] updating countdown to 54287
[17:57:51.709] [SEVERE ] updating countdown to 54276
[17:57:51.719] [SEVERE ] updating countdown to 54266
[17:57:51.729] [SEVERE ] updating countdown to 54256
[17:57:51.740] [SEVERE ] updating countdown to 54245
[17:57:51.751] [SEVERE ] updating countdown to 54234
[17:57:51.761] [SEVERE ] updating countdown to 54224
[17:57:51.772] [SEVERE ] updating countdown to 54213
[17:57:51.782] [SEVERE ] updating countdown to 54203
[17:57:51.797] [SEVERE ] updating countdown to 54188
[17:57:51.808] [SEVERE ] updating countdown to 54177
[17:57:51.819] [SEVERE ] updating countdown to 54166
[17:57:51.830] [SEVERE ] updating countdown to 54155
[17:57:51.840] [SEVERE ] updating countdown to 54145
[17:57:51.851] [SEVERE ] updating countdown to 54134
[17:57:51.862] [SEVERE ] updating countdown to 54123
[17:57:51.873] [SEVERE ] updating countdown to 54112
[17:57:51.884] [SEVERE ] updating countdown to 54101
[17:57:51.895] [SEVERE ] updating countdown to 54090
[17:57:51.905] [SEVERE ] updating countdown to 54080
[17:57:51.916] [SEVERE ] updating countdown to 54069
[17:57:51.927] [SEVERE ] updating countdown to 54058
[17:57:51.938] [SEVERE ] updating countdown to 54047
[17:57:51.949] [SEVERE ] updating countdown to 54036
[17:57:51.959] [SEVERE ] updating countdown to 54026
[17:57:51.970] [SEVERE ] updating countdown to 54015
[17:57:51.981] [SEVERE ] updating countdown to 54004
[17:57:51.992] [SEVERE ] updating countdown to 53993
[17:57:52.003] [SEVERE ] updating countdown to 53982
[17:57:52.014] [SEVERE ] updating countdown to 53971
[17:57:52.025] [SEVERE ] updating countdown to 53960
[17:57:52.036] [SEVERE ] updating countdown to 53949
[17:57:52.046] [SEVERE ] updating countdown to 53939
[17:57:52.057] [SEVERE ] updating countdown to 53928
[17:57:52.068] [SEVERE ] updating countdown to 53917
[17:57:52.079] [SEVERE ] updating countdown to 53906
[17:57:52.090] [SEVERE ] updating countdown to 53895
[17:57:52.100] [SEVERE ] updating countdown to 53885
[17:57:52.111] [SEVERE ] updating countdown to 53874
[17:57:52.122] [SEVERE ] updating countdown to 53863
[17:57:52.132] [SEVERE ] updating countdown to 53853
[17:57:52.143] [SEVERE ] updating countdown to 53842
[17:57:52.154] [SEVERE ] updating countdown to 53831
[17:57:52.165] [SEVERE ] updating countdown to 53820
[17:57:52.176] [SEVERE ] updating countdown to 53809
[17:57:52.187] [SEVERE ] updating countdown to 53798
[17:57:52.198] [SEVERE ] updating countdown to 53787
[17:57:52.210] [SEVERE ] updating countdown to 53775
[17:57:52.221] [SEVERE ] updating countdown to 53764
[17:57:52.232] [SEVERE ] updating countdown to 53753
[17:57:52.242] [SEVERE ] updating countdown to 53743
[17:57:52.253] [SEVERE ] updating countdown to 53732
[17:57:52.263] [SEVERE ] updating countdown to 53722
[17:57:52.274] [SEVERE ] updating countdown to 53711
[17:57:52.284] [SEVERE ] updating countdown to 53701
[17:57:52.295] [SEVERE ] updating countdown to 53690
[17:57:52.305] [SEVERE ] updating countdown to 53680
[17:57:52.316] [SEVERE ] updating countdown to 53669
[17:57:52.327] [SEVERE ] updating countdown to 53658
[17:57:52.338] [SEVERE ] updating countdown to 53647
[17:57:52.350] [SEVERE ] updating countdown to 53635
[17:57:52.361] [SEVERE ] updating countdown to 53624
[17:57:52.368] [SEVERE ] key 47 was pressed by player 2
[17:57:52.369] [SEVERE ] player 2 placing token on slot 11
[17:57:52.372] [SEVERE ] updating countdown to 53613
[17:57:52.383] [SEVERE ] updating countdown to 53602
[17:57:52.393] [SEVERE ] updating countdown to 53592
[17:57:52.404] [SEVERE ] updating countdown to 53581
[17:57:52.415] [SEVERE ] updating countdown to 53570
[17:57:52.426] [SEVERE ] updating countdown to 53559
[17:57:52.437] [SEVERE ] updating countdown to 53548
[17:57:52.447] [SEVERE ] updating countdown to 53538
[17:57:52.458] [SEVERE ] updating countdown to 53527
[17:57:52.469] [SEVERE ] updating countdown to 53516
[17:57:52.480] [SEVERE ] updating countdown to 53505
[17:57:52.490] [SEVERE ] updating countdown to 53495
[17:57:52.501] [SEVERE ] updating countdown to 53484
[17:57:52.512] [SEVERE ] updating countdown to 53473
[17:57:52.523] [SEVERE ] updating countdown to 53462
[17:57:52.534] [SEVERE ] updating countdown to 53451
[17:57:52.545] [SEVERE ] updating countdown to 53440
[17:57:52.556] [SEVERE ] updating countdown to 53429
[17:57:52.566] [SEVERE ] updating countdown to 53419
[17:57:52.577] [SEVERE ] updating countdown to 53408
[17:57:52.588] [SEVERE ] updating countdown to 53397
[17:57:52.598] [SEVERE ] updating countdown to 53387
[17:57:52.609] [SEVERE ] updating countdown to 53376
[17:57:52.620] [SEVERE ] updating countdown to 53365
[17:57:52.631] [SEVERE ] updating countdown to 53354
[17:57:52.641] [SEVERE ] updating countdown to 53344
[17:57:52.652] [SEVERE ] updating countdown to 53333
[17:57:52.662] [SEVERE ] updating countdown to 53323
[17:57:52.673] [SEVERE ] updating countdown to 53312
[17:57:52.684] [SEVERE ] updating countdown to 53301
[17:57:52.695] [SEVERE ] updating countdown to 53290
[17:57:52.705] [SEVERE ] updating countdown to 53280
[17:57:52.716] [SEVERE ] updating countdown to 53269
[17:57:52.727] [SEVERE ] updating countdown to 53258
[17:57:52.742] [SEVERE ] updating countdown to 53243
[17:57:52.811] [SEVERE ] updating countdown to 53174
[17:57:52.874] [SEVERE ] updating countdown to 53111
[17:57:52.890] [SEVERE ] updating countdown to 53095
[17:57:52.934] [SEVERE ] updating countdown to 53051
[17:57:52.944] [SEVERE ] updating countdown to 53041
[17:57:52.955] [SEVERE ] updating countdown to 53030
[17:57:52.966] [SEVERE ] updating countdown to 53019
[17:57:52.977] [SEVERE ] updating countdown to 53008
[17:57:52.988] [SEVERE ] updating countdown to 52997
[17:57:52.999] [SEVERE ] updating countdown to 52986
[17:57:53.010] [SEVERE ] updating countdown to 52975
[17:57:53.020] [SEVERE ] updating countdown to 52965
[17:57:53.031] [SEVERE ] updating countdown to 52954
[17:57:53.042] [SEVERE ] updating countdown to 52943
[17:57:53.053] [SEVERE ] updating countdown to 52932
[17:57:53.063] [SEVERE ] updating countdown to 52922
[17:57:53.074] [SEVERE ] updating countdown to 52911
[17:57:53.085] [SEVERE ] updating countdown to 52900
[17:57:53.096] [SEVERE ] updating countdown to 52889
[17:57:53.107] [SEVERE ] updating countdown to 52878
[17:57:53.117] [SEVERE ] updating countdown to 52868
[17:57:53.128] [SEVERE ] updating countdown to 52857
[17:57:53.139] [SEVERE ] updating countdown to 52846
[17:57:53.150] [SEVERE ] updating countdown to 52835
[17:57:53.161] [SEVERE ] updating countdown to 52824
[17:57:53.172] [SEVERE ] updating countdown to 52813
[17:57:53.182] [SEVERE ] updating countdown to 52803
[17:57:53.193] [SEVERE ] updating countdown to 52792
[17:57:53.204] [SEVERE ] updating countdown to 52781
[17:57:53.214] [SEVERE ] updating countdown to 52771
[17:57:53.225] [SEVERE ] updating countdown to 52760
[17:57:53.235] [SEVERE ] updating countdown to 52750
[17:57:53.246] [SEVERE ] updating countdown to 52739
[17:57:53.256] [SEVERE ] updating countdown to 52729
[17:57:53.267] [SEVERE ] updating countdown to 52718
[17:57:53.277] [SEVERE ] updating countdown to 52708
[17:57:53.287] [SEVERE ] updating countdown to 52698
[17:57:53.298] [SEVERE ] updating countdown to 52687
[17:57:53.311] [SEVERE ] updating countdown to 52674
[17:57:53.322] [SEVERE ] updating countdown to 52663
[17:57:53.332] [SEVERE ] updating countdown to 52653
[17:57:53.343] [SEVERE ] updating countdown to 52642
[17:57:53.354] [SEVERE ] updating countdown to 52631
[17:57:53.365] [SEVERE ] updating countdown to 52620
[17:57:53.376] [SEVERE ] updating countdown to 52609
[17:57:53.387] [SEVERE ] updating countdown to 52598
[17:57:53.397] [SEVERE ] updating countdown to 52588
[17:57:53.408] [SEVERE ] updating countdown to 52577
[17:57:53.418] [SEVERE ] updating countdown to 52567
[17:57:53.429] [SEVERE ] updating countdown to 52556
[17:57:53.440] [SEVERE ] updating countdown to 52545
[17:57:53.450] [SEVERE ] updating countdown to 52535
[17:57:53.461] [SEVERE ] updating countdown to 52524
[17:57:53.471] [SEVERE ] updating countdown to 52514
[17:57:53.482] [SEVERE ] updating countdown to 52503
[17:57:53.492] [SEVERE ] updating countdown to 52493
[17:57:53.503] [SEVERE ] updating countdown to 52482
[17:57:53.513] [SEVERE ] updating countdown to 52472
[17:57:53.524] [SEVERE ] updating countdown to 52461
[17:57:53.534] [SEVERE ] updating countdown to 52451
[17:57:53.545] [SEVERE ] updating countdown to 52440
[17:57:53.555] [SEVERE ] updating countdown to 52430
[17:57:53.566] [SEVERE ] updating countdown to 52419
[17:57:53.577] [SEVERE ] updating countdown to 52408
[17:57:53.588] [SEVERE ] updating countdown to 52397
[17:57:53.598] [SEVERE ] updating countdown to 52387
[17:57:53.609] [SEVERE ] updating countdown to 52376
[17:57:53.620] [SEVERE ] updating countdown to 52366
[17:57:53.632] [SEVERE ] updating countdown to 52353
[17:57:53.643] [SEVERE ] updating countdown to 52342
[17:57:53.653] [SEVERE ] updating countdown to 52332
[17:57:53.664] [SEVERE ] updating countdown to 52321
[17:57:53.675] [SEVERE ] updating countdown to 52310
[17:57:53.685] [SEVERE ] updating countdown to 52300
[17:57:53.696] [SEVERE ] updating countdown to 52289
[17:57:53.706] [SEVERE ] updating countdown to 52279
[17:57:53.717] [SEVERE ] updating countdown to 52268
[17:57:53.728] [SEVERE ] updating countdown to 52257
[17:57:53.738] [SEVERE ] updating countdown to 52247
[17:57:53.749] [SEVERE ] updating countdown to 52236
[17:57:53.759] [SEVERE ] updating countdown to 52226
[17:57:53.770] [SEVERE ] updating countdown to 52215
[17:57:53.781] [SEVERE ] updating countdown to 52204
[17:57:53.791] [SEVERE ] updating countdown to 52194
[17:57:53.802] [SEVERE ] updating countdown to 52183
[17:57:53.813] [SEVERE ] updating countdown to 52172
[17:57:53.823] [SEVERE ] updating countdown to 52162
[17:57:53.834] [SEVERE ] updating countdown to 52151
[17:57:53.845] [SEVERE ] updating countdown to 52140
[17:57:53.855] [SEVERE ] updating countdown to 52130
[17:57:53.866] [SEVERE ] updating countdown to 52119
[17:57:53.877] [SEVERE ] updating countdown to 52108
[17:57:53.887] [SEVERE ] updating countdown to 52098
[17:57:53.898] [SEVERE ] updating countdown to 52087
[17:57:53.909] [SEVERE ] updating countdown to 52076
[17:57:53.919] [SEVERE ] updating countdown to 52066
[17:57:53.930] [SEVERE ] updating countdown to 52055
[17:57:53.941] [SEVERE ] updating countdown to 52044
[17:57:53.951] [SEVERE ] updating countdown to 52034
[17:57:53.962] [SEVERE ] updating countdown to 52023
[17:57:53.973] [SEVERE ] updating countdown to 52012
[17:57:53.984] [SEVERE ] updating countdown to 52001
[17:57:53.995] [SEVERE ] updating countdown to 51991
[17:57:54.006] [SEVERE ] updating countdown to 51979
[17:57:54.016] [SEVERE ] updating countdown to 51969
[17:57:54.027] [SEVERE ] updating countdown to 51958
[17:57:54.038] [SEVERE ] updating countdown to 51947
[17:57:54.049] [SEVERE ] updating countdown to 51936
[17:57:54.060] [SEVERE ] updating countdown to 51925
[17:57:54.071] [SEVERE ] updating countdown to 51914
[17:57:54.082] [SEVERE ] updating countdown to 51903
[17:57:54.092] [SEVERE ] updating countdown to 51893
[17:57:54.103] [SEVERE ] updating countdown to 51882
[17:57:54.114] [SEVERE ] updating countdown to 51871
[17:57:54.126] [SEVERE ] updating countdown to 51859
[17:57:54.137] [SEVERE ] updating countdown to 51848
[17:57:54.148] [SEVERE ] updating countdown to 51837
[17:57:54.159] [SEVERE ] updating countdown to 51826
[17:57:54.170] [SEVERE ] updating countdown to 51815
[17:57:54.181] [SEVERE ] updating countdown to 51804
[17:57:54.192] [SEVERE ] updating countdown to 51793
[17:57:54.203] [SEVERE ] updating countdown to 51782
[17:57:54.214] [SEVERE ] updating countdown to 51771
[17:57:54.225] [SEVERE ] updating countdown to 51760
[17:57:54.236] [SEVERE ] updating countdown to 51749
[17:57:54.247] [SEVERE ] updating countdown to 51738
[17:57:54.258] [SEVERE ] updating countdown to 51727
[17:57:54.269] [SEVERE ] updating countdown to 51716
[17:57:54.280] [SEVERE ] updating countdown to 51705
[17:57:54.291] [SEVERE ] updating countdown to 51694
[17:57:54.302] [SEVERE ] updating countdown to 51683
[17:57:54.313] [SEVERE ] updating countdown to 51672
[17:57:54.324] [SEVERE ] updating countdown to 51661
[17:57:54.335] [SEVERE ] updating countdown to 51650
[17:57:54.346] [SEVERE ] updating countdown to 51639
[17:57:54.357] [SEVERE ] updating countdown to 51628
[17:57:54.368] [SEVERE ] updating countdown to 51617
[17:57:54.378] [SEVERE ] updating countdown to 51607
[17:57:54.389] [SEVERE ] updating countdown to 51596
[17:57:54.399] [SEVERE ] updating countdown to 51586
[17:57:54.410] [SEVERE ] updating countdown to 51575
[17:57:54.421] [SEVERE ] updating countdown to 51564
[17:57:54.432] [SEVERE ] updating countdown to 51553
[17:57:54.442] [SEVERE ] updating countdown to 51543
[17:57:54.453] [SEVERE ] updating countdown to 51532
[17:57:54.464] [SEVERE ] updating countdown to 51521
[17:57:54.474] [SEVERE ] updating countdown to 51511
[17:57:54.485] [SEVERE ] updating countdown to 51500
[17:57:54.496] [SEVERE ] updating countdown to 51489
[17:57:54.506] [SEVERE ] updating countdown to 51479
[17:57:54.517] [SEVERE ] updating countdown to 51468
[17:57:54.528] [SEVERE ] updating countdown to 51457
[17:57:54.538] [SEVERE ] updating countdown to 51447
[17:57:54.549] [SEVERE ] updating countdown to 51436
[17:57:54.560] [SEVERE ] updating countdown to 51425
[17:57:54.570] [SEVERE ] updating countdown to 51415
[17:57:54.580] [SEVERE ] updating countdown to 51405
[17:57:54.591] [SEVERE ] updating countdown to 51394
[17:57:54.601] [SEVERE ] updating countdown to 51384
[17:57:54.612] [SEVERE ] updating countdown to 51373
[17:57:54.622] [SEVERE ] updating countdown to 51363
[17:57:54.633] [SEVERE ] updating countdown to 51352
[17:57:54.644] [SEVERE ] updating countdown to 51341
[17:57:54.654] [SEVERE ] updating countdown to 51331
[17:57:54.665] [SEVERE ] updating countdown to 51320
[17:57:54.676] [SEVERE ] updating countdown to 51309
[17:57:54.686] [SEVERE ] updating countdown to 51299
[17:57:54.697] [SEVERE ] updating countdown to 51288
[17:57:54.703] [SEVERE ] key 47 was pressed by player 2
[17:57:54.704] [SEVERE ] removing player 2 token from slot 11
[17:57:54.707] [SEVERE ] updating countdown to 51278
[17:57:54.718] [SEVERE ] updating countdown to 51267
[17:57:54.729] [SEVERE ] updating countdown to 51256
[17:57:54.740] [SEVERE ] updating countdown to 51245
[17:57:54.750] [SEVERE ] updating countdown to 51235
[17:57:54.761] [SEVERE ] updating countdown to 51224
[17:57:54.772] [SEVERE ] updating countdown to 51213
[17:57:54.783] [SEVERE ] updating countdown to 51202
[17:57:54.793] [SEVERE ] updating countdown to 51192
[17:57:54.804] [SEVERE ] updating countdown to 51181
[17:57:54.815] [SEVERE ] updating countdown to 51170
[17:57:54.826] [SEVERE ] updating countdown to 51159
[17:57:54.836] [SEVERE ] updating countdown to 51149
[17:57:54.847] [SEVERE ] updating countdown to 51138
[17:57:54.857] [SEVERE ] updating countdown to 51128
[17:57:54.868] [SEVERE ] updating countdown to 51117
[17:57:54.912] [SEVERE ] updating countdown to 51073
[17:57:54.923] [SEVERE ] updating countdown to 51062
[17:57:54.934] [SEVERE ] updating countdown to 51051
[17:57:54.951] [SEVERE ] updating countdown to 51034
[17:57:54.990] [SEVERE ] updating countdown to 50995
[17:57:55.015] [SEVERE ] updating countdown to 50970
[17:57:55.029] [SEVERE ] updating countdown to 50956
[17:57:55.043] [SEVERE ] updating countdown to 50942
[17:57:55.054] [SEVERE ] updating countdown to 50931
[17:57:55.065] [SEVERE ] updating countdown to 50920
[17:57:55.076] [SEVERE ] updating countdown to 50909
[17:57:55.087] [SEVERE ] updating countdown to 50898
[17:57:55.098] [SEVERE ] updating countdown to 50887
[17:57:55.109] [SEVERE ] updating countdown to 50876
[17:57:55.120] [SEVERE ] updating countdown to 50865
[17:57:55.131] [SEVERE ] updating countdown to 50854
[17:57:55.141] [SEVERE ] updating countdown to 50844
[17:57:55.157] [SEVERE ] updating countdown to 50828
[17:57:55.168] [SEVERE ] updating countdown to 50817
[17:57:55.179] [SEVERE ] updating countdown to 50806
[17:57:55.189] [SEVERE ] updating countdown to 50796
[17:57:55.200] [SEVERE ] updating countdown to 50785
[17:57:55.211] [SEVERE ] updating countdown to 50774
[17:57:55.222] [SEVERE ] updating countdown to 50763
[17:57:55.232] [SEVERE ] updating countdown to 50753
[17:57:55.243] [SEVERE ] updating countdown to 50742
[17:57:55.254] [SEVERE ] updating countdown to 50731
[17:57:55.264] [SEVERE ] updating countdown to 50721
[17:57:55.275] [SEVERE ] updating countdown to 50710
[17:57:55.285] [SEVERE ] updating countdown to 50700
[17:57:55.295] [SEVERE ] updating countdown to 50690
[17:57:55.306] [SEVERE ] updating countdown to 50679
[17:57:55.316] [SEVERE ] updating countdown to 50669
[17:57:55.327] [SEVERE ] updating countdown to 50658
[17:57:55.337] [SEVERE ] updating countdown to 50648
[17:57:55.348] [SEVERE ] updating countdown to 50637
[17:57:55.359] [SEVERE ] updating countdown to 50626
[17:57:55.370] [SEVERE ] updating countdown to 50615
[17:57:55.381] [SEVERE ] updating countdown to 50604
[17:57:55.391] [SEVERE ] updating countdown to 50594
[17:57:55.403] [SEVERE ] updating countdown to 50582
[17:57:55.414] [SEVERE ] updating countdown to 50571
[17:57:55.425] [SEVERE ] updating countdown to 50560
[17:57:55.435] [SEVERE ] updating countdown to 50550
[17:57:55.446] [SEVERE ] updating countdown to 50539
[17:57:55.456] [SEVERE ] updating countdown to 50529
[17:57:55.467] [SEVERE ] updating countdown to 50518
[17:57:55.478] [SEVERE ] updating countdown to 50507
[17:57:55.489] [SEVERE ] updating countdown to 50496
[17:57:55.499] [SEVERE ] updating countdown to 50486
[17:57:55.510] [SEVERE ] updating countdown to 50475
[17:57:55.520] [SEVERE ] updating countdown to 50465
[17:57:55.531] [SEVERE ] updating countdown to 50454
[17:57:55.541] [SEVERE ] updating countdown to 50444
[17:57:55.552] [SEVERE ] updating countdown to 50433
[17:57:55.563] [SEVERE ] updating countdown to 50422
[17:57:55.573] [SEVERE ] updating countdown to 50412
[17:57:55.584] [SEVERE ] updating countdown to 50401
[17:57:55.594] [SEVERE ] updating countdown to 50391
[17:57:55.605] [SEVERE ] updating countdown to 50380
[17:57:55.616] [SEVERE ] updating countdown to 50369
[17:57:55.626] [SEVERE ] updating countdown to 50359
[17:57:55.637] [SEVERE ] updating countdown to 50348
[17:57:55.648] [SEVERE ] updating countdown to 50337
[17:57:55.659] [SEVERE ] updating countdown to 50326
[17:57:55.671] [SEVERE ] updating countdown to 50314
[17:57:55.682] [SEVERE ] updating countdown to 50303
[17:57:55.692] [SEVERE ] updating countdown to 50293
[17:57:55.703] [SEVERE ] updating countdown to 50282
[17:57:55.713] [SEVERE ] updating countdown to 50272
[17:57:55.724] [SEVERE ] updating countdown to 50261
[17:57:55.735] [SEVERE ] updating countdown to 50250
[17:57:55.745] [SEVERE ] updating countdown to 50240
[17:57:55.756] [SEVERE ] updating countdown to 50229
[17:57:55.766] [SEVERE ] updating countdown to 50219
[17:57:55.777] [SEVERE ] updating countdown to 50208
[17:57:55.788] [SEVERE ] updating countdown to 50197
[17:57:55.798] [SEVERE ] updating countdown to 50187
[17:57:55.809] [SEVERE ] updating countdown to 50176
[17:57:55.819] [SEVERE ] updating countdown to 50166
[17:57:55.830] [SEVERE ] updating countdown to 50155
[17:57:55.841] [SEVERE ] updating countdown to 50144
[17:57:55.851] [SEVERE ] updating countdown to 50134
[17:57:55.862] [SEVERE ] updating countdown to 50123
[17:57:55.872] [SEVERE ] updating countdown to 50113
[17:57:55.883] [SEVERE ] updating countdown to 50102
[17:57:55.894] [SEVERE ] updating countdown to 50091
[17:57:55.905] [SEVERE ] updating countdown to 50081
[17:57:55.936] [SEVERE ] updating countdown to 50049
[17:57:55.951] [SEVERE ] updating countdown to 50034
[17:57:55.967] [SEVERE ] updating countdown to 50018
[17:57:55.983] [SEVERE ] updating countdown to 50002
[17:57:55.996] [SEVERE ] updating countdown to 49989
[17:57:56.009] [SEVERE ] updating countdown to 49976
[17:57:56.019] [SEVERE ] updating countdown to 49966
[17:57:56.030] [SEVERE ] updating countdown to 49955
[17:57:56.041] [SEVERE ] updating countdown to 49944
[17:57:56.052] [SEVERE ] updating countdown to 49933
[17:57:56.063] [SEVERE ] updating countdown to 49922
[17:57:56.073] [SEVERE ] updating countdown to 49912
[17:57:56.084] [SEVERE ] updating countdown to 49901
[17:57:56.095] [SEVERE ] updating countdown to 49890
[17:57:56.106] [SEVERE ] updating countdown to 49879
[17:57:56.117] [SEVERE ] updating countdown to 49868
[17:57:56.128] [SEVERE ] updating countdown to 49857
[17:57:56.140] [SEVERE ] updating countdown to 49845
[17:57:56.151] [SEVERE ] updating countdown to 49834
[17:57:56.162] [SEVERE ] updating countdown to 49823
[17:57:56.173] [SEVERE ] updating countdown to 49812
[17:57:56.184] [SEVERE ] updating countdown to 49801
[17:57:56.195] [SEVERE ] updating countdown to 49790
[17:57:56.205] [SEVERE ] updating countdown to 49780
[17:57:56.216] [SEVERE ] updating countdown to 49769
[17:57:56.227] [SEVERE ] updating countdown to 49758
[17:57:56.237] [SEVERE ] updating countdown to 49748
[17:57:56.248] [SEVERE ] updating countdown to 49737
[17:57:56.259] [SEVERE ] updating countdown to 49726
[17:57:56.270] [SEVERE ] updating countdown to 49715
[17:57:56.292] [SEVERE ] updating countdown to 49693
[17:57:56.303] [SEVERE ] updating countdown to 49682
[17:57:56.314] [SEVERE ] updating countdown to 49671
[17:57:56.325] [SEVERE ] updating countdown to 49660
[17:57:56.335] [SEVERE ] updating countdown to 49650
[17:57:56.346] [SEVERE ] updating countdown to 49639
[17:57:56.356] [SEVERE ] updating countdown to 49629
[17:57:56.368] [SEVERE ] updating countdown to 49617
[17:57:56.379] [SEVERE ] updating countdown to 49606
[17:57:56.389] [SEVERE ] updating countdown to 49596
[17:57:56.400] [SEVERE ] updating countdown to 49585
[17:57:56.410] [SEVERE ] updating countdown to 49575
[17:57:56.421] [SEVERE ] updating countdown to 49564
[17:57:56.431] [SEVERE ] updating countdown to 49554
[17:57:56.442] [SEVERE ] updating countdown to 49543
[17:57:56.452] [SEVERE ] updating countdown to 49533
[17:57:56.463] [SEVERE ] updating countdown to 49522
[17:57:56.473] [SEVERE ] updating countdown to 49512
[17:57:56.484] [SEVERE ] updating countdown to 49501
[17:57:56.494] [SEVERE ] updating countdown to 49491
[17:57:56.505] [SEVERE ] updating countdown to 49480
[17:57:56.515] [SEVERE ] updating countdown to 49470
[17:57:56.526] [SEVERE ] updating countdown to 49459
[17:57:56.536] [SEVERE ] updating countdown to 49449
[17:57:56.547] [SEVERE ] updating countdown to 49438
[17:57:56.557] [SEVERE ] updating countdown to 49428
[17:57:56.568] [SEVERE ] updating countdown to 49417
[17:57:56.579] [SEVERE ] updating countdown to 49406
[17:57:56.589] [SEVERE ] updating countdown to 49396
[17:57:56.600] [SEVERE ] updating countdown to 49385
[17:57:56.611] [SEVERE ] updating countdown to 49374
[17:57:56.621] [SEVERE ] updating countdown to 49364
[17:57:56.632] [SEVERE ] updating countdown to 49353
[17:57:56.642] [SEVERE ] updating countdown to 49343
[17:57:56.653] [SEVERE ] updating countdown to 49332
[17:57:56.663] [SEVERE ] updating countdown to 49322
[17:57:56.674] [SEVERE ] updating countdown to 49311
[17:57:56.684] [SEVERE ] updating countdown to 49301
[17:57:56.695] [SEVERE ] updating countdown to 49290
[17:57:56.706] [SEVERE ] updating countdown to 49279
[17:57:56.716] [SEVERE ] updating countdown to 49269
[17:57:56.727] [SEVERE ] updating countdown to 49258
[17:57:56.738] [SEVERE ] updating countdown to 49247
[17:57:56.748] [SEVERE ] updating countdown to 49237
[17:57:56.759] [SEVERE ] updating countdown to 49226
[17:57:56.770] [SEVERE ] updating countdown to 49215
[17:57:56.781] [SEVERE ] updating countdown to 49204
[17:57:56.791] [SEVERE ] updating countdown to 49194
[17:57:56.802] [SEVERE ] updating countdown to 49183
[17:57:56.813] [SEVERE ] updating countdown to 49172
[17:57:56.824] [SEVERE ] updating countdown to 49161
[17:57:56.835] [SEVERE ] updating countdown to 49150
[17:57:56.845] [SEVERE ] updating countdown to 49140
[17:57:56.856] [SEVERE ] updating countdown to 49129
[17:57:56.867] [SEVERE ] updating countdown to 49118
[17:57:56.878] [SEVERE ] updating countdown to 49107
[17:57:56.889] [SEVERE ] updating countdown to 49096
[17:57:56.901] [SEVERE ] updating countdown to 49084
[17:57:56.912] [SEVERE ] updating countdown to 49073
[17:57:56.922] [SEVERE ] updating countdown to 49063
[17:57:56.933] [SEVERE ] updating countdown to 49052
[17:57:56.944] [SEVERE ] updating countdown to 49041
[17:57:56.955] [SEVERE ] updating countdown to 49030
[17:57:56.966] [SEVERE ] updating countdown to 49019
[17:57:56.977] [SEVERE ] updating countdown to 49008
[17:57:56.987] [SEVERE ] updating countdown to 48998
[17:57:56.998] [SEVERE ] updating countdown to 48987
[17:57:57.008] [SEVERE ] updating countdown to 48977
[17:57:57.019] [SEVERE ] updating countdown to 48966
[17:57:57.029] [SEVERE ] updating countdown to 48956
[17:57:57.040] [SEVERE ] updating countdown to 48945
[17:57:57.063] [SEVERE ] updating countdown to 48922
[17:57:57.073] [SEVERE ] updating countdown to 48912
[17:57:57.084] [SEVERE ] updating countdown to 48901
[17:57:57.095] [SEVERE ] updating countdown to 48890
[17:57:57.106] [SEVERE ] updating countdown to 48879
[17:57:57.117] [SEVERE ] updating countdown to 48868
[17:57:57.128] [SEVERE ] updating countdown to 48857
[17:57:57.139] [SEVERE ] updating countdown to 48846
[17:57:57.150] [SEVERE ] updating countdown to 48835
[17:57:57.161] [SEVERE ] updating countdown to 48824
[17:57:57.172] [SEVERE ] updating countdown to 48813
[17:57:57.183] [SEVERE ] updating countdown to 48802
[17:57:57.194] [SEVERE ] updating countdown to 48791
[17:57:57.205] [SEVERE ] updating countdown to 48780
[17:57:57.216] [SEVERE ] updating countdown to 48769
[17:57:57.227] [SEVERE ] updating countdown to 48758
[17:57:57.238] [SEVERE ] updating countdown to 48747
[17:57:57.249] [SEVERE ] updating countdown to 48736
[17:57:57.261] [SEVERE ] updating countdown to 48724
[17:57:57.274] [SEVERE ] updating countdown to 48711
[17:57:57.284] [SEVERE ] updating countdown to 48701
[17:57:57.295] [SEVERE ] updating countdown to 48690
[17:57:57.306] [SEVERE ] updating countdown to 48679
[17:57:57.316] [SEVERE ] updating countdown to 48669
[17:57:57.327] [SEVERE ] updating countdown to 48658
[17:57:57.337] [SEVERE ] updating countdown to 48648
[17:57:57.348] [SEVERE ] updating countdown to 48637
[17:57:57.359] [SEVERE ] updating countdown to 48626
[17:57:57.369] [SEVERE ] updating countdown to 48616
[17:57:57.380] [SEVERE ] updating countdown to 48605
[17:57:57.391] [SEVERE ] updating countdown to 48594
[17:57:57.401] [SEVERE ] updating countdown to 48584
[17:57:57.412] [SEVERE ] updating countdown to 48573
[17:57:57.427] [SEVERE ] updating countdown to 48558
[17:57:57.437] [SEVERE ] updating countdown to 48548
[17:57:57.448] [SEVERE ] updating countdown to 48537
[17:57:57.459] [SEVERE ] updating countdown to 48526
[17:57:57.469] [SEVERE ] updating countdown to 48516
[17:57:57.480] [SEVERE ] updating countdown to 48505
[17:57:57.490] [SEVERE ] updating countdown to 48495
[17:57:57.501] [SEVERE ] updating countdown to 48484
[17:57:57.512] [SEVERE ] updating countdown to 48473
[17:57:57.522] [SEVERE ] updating countdown to 48463
[17:57:57.533] [SEVERE ] updating countdown to 48452
[17:57:57.544] [SEVERE ] updating countdown to 48441
[17:57:57.555] [SEVERE ] updating countdown to 48430
[17:57:57.566] [SEVERE ] updating countdown to 48419
[17:57:57.577] [SEVERE ] updating countdown to 48408
[17:57:57.587] [SEVERE ] updating countdown to 48398
[17:57:57.598] [SEVERE ] updating countdown to 48387
[17:57:57.609] [SEVERE ] updating countdown to 48376
[17:57:57.619] [SEVERE ] updating countdown to 48366
[17:57:57.630] [SEVERE ] updating countdown to 48355
[17:57:57.641] [SEVERE ] updating countdown to 48344
[17:57:57.651] [SEVERE ] updating countdown to 48334
[17:57:57.662] [SEVERE ] updating countdown to 48323
[17:57:57.672] [SEVERE ] updating countdown to 48313
[17:57:57.683] [SEVERE ] updating countdown to 48302
[17:57:57.693] [SEVERE ] updating countdown to 48292
[17:57:57.704] [SEVERE ] updating countdown to 48281
[17:57:57.714] [SEVERE ] updating countdown to 48271
[17:57:57.725] [SEVERE ] updating countdown to 48260
[17:57:57.735] [SEVERE ] updating countdown to 48250
[17:57:57.746] [SEVERE ] updating countdown to 48239
[17:57:57.756] [SEVERE ] updating countdown to 48229
[17:57:57.767] [SEVERE ] updating countdown to 48218
[17:57:57.778] [SEVERE ] updating countdown to 48207
[17:57:57.788] [SEVERE ] updating countdown to 48197
[17:57:57.799] [SEVERE ] updating countdown to 48186
[17:57:57.809] [SEVERE ] updating countdown to 48176
[17:57:57.820] [SEVERE ] updating countdown to 48165
[17:57:57.831] [SEVERE ] updating countdown to 48154
[17:57:57.841] [SEVERE ] updating countdown to 48144
[17:57:57.852] [SEVERE ] updating countdown to 48133
[17:57:57.862] [SEVERE ] updating countdown to 48123
[17:57:57.873] [SEVERE ] updating countdown to 48112
[17:57:57.884] [SEVERE ] updating countdown to 48101
[17:57:57.894] [SEVERE ] updating countdown to 48091
[17:57:57.905] [SEVERE ] updating countdown to 48080
[17:57:57.915] [SEVERE ] updating countdown to 48070
[17:57:57.926] [SEVERE ] updating countdown to 48059
[17:57:57.936] [SEVERE ] updating countdown to 48049
[17:57:57.947] [SEVERE ] updating countdown to 48038
[17:57:57.957] [SEVERE ] updating countdown to 48028
[17:57:57.968] [SEVERE ] updating countdown to 48017
[17:57:57.978] [SEVERE ] updating countdown to 48007
[17:57:57.989] [SEVERE ] updating countdown to 47996
[17:57:58.000] [SEVERE ] updating countdown to 47985
[17:57:58.010] [SEVERE ] updating countdown to 47975
[17:57:58.021] [SEVERE ] updating countdown to 47964
[17:57:58.031] [SEVERE ] updating countdown to 47954
[17:57:58.042] [SEVERE ] updating countdown to 47943
[17:57:58.056] [SEVERE ] updating countdown to 47929
[17:57:58.067] [SEVERE ] updating countdown to 47918
[17:57:58.078] [SEVERE ] updating countdown to 47907
[17:57:58.089] [SEVERE ] updating countdown to 47896
[17:57:58.100] [SEVERE ] updating countdown to 47886
[17:57:58.110] [SEVERE ] updating countdown to 47875
[17:57:58.121] [SEVERE ] updating countdown to 47865
[17:57:58.131] [SEVERE ] updating countdown to 47854
[17:57:58.142] [SEVERE ] updating countdown to 47843
[17:57:58.152] [SEVERE ] updating countdown to 47833
[17:57:58.163] [SEVERE ] updating countdown to 47822
[17:57:58.174] [SEVERE ] updating countdown to 47811
[17:57:58.185] [SEVERE ] updating countdown to 47800
[17:57:58.196] [SEVERE ] updating countdown to 47789
[17:57:58.206] [SEVERE ] updating countdown to 47779
[17:57:58.217] [SEVERE ] updating countdown to 47768
[17:57:58.228] [SEVERE ] updating countdown to 47757
[17:57:58.239] [SEVERE ] updating countdown to 47746
[17:57:58.250] [SEVERE ] updating countdown to 47735
[17:57:58.261] [SEVERE ] updating countdown to 47724
[17:57:58.272] [SEVERE ] updating countdown to 47713
[17:57:58.283] [SEVERE ] updating countdown to 47702
[17:57:58.294] [SEVERE ] updating countdown to 47691
[17:57:58.305] [SEVERE ] updating countdown to 47680
[17:57:58.316] [SEVERE ] updating countdown to 47669
[17:57:58.327] [SEVERE ] updating countdown to 47658
[17:57:58.338] [SEVERE ] updating countdown to 47647
[17:57:58.349] [SEVERE ] updating countdown to 47636
[17:57:58.359] [SEVERE ] updating countdown to 47626
[17:57:58.370] [SEVERE ] updating countdown to 47615
[17:57:58.381] [SEVERE ] updating countdown to 47604
[17:57:58.392] [SEVERE ] updating countdown to 47593
[17:57:58.402] [SEVERE ] updating countdown to 47583
[17:57:58.413] [SEVERE ] updating countdown to 47572
[17:57:58.423] [SEVERE ] updating countdown to 47562
[17:57:58.434] [SEVERE ] updating countdown to 47551
[17:57:58.445] [SEVERE ] updating countdown to 47540
[17:57:58.455] [SEVERE ] updating countdown to 47530
[17:57:58.466] [SEVERE ] updating countdown to 47519
[17:57:58.477] [SEVERE ] updating countdown to 47508
[17:57:58.487] [SEVERE ] updating countdown to 47498
[17:57:58.498] [SEVERE ] updating countdown to 47487
[17:57:58.509] [SEVERE ] updating countdown to 47476
[17:57:58.519] [SEVERE ] updating countdown to 47466
[17:57:58.530] [SEVERE ] updating countdown to 47455
[17:57:58.540] [SEVERE ] updating countdown to 47445
[17:57:58.551] [SEVERE ] updating countdown to 47434
[17:57:58.561] [SEVERE ] updating countdown to 47424
[17:57:58.572] [SEVERE ] updating countdown to 47413
[17:57:58.582] [SEVERE ] updating countdown to 47403
[17:57:58.593] [SEVERE ] updating countdown to 47392
[17:57:58.603] [SEVERE ] updating countdown to 47382
[17:57:58.614] [SEVERE ] updating countdown to 47371
[17:57:58.624] [SEVERE ] updating countdown to 47361
[17:57:58.637] [SEVERE ] updating countdown to 47348
[17:57:58.648] [SEVERE ] updating countdown to 47337
[17:57:58.658] [SEVERE ] updating countdown to 47327
[17:57:58.668] [SEVERE ] updating countdown to 47317
[17:57:58.679] [SEVERE ] updating countdown to 47306
[17:57:58.689] [SEVERE ] updating countdown to 47296
[17:57:58.700] [SEVERE ] updating countdown to 47285
[17:57:58.710] [SEVERE ] updating countdown to 47275
[17:57:58.721] [SEVERE ] updating countdown to 47264
[17:57:58.732] [SEVERE ] updating countdown to 47253
[17:57:58.742] [SEVERE ] updating countdown to 47243
[17:57:58.753] [SEVERE ] updating countdown to 47232
[17:57:58.763] [SEVERE ] updating countdown to 47222
[17:57:58.774] [SEVERE ] updating countdown to 47211
[17:57:58.784] [SEVERE ] updating countdown to 47201
[17:57:58.795] [SEVERE ] updating countdown to 47190
[17:57:58.807] [SEVERE ] updating countdown to 47178
[17:57:58.817] [SEVERE ] updating countdown to 47168
[17:57:58.829] [SEVERE ] updating countdown to 47156
[17:57:58.840] [SEVERE ] updating countdown to 47145
[17:57:58.850] [SEVERE ] updating countdown to 47135
[17:57:58.861] [SEVERE ] updating countdown to 47124
[17:57:58.871] [SEVERE ] updating countdown to 47114
[17:57:58.882] [SEVERE ] updating countdown to 47103
[17:57:58.893] [SEVERE ] updating countdown to 47092
[17:57:58.904] [SEVERE ] updating countdown to 47081
[17:57:58.915] [SEVERE ] updating countdown to 47070
[17:57:58.926] [SEVERE ] updating countdown to 47059
[17:57:58.937] [SEVERE ] updating countdown to 47048
[17:57:58.948] [SEVERE ] updating countdown to 47037
[17:57:58.958] [SEVERE ] updating countdown to 47027
[17:57:58.969] [SEVERE ] updating countdown to 47016
[17:57:58.980] [SEVERE ] updating countdown to 47005
[17:57:58.991] [SEVERE ] updating countdown to 46994
[17:57:58.993] [SEVERE ] key 44 was pressed by player 2
[17:57:58.993] [SEVERE ] player 2 placing token on slot 9
[17:57:59.001] [SEVERE ] updating countdown to 46984
[17:57:59.012] [SEVERE ] updating countdown to 46973
[17:57:59.023] [SEVERE ] updating countdown to 46962
[17:57:59.033] [SEVERE ] updating countdown to 46952
[17:57:59.044] [SEVERE ] updating countdown to 46941
[17:57:59.054] [SEVERE ] updating countdown to 46931
[17:57:59.075] [SEVERE ] updating countdown to 46910
[17:57:59.085] [SEVERE ] updating countdown to 46900
[17:57:59.096] [SEVERE ] updating countdown to 46889
[17:57:59.107] [SEVERE ] updating countdown to 46878
[17:57:59.133] [SEVERE ] updating countdown to 46852
[17:57:59.153] [SEVERE ] updating countdown to 46832
[17:57:59.184] [SEVERE ] updating countdown to 46801
[17:57:59.195] [SEVERE ] updating countdown to 46790
[17:57:59.205] [SEVERE ] updating countdown to 46780
[17:57:59.215] [SEVERE ] updating countdown to 46770
[17:57:59.226] [SEVERE ] updating countdown to 46759
[17:57:59.237] [SEVERE ] updating countdown to 46748
[17:57:59.248] [SEVERE ] updating countdown to 46737
[17:57:59.259] [SEVERE ] updating countdown to 46726
[17:57:59.270] [SEVERE ] updating countdown to 46715
[17:57:59.280] [SEVERE ] updating countdown to 46705
[17:57:59.291] [SEVERE ] updating countdown to 46694
[17:57:59.301] [SEVERE ] updating countdown to 46684
[17:57:59.312] [SEVERE ] updating countdown to 46673
[17:57:59.323] [SEVERE ] updating countdown to 46662
[17:57:59.334] [SEVERE ] updating countdown to 46651
[17:57:59.345] [SEVERE ] updating countdown to 46640
[17:57:59.356] [SEVERE ] updating countdown to 46629
[17:57:59.367] [SEVERE ] updating countdown to 46618
[17:57:59.378] [SEVERE ] updating countdown to 46607
[17:57:59.389] [SEVERE ] updating countdown to 46596
[17:57:59.400] [SEVERE ] updating countdown to 46585
[17:57:59.411] [SEVERE ] updating countdown to 46574
[17:57:59.422] [SEVERE ] updating countdown to 46563
[17:57:59.432] [SEVERE ] updating countdown to 46553
[17:57:59.442] [SEVERE ] updating countdown to 46543
[17:57:59.453] [SEVERE ] updating countdown to 46532
[17:57:59.464] [SEVERE ] updating countdown to 46521
[17:57:59.475] [SEVERE ] updating countdown to 46510
[17:57:59.485] [SEVERE ] updating countdown to 46500
[17:57:59.496] [SEVERE ] updating countdown to 46489
[17:57:59.506] [SEVERE ] updating countdown to 46479
[17:57:59.517] [SEVERE ] updating countdown to 46468
[17:57:59.527] [SEVERE ] updating countdown to 46458
[17:57:59.538] [SEVERE ] updating countdown to 46447
[17:57:59.550] [SEVERE ] updating countdown to 46435
[17:57:59.561] [SEVERE ] updating countdown to 46424
[17:57:59.571] [SEVERE ] updating countdown to 46414
[17:57:59.582] [SEVERE ] updating countdown to 46403
[17:57:59.593] [SEVERE ] updating countdown to 46392
[17:57:59.604] [SEVERE ] updating countdown to 46381
[17:57:59.615] [SEVERE ] updating countdown to 46370
[17:57:59.626] [SEVERE ] updating countdown to 46359
[17:57:59.636] [SEVERE ] updating countdown to 46349
[17:57:59.647] [SEVERE ] updating countdown to 46338
[17:57:59.658] [SEVERE ] updating countdown to 46327
[17:57:59.668] [SEVERE ] updating countdown to 46317
[17:57:59.679] [SEVERE ] updating countdown to 46306
[17:57:59.689] [SEVERE ] updating countdown to 46296
[17:57:59.700] [SEVERE ] updating countdown to 46285
[17:57:59.711] [SEVERE ] updating countdown to 46274
[17:57:59.721] [SEVERE ] updating countdown to 46264
[17:57:59.732] [SEVERE ] updating countdown to 46253
[17:57:59.742] [SEVERE ] updating countdown to 46243
[17:57:59.752] [SEVERE ] updating countdown to 46233
[17:57:59.763] [SEVERE ] updating countdown to 46222
[17:57:59.773] [SEVERE ] updating countdown to 46212
[17:57:59.784] [SEVERE ] updating countdown to 46201
[17:57:59.794] [SEVERE ] updating countdown to 46191
[17:57:59.805] [SEVERE ] updating countdown to 46180
[17:57:59.815] [SEVERE ] updating countdown to 46170
[17:57:59.826] [SEVERE ] updating countdown to 46159
[17:57:59.836] [SEVERE ] updating countdown to 46149
[17:57:59.847] [SEVERE ] updating countdown to 46138
[17:57:59.858] [SEVERE ] updating countdown to 46127
[17:57:59.868] [SEVERE ] updating countdown to 46117
[17:57:59.879] [SEVERE ] updating countdown to 46106
[17:57:59.889] [SEVERE ] updating countdown to 46096
[17:57:59.900] [SEVERE ] updating countdown to 46085
[17:57:59.911] [SEVERE ] updating countdown to 46074
[17:57:59.921] [SEVERE ] updating countdown to 46064
[17:57:59.932] [SEVERE ] updating countdown to 46053
[17:57:59.943] [SEVERE ] updating countdown to 46042
[17:57:59.954] [SEVERE ] updating countdown to 46031
[17:57:59.965] [SEVERE ] updating countdown to 46020
[17:57:59.975] [SEVERE ] updating countdown to 46010
[17:57:59.986] [SEVERE ] updating countdown to 45999
[17:57:59.997] [SEVERE ] updating countdown to 45988
[17:58:00.008] [SEVERE ] updating countdown to 45977
[17:58:00.019] [SEVERE ] updating countdown to 45966
[17:58:00.035] [SEVERE ] updating countdown to 45950
[17:58:00.049] [SEVERE ] updating countdown to 45936
[17:58:00.065] [SEVERE ] updating countdown to 45920
[17:58:00.076] [SEVERE ] updating countdown to 45909
[17:58:00.089] [SEVERE ] updating countdown to 45896
[17:58:00.099] [SEVERE ] updating countdown to 45886
[17:58:00.110] [SEVERE ] updating countdown to 45875
[17:58:00.121] [SEVERE ] updating countdown to 45864
[17:58:00.131] [SEVERE ] updating countdown to 45854
[17:58:00.142] [SEVERE ] updating countdown to 45843
[17:58:00.152] [SEVERE ] updating countdown to 45833
[17:58:00.163] [SEVERE ] updating countdown to 45822
[17:58:00.173] [SEVERE ] updating countdown to 45812
[17:58:00.184] [SEVERE ] updating countdown to 45801
[17:58:00.194] [SEVERE ] updating countdown to 45791
[17:58:00.205] [SEVERE ] updating countdown to 45780
[17:58:00.216] [SEVERE ] updating countdown to 45769
[17:58:00.227] [SEVERE ] updating countdown to 45758
[17:58:00.237] [SEVERE ] updating countdown to 45748
[17:58:00.248] [SEVERE ] updating countdown to 45737
[17:58:00.260] [SEVERE ] updating countdown to 45725
[17:58:00.270] [SEVERE ] updating countdown to 45715
[17:58:00.281] [SEVERE ] updating countdown to 45704
[17:58:00.292] [SEVERE ] updating countdown to 45693
[17:58:00.302] [SEVERE ] updating countdown to 45683
[17:58:00.313] [SEVERE ] updating countdown to 45672
[17:58:00.324] [SEVERE ] updating countdown to 45661
[17:58:00.334] [SEVERE ] updating countdown to 45651
[17:58:00.345] [SEVERE ] updating countdown to 45640
[17:58:00.356] [SEVERE ] updating countdown to 45629
[17:58:00.367] [SEVERE ] updating countdown to 45618
[17:58:00.378] [SEVERE ] updating countdown to 45607
[17:58:00.389] [SEVERE ] updating countdown to 45596
[17:58:00.401] [SEVERE ] updating countdown to 45584
[17:58:00.411] [SEVERE ] updating countdown to 45574
[17:58:00.422] [SEVERE ] updating countdown to 45563
[17:58:00.432] [SEVERE ] updating countdown to 45553
[17:58:00.443] [SEVERE ] updating countdown to 45542
[17:58:00.455] [SEVERE ] updating countdown to 45530
[17:58:00.467] [SEVERE ] updating countdown to 45518
[17:58:00.478] [SEVERE ] updating countdown to 45507
[17:58:00.489] [SEVERE ] updating countdown to 45496
[17:58:00.500] [SEVERE ] updating countdown to 45485
[17:58:00.511] [SEVERE ] updating countdown to 45474
[17:58:00.521] [SEVERE ] updating countdown to 45464
[17:58:00.532] [SEVERE ] updating countdown to 45453
[17:58:00.542] [SEVERE ] updating countdown to 45443
[17:58:00.553] [SEVERE ] updating countdown to 45432
[17:58:00.563] [SEVERE ] updating countdown to 45422
[17:58:00.575] [SEVERE ] updating countdown to 45410
[17:58:00.585] [SEVERE ] updating countdown to 45400
[17:58:00.596] [SEVERE ] updating countdown to 45389
[17:58:00.607] [SEVERE ] updating countdown to 45379
[17:58:00.617] [SEVERE ] updating countdown to 45368
[17:58:00.628] [SEVERE ] updating countdown to 45357
[17:58:00.639] [SEVERE ] updating countdown to 45346
[17:58:00.649] [SEVERE ] updating countdown to 45336
[17:58:00.660] [SEVERE ] updating countdown to 45325
[17:58:00.671] [SEVERE ] updating countdown to 45314
[17:58:00.682] [SEVERE ] updating countdown to 45303
[17:58:00.692] [SEVERE ] updating countdown to 45293
[17:58:00.703] [SEVERE ] updating countdown to 45282
[17:58:00.714] [SEVERE ] updating countdown to 45271
[17:58:00.725] [SEVERE ] updating countdown to 45260
[17:58:00.735] [SEVERE ] updating countdown to 45250
[17:58:00.746] [SEVERE ] updating countdown to 45239
[17:58:00.756] [SEVERE ] updating countdown to 45229
[17:58:00.767] [SEVERE ] updating countdown to 45218
[17:58:00.778] [SEVERE ] updating countdown to 45207
[17:58:00.788] [SEVERE ] updating countdown to 45197
[17:58:00.799] [SEVERE ] updating countdown to 45186
[17:58:00.810] [SEVERE ] updating countdown to 45175
[17:58:00.820] [SEVERE ] updating countdown to 45165
[17:58:00.831] [SEVERE ] updating countdown to 45154
[17:58:00.841] [SEVERE ] updating countdown to 45144
[17:58:00.852] [SEVERE ] updating countdown to 45133
[17:58:00.862] [SEVERE ] updating countdown to 45123
[17:58:00.873] [SEVERE ] updating countdown to 45112
[17:58:00.884] [SEVERE ] updating countdown to 45101
[17:58:00.895] [SEVERE ] updating countdown to 45090
[17:58:00.905] [SEVERE ] updating countdown to 45080
[17:58:00.916] [SEVERE ] updating countdown to 45069
[17:58:00.926] [SEVERE ] updating countdown to 45059
[17:58:00.937] [SEVERE ] updating countdown to 45048
[17:58:00.947] [SEVERE ] updating countdown to 45038
[17:58:00.958] [SEVERE ] updating countdown to 45027
[17:58:00.968] [SEVERE ] updating countdown to 45017
[17:58:00.979] [SEVERE ] updating countdown to 45006
[17:58:00.990] [SEVERE ] updating countdown to 44995
[17:58:01.001] [SEVERE ] updating countdown to 44985
[17:58:01.011] [SEVERE ] updating countdown to 44974
[17:58:01.021] [SEVERE ] updating countdown to 44964
[17:58:01.032] [SEVERE ] updating countdown to 44953
[17:58:01.042] [SEVERE ] updating countdown to 44943
[17:58:01.054] [SEVERE ] updating countdown to 44931
[17:58:01.065] [SEVERE ] updating countdown to 44920
[17:58:01.075] [SEVERE ] updating countdown to 44910
[17:58:01.086] [SEVERE ] updating countdown to 44899
[17:58:01.092] [SEVERE ] key 44 was pressed by player 2
[17:58:01.093] [SEVERE ] removing player 2 token from slot 9
[17:58:01.096] [SEVERE ] updating countdown to 44889
[17:58:01.107] [SEVERE ] updating countdown to 44878
[17:58:01.118] [SEVERE ] updating countdown to 44867
[17:58:01.128] [SEVERE ] updating countdown to 44857
[17:58:01.139] [SEVERE ] updating countdown to 44846
[17:58:01.149] [SEVERE ] updating countdown to 44836
[17:58:01.160] [SEVERE ] updating countdown to 44825
[17:58:01.171] [SEVERE ] updating countdown to 44814
[17:58:01.182] [SEVERE ] updating countdown to 44803
[17:58:01.192] [SEVERE ] updating countdown to 44793
[17:58:01.203] [SEVERE ] updating countdown to 44782
[17:58:01.214] [SEVERE ] updating countdown to 44771
[17:58:01.225] [SEVERE ] updating countdown to 44760
[17:58:01.241] [SEVERE ] updating countdown to 44744
[17:58:01.253] [SEVERE ] updating countdown to 44732
[17:58:01.276] [SEVERE ] updating countdown to 44709
[17:58:01.287] [SEVERE ] updating countdown to 44698
[17:58:01.297] [SEVERE ] updating countdown to 44688
[17:58:01.308] [SEVERE ] updating countdown to 44677
[17:58:01.319] [SEVERE ] updating countdown to 44666
[17:58:01.331] [SEVERE ] updating countdown to 44654
[17:58:01.342] [SEVERE ] updating countdown to 44643
[17:58:01.353] [SEVERE ] updating countdown to 44632
[17:58:01.364] [SEVERE ] updating countdown to 44621
[17:58:01.374] [SEVERE ] updating countdown to 44611
[17:58:01.385] [SEVERE ] updating countdown to 44600
[17:58:01.396] [SEVERE ] updating countdown to 44589
[17:58:01.407] [SEVERE ] updating countdown to 44578
[17:58:01.417] [SEVERE ] updating countdown to 44568
[17:58:01.428] [SEVERE ] updating countdown to 44557
[17:58:01.439] [SEVERE ] updating countdown to 44546
[17:58:01.450] [SEVERE ] updating countdown to 44535
[17:58:01.460] [SEVERE ] updating countdown to 44525
[17:58:01.471] [SEVERE ] updating countdown to 44514
[17:58:01.482] [SEVERE ] updating countdown to 44503
[17:58:01.493] [SEVERE ] updating countdown to 44492
[17:58:01.503] [SEVERE ] updating countdown to 44482
[17:58:01.514] [SEVERE ] updating countdown to 44471
[17:58:01.525] [SEVERE ] updating countdown to 44460
[17:58:01.536] [SEVERE ] updating countdown to 44449
[17:58:01.546] [SEVERE ] updating countdown to 44439
[17:58:01.557] [SEVERE ] updating countdown to 44428
[17:58:01.568] [SEVERE ] updating countdown to 44417
[17:58:01.579] [SEVERE ] updating countdown to 44406
[17:58:01.590] [SEVERE ] updating countdown to 44395
[17:58:01.600] [SEVERE ] updating countdown to 44385
[17:58:01.611] [SEVERE ] updating countdown to 44374
[17:58:01.622] [SEVERE ] updating countdown to 44363
[17:58:01.633] [SEVERE ] updating countdown to 44352
[17:58:01.644] [SEVERE ] updating countdown to 44341
[17:58:01.654] [SEVERE ] updating countdown to 44331
[17:58:01.665] [SEVERE ] updating countdown to 44320
[17:58:01.675] [SEVERE ] updating countdown to 44310
[17:58:01.686] [SEVERE ] updating countdown to 44299
[17:58:01.696] [SEVERE ] updating countdown to 44289
[17:58:01.707] [SEVERE ] updating countdown to 44278
[17:58:01.717] [SEVERE ] updating countdown to 44268
[17:58:01.728] [SEVERE ] updating countdown to 44257
[17:58:01.738] [SEVERE ] updating countdown to 44247
[17:58:01.749] [SEVERE ] updating countdown to 44236
[17:58:01.759] [SEVERE ] updating countdown to 44226
[17:58:01.770] [SEVERE ] updating countdown to 44215
[17:58:01.781] [SEVERE ] updating countdown to 44204
[17:58:01.792] [SEVERE ] updating countdown to 44193
[17:58:01.803] [SEVERE ] updating countdown to 44182
[17:58:01.813] [SEVERE ] updating countdown to 44172
[17:58:01.825] [SEVERE ] updating countdown to 44160
[17:58:01.835] [SEVERE ] updating countdown to 44150
[17:58:01.846] [SEVERE ] updating countdown to 44139
[17:58:01.855] [SEVERE ] key 44 was pressed by player 2
[17:58:01.856] [SEVERE ] player 2 placing token on slot 9
[17:58:01.856] [SEVERE ] updating countdown to 44129
[17:58:01.867] [SEVERE ] updating countdown to 44118
[17:58:01.878] [SEVERE ] updating countdown to 44107
[17:58:01.889] [SEVERE ] updating countdown to 44096
[17:58:01.900] [SEVERE ] updating countdown to 44085
[17:58:01.910] [SEVERE ] updating countdown to 44075
[17:58:01.921] [SEVERE ] updating countdown to 44064
[17:58:01.932] [SEVERE ] updating countdown to 44053
[17:58:01.942] [SEVERE ] updating countdown to 44043
[17:58:01.953] [SEVERE ] updating countdown to 44032
[17:58:01.964] [SEVERE ] updating countdown to 44021
[17:58:01.974] [SEVERE ] updating countdown to 44011
[17:58:01.985] [SEVERE ] updating countdown to 44000
[17:58:01.995] [SEVERE ] updating countdown to 43990
[17:58:02.006] [SEVERE ] updating countdown to 43979
[17:58:02.016] [SEVERE ] updating countdown to 43969
[17:58:02.027] [SEVERE ] updating countdown to 43958
[17:58:02.038] [SEVERE ] updating countdown to 43947
[17:58:02.049] [SEVERE ] updating countdown to 43936
[17:58:02.060] [SEVERE ] updating countdown to 43925
[17:58:02.072] [SEVERE ] updating countdown to 43913
[17:58:02.082] [SEVERE ] updating countdown to 43903
[17:58:02.101] [SEVERE ] updating countdown to 43884
[17:58:02.112] [SEVERE ] updating countdown to 43873
[17:58:02.122] [SEVERE ] updating countdown to 43863
[17:58:02.133] [SEVERE ] updating countdown to 43852
[17:58:02.143] [SEVERE ] updating countdown to 43842
[17:58:02.155] [SEVERE ] updating countdown to 43830
[17:58:02.166] [SEVERE ] updating countdown to 43819
[17:58:02.176] [SEVERE ] updating countdown to 43809
[17:58:02.187] [SEVERE ] updating countdown to 43798
[17:58:02.198] [SEVERE ] updating countdown to 43787
[17:58:02.208] [SEVERE ] updating countdown to 43777
[17:58:02.219] [SEVERE ] updating countdown to 43766
[17:58:02.229] [SEVERE ] updating countdown to 43756
[17:58:02.240] [SEVERE ] updating countdown to 43745
[17:58:02.251] [SEVERE ] updating countdown to 43734
[17:58:02.261] [SEVERE ] updating countdown to 43724
[17:58:02.272] [SEVERE ] updating countdown to 43713
[17:58:02.282] [SEVERE ] updating countdown to 43703
[17:58:02.293] [SEVERE ] updating countdown to 43692
[17:58:02.304] [SEVERE ] updating countdown to 43681
[17:58:02.314] [SEVERE ] updating countdown to 43671
[17:58:02.325] [SEVERE ] updating countdown to 43660
[17:58:02.335] [SEVERE ] updating countdown to 43650
[17:58:02.346] [SEVERE ] updating countdown to 43639
[17:58:02.357] [SEVERE ] updating countdown to 43628
[17:58:02.368] [SEVERE ] updating countdown to 43617
[17:58:02.379] [SEVERE ] updating countdown to 43606
[17:58:02.390] [SEVERE ] updating countdown to 43595
[17:58:02.400] [SEVERE ] updating countdown to 43585
[17:58:02.411] [SEVERE ] updating countdown to 43574
[17:58:02.423] [SEVERE ] updating countdown to 43562
[17:58:02.433] [SEVERE ] updating countdown to 43552
[17:58:02.444] [SEVERE ] updating countdown to 43541
[17:58:02.454] [SEVERE ] updating countdown to 43531
[17:58:02.465] [SEVERE ] updating countdown to 43520
[17:58:02.476] [SEVERE ] updating countdown to 43509
[17:58:02.487] [SEVERE ] updating countdown to 43498
[17:58:02.498] [SEVERE ] updating countdown to 43487
[17:58:02.509] [SEVERE ] updating countdown to 43476
[17:58:02.520] [SEVERE ] updating countdown to 43465
[17:58:02.531] [SEVERE ] updating countdown to 43454
[17:58:02.542] [SEVERE ] updating countdown to 43443
[17:58:02.552] [SEVERE ] updating countdown to 43433
[17:58:02.563] [SEVERE ] updating countdown to 43422
[17:58:02.573] [SEVERE ] updating countdown to 43412
[17:58:02.584] [SEVERE ] updating countdown to 43401
[17:58:02.595] [SEVERE ] updating countdown to 43390
[17:58:02.605] [SEVERE ] updating countdown to 43380
[17:58:02.616] [SEVERE ] updating countdown to 43369
[17:58:02.626] [SEVERE ] updating countdown to 43359
[17:58:02.637] [SEVERE ] updating countdown to 43348
[17:58:02.647] [SEVERE ] updating countdown to 43338
[17:58:02.658] [SEVERE ] updating countdown to 43327
[17:58:02.670] [SEVERE ] updating countdown to 43315
[17:58:02.681] [SEVERE ] updating countdown to 43304
[17:58:02.691] [SEVERE ] updating countdown to 43294
[17:58:02.702] [SEVERE ] updating countdown to 43283
[17:58:02.713] [SEVERE ] updating countdown to 43272
[17:58:02.724] [SEVERE ] updating countdown to 43261
[17:58:02.735] [SEVERE ] updating countdown to 43250
[17:58:02.746] [SEVERE ] updating countdown to 43239
[17:58:02.756] [SEVERE ] updating countdown to 43229
[17:58:02.767] [SEVERE ] updating countdown to 43218
[17:58:02.778] [SEVERE ] updating countdown to 43207
[17:58:02.789] [SEVERE ] updating countdown to 43196
[17:58:02.799] [SEVERE ] updating countdown to 43186
[17:58:02.810] [SEVERE ] updating countdown to 43175
[17:58:02.821] [SEVERE ] updating countdown to 43164
[17:58:02.831] [SEVERE ] updating countdown to 43154
[17:58:02.842] [SEVERE ] updating countdown to 43143
[17:58:02.852] [SEVERE ] updating countdown to 43133
[17:58:02.863] [SEVERE ] updating countdown to 43122
[17:58:02.873] [SEVERE ] updating countdown to 43112
[17:58:02.884] [SEVERE ] updating countdown to 43101
[17:58:02.894] [SEVERE ] updating countdown to 43091
[17:58:02.905] [SEVERE ] updating countdown to 43080
[17:58:02.915] [SEVERE ] updating countdown to 43070
[17:58:02.926] [SEVERE ] updating countdown to 43059
[17:58:02.936] [SEVERE ] updating countdown to 43049
[17:58:02.947] [SEVERE ] updating countdown to 43038
[17:58:02.957] [SEVERE ] updating countdown to 43028
[17:58:02.968] [SEVERE ] updating countdown to 43017
[17:58:02.979] [SEVERE ] updating countdown to 43006
[17:58:02.989] [SEVERE ] updating countdown to 42996
[17:58:03.000] [SEVERE ] updating countdown to 42985
[17:58:03.011] [SEVERE ] updating countdown to 42974
[17:58:03.021] [SEVERE ] updating countdown to 42964
[17:58:03.032] [SEVERE ] updating countdown to 42953
[17:58:03.042] [SEVERE ] updating countdown to 42943
[17:58:03.053] [SEVERE ] updating countdown to 42932
[17:58:03.064] [SEVERE ] updating countdown to 42921
[17:58:03.074] [SEVERE ] updating countdown to 42911
[17:58:03.086] [SEVERE ] updating countdown to 42899
[17:58:03.097] [SEVERE ] updating countdown to 42888
[17:58:03.108] [SEVERE ] updating countdown to 42877
[17:58:03.118] [SEVERE ] updating countdown to 42867
[17:58:03.129] [SEVERE ] updating countdown to 42856
[17:58:03.140] [SEVERE ] updating countdown to 42845
[17:58:03.151] [SEVERE ] updating countdown to 42834
[17:58:03.161] [SEVERE ] updating countdown to 42824
[17:58:03.172] [SEVERE ] updating countdown to 42813
[17:58:03.183] [SEVERE ] updating countdown to 42802
[17:58:03.194] [SEVERE ] updating countdown to 42791
[17:58:03.205] [SEVERE ] updating countdown to 42780
[17:58:03.216] [SEVERE ] updating countdown to 42769
[17:58:03.226] [SEVERE ] updating countdown to 42759
[17:58:03.237] [SEVERE ] updating countdown to 42748
[17:58:03.247] [SEVERE ] updating countdown to 42738
[17:58:03.258] [SEVERE ] updating countdown to 42727
[17:58:03.268] [SEVERE ] updating countdown to 42717
[17:58:03.279] [SEVERE ] updating countdown to 42706
[17:58:03.292] [SEVERE ] updating countdown to 42693
[17:58:03.302] [SEVERE ] updating countdown to 42683
[17:58:03.313] [SEVERE ] updating countdown to 42672
[17:58:03.323] [SEVERE ] updating countdown to 42662
[17:58:03.334] [SEVERE ] updating countdown to 42651
[17:58:03.345] [SEVERE ] updating countdown to 42640
[17:58:03.356] [SEVERE ] updating countdown to 42629
[17:58:03.367] [SEVERE ] updating countdown to 42618
[17:58:03.378] [SEVERE ] updating countdown to 42607
[17:58:03.389] [SEVERE ] updating countdown to 42596
[17:58:03.400] [SEVERE ] updating countdown to 42585
[17:58:03.411] [SEVERE ] updating countdown to 42574
[17:58:03.422] [SEVERE ] updating countdown to 42563
[17:58:03.433] [SEVERE ] updating countdown to 42552
[17:58:03.444] [SEVERE ] updating countdown to 42541
[17:58:03.463] [SEVERE ] updating countdown to 42522
[17:58:03.474] [SEVERE ] updating countdown to 42511
[17:58:03.485] [SEVERE ] updating countdown to 42500
[17:58:03.495] [SEVERE ] updating countdown to 42490
[17:58:03.506] [SEVERE ] updating countdown to 42479
[17:58:03.517] [SEVERE ] updating countdown to 42468
[17:58:03.528] [SEVERE ] updating countdown to 42457
[17:58:03.538] [SEVERE ] updating countdown to 42447
[17:58:03.549] [SEVERE ] updating countdown to 42436
[17:58:03.559] [SEVERE ] updating countdown to 42426
[17:58:03.570] [SEVERE ] updating countdown to 42415
[17:58:03.581] [SEVERE ] updating countdown to 42404
[17:58:03.591] [SEVERE ] updating countdown to 42394
[17:58:03.602] [SEVERE ] updating countdown to 42383
[17:58:03.612] [SEVERE ] updating countdown to 42373
[17:58:03.623] [SEVERE ] updating countdown to 42362
[17:58:03.633] [SEVERE ] updating countdown to 42352
[17:58:03.644] [SEVERE ] updating countdown to 42341
[17:58:03.654] [SEVERE ] updating countdown to 42331
[17:58:03.665] [SEVERE ] updating countdown to 42320
[17:58:03.675] [SEVERE ] updating countdown to 42310
[17:58:03.686] [SEVERE ] updating countdown to 42299
[17:58:03.696] [SEVERE ] updating countdown to 42289
[17:58:03.707] [SEVERE ] updating countdown to 42278
[17:58:03.718] [SEVERE ] updating countdown to 42267
[17:58:03.728] [SEVERE ] updating countdown to 42257
[17:58:03.739] [SEVERE ] updating countdown to 42246
[17:58:03.750] [SEVERE ] updating countdown to 42235
[17:58:03.760] [SEVERE ] updating countdown to 42225
[17:58:03.771] [SEVERE ] updating countdown to 42214
[17:58:03.782] [SEVERE ] updating countdown to 42203
[17:58:03.792] [SEVERE ] updating countdown to 42193
[17:58:03.804] [SEVERE ] updating countdown to 42181
[17:58:03.815] [SEVERE ] updating countdown to 42170
[17:58:03.826] [SEVERE ] updating countdown to 42159
[17:58:03.837] [SEVERE ] updating countdown to 42148
[17:58:03.837] [SEVERE ] key 44 was pressed by player 2
[17:58:03.838] [SEVERE ] removing player 2 token from slot 9
[17:58:03.847] [SEVERE ] updating countdown to 42138
[17:58:03.858] [SEVERE ] updating countdown to 42127
[17:58:03.868] [SEVERE ] updating countdown to 42117
[17:58:03.879] [SEVERE ] updating countdown to 42106
[17:58:03.890] [SEVERE ] updating countdown to 42095
[17:58:03.900] [SEVERE ] updating countdown to 42085
[17:58:03.911] [SEVERE ] updating countdown to 42074
[17:58:03.922] [SEVERE ] updating countdown to 42063
[17:58:03.932] [SEVERE ] updating countdown to 42053
[17:58:03.943] [SEVERE ] updating countdown to 42042
[17:58:03.954] [SEVERE ] updating countdown to 42031
[17:58:03.965] [SEVERE ] updating countdown to 42020
[17:58:03.975] [SEVERE ] updating countdown to 42010
[17:58:03.986] [SEVERE ] updating countdown to 41999
[17:58:03.998] [SEVERE ] updating countdown to 41987
[17:58:04.008] [SEVERE ] updating countdown to 41977
[17:58:04.019] [SEVERE ] updating countdown to 41966
[17:58:04.030] [SEVERE ] updating countdown to 41955
[17:58:04.041] [SEVERE ] updating countdown to 41944
[17:58:04.052] [SEVERE ] updating countdown to 41933
[17:58:04.063] [SEVERE ] updating countdown to 41922
[17:58:04.073] [SEVERE ] updating countdown to 41912
[17:58:04.084] [SEVERE ] updating countdown to 41901
[17:58:04.094] [SEVERE ] updating countdown to 41891
[17:58:04.105] [SEVERE ] updating countdown to 41880
[17:58:04.125] [SEVERE ] updating countdown to 41860
[17:58:04.136] [SEVERE ] updating countdown to 41849
[17:58:04.146] [SEVERE ] updating countdown to 41839
[17:58:04.157] [SEVERE ] updating countdown to 41828
[17:58:04.167] [SEVERE ] updating countdown to 41818
[17:58:04.178] [SEVERE ] updating countdown to 41807
[17:58:04.189] [SEVERE ] updating countdown to 41796
[17:58:04.199] [SEVERE ] updating countdown to 41786
[17:58:04.210] [SEVERE ] updating countdown to 41775
[17:58:04.220] [SEVERE ] updating countdown to 41765
[17:58:04.231] [SEVERE ] updating countdown to 41754
[17:58:04.241] [SEVERE ] updating countdown to 41744
[17:58:04.252] [SEVERE ] updating countdown to 41733
[17:58:04.262] [SEVERE ] updating countdown to 41723
[17:58:04.273] [SEVERE ] updating countdown to 41712
[17:58:04.283] [SEVERE ] updating countdown to 41702
[17:58:04.294] [SEVERE ] updating countdown to 41691
[17:58:04.308] [SEVERE ] updating countdown to 41677
[17:58:04.319] [SEVERE ] updating countdown to 41666
[17:58:04.330] [SEVERE ] updating countdown to 41655
[17:58:04.340] [SEVERE ] updating countdown to 41645
[17:58:04.351] [SEVERE ] updating countdown to 41634
[17:58:04.362] [SEVERE ] updating countdown to 41623
[17:58:04.372] [SEVERE ] updating countdown to 41613
[17:58:04.383] [SEVERE ] updating countdown to 41602
[17:58:04.394] [SEVERE ] updating countdown to 41591
[17:58:04.405] [SEVERE ] updating countdown to 41580
[17:58:04.415] [SEVERE ] updating countdown to 41570
[17:58:04.426] [SEVERE ] updating countdown to 41559
[17:58:04.436] [SEVERE ] updating countdown to 41549
[17:58:04.447] [SEVERE ] updating countdown to 41538
[17:58:04.458] [SEVERE ] updating countdown to 41527
[17:58:04.468] [SEVERE ] updating countdown to 41517
[17:58:04.479] [SEVERE ] updating countdown to 41506
[17:58:04.491] [SEVERE ] updating countdown to 41494
[17:58:04.502] [SEVERE ] updating countdown to 41483
[17:58:04.513] [SEVERE ] updating countdown to 41472
[17:58:04.523] [SEVERE ] updating countdown to 41462
[17:58:04.534] [SEVERE ] updating countdown to 41451
[17:58:04.544] [SEVERE ] updating countdown to 41441
[17:58:04.555] [SEVERE ] updating countdown to 41430
[17:58:04.565] [SEVERE ] updating countdown to 41420
[17:58:04.576] [SEVERE ] updating countdown to 41409
[17:58:04.587] [SEVERE ] updating countdown to 41398
[17:58:04.598] [SEVERE ] updating countdown to 41387
[17:58:04.609] [SEVERE ] updating countdown to 41376
[17:58:04.620] [SEVERE ] updating countdown to 41365
[17:58:04.630] [SEVERE ] updating countdown to 41355
[17:58:04.641] [SEVERE ] updating countdown to 41344
[17:58:04.652] [SEVERE ] updating countdown to 41333
[17:58:04.663] [SEVERE ] updating countdown to 41322
[17:58:04.674] [SEVERE ] updating countdown to 41311
[17:58:04.684] [SEVERE ] updating countdown to 41301
[17:58:04.695] [SEVERE ] updating countdown to 41290
[17:58:04.706] [SEVERE ] updating countdown to 41279
[17:58:04.717] [SEVERE ] updating countdown to 41268
[17:58:04.727] [SEVERE ] updating countdown to 41258
[17:58:04.738] [SEVERE ] updating countdown to 41247
[17:58:04.749] [SEVERE ] updating countdown to 41236
[17:58:04.760] [SEVERE ] updating countdown to 41225
[17:58:04.771] [SEVERE ] updating countdown to 41214
[17:58:04.782] [SEVERE ] updating countdown to 41203
[17:58:04.794] [SEVERE ] updating countdown to 41191
[17:58:04.805] [SEVERE ] updating countdown to 41180
[17:58:04.816] [SEVERE ] updating countdown to 41169
[17:58:04.827] [SEVERE ] updating countdown to 41158
[17:58:04.838] [SEVERE ] updating countdown to 41147
[17:58:04.849] [SEVERE ] updating countdown to 41136
[17:58:04.860] [SEVERE ] updating countdown to 41125
[17:58:04.870] [SEVERE ] updating countdown to 41115
[17:58:04.881] [SEVERE ] updating countdown to 41104
[17:58:04.892] [SEVERE ] updating countdown to 41093
[17:58:04.903] [SEVERE ] updating countdown to 41082
[17:58:04.914] [SEVERE ] updating countdown to 41071
[17:58:04.926] [SEVERE ] updating countdown to 41059
[17:58:04.937] [SEVERE ] updating countdown to 41048
[17:58:04.948] [SEVERE ] updating countdown to 41037
[17:58:04.959] [SEVERE ] updating countdown to 41026
[17:58:04.970] [SEVERE ] updating countdown to 41015
[17:58:04.981] [SEVERE ] updating countdown to 41004
[17:58:04.992] [SEVERE ] updating countdown to 40993
[17:58:05.004] [SEVERE ] updating countdown to 40981
[17:58:05.015] [SEVERE ] updating countdown to 40970
[17:58:05.026] [SEVERE ] updating countdown to 40959
[17:58:05.037] [SEVERE ] updating countdown to 40948
[17:58:05.048] [SEVERE ] updating countdown to 40937
[17:58:05.058] [SEVERE ] updating countdown to 40927
[17:58:05.069] [SEVERE ] updating countdown to 40916
[17:58:05.080] [SEVERE ] updating countdown to 40905
[17:58:05.090] [SEVERE ] updating countdown to 40895
[17:58:05.101] [SEVERE ] updating countdown to 40884
[17:58:05.112] [SEVERE ] updating countdown to 40873
[17:58:05.151] [SEVERE ] updating countdown to 40834
[17:58:05.162] [SEVERE ] updating countdown to 40823
[17:58:05.174] [SEVERE ] updating countdown to 40811
[17:58:05.184] [SEVERE ] updating countdown to 40801
[17:58:05.195] [SEVERE ] updating countdown to 40790
[17:58:05.205] [SEVERE ] updating countdown to 40780
[17:58:05.216] [SEVERE ] updating countdown to 40769
[17:58:05.226] [SEVERE ] updating countdown to 40759
[17:58:05.237] [SEVERE ] updating countdown to 40748
[17:58:05.247] [SEVERE ] updating countdown to 40738
[17:58:05.257] [SEVERE ] updating countdown to 40728
[17:58:05.268] [SEVERE ] updating countdown to 40717
[17:58:05.279] [SEVERE ] updating countdown to 40706
[17:58:05.290] [SEVERE ] updating countdown to 40695
[17:58:05.301] [SEVERE ] updating countdown to 40684
[17:58:05.313] [SEVERE ] updating countdown to 40672
[17:58:05.324] [SEVERE ] updating countdown to 40661
[17:58:05.335] [SEVERE ] updating countdown to 40650
[17:58:05.347] [SEVERE ] updating countdown to 40638
[17:58:05.358] [SEVERE ] updating countdown to 40627
[17:58:05.369] [SEVERE ] updating countdown to 40616
[17:58:05.380] [SEVERE ] updating countdown to 40605
[17:58:05.391] [SEVERE ] updating countdown to 40594
[17:58:05.402] [SEVERE ] updating countdown to 40583
[17:58:05.413] [SEVERE ] updating countdown to 40572
[17:58:05.424] [SEVERE ] updating countdown to 40561
[17:58:05.435] [SEVERE ] updating countdown to 40550
[17:58:05.445] [SEVERE ] updating countdown to 40540
[17:58:05.456] [SEVERE ] updating countdown to 40529
[17:58:05.466] [SEVERE ] updating countdown to 40519
[17:58:05.477] [SEVERE ] updating countdown to 40508
[17:58:05.488] [SEVERE ] updating countdown to 40497
[17:58:05.498] [SEVERE ] updating countdown to 40487
[17:58:05.509] [SEVERE ] updating countdown to 40476
[17:58:05.519] [SEVERE ] updating countdown to 40466
[17:58:05.530] [SEVERE ] updating countdown to 40455
[17:58:05.540] [SEVERE ] updating countdown to 40445
[17:58:05.551] [SEVERE ] updating countdown to 40434
[17:58:05.561] [SEVERE ] updating countdown to 40424
[17:58:05.572] [SEVERE ] updating countdown to 40413
[17:58:05.582] [SEVERE ] updating countdown to 40403
[17:58:05.593] [SEVERE ] updating countdown to 40392
[17:58:05.603] [SEVERE ] updating countdown to 40382
[17:58:05.614] [SEVERE ] updating countdown to 40371
[17:58:05.624] [SEVERE ] updating countdown to 40361
[17:58:05.635] [SEVERE ] updating countdown to 40350
[17:58:05.645] [SEVERE ] updating countdown to 40340
[17:58:05.656] [SEVERE ] updating countdown to 40329
[17:58:05.666] [SEVERE ] updating countdown to 40319
[17:58:05.677] [SEVERE ] updating countdown to 40308
[17:58:05.688] [SEVERE ] updating countdown to 40297
[17:58:05.700] [SEVERE ] updating countdown to 40285
[17:58:05.711] [SEVERE ] updating countdown to 40274
[17:58:05.722] [SEVERE ] updating countdown to 40263
[17:58:05.733] [SEVERE ] updating countdown to 40252
[17:58:05.744] [SEVERE ] updating countdown to 40241
[17:58:05.755] [SEVERE ] updating countdown to 40230
[17:58:05.765] [SEVERE ] updating countdown to 40220
[17:58:05.776] [SEVERE ] updating countdown to 40209
[17:58:05.783] [SEVERE ] exit button pressed
[17:58:05.787] [SEVERE ] updating countdown to 40198
[17:58:05.788] [SEVERE ] updating countdown to 100197
[17:58:05.888] [SEVERE ] removing card from slot 0
[17:58:05.989] [SEVERE ] removing card from slot 1
[17:58:06.090] [SEVERE ] removing card from slot 2
[17:58:06.191] [SEVERE ] removing card from slot 3
[17:58:06.291] [SEVERE ] removing card from slot 4
[17:58:06.392] [SEVERE ] removing card from slot 5
[17:58:06.493] [SEVERE ] removing card from slot 6
[17:58:06.602] [SEVERE ] removing card from slot 7
[17:58:06.703] [SEVERE ] removing card from slot 8
[17:58:06.804] [SEVERE ] removing card from slot 9
[17:58:06.905] [SEVERE ] removing card from slot 10
[17:58:07.005] [SEVERE ] removing card from slot 11
[17:58:07.008] [SEVERE ] announcing winner(s): player 1, player 2
[17:58:07.009] [INFO   ] thread dealer terminated.
[17:58:07.010] [INFO   ] thread dealer terminated.
[17:58:07.010] [SEVERE ] thanks for playing... it was fun!
[17:58:07.011] [INFO   ] thread bguspl.set.Main.main() terminated.
