[17:58:18.106] [INFO   ] thread bguspl.set.Main.main() starting.
[17:58:18.117] [SEVERE ] cannot read configuration file config.properties trying from resources.
[17:58:18.123] [SEVERE ] configuration file was loaded from resources directory.
[17:58:19.310] [INFO   ] thread dealer starting.
[17:58:19.310] [INFO   ] thread dealer starting.
[17:58:19.312] [INFO   ] thread player 0 starting.
[17:58:19.312] [INFO   ] thread player 1 starting.
[17:58:19.313] [INFO   ] thread player 0 starting.
[17:58:19.313] [INFO   ] thread player 1 starting.
[17:58:19.417] [SEVERE ] placing card 0 in slot 0
[17:58:19.518] [SEVERE ] placing card 1 in slot 1
[17:58:19.619] [SEVERE ] placing card 2 in slot 2
[17:58:19.721] [SEVERE ] placing card 3 in slot 3
[17:58:19.822] [SEVERE ] placing card 4 in slot 4
[17:58:19.923] [SEVERE ] placing card 5 in slot 5
[17:58:20.025] [SEVERE ] placing card 6 in slot 6
[17:58:20.127] [SEVERE ] placing card 7 in slot 7
[17:58:20.228] [SEVERE ] placing card 8 in slot 8
[17:58:20.330] [SEVERE ] placing card 9 in slot 9
[17:58:20.431] [SEVERE ] placing card 10 in slot 10
[17:58:20.533] [SEVERE ] placing card 11 in slot 11
[17:58:20.544] [SEVERE ] updating countdown to 58754
[17:58:20.556] [SEVERE ] updating countdown to 58742
[17:58:20.567] [SEVERE ] updating countdown to 58732
[17:58:20.578] [SEVERE ] updating countdown to 58721
[17:58:20.589] [SEVERE ] updating countdown to 58709
[17:58:20.600] [SEVERE ] updating countdown to 58698
[17:58:20.611] [SEVERE ] updating countdown to 58687
[17:58:20.622] [SEVERE ] updating countdown to 58676
[17:58:20.634] [SEVERE ] updating countdown to 58664
[17:58:20.645] [SEVERE ] updating countdown to 58653
[17:58:20.656] [SEVERE ] updating countdown to 58642
[17:58:20.671] [SEVERE ] updating countdown to 58627
[17:58:20.683] [SEVERE ] updating countdown to 58615
[17:58:20.694] [SEVERE ] updating countdown to 58604
[17:58:20.705] [SEVERE ] updating countdown to 58593
[17:58:20.716] [SEVERE ] updating countdown to 58582
[17:58:20.727] [SEVERE ] updating countdown to 58571
[17:58:20.738] [SEVERE ] updating countdown to 58560
[17:58:20.748] [SEVERE ] updating countdown to 58550
[17:58:20.759] [SEVERE ] updating countdown to 58539
[17:58:20.770] [SEVERE ] updating countdown to 58528
[17:58:20.780] [SEVERE ] updating countdown to 58518
[17:58:20.791] [SEVERE ] updating countdown to 58507
[17:58:20.803] [SEVERE ] updating countdown to 58495
[17:58:20.813] [SEVERE ] updating countdown to 58485
[17:58:20.824] [SEVERE ] updating countdown to 58474
[17:58:20.835] [SEVERE ] updating countdown to 58463
[17:58:20.846] [SEVERE ] updating countdown to 58452
[17:58:20.857] [SEVERE ] updating countdown to 58441
[17:58:20.868] [SEVERE ] updating countdown to 58430
[17:58:20.878] [SEVERE ] updating countdown to 58420
[17:58:20.889] [SEVERE ] updating countdown to 58409
[17:58:20.900] [SEVERE ] updating countdown to 58398
[17:58:20.910] [SEVERE ] updating countdown to 58388
[17:58:20.921] [SEVERE ] updating countdown to 58377
[17:58:20.932] [SEVERE ] updating countdown to 58366
[17:58:20.942] [SEVERE ] updating countdown to 58356
[17:58:20.953] [SEVERE ] updating countdown to 58345
[17:58:20.964] [SEVERE ] updating countdown to 58334
[17:58:20.974] [SEVERE ] updating countdown to 58324
[17:58:20.985] [SEVERE ] updating countdown to 58313
[17:58:20.996] [SEVERE ] updating countdown to 58302
[17:58:21.006] [SEVERE ] updating countdown to 58292
[17:58:21.017] [SEVERE ] updating countdown to 58281
[17:58:21.027] [SEVERE ] updating countdown to 58271
[17:58:21.038] [SEVERE ] updating countdown to 58260
[17:58:21.049] [SEVERE ] updating countdown to 58249
[17:58:21.060] [SEVERE ] updating countdown to 58238
[17:58:21.070] [SEVERE ] updating countdown to 58228
[17:58:21.080] [SEVERE ] updating countdown to 58218
[17:58:21.091] [SEVERE ] updating countdown to 58207
[17:58:21.102] [SEVERE ] updating countdown to 58196
[17:58:21.112] [SEVERE ] updating countdown to 58186
[17:58:21.123] [SEVERE ] updating countdown to 58175
[17:58:21.133] [SEVERE ] updating countdown to 58165
[17:58:21.144] [SEVERE ] updating countdown to 58154
[17:58:21.154] [SEVERE ] updating countdown to 58144
[17:58:21.165] [SEVERE ] updating countdown to 58133
[17:58:21.176] [SEVERE ] updating countdown to 58122
[17:58:21.186] [SEVERE ] updating countdown to 58112
[17:58:21.197] [SEVERE ] updating countdown to 58101
[17:58:21.208] [SEVERE ] updating countdown to 58090
[17:58:21.220] [SEVERE ] updating countdown to 58078
[17:58:21.231] [SEVERE ] updating countdown to 58067
[17:58:21.241] [SEVERE ] updating countdown to 58057
[17:58:21.252] [SEVERE ] updating countdown to 58046
[17:58:21.263] [SEVERE ] updating countdown to 58035
[17:58:21.274] [SEVERE ] updating countdown to 58024
[17:58:21.284] [SEVERE ] updating countdown to 58014
[17:58:21.295] [SEVERE ] updating countdown to 58003
[17:58:21.306] [SEVERE ] updating countdown to 57992
[17:58:21.317] [SEVERE ] updating countdown to 57981
[17:58:21.327] [SEVERE ] updating countdown to 57971
[17:58:21.338] [SEVERE ] updating countdown to 57960
[17:58:21.349] [SEVERE ] updating countdown to 57949
[17:58:21.359] [SEVERE ] updating countdown to 57939
[17:58:21.370] [SEVERE ] updating countdown to 57928
[17:58:21.381] [SEVERE ] updating countdown to 57917
[17:58:21.392] [SEVERE ] updating countdown to 57906
[17:58:21.403] [SEVERE ] updating countdown to 57895
[17:58:21.414] [SEVERE ] updating countdown to 57884
[17:58:21.425] [SEVERE ] updating countdown to 57873
[17:58:21.436] [SEVERE ] updating countdown to 57862
[17:58:21.447] [SEVERE ] updating countdown to 57851
[17:58:21.458] [SEVERE ] updating countdown to 57840
[17:58:21.469] [SEVERE ] updating countdown to 57829
[17:58:21.480] [SEVERE ] updating countdown to 57818
[17:58:21.492] [SEVERE ] updating countdown to 57806
[17:58:21.502] [SEVERE ] updating countdown to 57796
[17:58:21.513] [SEVERE ] updating countdown to 57785
[17:58:21.524] [SEVERE ] updating countdown to 57774
[17:58:21.534] [SEVERE ] updating countdown to 57764
[17:58:21.545] [SEVERE ] updating countdown to 57753
[17:58:21.556] [SEVERE ] updating countdown to 57742
[17:58:21.566] [SEVERE ] updating countdown to 57732
[17:58:21.577] [SEVERE ] updating countdown to 57721
[17:58:21.588] [SEVERE ] updating countdown to 57710
[17:58:21.599] [SEVERE ] updating countdown to 57699
[17:58:21.612] [SEVERE ] updating countdown to 57686
[17:58:21.623] [SEVERE ] updating countdown to 57675
[17:58:21.634] [SEVERE ] updating countdown to 57664
[17:58:21.645] [SEVERE ] updating countdown to 57654
[17:58:21.655] [SEVERE ] updating countdown to 57643
[17:58:21.669] [SEVERE ] updating countdown to 57629
[17:58:21.680] [SEVERE ] updating countdown to 57618
[17:58:21.691] [SEVERE ] updating countdown to 57607
[17:58:21.702] [SEVERE ] updating countdown to 57596
[17:58:21.716] [SEVERE ] updating countdown to 57582
[17:58:21.727] [SEVERE ] updating countdown to 57571
[17:58:21.738] [SEVERE ] updating countdown to 57560
[17:58:21.749] [SEVERE ] updating countdown to 57549
[17:58:21.760] [SEVERE ] updating countdown to 57538
[17:58:21.771] [SEVERE ] updating countdown to 57527
[17:58:21.781] [SEVERE ] updating countdown to 57517
[17:58:21.792] [SEVERE ] updating countdown to 57506
[17:58:21.803] [SEVERE ] updating countdown to 57495
[17:58:21.814] [SEVERE ] updating countdown to 57484
[17:58:21.824] [SEVERE ] updating countdown to 57474
[17:58:21.835] [SEVERE ] updating countdown to 57463
[17:58:21.841] [SEVERE ] key 47 was pressed by player 2
[17:58:21.841] [SEVERE ] player 2 placing token on slot 11
[17:58:21.845] [SEVERE ] updating countdown to 57453
[17:58:21.857] [SEVERE ] updating countdown to 57441
[17:58:21.868] [SEVERE ] updating countdown to 57430
[17:58:21.879] [SEVERE ] updating countdown to 57419
[17:58:21.890] [SEVERE ] updating countdown to 57409
[17:58:21.901] [SEVERE ] updating countdown to 57397
[17:58:21.912] [SEVERE ] updating countdown to 57386
[17:58:21.923] [SEVERE ] updating countdown to 57375
[17:58:21.934] [SEVERE ] updating countdown to 57365
[17:58:21.944] [SEVERE ] updating countdown to 57354
[17:58:21.955] [SEVERE ] updating countdown to 57343
[17:58:21.966] [SEVERE ] updating countdown to 57332
[17:58:21.977] [SEVERE ] updating countdown to 57321
[17:58:21.988] [SEVERE ] updating countdown to 57310
[17:58:21.998] [SEVERE ] updating countdown to 57300
[17:58:22.009] [SEVERE ] updating countdown to 57289
[17:58:22.020] [SEVERE ] updating countdown to 57278
[17:58:22.031] [SEVERE ] updating countdown to 57267
[17:58:22.042] [SEVERE ] updating countdown to 57256
[17:58:22.052] [SEVERE ] updating countdown to 57246
[17:58:22.063] [SEVERE ] updating countdown to 57235
[17:58:22.074] [SEVERE ] updating countdown to 57224
[17:58:22.084] [SEVERE ] updating countdown to 57214
[17:58:22.095] [SEVERE ] updating countdown to 57203
[17:58:22.105] [SEVERE ] updating countdown to 57193
[17:58:22.116] [SEVERE ] updating countdown to 57182
[17:58:22.127] [SEVERE ] updating countdown to 57171
[17:58:22.137] [SEVERE ] updating countdown to 57161
[17:58:22.148] [SEVERE ] updating countdown to 57150
[17:58:22.158] [SEVERE ] updating countdown to 57140
[17:58:22.169] [SEVERE ] updating countdown to 57129
[17:58:22.179] [SEVERE ] updating countdown to 57119
[17:58:22.190] [SEVERE ] updating countdown to 57108
[17:58:22.201] [SEVERE ] updating countdown to 57097
[17:58:22.211] [SEVERE ] updating countdown to 57087
[17:58:22.222] [SEVERE ] updating countdown to 57076
[17:58:22.233] [SEVERE ] updating countdown to 57065
[17:58:22.243] [SEVERE ] updating countdown to 57055
[17:58:22.254] [SEVERE ] updating countdown to 57044
[17:58:22.275] [SEVERE ] updating countdown to 57023
[17:58:22.286] [SEVERE ] updating countdown to 57012
[17:58:22.296] [SEVERE ] updating countdown to 57002
[17:58:22.307] [SEVERE ] updating countdown to 56991
[17:58:22.318] [SEVERE ] updating countdown to 56980
[17:58:22.329] [SEVERE ] updating countdown to 56969
[17:58:22.339] [SEVERE ] updating countdown to 56959
[17:58:22.350] [SEVERE ] updating countdown to 56948
[17:58:22.361] [SEVERE ] updating countdown to 56937
[17:58:22.371] [SEVERE ] updating countdown to 56927
[17:58:22.382] [SEVERE ] updating countdown to 56916
[17:58:22.393] [SEVERE ] updating countdown to 56905
[17:58:22.404] [SEVERE ] updating countdown to 56894
[17:58:22.415] [SEVERE ] updating countdown to 56883
[17:58:22.426] [SEVERE ] updating countdown to 56872
[17:58:22.437] [SEVERE ] updating countdown to 56861
[17:58:22.448] [SEVERE ] updating countdown to 56850
[17:58:22.459] [SEVERE ] updating countdown to 56839
[17:58:22.470] [SEVERE ] updating countdown to 56828
[17:58:22.481] [SEVERE ] updating countdown to 56817
[17:58:22.492] [SEVERE ] updating countdown to 56806
[17:58:22.502] [SEVERE ] updating countdown to 56796
[17:58:22.513] [SEVERE ] updating countdown to 56785
[17:58:22.524] [SEVERE ] updating countdown to 56775
[17:58:22.534] [SEVERE ] updating countdown to 56764
[17:58:22.545] [SEVERE ] updating countdown to 56753
[17:58:22.556] [SEVERE ] updating countdown to 56742
[17:58:22.566] [SEVERE ] updating countdown to 56732
[17:58:22.577] [SEVERE ] updating countdown to 56721
[17:58:22.588] [SEVERE ] updating countdown to 56710
[17:58:22.625] [SEVERE ] updating countdown to 56673
[17:58:22.687] [SEVERE ] updating countdown to 56611
[17:58:22.703] [SEVERE ] updating countdown to 56595
[17:58:22.714] [SEVERE ] updating countdown to 56584
[17:58:22.733] [SEVERE ] updating countdown to 56565
[17:58:22.743] [SEVERE ] updating countdown to 56555
[17:58:22.754] [SEVERE ] updating countdown to 56544
[17:58:22.765] [SEVERE ] updating countdown to 56533
[17:58:22.776] [SEVERE ] updating countdown to 56522
[17:58:22.787] [SEVERE ] updating countdown to 56511
[17:58:22.798] [SEVERE ] updating countdown to 56500
[17:58:22.808] [SEVERE ] updating countdown to 56490
[17:58:22.819] [SEVERE ] updating countdown to 56479
[17:58:22.830] [SEVERE ] updating countdown to 56468
[17:58:22.840] [SEVERE ] updating countdown to 56458
[17:58:22.851] [SEVERE ] updating countdown to 56447
[17:58:22.862] [SEVERE ] updating countdown to 56436
[17:58:22.872] [SEVERE ] updating countdown to 56426
[17:58:22.883] [SEVERE ] updating countdown to 56415
[17:58:22.894] [SEVERE ] updating countdown to 56404
[17:58:22.904] [SEVERE ] updating countdown to 56394
[17:58:22.915] [SEVERE ] updating countdown to 56383
[17:58:22.926] [SEVERE ] updating countdown to 56372
[17:58:22.936] [SEVERE ] updating countdown to 56362
[17:58:22.947] [SEVERE ] updating countdown to 56351
[17:58:22.958] [SEVERE ] updating countdown to 56340
[17:58:22.968] [SEVERE ] updating countdown to 56330
[17:58:22.979] [SEVERE ] updating countdown to 56319
[17:58:22.989] [SEVERE ] updating countdown to 56309
[17:58:23.000] [SEVERE ] updating countdown to 56298
[17:58:23.011] [SEVERE ] updating countdown to 56287
[17:58:23.021] [SEVERE ] updating countdown to 56277
[17:58:23.032] [SEVERE ] updating countdown to 56266
[17:58:23.043] [SEVERE ] updating countdown to 56255
[17:58:23.053] [SEVERE ] updating countdown to 56245
[17:58:23.064] [SEVERE ] updating countdown to 56234
[17:58:23.075] [SEVERE ] updating countdown to 56223
[17:58:23.086] [SEVERE ] updating countdown to 56212
[17:58:23.096] [SEVERE ] updating countdown to 56202
[17:58:23.107] [SEVERE ] updating countdown to 56191
[17:58:23.118] [SEVERE ] updating countdown to 56180
[17:58:23.128] [SEVERE ] updating countdown to 56170
[17:58:23.139] [SEVERE ] updating countdown to 56159
[17:58:23.150] [SEVERE ] updating countdown to 56148
[17:58:23.161] [SEVERE ] updating countdown to 56137
[17:58:23.172] [SEVERE ] updating countdown to 56126
[17:58:23.183] [SEVERE ] updating countdown to 56115
[17:58:23.184] [SEVERE ] key 47 was pressed by player 2
[17:58:23.185] [SEVERE ] removing player 2 token from slot 11
[17:58:23.193] [SEVERE ] updating countdown to 56105
[17:58:23.204] [SEVERE ] updating countdown to 56094
[17:58:23.215] [SEVERE ] updating countdown to 56083
[17:58:23.226] [SEVERE ] updating countdown to 56072
[17:58:23.237] [SEVERE ] updating countdown to 56061
[17:58:23.247] [SEVERE ] updating countdown to 56051
[17:58:23.258] [SEVERE ] updating countdown to 56040
[17:58:23.269] [SEVERE ] updating countdown to 56029
[17:58:23.280] [SEVERE ] updating countdown to 56018
[17:58:23.290] [SEVERE ] updating countdown to 56008
[17:58:23.301] [SEVERE ] updating countdown to 55997
[17:58:23.311] [SEVERE ] updating countdown to 55987
[17:58:23.322] [SEVERE ] updating countdown to 55976
[17:58:23.334] [SEVERE ] updating countdown to 55964
[17:58:23.345] [SEVERE ] updating countdown to 55953
[17:58:23.356] [SEVERE ] updating countdown to 55942
[17:58:23.367] [SEVERE ] updating countdown to 55931
[17:58:23.378] [SEVERE ] updating countdown to 55920
[17:58:23.390] [SEVERE ] updating countdown to 55908
[17:58:23.401] [SEVERE ] updating countdown to 55897
[17:58:23.412] [SEVERE ] updating countdown to 55886
[17:58:23.423] [SEVERE ] updating countdown to 55875
[17:58:23.434] [SEVERE ] updating countdown to 55864
[17:58:23.445] [SEVERE ] updating countdown to 55853
[17:58:23.456] [SEVERE ] updating countdown to 55842
[17:58:23.467] [SEVERE ] updating countdown to 55831
[17:58:23.478] [SEVERE ] updating countdown to 55820
[17:58:23.489] [SEVERE ] updating countdown to 55809
[17:58:23.500] [SEVERE ] updating countdown to 55798
[17:58:23.510] [SEVERE ] updating countdown to 55788
[17:58:23.522] [SEVERE ] updating countdown to 55776
[17:58:23.532] [SEVERE ] updating countdown to 55766
[17:58:23.547] [SEVERE ] updating countdown to 55752
[17:58:23.557] [SEVERE ] updating countdown to 55741
[17:58:23.569] [SEVERE ] updating countdown to 55729
[17:58:23.580] [SEVERE ] updating countdown to 55718
[17:58:23.590] [SEVERE ] updating countdown to 55708
[17:58:23.602] [SEVERE ] updating countdown to 55697
[17:58:23.612] [SEVERE ] updating countdown to 55686
[17:58:23.623] [SEVERE ] updating countdown to 55675
[17:58:23.625] [SEVERE ] key 47 was pressed by player 2
[17:58:23.626] [SEVERE ] player 2 placing token on slot 11
[17:58:23.633] [SEVERE ] updating countdown to 55665
[17:58:23.644] [SEVERE ] updating countdown to 55654
[17:58:23.655] [SEVERE ] updating countdown to 55643
[17:58:23.666] [SEVERE ] updating countdown to 55632
[17:58:23.677] [SEVERE ] updating countdown to 55621
[17:58:23.688] [SEVERE ] updating countdown to 55610
[17:58:23.699] [SEVERE ] updating countdown to 55599
[17:58:23.710] [SEVERE ] updating countdown to 55588
[17:58:23.720] [SEVERE ] updating countdown to 55578
[17:58:23.733] [SEVERE ] updating countdown to 55565
[17:58:23.744] [SEVERE ] updating countdown to 55554
[17:58:23.755] [SEVERE ] updating countdown to 55543
[17:58:23.765] [SEVERE ] updating countdown to 55533
[17:58:23.776] [SEVERE ] updating countdown to 55522
[17:58:23.787] [SEVERE ] updating countdown to 55511
[17:58:23.798] [SEVERE ] updating countdown to 55501
[17:58:23.808] [SEVERE ] updating countdown to 55490
[17:58:23.819] [SEVERE ] updating countdown to 55479
[17:58:23.830] [SEVERE ] updating countdown to 55468
[17:58:23.840] [SEVERE ] updating countdown to 55458
[17:58:23.851] [SEVERE ] updating countdown to 55447
[17:58:23.861] [SEVERE ] updating countdown to 55437
[17:58:23.872] [SEVERE ] updating countdown to 55426
[17:58:23.883] [SEVERE ] updating countdown to 55415
[17:58:23.894] [SEVERE ] updating countdown to 55404
[17:58:23.904] [SEVERE ] updating countdown to 55394
[17:58:23.915] [SEVERE ] updating countdown to 55383
[17:58:23.926] [SEVERE ] updating countdown to 55372
[17:58:23.937] [SEVERE ] updating countdown to 55361
[17:58:23.947] [SEVERE ] updating countdown to 55351
[17:58:23.958] [SEVERE ] updating countdown to 55340
[17:58:23.969] [SEVERE ] updating countdown to 55329
[17:58:23.980] [SEVERE ] updating countdown to 55318
[17:58:23.991] [SEVERE ] updating countdown to 55307
[17:58:24.002] [SEVERE ] updating countdown to 55296
[17:58:24.013] [SEVERE ] updating countdown to 55285
[17:58:24.024] [SEVERE ] updating countdown to 55274
[17:58:24.035] [SEVERE ] updating countdown to 55263
[17:58:24.045] [SEVERE ] updating countdown to 55253
[17:58:24.056] [SEVERE ] updating countdown to 55242
[17:58:24.067] [SEVERE ] updating countdown to 55231
[17:58:24.077] [SEVERE ] updating countdown to 55221
[17:58:24.088] [SEVERE ] updating countdown to 55210
[17:58:24.098] [SEVERE ] updating countdown to 55200
[17:58:24.109] [SEVERE ] updating countdown to 55189
[17:58:24.120] [SEVERE ] updating countdown to 55178
[17:58:24.131] [SEVERE ] updating countdown to 55167
[17:58:24.141] [SEVERE ] updating countdown to 55157
[17:58:24.152] [SEVERE ] updating countdown to 55146
[17:58:24.162] [SEVERE ] updating countdown to 55136
[17:58:24.173] [SEVERE ] updating countdown to 55125
[17:58:24.184] [SEVERE ] updating countdown to 55114
[17:58:24.194] [SEVERE ] updating countdown to 55104
[17:58:24.202] [SEVERE ] key 47 was pressed by player 2
[17:58:24.203] [SEVERE ] removing player 2 token from slot 11
[17:58:24.205] [SEVERE ] updating countdown to 55093
[17:58:24.216] [SEVERE ] updating countdown to 55082
[17:58:24.226] [SEVERE ] updating countdown to 55072
[17:58:24.237] [SEVERE ] updating countdown to 55061
[17:58:24.248] [SEVERE ] updating countdown to 55050
[17:58:24.258] [SEVERE ] updating countdown to 55040
[17:58:24.269] [SEVERE ] updating countdown to 55029
[17:58:24.279] [SEVERE ] updating countdown to 55019
[17:58:24.294] [SEVERE ] updating countdown to 55004
[17:58:24.305] [SEVERE ] updating countdown to 54993
[17:58:24.316] [SEVERE ] updating countdown to 54982
[17:58:24.327] [SEVERE ] updating countdown to 54971
[17:58:24.338] [SEVERE ] updating countdown to 54961
[17:58:24.348] [SEVERE ] updating countdown to 54950
[17:58:24.359] [SEVERE ] updating countdown to 54939
[17:58:24.370] [SEVERE ] updating countdown to 54928
[17:58:24.381] [SEVERE ] updating countdown to 54917
[17:58:24.391] [SEVERE ] updating countdown to 54907
[17:58:24.402] [SEVERE ] updating countdown to 54896
[17:58:24.412] [SEVERE ] updating countdown to 54886
[17:58:24.423] [SEVERE ] updating countdown to 54875
[17:58:24.433] [SEVERE ] updating countdown to 54865
[17:58:24.444] [SEVERE ] updating countdown to 54854
[17:58:24.455] [SEVERE ] updating countdown to 54843
[17:58:24.465] [SEVERE ] updating countdown to 54833
[17:58:24.476] [SEVERE ] updating countdown to 54822
[17:58:24.486] [SEVERE ] updating countdown to 54812
[17:58:24.498] [SEVERE ] updating countdown to 54800
[17:58:24.509] [SEVERE ] updating countdown to 54789
[17:58:24.519] [SEVERE ] updating countdown to 54779
[17:58:24.530] [SEVERE ] updating countdown to 54768
[17:58:24.540] [SEVERE ] updating countdown to 54758
[17:58:24.551] [SEVERE ] updating countdown to 54747
[17:58:24.561] [SEVERE ] updating countdown to 54737
[17:58:24.572] [SEVERE ] updating countdown to 54726
[17:58:24.582] [SEVERE ] updating countdown to 54716
[17:58:24.593] [SEVERE ] updating countdown to 54705
[17:58:24.603] [SEVERE ] updating countdown to 54695
[17:58:24.614] [SEVERE ] updating countdown to 54684
[17:58:24.625] [SEVERE ] updating countdown to 54673
[17:58:24.635] [SEVERE ] updating countdown to 54663
[17:58:24.646] [SEVERE ] updating countdown to 54652
[17:58:24.656] [SEVERE ] updating countdown to 54642
[17:58:24.667] [SEVERE ] updating countdown to 54631
[17:58:24.677] [SEVERE ] updating countdown to 54621
[17:58:24.688] [SEVERE ] updating countdown to 54610
[17:58:24.698] [SEVERE ] updating countdown to 54600
[17:58:24.709] [SEVERE ] updating countdown to 54589
[17:58:24.719] [SEVERE ] updating countdown to 54579
[17:58:24.740] [SEVERE ] updating countdown to 54558
[17:58:24.751] [SEVERE ] updating countdown to 54547
[17:58:24.772] [SEVERE ] updating countdown to 54526
[17:58:24.785] [SEVERE ] updating countdown to 54513
[17:58:24.799] [SEVERE ] updating countdown to 54499
[17:58:24.839] [SEVERE ] updating countdown to 54459
[17:58:24.850] [SEVERE ] updating countdown to 54448
[17:58:24.861] [SEVERE ] updating countdown to 54437
[17:58:24.871] [SEVERE ] updating countdown to 54427
[17:58:24.882] [SEVERE ] updating countdown to 54416
[17:58:24.893] [SEVERE ] updating countdown to 54405
[17:58:24.903] [SEVERE ] updating countdown to 54395
[17:58:24.914] [SEVERE ] updating countdown to 54384
[17:58:24.925] [SEVERE ] updating countdown to 54373
[17:58:24.936] [SEVERE ] updating countdown to 54362
[17:58:24.947] [SEVERE ] updating countdown to 54351
[17:58:24.957] [SEVERE ] updating countdown to 54341
[17:58:24.968] [SEVERE ] updating countdown to 54330
[17:58:24.979] [SEVERE ] updating countdown to 54319
[17:58:24.990] [SEVERE ] updating countdown to 54308
[17:58:25.001] [SEVERE ] updating countdown to 54297
[17:58:25.013] [SEVERE ] updating countdown to 54285
[17:58:25.024] [SEVERE ] updating countdown to 54274
[17:58:25.041] [SEVERE ] updating countdown to 54257
[17:58:25.052] [SEVERE ] updating countdown to 54246
[17:58:25.063] [SEVERE ] updating countdown to 54235
[17:58:25.074] [SEVERE ] updating countdown to 54224
[17:58:25.085] [SEVERE ] updating countdown to 54213
[17:58:25.096] [SEVERE ] updating countdown to 54202
[17:58:25.107] [SEVERE ] updating countdown to 54191
[17:58:25.118] [SEVERE ] updating countdown to 54180
[17:58:25.129] [SEVERE ] updating countdown to 54169
[17:58:25.140] [SEVERE ] updating countdown to 54158
[17:58:25.151] [SEVERE ] updating countdown to 54147
[17:58:25.162] [SEVERE ] updating countdown to 54136
[17:58:25.172] [SEVERE ] updating countdown to 54126
[17:58:25.183] [SEVERE ] updating countdown to 54115
[17:58:25.194] [SEVERE ] updating countdown to 54104
[17:58:25.205] [SEVERE ] updating countdown to 54093
[17:58:25.216] [SEVERE ] updating countdown to 54082
[17:58:25.227] [SEVERE ] updating countdown to 54071
[17:58:25.238] [SEVERE ] updating countdown to 54060
[17:58:25.248] [SEVERE ] updating countdown to 54050
[17:58:25.259] [SEVERE ] updating countdown to 54039
[17:58:25.269] [SEVERE ] updating countdown to 54029
[17:58:25.280] [SEVERE ] updating countdown to 54018
[17:58:25.290] [SEVERE ] updating countdown to 54008
[17:58:25.301] [SEVERE ] updating countdown to 53997
[17:58:25.311] [SEVERE ] updating countdown to 53987
[17:58:25.322] [SEVERE ] updating countdown to 53976
[17:58:25.333] [SEVERE ] updating countdown to 53965
[17:58:25.343] [SEVERE ] updating countdown to 53955
[17:58:25.354] [SEVERE ] updating countdown to 53944
[17:58:25.365] [SEVERE ] updating countdown to 53933
[17:58:25.376] [SEVERE ] updating countdown to 53922
[17:58:25.386] [SEVERE ] updating countdown to 53912
[17:58:25.397] [SEVERE ] updating countdown to 53901
[17:58:25.408] [SEVERE ] updating countdown to 53890
[17:58:25.419] [SEVERE ] updating countdown to 53879
[17:58:25.433] [SEVERE ] updating countdown to 53865
[17:58:25.444] [SEVERE ] updating countdown to 53854
[17:58:25.456] [SEVERE ] updating countdown to 53842
[17:58:25.467] [SEVERE ] updating countdown to 53831
[17:58:25.478] [SEVERE ] updating countdown to 53821
[17:58:25.488] [SEVERE ] updating countdown to 53810
[17:58:25.499] [SEVERE ] updating countdown to 53799
[17:58:25.509] [SEVERE ] updating countdown to 53789
[17:58:25.520] [SEVERE ] updating countdown to 53778
[17:58:25.531] [SEVERE ] updating countdown to 53767
[17:58:25.542] [SEVERE ] updating countdown to 53756
[17:58:25.552] [SEVERE ] updating countdown to 53746
[17:58:25.563] [SEVERE ] updating countdown to 53735
[17:58:25.573] [SEVERE ] updating countdown to 53725
[17:58:25.584] [SEVERE ] updating countdown to 53714
[17:58:25.594] [SEVERE ] updating countdown to 53704
[17:58:25.605] [SEVERE ] updating countdown to 53693
[17:58:25.615] [SEVERE ] updating countdown to 53683
[17:58:25.626] [SEVERE ] updating countdown to 53672
[17:58:25.637] [SEVERE ] updating countdown to 53662
[17:58:25.647] [SEVERE ] updating countdown to 53651
[17:58:25.658] [SEVERE ] updating countdown to 53640
[17:58:25.668] [SEVERE ] updating countdown to 53630
[17:58:25.679] [SEVERE ] updating countdown to 53619
[17:58:25.690] [SEVERE ] updating countdown to 53608
[17:58:25.702] [SEVERE ] updating countdown to 53596
[17:58:25.713] [SEVERE ] updating countdown to 53585
[17:58:25.724] [SEVERE ] updating countdown to 53574
[17:58:25.735] [SEVERE ] updating countdown to 53563
[17:58:25.747] [SEVERE ] updating countdown to 53551
[17:58:25.758] [SEVERE ] updating countdown to 53540
[17:58:25.768] [SEVERE ] updating countdown to 53530
[17:58:25.779] [SEVERE ] updating countdown to 53519
[17:58:25.789] [SEVERE ] updating countdown to 53509
[17:58:25.800] [SEVERE ] updating countdown to 53498
[17:58:25.811] [SEVERE ] updating countdown to 53487
[17:58:25.822] [SEVERE ] updating countdown to 53476
[17:58:25.833] [SEVERE ] updating countdown to 53465
[17:58:25.844] [SEVERE ] updating countdown to 53454
[17:58:25.855] [SEVERE ] updating countdown to 53443
[17:58:25.869] [SEVERE ] updating countdown to 53429
[17:58:25.880] [SEVERE ] updating countdown to 53418
[17:58:25.891] [SEVERE ] updating countdown to 53407
[17:58:25.902] [SEVERE ] updating countdown to 53396
[17:58:25.913] [SEVERE ] updating countdown to 53386
[17:58:25.926] [SEVERE ] updating countdown to 53372
[17:58:25.937] [SEVERE ] updating countdown to 53361
[17:58:25.947] [SEVERE ] updating countdown to 53351
[17:58:25.958] [SEVERE ] updating countdown to 53340
[17:58:25.969] [SEVERE ] updating countdown to 53329
[17:58:25.980] [SEVERE ] updating countdown to 53318
[17:58:25.996] [SEVERE ] updating countdown to 53302
[17:58:26.007] [SEVERE ] updating countdown to 53291
[17:58:26.018] [SEVERE ] updating countdown to 53280
[17:58:26.031] [SEVERE ] updating countdown to 53267
[17:58:26.042] [SEVERE ] updating countdown to 53256
[17:58:26.053] [SEVERE ] updating countdown to 53245
[17:58:26.065] [SEVERE ] updating countdown to 53233
[17:58:26.096] [SEVERE ] updating countdown to 53202
[17:58:26.107] [SEVERE ] updating countdown to 53191
[17:58:26.118] [SEVERE ] updating countdown to 53180
[17:58:26.134] [SEVERE ] updating countdown to 53164
[17:58:26.144] [SEVERE ] updating countdown to 53154
[17:58:26.155] [SEVERE ] updating countdown to 53143
[17:58:26.166] [SEVERE ] updating countdown to 53132
[17:58:26.176] [SEVERE ] updating countdown to 53122
[17:58:26.187] [SEVERE ] updating countdown to 53111
[17:58:26.198] [SEVERE ] updating countdown to 53100
[17:58:26.208] [SEVERE ] updating countdown to 53090
[17:58:26.219] [SEVERE ] updating countdown to 53079
[17:58:26.229] [SEVERE ] updating countdown to 53069
[17:58:26.240] [SEVERE ] updating countdown to 53058
[17:58:26.251] [SEVERE ] updating countdown to 53047
[17:58:26.261] [SEVERE ] updating countdown to 53037
[17:58:26.272] [SEVERE ] updating countdown to 53026
[17:58:26.282] [SEVERE ] updating countdown to 53016
[17:58:26.297] [SEVERE ] updating countdown to 53001
[17:58:26.308] [SEVERE ] updating countdown to 52990
[17:58:26.318] [SEVERE ] updating countdown to 52980
[17:58:26.329] [SEVERE ] updating countdown to 52969
[17:58:26.340] [SEVERE ] updating countdown to 52958
[17:58:26.351] [SEVERE ] updating countdown to 52947
[17:58:26.361] [SEVERE ] updating countdown to 52937
[17:58:26.375] [SEVERE ] updating countdown to 52923
[17:58:26.386] [SEVERE ] updating countdown to 52912
[17:58:26.397] [SEVERE ] updating countdown to 52901
[17:58:26.407] [SEVERE ] updating countdown to 52891
[17:58:26.418] [SEVERE ] updating countdown to 52880
[17:58:26.429] [SEVERE ] updating countdown to 52869
[17:58:26.439] [SEVERE ] updating countdown to 52859
[17:58:26.450] [SEVERE ] updating countdown to 52848
[17:58:26.461] [SEVERE ] updating countdown to 52837
[17:58:26.471] [SEVERE ] updating countdown to 52827
[17:58:26.482] [SEVERE ] updating countdown to 52816
[17:58:26.497] [SEVERE ] updating countdown to 52801
[17:58:26.508] [SEVERE ] updating countdown to 52790
[17:58:26.518] [SEVERE ] updating countdown to 52780
[17:58:26.529] [SEVERE ] updating countdown to 52769
[17:58:26.539] [SEVERE ] updating countdown to 52759
[17:58:26.549] [SEVERE ] updating countdown to 52749
[17:58:26.561] [SEVERE ] updating countdown to 52737
[17:58:26.572] [SEVERE ] updating countdown to 52726
[17:58:26.582] [SEVERE ] updating countdown to 52716
[17:58:26.593] [SEVERE ] updating countdown to 52705
[17:58:26.603] [SEVERE ] updating countdown to 52695
[17:58:26.614] [SEVERE ] updating countdown to 52684
[17:58:26.624] [SEVERE ] updating countdown to 52674
[17:58:26.635] [SEVERE ] updating countdown to 52663
[17:58:26.646] [SEVERE ] updating countdown to 52652
[17:58:26.656] [SEVERE ] updating countdown to 52642
[17:58:26.667] [SEVERE ] updating countdown to 52631
[17:58:26.677] [SEVERE ] updating countdown to 52621
[17:58:26.688] [SEVERE ] updating countdown to 52610
[17:58:26.698] [SEVERE ] updating countdown to 52600
[17:58:26.709] [SEVERE ] updating countdown to 52589
[17:58:26.719] [SEVERE ] updating countdown to 52579
[17:58:26.730] [SEVERE ] updating countdown to 52568
[17:58:26.741] [SEVERE ] updating countdown to 52557
[17:58:26.772] [SEVERE ] updating countdown to 52526
[17:58:26.801] [SEVERE ] updating countdown to 52497
[17:58:26.825] [SEVERE ] updating countdown to 52473
[17:58:26.836] [SEVERE ] updating countdown to 52462
[17:58:26.846] [SEVERE ] updating countdown to 52452
[17:58:26.857] [SEVERE ] updating countdown to 52441
[17:58:26.869] [SEVERE ] updating countdown to 52429
[17:58:26.879] [SEVERE ] updating countdown to 52419
[17:58:26.890] [SEVERE ] updating countdown to 52408
[17:58:26.901] [SEVERE ] updating countdown to 52397
[17:58:26.912] [SEVERE ] updating countdown to 52386
[17:58:26.922] [SEVERE ] updating countdown to 52376
[17:58:26.933] [SEVERE ] updating countdown to 52365
[17:58:26.944] [SEVERE ] updating countdown to 52354
[17:58:26.955] [SEVERE ] updating countdown to 52343
[17:58:26.965] [SEVERE ] updating countdown to 52333
[17:58:26.976] [SEVERE ] updating countdown to 52322
[17:58:26.984] [SEVERE ] key 47 was pressed by player 2
[17:58:26.985] [SEVERE ] player 2 placing token on slot 11
[17:58:26.987] [SEVERE ] updating countdown to 52311
[17:58:26.997] [SEVERE ] updating countdown to 52301
[17:58:27.008] [SEVERE ] updating countdown to 52290
[17:58:27.019] [SEVERE ] updating countdown to 52279
[17:58:27.030] [SEVERE ] updating countdown to 52268
[17:58:27.040] [SEVERE ] updating countdown to 52258
[17:58:27.051] [SEVERE ] updating countdown to 52247
[17:58:27.061] [SEVERE ] updating countdown to 52237
[17:58:27.072] [SEVERE ] updating countdown to 52226
[17:58:27.083] [SEVERE ] updating countdown to 52215
[17:58:27.094] [SEVERE ] updating countdown to 52204
[17:58:27.105] [SEVERE ] updating countdown to 52193
[17:58:27.116] [SEVERE ] updating countdown to 52182
[17:58:27.126] [SEVERE ] updating countdown to 52172
[17:58:27.137] [SEVERE ] updating countdown to 52161
[17:58:27.147] [SEVERE ] updating countdown to 52151
[17:58:27.158] [SEVERE ] updating countdown to 52140
[17:58:27.169] [SEVERE ] updating countdown to 52129
[17:58:27.181] [SEVERE ] updating countdown to 52117
[17:58:27.192] [SEVERE ] updating countdown to 52106
[17:58:27.203] [SEVERE ] updating countdown to 52095
[17:58:27.214] [SEVERE ] updating countdown to 52084
[17:58:27.225] [SEVERE ] updating countdown to 52073
[17:58:27.236] [SEVERE ] updating countdown to 52062
[17:58:27.247] [SEVERE ] updating countdown to 52051
[17:58:27.258] [SEVERE ] updating countdown to 52040
[17:58:27.268] [SEVERE ] updating countdown to 52030
[17:58:27.279] [SEVERE ] updating countdown to 52019
[17:58:27.290] [SEVERE ] updating countdown to 52008
[17:58:27.301] [SEVERE ] updating countdown to 51997
[17:58:27.312] [SEVERE ] updating countdown to 51986
[17:58:27.323] [SEVERE ] updating countdown to 51975
[17:58:27.334] [SEVERE ] updating countdown to 51964
[17:58:27.345] [SEVERE ] updating countdown to 51953
[17:58:27.356] [SEVERE ] updating countdown to 51942
[17:58:27.366] [SEVERE ] updating countdown to 51932
[17:58:27.377] [SEVERE ] updating countdown to 51921
[17:58:27.387] [SEVERE ] updating countdown to 51911
[17:58:27.398] [SEVERE ] updating countdown to 51900
[17:58:27.408] [SEVERE ] updating countdown to 51890
[17:58:27.419] [SEVERE ] updating countdown to 51879
[17:58:27.429] [SEVERE ] updating countdown to 51869
[17:58:27.440] [SEVERE ] updating countdown to 51858
[17:58:27.451] [SEVERE ] updating countdown to 51847
[17:58:27.461] [SEVERE ] updating countdown to 51837
[17:58:27.472] [SEVERE ] updating countdown to 51826
[17:58:27.482] [SEVERE ] updating countdown to 51816
[17:58:27.493] [SEVERE ] updating countdown to 51805
[17:58:27.495] [SEVERE ] key 47 was pressed by player 2
[17:58:27.496] [SEVERE ] removing player 2 token from slot 11
[17:58:27.504] [SEVERE ] updating countdown to 51794
[17:58:27.514] [SEVERE ] updating countdown to 51784
[17:58:27.525] [SEVERE ] updating countdown to 51773
[17:58:27.536] [SEVERE ] updating countdown to 51762
[17:58:27.546] [SEVERE ] updating countdown to 51752
[17:58:27.556] [SEVERE ] updating countdown to 51742
[17:58:27.567] [SEVERE ] updating countdown to 51731
[17:58:27.578] [SEVERE ] updating countdown to 51720
[17:58:27.588] [SEVERE ] updating countdown to 51710
[17:58:27.599] [SEVERE ] updating countdown to 51699
[17:58:27.609] [SEVERE ] updating countdown to 51689
[17:58:27.620] [SEVERE ] updating countdown to 51678
[17:58:27.630] [SEVERE ] updating countdown to 51668
[17:58:27.641] [SEVERE ] updating countdown to 51657
[17:58:27.651] [SEVERE ] updating countdown to 51647
[17:58:27.662] [SEVERE ] updating countdown to 51636
[17:58:27.673] [SEVERE ] updating countdown to 51625
[17:58:27.683] [SEVERE ] updating countdown to 51615
[17:58:27.694] [SEVERE ] updating countdown to 51604
[17:58:27.704] [SEVERE ] updating countdown to 51594
[17:58:27.715] [SEVERE ] updating countdown to 51583
[17:58:27.726] [SEVERE ] updating countdown to 51572
[17:58:27.736] [SEVERE ] updating countdown to 51562
[17:58:27.747] [SEVERE ] updating countdown to 51551
[17:58:27.757] [SEVERE ] updating countdown to 51541
[17:58:27.768] [SEVERE ] updating countdown to 51530
[17:58:27.778] [SEVERE ] updating countdown to 51520
[17:58:27.789] [SEVERE ] updating countdown to 51509
[17:58:27.799] [SEVERE ] updating countdown to 51499
[17:58:27.810] [SEVERE ] updating countdown to 51488
[17:58:27.820] [SEVERE ] updating countdown to 51478
[17:58:27.830] [SEVERE ] updating countdown to 51468
[17:58:27.841] [SEVERE ] updating countdown to 51457
[17:58:27.851] [SEVERE ] updating countdown to 51447
[17:58:27.862] [SEVERE ] updating countdown to 51436
[17:58:27.872] [SEVERE ] updating countdown to 51426
[17:58:27.883] [SEVERE ] updating countdown to 51415
[17:58:27.893] [SEVERE ] updating countdown to 51405
[17:58:27.904] [SEVERE ] updating countdown to 51394
[17:58:27.915] [SEVERE ] updating countdown to 51383
[17:58:27.925] [SEVERE ] updating countdown to 51373
[17:58:27.936] [SEVERE ] updating countdown to 51362
[17:58:27.946] [SEVERE ] updating countdown to 51352
[17:58:27.957] [SEVERE ] updating countdown to 51341
[17:58:27.967] [SEVERE ] updating countdown to 51331
[17:58:27.978] [SEVERE ] updating countdown to 51320
[17:58:27.991] [SEVERE ] updating countdown to 51307
[17:58:28.002] [SEVERE ] updating countdown to 51296
[17:58:28.013] [SEVERE ] updating countdown to 51285
[17:58:28.023] [SEVERE ] updating countdown to 51275
[17:58:28.034] [SEVERE ] updating countdown to 51264
[17:58:28.045] [SEVERE ] updating countdown to 51253
[17:58:28.055] [SEVERE ] updating countdown to 51243
[17:58:28.066] [SEVERE ] updating countdown to 51232
[17:58:28.077] [SEVERE ] updating countdown to 51221
[17:58:28.088] [SEVERE ] updating countdown to 51210
[17:58:28.099] [SEVERE ] updating countdown to 51199
[17:58:28.109] [SEVERE ] updating countdown to 51189
[17:58:28.120] [SEVERE ] updating countdown to 51178
[17:58:28.131] [SEVERE ] updating countdown to 51167
[17:58:28.142] [SEVERE ] updating countdown to 51156
[17:58:28.153] [SEVERE ] updating countdown to 51145
[17:58:28.164] [SEVERE ] updating countdown to 51134
[17:58:28.175] [SEVERE ] updating countdown to 51123
[17:58:28.186] [SEVERE ] updating countdown to 51112
[17:58:28.197] [SEVERE ] updating countdown to 51101
[17:58:28.208] [SEVERE ] updating countdown to 51090
[17:58:28.219] [SEVERE ] updating countdown to 51079
[17:58:28.230] [SEVERE ] updating countdown to 51068
[17:58:28.240] [SEVERE ] updating countdown to 51058
[17:58:28.251] [SEVERE ] updating countdown to 51047
[17:58:28.262] [SEVERE ] updating countdown to 51036
[17:58:28.272] [SEVERE ] updating countdown to 51026
[17:58:28.283] [SEVERE ] updating countdown to 51015
[17:58:28.293] [SEVERE ] updating countdown to 51005
[17:58:28.304] [SEVERE ] updating countdown to 50994
[17:58:28.315] [SEVERE ] updating countdown to 50983
[17:58:28.326] [SEVERE ] updating countdown to 50972
[17:58:28.336] [SEVERE ] updating countdown to 50962
[17:58:28.347] [SEVERE ] updating countdown to 50951
[17:58:28.358] [SEVERE ] updating countdown to 50940
[17:58:28.368] [SEVERE ] updating countdown to 50930
[17:58:28.379] [SEVERE ] updating countdown to 50919
[17:58:28.390] [SEVERE ] updating countdown to 50908
[17:58:28.401] [SEVERE ] updating countdown to 50897
[17:58:28.411] [SEVERE ] updating countdown to 50887
[17:58:28.422] [SEVERE ] updating countdown to 50876
[17:58:28.432] [SEVERE ] updating countdown to 50866
[17:58:28.443] [SEVERE ] updating countdown to 50855
[17:58:28.454] [SEVERE ] updating countdown to 50844
[17:58:28.464] [SEVERE ] updating countdown to 50834
[17:58:28.475] [SEVERE ] updating countdown to 50823
[17:58:28.485] [SEVERE ] updating countdown to 50813
[17:58:28.496] [SEVERE ] updating countdown to 50802
[17:58:28.506] [SEVERE ] updating countdown to 50792
[17:58:28.517] [SEVERE ] updating countdown to 50781
[17:58:28.528] [SEVERE ] updating countdown to 50770
[17:58:28.539] [SEVERE ] updating countdown to 50759
[17:58:28.551] [SEVERE ] updating countdown to 50748
[17:58:28.564] [SEVERE ] updating countdown to 50734
[17:58:28.575] [SEVERE ] updating countdown to 50723
[17:58:28.593] [SEVERE ] updating countdown to 50705
[17:58:28.603] [SEVERE ] updating countdown to 50695
[17:58:28.614] [SEVERE ] updating countdown to 50684
[17:58:28.625] [SEVERE ] updating countdown to 50673
[17:58:28.635] [SEVERE ] updating countdown to 50663
[17:58:28.646] [SEVERE ] updating countdown to 50652
[17:58:28.657] [SEVERE ] updating countdown to 50641
[17:58:28.667] [SEVERE ] updating countdown to 50631
[17:58:28.678] [SEVERE ] updating countdown to 50620
[17:58:28.689] [SEVERE ] updating countdown to 50609
[17:58:28.700] [SEVERE ] updating countdown to 50598
[17:58:28.710] [SEVERE ] updating countdown to 50588
[17:58:28.721] [SEVERE ] updating countdown to 50577
[17:58:28.732] [SEVERE ] updating countdown to 50566
[17:58:28.742] [SEVERE ] updating countdown to 50556
[17:58:28.753] [SEVERE ] updating countdown to 50545
[17:58:28.763] [SEVERE ] updating countdown to 50535
[17:58:28.774] [SEVERE ] updating countdown to 50524
[17:58:28.785] [SEVERE ] updating countdown to 50513
[17:58:28.805] [SEVERE ] updating countdown to 50493
[17:58:28.824] [SEVERE ] updating countdown to 50474
[17:58:28.834] [SEVERE ] updating countdown to 50464
[17:58:28.845] [SEVERE ] updating countdown to 50453
[17:58:28.864] [SEVERE ] updating countdown to 50434
[17:58:28.875] [SEVERE ] updating countdown to 50423
[17:58:28.886] [SEVERE ] updating countdown to 50412
[17:58:28.896] [SEVERE ] updating countdown to 50402
[17:58:28.907] [SEVERE ] updating countdown to 50391
[17:58:28.917] [SEVERE ] updating countdown to 50381
[17:58:28.928] [SEVERE ] updating countdown to 50370
[17:58:28.939] [SEVERE ] updating countdown to 50359
[17:58:28.949] [SEVERE ] updating countdown to 50349
[17:58:28.960] [SEVERE ] updating countdown to 50338
[17:58:28.970] [SEVERE ] updating countdown to 50328
[17:58:28.981] [SEVERE ] updating countdown to 50317
[17:58:28.991] [SEVERE ] updating countdown to 50307
[17:58:29.002] [SEVERE ] updating countdown to 50296
[17:58:29.012] [SEVERE ] updating countdown to 50286
[17:58:29.023] [SEVERE ] updating countdown to 50275
[17:58:29.034] [SEVERE ] updating countdown to 50264
[17:58:29.045] [SEVERE ] updating countdown to 50253
[17:58:29.055] [SEVERE ] updating countdown to 50243
[17:58:29.066] [SEVERE ] updating countdown to 50232
[17:58:29.077] [SEVERE ] updating countdown to 50221
[17:58:29.087] [SEVERE ] updating countdown to 50211
[17:58:29.098] [SEVERE ] updating countdown to 50200
[17:58:29.109] [SEVERE ] updating countdown to 50189
[17:58:29.120] [SEVERE ] updating countdown to 50178
[17:58:29.130] [SEVERE ] updating countdown to 50168
[17:58:29.141] [SEVERE ] updating countdown to 50157
[17:58:29.151] [SEVERE ] updating countdown to 50147
[17:58:29.162] [SEVERE ] updating countdown to 50136
[17:58:29.173] [SEVERE ] updating countdown to 50125
[17:58:29.183] [SEVERE ] updating countdown to 50115
[17:58:29.194] [SEVERE ] updating countdown to 50104
[17:58:29.205] [SEVERE ] updating countdown to 50093
[17:58:29.216] [SEVERE ] updating countdown to 50082
[17:58:29.226] [SEVERE ] updating countdown to 50072
[17:58:29.237] [SEVERE ] updating countdown to 50061
[17:58:29.250] [SEVERE ] updating countdown to 50048
[17:58:29.261] [SEVERE ] updating countdown to 50037
[17:58:29.272] [SEVERE ] updating countdown to 50026
[17:58:29.283] [SEVERE ] updating countdown to 50016
[17:58:29.293] [SEVERE ] updating countdown to 50005
[17:58:29.313] [SEVERE ] updating countdown to 49985
[17:58:29.325] [SEVERE ] updating countdown to 49973
[17:58:29.335] [SEVERE ] updating countdown to 49963
[17:58:29.350] [SEVERE ] updating countdown to 49948
[17:58:29.360] [SEVERE ] updating countdown to 49938
[17:58:29.372] [SEVERE ] updating countdown to 49926
[17:58:29.383] [SEVERE ] updating countdown to 49915
[17:58:29.393] [SEVERE ] updating countdown to 49905
[17:58:29.404] [SEVERE ] updating countdown to 49894
[17:58:29.414] [SEVERE ] updating countdown to 49884
[17:58:29.425] [SEVERE ] updating countdown to 49873
[17:58:29.435] [SEVERE ] updating countdown to 49863
[17:58:29.447] [SEVERE ] updating countdown to 49851
[17:58:29.458] [SEVERE ] updating countdown to 49840
[17:58:29.468] [SEVERE ] updating countdown to 49830
[17:58:29.478] [SEVERE ] updating countdown to 49820
[17:58:29.490] [SEVERE ] updating countdown to 49808
[17:58:29.500] [SEVERE ] updating countdown to 49798
[17:58:29.511] [SEVERE ] updating countdown to 49787
[17:58:29.522] [SEVERE ] updating countdown to 49776
[17:58:29.532] [SEVERE ] updating countdown to 49766
[17:58:29.543] [SEVERE ] updating countdown to 49755
[17:58:29.553] [SEVERE ] updating countdown to 49745
[17:58:29.564] [SEVERE ] updating countdown to 49734
[17:58:29.575] [SEVERE ] updating countdown to 49723
[17:58:29.585] [SEVERE ] updating countdown to 49713
[17:58:29.596] [SEVERE ] updating countdown to 49702
[17:58:29.607] [SEVERE ] updating countdown to 49691
[17:58:29.617] [SEVERE ] updating countdown to 49681
[17:58:29.628] [SEVERE ] updating countdown to 49670
[17:58:29.639] [SEVERE ] updating countdown to 49659
[17:58:29.649] [SEVERE ] updating countdown to 49649
[17:58:29.660] [SEVERE ] updating countdown to 49638
[17:58:29.671] [SEVERE ] updating countdown to 49628
[17:58:29.681] [SEVERE ] updating countdown to 49617
[17:58:29.692] [SEVERE ] updating countdown to 49606
[17:58:29.702] [SEVERE ] updating countdown to 49596
[17:58:29.713] [SEVERE ] updating countdown to 49585
[17:58:29.724] [SEVERE ] updating countdown to 49574
[17:58:29.734] [SEVERE ] updating countdown to 49564
[17:58:29.745] [SEVERE ] updating countdown to 49553
[17:58:29.756] [SEVERE ] updating countdown to 49542
[17:58:29.767] [SEVERE ] updating countdown to 49531
[17:58:29.777] [SEVERE ] updating countdown to 49521
[17:58:29.788] [SEVERE ] updating countdown to 49510
[17:58:29.798] [SEVERE ] updating countdown to 49500
[17:58:29.809] [SEVERE ] updating countdown to 49489
[17:58:29.820] [SEVERE ] updating countdown to 49478
[17:58:29.831] [SEVERE ] updating countdown to 49467
[17:58:29.841] [SEVERE ] updating countdown to 49457
[17:58:29.852] [SEVERE ] updating countdown to 49446
[17:58:29.863] [SEVERE ] updating countdown to 49435
[17:58:29.873] [SEVERE ] updating countdown to 49425
[17:58:29.884] [SEVERE ] updating countdown to 49414
[17:58:29.894] [SEVERE ] updating countdown to 49404
[17:58:29.905] [SEVERE ] updating countdown to 49393
[17:58:29.916] [SEVERE ] updating countdown to 49382
[17:58:29.917] [SEVERE ] exit button pressed
[17:58:29.926] [SEVERE ] updating countdown to 49372
[17:58:29.927] [SEVERE ] updating countdown to 109371
[17:58:30.027] [SEVERE ] removing card from slot 0
[17:58:30.128] [SEVERE ] removing card from slot 1
[17:58:30.230] [SEVERE ] removing card from slot 2
[17:58:30.331] [SEVERE ] removing card from slot 3
[17:58:30.432] [SEVERE ] removing card from slot 4
[17:58:30.533] [SEVERE ] removing card from slot 5
[17:58:30.633] [SEVERE ] removing card from slot 6
[17:58:30.734] [SEVERE ] removing card from slot 7
[17:58:30.835] [SEVERE ] removing card from slot 8
[17:58:30.935] [SEVERE ] removing card from slot 9
[17:58:31.036] [SEVERE ] removing card from slot 10
[17:58:31.137] [SEVERE ] removing card from slot 11
[17:58:31.141] [SEVERE ] announcing winner(s): player 1, player 2
[17:58:31.162] [INFO   ] thread dealer terminated.
[17:58:31.178] [INFO   ] thread dealer terminated.
[17:58:31.192] [SEVERE ] thanks for playing... it was fun!
[17:58:31.193] [INFO   ] thread bguspl.set.Main.main() terminated.
