[13:49:48.519] [INFO   ] thread bguspl.set.Main.main() starting.
[13:49:48.527] [SEVERE ] cannot read configuration file config.properties trying from resources.
[13:49:48.532] [SEVERE ] configuration file was loaded from resources directory.
[13:49:49.838] [INFO   ] thread dealer starting.
[13:49:49.839] [INFO   ] thread dealer starting.
[13:49:49.840] [INFO   ] thread player 0 starting.
[13:49:49.841] [INFO   ] thread player 1 starting.
[13:49:49.841] [INFO   ] thread player 0 starting.
[13:49:49.841] [INFO   ] thread player 1 starting.
[13:49:49.945] [SEVERE ] placing card 0 in slot 0
[13:49:50.046] [SEVERE ] placing card 1 in slot 1
[13:49:50.147] [SEVERE ] placing card 2 in slot 2
[13:49:50.248] [SEVERE ] placing card 3 in slot 3
[13:49:50.349] [SEVERE ] placing card 4 in slot 4
[13:49:50.450] [SEVERE ] placing card 5 in slot 5
[13:49:50.551] [SEVERE ] placing card 6 in slot 6
[13:49:50.652] [SEVERE ] placing card 7 in slot 7
[13:49:50.754] [SEVERE ] placing card 8 in slot 8
[13:49:50.855] [SEVERE ] placing card 9 in slot 9
[13:49:50.956] [SEVERE ] placing card 10 in slot 10
[13:49:51.057] [SEVERE ] placing card 11 in slot 11
[13:49:51.068] [SEVERE ] updating countdown to 58761
[13:49:51.080] [SEVERE ] updating countdown to 58749
[13:49:51.091] [SEVERE ] updating countdown to 58738
[13:49:51.102] [SEVERE ] updating countdown to 58727
[13:49:51.113] [SEVERE ] updating countdown to 58716
[13:49:51.124] [SEVERE ] updating countdown to 58705
[13:49:51.136] [SEVERE ] updating countdown to 58693
[13:49:51.147] [SEVERE ] updating countdown to 58682
[13:49:51.157] [SEVERE ] updating countdown to 58672
[13:49:51.168] [SEVERE ] updating countdown to 58661
[13:49:51.179] [SEVERE ] updating countdown to 58650
[13:49:51.190] [SEVERE ] updating countdown to 58639
[13:49:51.201] [SEVERE ] updating countdown to 58628
[13:49:51.212] [SEVERE ] updating countdown to 58617
[13:49:51.223] [SEVERE ] updating countdown to 58606
[13:49:51.235] [SEVERE ] updating countdown to 58594
[13:49:51.245] [SEVERE ] updating countdown to 58584
[13:49:51.256] [SEVERE ] updating countdown to 58573
[13:49:51.267] [SEVERE ] updating countdown to 58562
[13:49:51.278] [SEVERE ] updating countdown to 58551
[13:49:51.289] [SEVERE ] updating countdown to 58540
[13:49:51.300] [SEVERE ] updating countdown to 58529
[13:49:51.311] [SEVERE ] updating countdown to 58518
[13:49:51.323] [SEVERE ] updating countdown to 58506
[13:49:51.334] [SEVERE ] updating countdown to 58495
[13:49:51.345] [SEVERE ] updating countdown to 58484
[13:49:51.356] [SEVERE ] updating countdown to 58473
[13:49:51.368] [SEVERE ] updating countdown to 58461
[13:49:51.380] [SEVERE ] updating countdown to 58449
[13:49:51.391] [SEVERE ] updating countdown to 58438
[13:49:51.403] [SEVERE ] updating countdown to 58426
[13:49:51.414] [SEVERE ] updating countdown to 58415
[13:49:51.425] [SEVERE ] updating countdown to 58404
[13:49:51.436] [SEVERE ] updating countdown to 58393
[13:49:51.447] [SEVERE ] updating countdown to 58382
[13:49:51.458] [SEVERE ] updating countdown to 58371
[13:49:51.470] [SEVERE ] updating countdown to 58359
[13:49:51.481] [SEVERE ] updating countdown to 58348
[13:49:51.492] [SEVERE ] updating countdown to 58337
[13:49:51.503] [SEVERE ] updating countdown to 58326
[13:49:51.515] [SEVERE ] updating countdown to 58314
[13:49:51.526] [SEVERE ] updating countdown to 58303
[13:49:51.538] [SEVERE ] updating countdown to 58291
[13:49:51.550] [SEVERE ] updating countdown to 58279
[13:49:51.562] [SEVERE ] updating countdown to 58267
[13:49:51.574] [SEVERE ] updating countdown to 58256
[13:49:51.585] [SEVERE ] updating countdown to 58244
[13:49:51.597] [SEVERE ] updating countdown to 58232
[13:49:51.608] [SEVERE ] updating countdown to 58221
[13:49:51.620] [SEVERE ] updating countdown to 58209
[13:49:51.632] [SEVERE ] updating countdown to 58197
[13:49:51.644] [SEVERE ] updating countdown to 58185
[13:49:51.657] [SEVERE ] updating countdown to 58172
[13:49:51.668] [SEVERE ] updating countdown to 58161
[13:49:51.680] [SEVERE ] updating countdown to 58149
[13:49:51.692] [SEVERE ] updating countdown to 58137
[13:49:51.703] [SEVERE ] updating countdown to 58126
[13:49:51.715] [SEVERE ] updating countdown to 58114
[13:49:51.726] [SEVERE ] updating countdown to 58103
[13:49:51.737] [SEVERE ] updating countdown to 58092
[13:49:51.748] [SEVERE ] updating countdown to 58081
[13:49:51.760] [SEVERE ] updating countdown to 58069
[13:49:51.773] [SEVERE ] updating countdown to 58056
[13:49:51.784] [SEVERE ] updating countdown to 58045
[13:49:51.795] [SEVERE ] updating countdown to 58034
[13:49:51.806] [SEVERE ] updating countdown to 58023
[13:49:51.817] [SEVERE ] updating countdown to 58012
[13:49:51.827] [SEVERE ] updating countdown to 58002
[13:49:51.839] [SEVERE ] updating countdown to 57990
[13:49:51.851] [SEVERE ] updating countdown to 57978
[13:49:51.861] [SEVERE ] updating countdown to 57968
[13:49:51.872] [SEVERE ] updating countdown to 57957
[13:49:51.883] [SEVERE ] updating countdown to 57946
[13:49:51.894] [SEVERE ] updating countdown to 57935
[13:49:51.905] [SEVERE ] updating countdown to 57924
[13:49:51.916] [SEVERE ] updating countdown to 57913
[13:49:51.928] [SEVERE ] updating countdown to 57901
[13:49:51.939] [SEVERE ] updating countdown to 57890
[13:49:51.950] [SEVERE ] updating countdown to 57879
[13:49:51.962] [SEVERE ] updating countdown to 57867
[13:49:51.973] [SEVERE ] updating countdown to 57856
[13:49:51.984] [SEVERE ] updating countdown to 57845
[13:49:51.996] [SEVERE ] updating countdown to 57834
[13:49:52.007] [SEVERE ] updating countdown to 57822
[13:49:52.018] [SEVERE ] updating countdown to 57811
[13:49:52.029] [SEVERE ] updating countdown to 57800
[13:49:52.041] [SEVERE ] updating countdown to 57788
[13:49:52.053] [SEVERE ] updating countdown to 57776
[13:49:52.064] [SEVERE ] updating countdown to 57765
[13:49:52.075] [SEVERE ] updating countdown to 57754
[13:49:52.087] [SEVERE ] updating countdown to 57742
[13:49:52.098] [SEVERE ] updating countdown to 57731
[13:49:52.109] [SEVERE ] updating countdown to 57720
[13:49:52.120] [SEVERE ] updating countdown to 57709
[13:49:52.132] [SEVERE ] updating countdown to 57698
[13:49:52.143] [SEVERE ] updating countdown to 57686
[13:49:52.154] [SEVERE ] updating countdown to 57675
[13:49:52.165] [SEVERE ] updating countdown to 57664
[13:49:52.177] [SEVERE ] updating countdown to 57652
[13:49:52.188] [SEVERE ] updating countdown to 57641
[13:49:52.199] [SEVERE ] updating countdown to 57630
[13:49:52.210] [SEVERE ] updating countdown to 57619
[13:49:52.221] [SEVERE ] updating countdown to 57608
[13:49:52.232] [SEVERE ] updating countdown to 57597
[13:49:52.233] [SEVERE ] key 81 was pressed by player 1
[13:49:52.234] [SEVERE ] player 1 placing token on slot 0
[13:49:52.243] [SEVERE ] updating countdown to 57586
[13:49:52.255] [SEVERE ] updating countdown to 57574
[13:49:52.267] [SEVERE ] updating countdown to 57563
[13:49:52.278] [SEVERE ] updating countdown to 57551
[13:49:52.289] [SEVERE ] updating countdown to 57540
[13:49:52.300] [SEVERE ] updating countdown to 57529
[13:49:52.311] [SEVERE ] updating countdown to 57518
[13:49:52.322] [SEVERE ] updating countdown to 57507
[13:49:52.333] [SEVERE ] updating countdown to 57496
[13:49:52.344] [SEVERE ] updating countdown to 57485
[13:49:52.355] [SEVERE ] updating countdown to 57474
[13:49:52.366] [SEVERE ] updating countdown to 57463
[13:49:52.377] [SEVERE ] updating countdown to 57452
[13:49:52.388] [SEVERE ] updating countdown to 57441
[13:49:52.398] [SEVERE ] updating countdown to 57431
[13:49:52.409] [SEVERE ] updating countdown to 57420
[13:49:52.421] [SEVERE ] updating countdown to 57408
[13:49:52.432] [SEVERE ] updating countdown to 57397
[13:49:52.443] [SEVERE ] updating countdown to 57386
[13:49:52.454] [SEVERE ] updating countdown to 57375
[13:49:52.466] [SEVERE ] updating countdown to 57363
[13:49:52.477] [SEVERE ] updating countdown to 57352
[13:49:52.489] [SEVERE ] updating countdown to 57340
[13:49:52.501] [SEVERE ] updating countdown to 57328
[13:49:52.512] [SEVERE ] updating countdown to 57317
[13:49:52.522] [SEVERE ] updating countdown to 57307
[13:49:52.533] [SEVERE ] updating countdown to 57296
[13:49:52.544] [SEVERE ] updating countdown to 57285
[13:49:52.555] [SEVERE ] updating countdown to 57274
[13:49:52.566] [SEVERE ] updating countdown to 57263
[13:49:52.576] [SEVERE ] updating countdown to 57253
[13:49:52.587] [SEVERE ] updating countdown to 57242
[13:49:52.598] [SEVERE ] updating countdown to 57231
[13:49:52.609] [SEVERE ] updating countdown to 57220
[13:49:52.620] [SEVERE ] updating countdown to 57209
[13:49:52.631] [SEVERE ] updating countdown to 57198
[13:49:52.642] [SEVERE ] updating countdown to 57187
[13:49:52.652] [SEVERE ] updating countdown to 57177
[13:49:52.662] [SEVERE ] key 87 was pressed by player 1
[13:49:52.663] [SEVERE ] updating countdown to 57166
[13:49:52.663] [SEVERE ] player 1 placing token on slot 1
[13:49:52.674] [SEVERE ] updating countdown to 57155
[13:49:52.684] [SEVERE ] updating countdown to 57145
[13:49:52.696] [SEVERE ] updating countdown to 57133
[13:49:52.707] [SEVERE ] updating countdown to 57122
[13:49:52.718] [SEVERE ] updating countdown to 57111
[13:49:52.728] [SEVERE ] updating countdown to 57101
[13:49:52.739] [SEVERE ] updating countdown to 57090
[13:49:52.750] [SEVERE ] updating countdown to 57079
[13:49:52.761] [SEVERE ] updating countdown to 57068
[13:49:52.772] [SEVERE ] updating countdown to 57057
[13:49:52.783] [SEVERE ] updating countdown to 57046
[13:49:52.795] [SEVERE ] updating countdown to 57034
[13:49:52.806] [SEVERE ] updating countdown to 57023
[13:49:52.817] [SEVERE ] updating countdown to 57012
[13:49:52.828] [SEVERE ] updating countdown to 57001
[13:49:52.840] [SEVERE ] updating countdown to 56989
[13:49:52.851] [SEVERE ] updating countdown to 56978
[13:49:52.862] [SEVERE ] updating countdown to 56967
[13:49:52.873] [SEVERE ] updating countdown to 56956
[13:49:52.884] [SEVERE ] updating countdown to 56945
[13:49:52.895] [SEVERE ] updating countdown to 56934
[13:49:52.907] [SEVERE ] updating countdown to 56922
[13:49:52.918] [SEVERE ] updating countdown to 56911
[13:49:52.929] [SEVERE ] updating countdown to 56900
[13:49:52.940] [SEVERE ] updating countdown to 56889
[13:49:52.951] [SEVERE ] updating countdown to 56878
[13:49:52.962] [SEVERE ] updating countdown to 56867
[13:49:52.974] [SEVERE ] updating countdown to 56855
[13:49:52.985] [SEVERE ] updating countdown to 56844
[13:49:52.996] [SEVERE ] updating countdown to 56833
[13:49:53.008] [SEVERE ] updating countdown to 56821
[13:49:53.020] [SEVERE ] updating countdown to 56809
[13:49:53.031] [SEVERE ] updating countdown to 56798
[13:49:53.043] [SEVERE ] updating countdown to 56786
[13:49:53.055] [SEVERE ] updating countdown to 56774
[13:49:53.066] [SEVERE ] updating countdown to 56763
[13:49:53.078] [SEVERE ] updating countdown to 56751
[13:49:53.090] [SEVERE ] updating countdown to 56739
[13:49:53.102] [SEVERE ] updating countdown to 56727
[13:49:53.113] [SEVERE ] updating countdown to 56716
[13:49:53.125] [SEVERE ] updating countdown to 56704
[13:49:53.135] [SEVERE ] key 65 was pressed by player 1
[13:49:53.136] [SEVERE ] player 1 placing token on slot 4
[13:49:53.137] [SEVERE ] updating countdown to 56692
[13:49:53.148] [SEVERE ] updating countdown to 56681
[13:49:53.159] [SEVERE ] updating countdown to 56670
[13:49:53.160] [SEVERE ] updating countdown to 56669
[13:49:58.193] [SEVERE ] exit button pressed
