[21:08:36.148] [INFO   ] thread bguspl.set.Main.main() starting.
[21:08:36.156] [SEVERE ] cannot read configuration file config.properties trying from resources.
[21:08:36.161] [SEVERE ] configuration file was loaded from resources directory.
[21:08:37.527] [INFO   ] thread dealer starting.
[21:08:37.528] [INFO   ] thread dealer starting.
[21:08:37.529] [INFO   ] thread player 0 starting.
[21:08:37.531] [INFO   ] thread player 1 starting.
[21:08:37.531] [INFO   ] thread player 0 starting.
[21:08:37.534] [INFO   ] thread player 1 starting.
[21:08:37.641] [SEVERE ] placing card 0 in slot 0
[21:08:37.742] [SEVERE ] placing card 1 in slot 1
[21:08:37.843] [SEVERE ] placing card 2 in slot 2
[21:08:37.944] [SEVERE ] placing card 3 in slot 3
[21:08:38.045] [SEVERE ] placing card 4 in slot 4
[21:08:38.147] [SEVERE ] placing card 5 in slot 5
[21:08:38.250] [SEVERE ] placing card 6 in slot 6
[21:08:38.351] [SEVERE ] placing card 7 in slot 7
[21:08:38.453] [SEVERE ] placing card 8 in slot 8
[21:08:38.554] [SEVERE ] placing card 9 in slot 9
[21:08:38.655] [SEVERE ] placing card 10 in slot 10
[21:08:38.756] [SEVERE ] placing card 11 in slot 11
[21:08:39.757] [SEVERE ] updating countdown to 57757
[21:08:39.758] [SEVERE ] setting player 1 freeze to -1708290519758
[21:08:39.759] [SEVERE ] setting player 2 freeze to -1708290519759
[21:08:40.761] [SEVERE ] updating countdown to 56753
[21:08:40.763] [SEVERE ] setting player 1 freeze to -1708290520763
[21:08:40.764] [SEVERE ] setting player 2 freeze to -1708290520764
[21:08:41.765] [SEVERE ] updating countdown to 55749
[21:08:41.766] [SEVERE ] setting player 1 freeze to -1708290521766
[21:08:41.767] [SEVERE ] setting player 2 freeze to -1708290521767
[21:08:42.767] [SEVERE ] updating countdown to 54747
[21:08:42.768] [SEVERE ] setting player 1 freeze to -1708290522768
[21:08:42.769] [SEVERE ] setting player 2 freeze to -1708290522769
[21:08:43.770] [SEVERE ] updating countdown to 53744
[21:08:43.771] [SEVERE ] setting player 1 freeze to -1708290523771
[21:08:43.771] [SEVERE ] setting player 2 freeze to -1708290523771
[21:08:44.042] [SEVERE ] key 81 was pressed by player 1
[21:08:44.044] [SEVERE ] player 1 placing token on slot 0
[21:08:44.174] [SEVERE ] key 87 was pressed by player 1
[21:08:44.177] [SEVERE ] player 1 placing token on slot 1
[21:08:44.357] [SEVERE ] key 69 was pressed by player 1
[21:08:44.358] [SEVERE ] player 1 placing token on slot 2
[21:08:44.368] [SEVERE ] updating countdown to 53146
[21:08:44.368] [SEVERE ] setting player 1 freeze to -1708290524368
[21:08:44.369] [SEVERE ] setting player 2 freeze to -1708290524369
[21:08:44.370] [SEVERE ] setting player 1 freeze to 1000
[21:08:44.371] [SEVERE ] setting player 1 score to 1
[21:08:44.472] [SEVERE ] removing card from slot 0
[21:08:44.473] [SEVERE ] removing player 1 token from slot 0
[21:08:44.574] [SEVERE ] removing card from slot 1
[21:08:44.575] [SEVERE ] removing player 1 token from slot 1
[21:08:44.680] [SEVERE ] removing card from slot 2
[21:08:44.682] [SEVERE ] removing player 1 token from slot 2
[21:08:44.787] [SEVERE ] placing card 12 in slot 0
[21:08:44.889] [SEVERE ] placing card 13 in slot 1
[21:08:44.993] [SEVERE ] placing card 14 in slot 2
[21:08:45.996] [SEVERE ] updating countdown to 51518
[21:08:45.997] [SEVERE ] setting player 1 freeze to -626
[21:08:45.997] [SEVERE ] setting player 2 freeze to -1708290525997
[21:08:46.003] [SEVERE ] key 69 was pressed by player 1
[21:08:46.004] [SEVERE ] player 1 placing token on slot 2
[21:08:46.911] [SEVERE ] key 87 was pressed by player 1
[21:08:46.998] [SEVERE ] updating countdown to 50516
[21:08:47.001] [SEVERE ] setting player 1 freeze to -1630
[21:08:47.002] [SEVERE ] setting player 2 freeze to -1708290527002
[21:08:47.005] [SEVERE ] player 1 placing token on slot 1
[21:08:47.755] [SEVERE ] key 82 was pressed by player 1
[21:08:47.756] [SEVERE ] player 1 placing token on slot 3
[21:08:47.756] [SEVERE ] updating countdown to 49758
[21:08:47.757] [SEVERE ] setting player 1 freeze to -2386
[21:08:47.758] [SEVERE ] setting player 2 freeze to -1708290527758
[21:08:47.759] [SEVERE ] setting player 1 freeze to 9000
[21:08:47.759] [SEVERE ] removing player 1 token from slot 1
[21:08:47.762] [SEVERE ] removing player 1 token from slot 2
[21:08:47.762] [SEVERE ] removing player 1 token from slot 3
[21:08:48.478] [SEVERE ] key 87 was pressed by player 1
[21:08:48.478] [SEVERE ] player 1 placing token on slot 1
[21:08:48.764] [SEVERE ] updating countdown to 48750
[21:08:48.766] [SEVERE ] setting player 1 freeze to 7993
[21:08:48.767] [SEVERE ] setting player 2 freeze to -1708290528767
[21:08:48.882] [SEVERE ] key 87 was pressed by player 1
[21:08:49.258] [SEVERE ] key 87 was pressed by player 1
[21:08:49.565] [SEVERE ] key 87 was pressed by player 1
[21:08:49.769] [SEVERE ] updating countdown to 47745
[21:08:49.771] [SEVERE ] setting player 1 freeze to 6988
[21:08:49.772] [SEVERE ] setting player 2 freeze to -1708290529772
[21:08:49.815] [SEVERE ] key 87 was pressed by player 1
[21:08:50.775] [SEVERE ] updating countdown to 46739
[21:08:50.780] [SEVERE ] setting player 1 freeze to 5979
[21:08:50.781] [SEVERE ] setting player 2 freeze to -1708290530781
[21:08:51.783] [SEVERE ] updating countdown to 45731
[21:08:51.787] [SEVERE ] setting player 1 freeze to 4972
[21:08:51.787] [SEVERE ] setting player 2 freeze to -1708290531787
[21:08:52.788] [SEVERE ] updating countdown to 44726
[21:08:52.791] [SEVERE ] setting player 1 freeze to 3968
[21:08:52.795] [SEVERE ] setting player 2 freeze to -1708290532795
[21:08:53.796] [SEVERE ] updating countdown to 43718
[21:08:53.840] [SEVERE ] setting player 1 freeze to 2919
[21:08:53.840] [SEVERE ] setting player 2 freeze to -1708290533840
[21:08:54.841] [SEVERE ] updating countdown to 42673
[21:08:54.842] [SEVERE ] setting player 1 freeze to 1917
[21:08:54.844] [SEVERE ] setting player 2 freeze to -1708290534844
[21:08:55.845] [SEVERE ] updating countdown to 41669
[21:08:55.847] [SEVERE ] setting player 1 freeze to 912
[21:08:55.848] [SEVERE ] setting player 2 freeze to -1708290535848
[21:08:56.849] [SEVERE ] updating countdown to 40665
[21:08:56.850] [SEVERE ] setting player 1 freeze to -91
[21:08:56.851] [SEVERE ] setting player 2 freeze to -1708290536851
[21:08:57.480] [SEVERE ] removing player 1 token from slot 1
[21:08:57.480] [SEVERE ] key 87 was pressed by player 1
[21:08:57.481] [SEVERE ] player 1 placing token on slot 1
[21:08:57.481] [SEVERE ] key 87 was pressed by player 1
[21:08:57.482] [SEVERE ] removing player 1 token from slot 1
[21:08:57.482] [SEVERE ] key 69 was pressed by player 1
[21:08:57.482] [SEVERE ] player 1 placing token on slot 1
[21:08:57.483] [SEVERE ] removing player 1 token from slot 1
[21:08:57.483] [SEVERE ] key 69 was pressed by player 1
[21:08:57.483] [SEVERE ] player 1 placing token on slot 1
[21:08:57.484] [SEVERE ] key 69 was pressed by player 1
[21:08:57.485] [SEVERE ] player 1 placing token on slot 2
[21:08:57.485] [SEVERE ] key 69 was pressed by player 1
[21:08:57.486] [SEVERE ] removing player 1 token from slot 2
[21:08:57.487] [SEVERE ] key 69 was pressed by player 1
[21:08:57.488] [SEVERE ] player 1 placing token on slot 2
[21:08:57.489] [SEVERE ] key 69 was pressed by player 1
[21:08:57.490] [SEVERE ] key 69 was pressed by player 1
[21:08:57.490] [SEVERE ] key 69 was pressed by player 1
[21:08:57.489] [SEVERE ] removing player 1 token from slot 2
[21:08:57.493] [SEVERE ] player 1 placing token on slot 2
[21:08:57.493] [SEVERE ] key 69 was pressed by player 1
[21:08:57.494] [SEVERE ] removing player 1 token from slot 2
[21:08:57.494] [SEVERE ] key 69 was pressed by player 1
[21:08:57.494] [SEVERE ] player 1 placing token on slot 2
[21:08:57.496] [SEVERE ] key 69 was pressed by player 1
[21:08:57.496] [SEVERE ] removing player 1 token from slot 2
[21:08:57.497] [SEVERE ] key 69 was pressed by player 1
[21:08:57.498] [SEVERE ] player 1 placing token on slot 2
[21:08:57.498] [SEVERE ] key 69 was pressed by player 1
[21:08:57.499] [SEVERE ] removing player 1 token from slot 2
[21:08:57.500] [SEVERE ] player 1 placing token on slot 2
[21:08:57.501] [SEVERE ] removing player 1 token from slot 2
[21:08:57.502] [SEVERE ] player 1 placing token on slot 2
[21:08:57.852] [SEVERE ] updating countdown to 39662
[21:08:57.853] [SEVERE ] setting player 1 freeze to -1094
[21:08:57.854] [SEVERE ] setting player 2 freeze to -1708290537854
[21:08:58.855] [SEVERE ] updating countdown to 38659
[21:08:58.856] [SEVERE ] setting player 1 freeze to -2097
[21:08:58.858] [SEVERE ] setting player 2 freeze to -1708290538858
[21:08:59.859] [SEVERE ] updating countdown to 37655
[21:08:59.860] [SEVERE ] setting player 1 freeze to -3101
[21:08:59.864] [SEVERE ] setting player 2 freeze to -1708290539864
[21:09:00.865] [SEVERE ] updating countdown to 36649
[21:09:00.867] [SEVERE ] setting player 1 freeze to -4108
[21:09:00.869] [SEVERE ] setting player 2 freeze to -1708290540869
[21:09:01.661] [SEVERE ] key 82 was pressed by player 1
[21:09:01.662] [SEVERE ] player 1 placing token on slot 3
[21:09:01.662] [SEVERE ] updating countdown to 35852
[21:09:01.663] [SEVERE ] setting player 1 freeze to -4904
[21:09:01.664] [SEVERE ] setting player 2 freeze to -1708290541664
[21:09:01.664] [SEVERE ] setting player 1 freeze to 9000
[21:09:01.665] [SEVERE ] removing player 1 token from slot 1
[21:09:01.665] [SEVERE ] removing player 1 token from slot 2
[21:09:01.666] [SEVERE ] removing player 1 token from slot 3
[21:09:02.668] [SEVERE ] updating countdown to 34846
[21:09:02.669] [SEVERE ] setting player 1 freeze to 7996
[21:09:02.670] [SEVERE ] setting player 2 freeze to -1708290542670
[21:09:03.673] [SEVERE ] updating countdown to 33841
[21:09:03.675] [SEVERE ] setting player 1 freeze to 6990
[21:09:03.677] [SEVERE ] setting player 2 freeze to -1708290543677
[21:09:04.678] [SEVERE ] updating countdown to 32836
[21:09:04.689] [SEVERE ] setting player 1 freeze to 5976
[21:09:04.755] [SEVERE ] setting player 2 freeze to -1708290544755
[21:09:05.756] [SEVERE ] updating countdown to 31758
[21:09:05.757] [SEVERE ] setting player 1 freeze to 4908
[21:09:05.758] [SEVERE ] setting player 2 freeze to -1708290545758
[21:09:06.758] [SEVERE ] updating countdown to 30756
[21:09:06.759] [SEVERE ] setting player 1 freeze to 3906
[21:09:06.760] [SEVERE ] setting player 2 freeze to -1708290546760
[21:09:07.760] [SEVERE ] updating countdown to 29754
[21:09:07.761] [SEVERE ] setting player 1 freeze to 2904
[21:09:07.762] [SEVERE ] setting player 2 freeze to -1708290547762
[21:09:08.762] [SEVERE ] updating countdown to 28752
[21:09:08.763] [SEVERE ] setting player 1 freeze to 1902
[21:09:08.764] [SEVERE ] setting player 2 freeze to -1708290548764
[21:09:09.764] [SEVERE ] updating countdown to 27750
[21:09:09.766] [SEVERE ] setting player 1 freeze to 899
[21:09:09.769] [SEVERE ] setting player 2 freeze to -1708290549769
[21:09:10.771] [SEVERE ] updating countdown to 26743
[21:09:10.772] [SEVERE ] setting player 1 freeze to -107
[21:09:10.774] [SEVERE ] setting player 2 freeze to -1708290550774
[21:09:11.775] [SEVERE ] updating countdown to 25739
[21:09:11.776] [SEVERE ] setting player 1 freeze to -1111
[21:09:11.777] [SEVERE ] setting player 2 freeze to -1708290551777
[21:09:12.778] [SEVERE ] updating countdown to 24736
[21:09:12.779] [SEVERE ] setting player 1 freeze to -2114
[21:09:12.781] [SEVERE ] setting player 2 freeze to -1708290552781
[21:09:13.782] [SEVERE ] updating countdown to 23732
[21:09:13.784] [SEVERE ] setting player 1 freeze to -3119
[21:09:13.787] [SEVERE ] setting player 2 freeze to -1708290553787
[21:09:14.788] [SEVERE ] updating countdown to 22726
[21:09:14.789] [SEVERE ] setting player 1 freeze to -4124
[21:09:14.791] [SEVERE ] setting player 2 freeze to -1708290554791
[21:09:15.792] [SEVERE ] updating countdown to 21722
[21:09:15.794] [SEVERE ] setting player 1 freeze to -5129
[21:09:15.795] [SEVERE ] setting player 2 freeze to -1708290555795
[21:09:16.798] [SEVERE ] updating countdown to 20716
[21:09:16.800] [SEVERE ] setting player 1 freeze to -6135
[21:09:16.800] [SEVERE ] setting player 2 freeze to -1708290556800
[21:09:17.331] [SEVERE ] key 82 was pressed by player 1
[21:09:17.331] [SEVERE ] player 1 placing token on slot 3
[21:09:17.801] [SEVERE ] updating countdown to 19714
[21:09:17.802] [SEVERE ] setting player 1 freeze to -7137
[21:09:17.803] [SEVERE ] setting player 2 freeze to -1708290557803
[21:09:18.185] [SEVERE ] key 69 was pressed by player 1
[21:09:18.804] [SEVERE ] updating countdown to 18710
[21:09:18.806] [SEVERE ] setting player 1 freeze to -8141
[21:09:18.810] [SEVERE ] setting player 2 freeze to -1708290558810
[21:09:19.307] [SEVERE ] key 69 was pressed by player 1
[21:09:19.811] [SEVERE ] updating countdown to 17703
[21:09:19.813] [SEVERE ] setting player 1 freeze to -9148
[21:09:19.815] [SEVERE ] setting player 2 freeze to -1708290559815
[21:09:19.826] [SEVERE ] key 82 was pressed by player 1
[21:09:20.433] [SEVERE ] key 69 was pressed by player 1
[21:09:20.816] [SEVERE ] updating countdown to 16698
[21:09:20.818] [SEVERE ] setting player 1 freeze to -10153
[21:09:20.819] [SEVERE ] setting player 2 freeze to -1708290560819
[21:09:21.821] [SEVERE ] updating countdown to 15693
[21:09:21.822] [SEVERE ] setting player 1 freeze to -11157
[21:09:21.823] [SEVERE ] setting player 2 freeze to -1708290561823
[21:09:22.823] [SEVERE ] updating countdown to 14691
[21:09:22.825] [SEVERE ] setting player 1 freeze to -12160
[21:09:22.825] [SEVERE ] setting player 2 freeze to -1708290562825
[21:09:23.826] [SEVERE ] updating countdown to 13688
[21:09:23.829] [SEVERE ] setting player 1 freeze to -13164
[21:09:23.832] [SEVERE ] setting player 2 freeze to -1708290563832
[21:09:24.833] [SEVERE ] updating countdown to 12681
[21:09:24.834] [SEVERE ] setting player 1 freeze to -14169
[21:09:24.834] [SEVERE ] setting player 2 freeze to -1708290564834
[21:09:25.835] [SEVERE ] updating countdown to 11679
[21:09:25.899] [SEVERE ] setting player 1 freeze to -15234
[21:09:25.900] [SEVERE ] setting player 2 freeze to -1708290565900
[21:09:26.333] [SEVERE ] player 1 placing token on slot 2
[21:09:26.334] [SEVERE ] key 69 was pressed by player 1
[21:09:26.335] [SEVERE ] removing player 1 token from slot 2
[21:09:26.337] [SEVERE ] key 69 was pressed by player 1
[21:09:26.338] [SEVERE ] removing player 1 token from slot 3
[21:09:26.338] [SEVERE ] key 81 was pressed by player 1
[21:09:26.340] [SEVERE ] player 1 placing token on slot 2
[21:09:26.341] [SEVERE ] key 87 was pressed by player 1
[21:09:26.341] [SEVERE ] removing player 1 token from slot 2
[21:09:26.341] [SEVERE ] key 69 was pressed by player 1
[21:09:26.342] [SEVERE ] player 1 placing token on slot 2
[21:09:26.342] [SEVERE ] key 87 was pressed by player 1
[21:09:26.343] [SEVERE ] player 1 placing token on slot 0
[21:09:26.343] [SEVERE ] key 69 was pressed by player 1
[21:09:26.345] [SEVERE ] player 1 placing token on slot 1
[21:09:26.345] [SEVERE ] key 81 was pressed by player 1
[21:09:26.347] [SEVERE ] updating countdown to 11167
[21:09:26.347] [SEVERE ] removing player 1 token from slot 2
[21:09:26.348] [SEVERE ] setting player 1 freeze to -15683
[21:09:26.348] [SEVERE ] key 69 was pressed by player 1
[21:09:26.349] [SEVERE ] setting player 2 freeze to -1708290566349
[21:09:26.349] [SEVERE ] removing player 1 token from slot 1
[21:09:26.350] [SEVERE ] setting player 1 freeze to 1000
[21:09:26.350] [SEVERE ] key 82 was pressed by player 1
[21:09:26.351] [SEVERE ] setting player 1 score to 2
[21:09:26.451] [SEVERE ] removing card from slot 0
[21:09:26.452] [SEVERE ] removing player 1 token from slot 0
[21:09:26.553] [SEVERE ] removing card from slot 1
[21:09:26.655] [SEVERE ] removing card from slot 2
[21:09:26.756] [SEVERE ] placing card 15 in slot 0
[21:09:26.857] [SEVERE ] placing card 16 in slot 1
[21:09:26.957] [SEVERE ] placing card 17 in slot 2
[21:09:27.351] [SEVERE ] player 1 placing token on slot 2
[21:09:27.351] [SEVERE ] key 82 was pressed by player 1
[21:09:27.352] [SEVERE ] player 1 placing token on slot 0
[21:09:27.352] [SEVERE ] key 82 was pressed by player 1
[21:09:27.353] [SEVERE ] removing player 1 token from slot 2
[21:09:27.356] [SEVERE ] player 1 placing token on slot 3
[21:09:27.359] [SEVERE ] removing player 1 token from slot 3
[21:09:27.362] [SEVERE ] player 1 placing token on slot 3
[21:09:27.959] [SEVERE ] updating countdown to 9555
[21:09:27.960] [SEVERE ] setting player 1 freeze to -609
[21:09:27.961] [SEVERE ] setting player 2 freeze to -1708290567961
[21:09:28.962] [SEVERE ] updating countdown to 8552
[21:09:28.963] [SEVERE ] setting player 1 freeze to -1612
[21:09:28.964] [SEVERE ] setting player 2 freeze to -1708290568964
[21:09:29.965] [SEVERE ] updating countdown to 7549
[21:09:29.965] [SEVERE ] setting player 1 freeze to -2614
[21:09:29.966] [SEVERE ] setting player 2 freeze to -1708290569966
[21:09:30.966] [SEVERE ] updating countdown to 6548
[21:09:30.969] [SEVERE ] setting player 1 freeze to -3618
[21:09:30.971] [SEVERE ] setting player 2 freeze to -1708290570971
[21:09:31.121] [SEVERE ] key 81 was pressed by player 1
[21:09:31.121] [SEVERE ] removing player 1 token from slot 0
[21:09:31.973] [SEVERE ] updating countdown to 5541
[21:09:31.974] [SEVERE ] setting player 1 freeze to -4623
[21:09:31.975] [SEVERE ] setting player 2 freeze to -1708290571975
[21:09:32.844] [SEVERE ] key 82 was pressed by player 1
[21:09:32.845] [SEVERE ] removing player 1 token from slot 3
[21:09:32.976] [SEVERE ] updating countdown to 4538
[21:09:32.978] [SEVERE ] setting player 1 freeze to -5627
[21:09:32.979] [SEVERE ] setting player 2 freeze to -1708290572979
[21:09:33.980] [SEVERE ] updating countdown to 3534
[21:09:34.008] [SEVERE ] setting player 1 freeze to -6657
[21:09:34.024] [SEVERE ] setting player 2 freeze to -1708290574024
[21:09:35.026] [SEVERE ] updating countdown to 2488
[21:09:35.028] [SEVERE ] setting player 1 freeze to -7677
[21:09:35.029] [SEVERE ] setting player 2 freeze to -1708290575029
[21:09:35.939] [SEVERE ] key 80 was pressed by player 2
[21:09:35.940] [SEVERE ] player 2 placing token on slot 3
[21:09:36.031] [SEVERE ] updating countdown to 1483
[21:09:36.032] [SEVERE ] setting player 1 freeze to -8681
[21:09:36.032] [SEVERE ] setting player 2 freeze to -1708290576032
[21:09:36.719] [SEVERE ] key 79 was pressed by player 2
[21:09:36.720] [SEVERE ] player 2 placing token on slot 2
[21:09:37.033] [SEVERE ] updating countdown to 481
[21:09:37.035] [SEVERE ] setting player 1 freeze to -9684
[21:09:37.035] [SEVERE ] setting player 2 freeze to -1708290577035
[21:09:37.351] [SEVERE ] key 73 was pressed by player 2
[21:09:37.352] [SEVERE ] player 2 placing token on slot 1
[21:09:37.352] [SEVERE ] updating countdown to 162
[21:09:37.353] [SEVERE ] setting player 1 freeze to -10002
[21:09:37.353] [SEVERE ] setting player 2 freeze to -1708290577353
[21:09:37.353] [SEVERE ] setting player 2 freeze to 9000
[21:09:37.354] [SEVERE ] removing player 2 token from slot 1
[21:09:37.354] [SEVERE ] removing player 2 token from slot 2
[21:09:37.355] [SEVERE ] removing player 2 token from slot 3
[21:09:38.356] [SEVERE ] setting player 1 freeze to -11005
[21:09:38.357] [SEVERE ] setting player 2 freeze to 7997
[21:09:38.357] [SEVERE ] updating countdown to 59157
[21:09:38.358] [SEVERE ] setting player 1 freeze to -11007
[21:09:38.359] [SEVERE ] setting player 2 freeze to 7995
[21:09:38.460] [SEVERE ] removing card from slot 0
[21:09:38.561] [SEVERE ] removing card from slot 1
[21:09:38.663] [SEVERE ] removing card from slot 2
[21:09:38.765] [SEVERE ] removing card from slot 3
[21:09:38.866] [SEVERE ] removing card from slot 4
[21:09:38.967] [SEVERE ] removing card from slot 5
[21:09:39.069] [SEVERE ] removing card from slot 6
[21:09:39.172] [SEVERE ] removing card from slot 7
[21:09:39.277] [SEVERE ] removing card from slot 8
[21:09:39.378] [SEVERE ] removing card from slot 9
[21:09:39.479] [SEVERE ] removing card from slot 10
[21:09:39.581] [SEVERE ] removing card from slot 11
[21:09:39.684] [SEVERE ] placing card 47 in slot 0
[21:09:39.785] [SEVERE ] placing card 64 in slot 1
[21:09:39.888] [SEVERE ] placing card 43 in slot 2
[21:09:39.989] [SEVERE ] placing card 18 in slot 3
[21:09:40.090] [SEVERE ] placing card 40 in slot 4
[21:09:40.191] [SEVERE ] placing card 21 in slot 5
[21:09:40.278] [SEVERE ] key 79 was pressed by player 2
[21:09:40.279] [SEVERE ] player 2 placing token on slot 2
[21:09:40.293] [SEVERE ] placing card 76 in slot 6
[21:09:40.394] [SEVERE ] placing card 69 in slot 7
[21:09:40.495] [SEVERE ] placing card 71 in slot 8
[21:09:40.597] [SEVERE ] placing card 27 in slot 9
[21:09:40.698] [SEVERE ] placing card 29 in slot 10
[21:09:40.799] [SEVERE ] placing card 7 in slot 11
[21:09:40.917] [SEVERE ] key 79 was pressed by player 2
[21:09:41.488] [SEVERE ] key 79 was pressed by player 2
[21:09:41.541] [SEVERE ] key 73 was pressed by player 2
[21:09:41.800] [SEVERE ] updating countdown to 55714
[21:09:41.801] [SEVERE ] setting player 1 freeze to -14450
[21:09:41.801] [SEVERE ] setting player 2 freeze to 4553
[21:09:41.826] [SEVERE ] key 73 was pressed by player 2
[21:09:42.803] [SEVERE ] updating countdown to 54711
[21:09:42.805] [SEVERE ] setting player 1 freeze to -15454
[21:09:42.805] [SEVERE ] setting player 2 freeze to 3549
[21:09:43.807] [SEVERE ] updating countdown to 53707
[21:09:43.808] [SEVERE ] setting player 1 freeze to -16457
[21:09:43.809] [SEVERE ] setting player 2 freeze to 2545
[21:09:44.810] [SEVERE ] updating countdown to 52705
[21:09:44.811] [SEVERE ] setting player 1 freeze to -17460
[21:09:44.812] [SEVERE ] setting player 2 freeze to 1542
[21:09:45.813] [SEVERE ] updating countdown to 51701
[21:09:45.813] [SEVERE ] setting player 1 freeze to -18462
[21:09:45.814] [SEVERE ] setting player 2 freeze to 540
[21:09:46.814] [SEVERE ] updating countdown to 50700
[21:09:46.815] [SEVERE ] setting player 1 freeze to -19464
[21:09:46.816] [SEVERE ] setting player 2 freeze to -462
[21:09:47.817] [SEVERE ] updating countdown to 49697
[21:09:47.817] [SEVERE ] setting player 1 freeze to -20466
[21:09:47.818] [SEVERE ] setting player 2 freeze to -1464
[21:09:48.819] [SEVERE ] updating countdown to 48695
[21:09:48.820] [SEVERE ] setting player 1 freeze to -21469
[21:09:48.821] [SEVERE ] setting player 2 freeze to -2467
[21:09:49.279] [SEVERE ] removing player 2 token from slot 2
[21:09:49.281] [SEVERE ] player 2 placing token on slot 2
[21:09:49.280] [SEVERE ] key 73 was pressed by player 2
[21:09:49.281] [SEVERE ] player 2 placing token on slot 1
[21:09:49.282] [SEVERE ] key 79 was pressed by player 2
[21:09:49.283] [SEVERE ] removing player 2 token from slot 1
[21:09:49.284] [SEVERE ] player 2 placing token on slot 1
[21:09:49.284] [SEVERE ] removing player 2 token from slot 2
[21:09:49.283] [SEVERE ] key 79 was pressed by player 2
[21:09:49.286] [SEVERE ] player 2 placing token on slot 2
[21:09:49.822] [SEVERE ] updating countdown to 47692
[21:09:49.824] [SEVERE ] setting player 1 freeze to -22473
[21:09:49.824] [SEVERE ] setting player 2 freeze to -3470
[21:09:50.825] [SEVERE ] updating countdown to 46689
[21:09:50.827] [SEVERE ] setting player 1 freeze to -23476
[21:09:50.828] [SEVERE ] setting player 2 freeze to -4474
[21:09:51.829] [SEVERE ] updating countdown to 45685
[21:09:51.830] [SEVERE ] setting player 1 freeze to -24479
[21:09:51.830] [SEVERE ] setting player 2 freeze to -5476
[21:09:52.831] [SEVERE ] updating countdown to 44683
[21:09:52.832] [SEVERE ] setting player 1 freeze to -25481
[21:09:52.832] [SEVERE ] setting player 2 freeze to -6478
[21:09:53.840] [SEVERE ] updating countdown to 43674
[21:09:53.842] [SEVERE ] setting player 1 freeze to -26491
[21:09:53.842] [SEVERE ] setting player 2 freeze to -7488
[21:09:54.847] [SEVERE ] updating countdown to 42667
[21:09:54.849] [SEVERE ] setting player 1 freeze to -27498
[21:09:54.851] [SEVERE ] setting player 2 freeze to -8497
[21:09:55.852] [SEVERE ] updating countdown to 41662
[21:09:55.903] [SEVERE ] setting player 1 freeze to -28552
[21:09:55.904] [SEVERE ] setting player 2 freeze to -9550
[21:09:56.905] [SEVERE ] updating countdown to 40609
[21:09:56.906] [SEVERE ] setting player 1 freeze to -29555
[21:09:56.906] [SEVERE ] setting player 2 freeze to -10552
[21:09:57.907] [SEVERE ] updating countdown to 39607
[21:09:57.908] [SEVERE ] setting player 1 freeze to -30557
[21:09:57.909] [SEVERE ] setting player 2 freeze to -11555
[21:09:58.909] [SEVERE ] updating countdown to 38605
[21:09:58.910] [SEVERE ] setting player 1 freeze to -31559
[21:09:58.910] [SEVERE ] setting player 2 freeze to -12556
[21:09:59.911] [SEVERE ] updating countdown to 37603
[21:09:59.923] [SEVERE ] setting player 1 freeze to -32572
[21:09:59.924] [SEVERE ] setting player 2 freeze to -13570
[21:10:00.924] [SEVERE ] updating countdown to 36590
[21:10:00.925] [SEVERE ] setting player 1 freeze to -33574
[21:10:00.925] [SEVERE ] setting player 2 freeze to -14571
[21:10:01.925] [SEVERE ] updating countdown to 35589
[21:10:01.926] [SEVERE ] setting player 1 freeze to -34575
[21:10:01.927] [SEVERE ] setting player 2 freeze to -15573
[21:10:02.927] [SEVERE ] updating countdown to 34587
[21:10:02.928] [SEVERE ] setting player 1 freeze to -35577
[21:10:02.928] [SEVERE ] setting player 2 freeze to -16574
[21:10:03.928] [SEVERE ] updating countdown to 33586
[21:10:03.954] [SEVERE ] setting player 1 freeze to -36603
[21:10:03.955] [SEVERE ] setting player 2 freeze to -17601
[21:10:04.957] [SEVERE ] updating countdown to 32557
[21:10:04.958] [SEVERE ] setting player 1 freeze to -37607
[21:10:04.959] [SEVERE ] setting player 2 freeze to -18605
[21:10:05.960] [SEVERE ] updating countdown to 31554
[21:10:05.961] [SEVERE ] setting player 1 freeze to -38610
[21:10:05.962] [SEVERE ] setting player 2 freeze to -19608
[21:10:06.963] [SEVERE ] updating countdown to 30551
[21:10:06.964] [SEVERE ] setting player 1 freeze to -39613
[21:10:06.964] [SEVERE ] setting player 2 freeze to -20610
[21:10:07.965] [SEVERE ] updating countdown to 29549
[21:10:07.965] [SEVERE ] setting player 1 freeze to -40614
[21:10:07.966] [SEVERE ] setting player 2 freeze to -21612
[21:10:08.966] [SEVERE ] updating countdown to 28548
[21:10:08.967] [SEVERE ] setting player 1 freeze to -41616
[21:10:08.968] [SEVERE ] setting player 2 freeze to -22614
[21:10:09.968] [SEVERE ] updating countdown to 27546
[21:10:09.969] [SEVERE ] setting player 1 freeze to -42618
[21:10:09.969] [SEVERE ] setting player 2 freeze to -23615
[21:10:10.970] [SEVERE ] updating countdown to 26544
[21:10:10.970] [SEVERE ] setting player 1 freeze to -43619
[21:10:10.971] [SEVERE ] setting player 2 freeze to -24617
[21:10:11.971] [SEVERE ] updating countdown to 25543
[21:10:11.972] [SEVERE ] setting player 1 freeze to -44621
[21:10:11.972] [SEVERE ] setting player 2 freeze to -25618
[21:10:12.973] [SEVERE ] updating countdown to 24541
[21:10:12.974] [SEVERE ] setting player 1 freeze to -45623
[21:10:12.974] [SEVERE ] setting player 2 freeze to -26620
[21:10:13.975] [SEVERE ] updating countdown to 23539
[21:10:13.976] [SEVERE ] setting player 1 freeze to -46625
[21:10:13.978] [SEVERE ] setting player 2 freeze to -27624
[21:10:14.978] [SEVERE ] updating countdown to 22536
[21:10:14.979] [SEVERE ] setting player 1 freeze to -47628
[21:10:14.979] [SEVERE ] setting player 2 freeze to -28625
[21:10:15.980] [SEVERE ] updating countdown to 21534
[21:10:15.981] [SEVERE ] setting player 1 freeze to -48630
[21:10:15.981] [SEVERE ] setting player 2 freeze to -29627
[21:10:16.982] [SEVERE ] updating countdown to 20532
[21:10:16.983] [SEVERE ] setting player 1 freeze to -49632
[21:10:16.984] [SEVERE ] setting player 2 freeze to -30630
[21:10:17.985] [SEVERE ] updating countdown to 19529
[21:10:17.986] [SEVERE ] setting player 1 freeze to -50635
[21:10:17.987] [SEVERE ] setting player 2 freeze to -31633
[21:10:18.988] [SEVERE ] updating countdown to 18526
[21:10:18.989] [SEVERE ] setting player 1 freeze to -51638
[21:10:18.990] [SEVERE ] setting player 2 freeze to -32636
[21:10:19.991] [SEVERE ] updating countdown to 17523
[21:10:19.993] [SEVERE ] setting player 1 freeze to -52642
[21:10:19.993] [SEVERE ] setting player 2 freeze to -33639
[21:10:20.994] [SEVERE ] updating countdown to 16520
[21:10:20.995] [SEVERE ] setting player 1 freeze to -53644
[21:10:20.995] [SEVERE ] setting player 2 freeze to -34641
[21:10:21.996] [SEVERE ] updating countdown to 15518
[21:10:21.998] [SEVERE ] setting player 1 freeze to -54647
[21:10:21.999] [SEVERE ] setting player 2 freeze to -35645
[21:10:23.001] [SEVERE ] updating countdown to 14514
[21:10:23.003] [SEVERE ] setting player 1 freeze to -55652
[21:10:23.003] [SEVERE ] setting player 2 freeze to -36649
[21:10:23.997] [SEVERE ] updating countdown to 13517
[21:10:23.999] [SEVERE ] setting player 1 freeze to -56648
[21:10:24.000] [SEVERE ] setting player 2 freeze to -37646
[21:10:25.000] [SEVERE ] updating countdown to 12514
[21:10:25.001] [SEVERE ] setting player 1 freeze to -57650
[21:10:25.002] [SEVERE ] setting player 2 freeze to -38648
[21:10:26.002] [SEVERE ] updating countdown to 11512
[21:10:26.004] [SEVERE ] setting player 1 freeze to -58653
[21:10:26.005] [SEVERE ] setting player 2 freeze to -39651
[21:10:27.006] [SEVERE ] updating countdown to 10508
[21:10:27.007] [SEVERE ] setting player 1 freeze to -59656
[21:10:27.008] [SEVERE ] setting player 2 freeze to -40654
[21:10:28.008] [SEVERE ] updating countdown to 9506
[21:10:28.009] [SEVERE ] setting player 1 freeze to -60658
[21:10:28.009] [SEVERE ] setting player 2 freeze to -41655
[21:10:29.010] [SEVERE ] updating countdown to 8504
[21:10:29.011] [SEVERE ] setting player 1 freeze to -61660
[21:10:29.011] [SEVERE ] setting player 2 freeze to -42657
[21:10:30.012] [SEVERE ] updating countdown to 7502
[21:10:30.013] [SEVERE ] setting player 1 freeze to -62662
[21:10:30.013] [SEVERE ] setting player 2 freeze to -43659
[21:10:31.014] [SEVERE ] updating countdown to 6500
[21:10:31.015] [SEVERE ] setting player 1 freeze to -63664
[21:10:31.015] [SEVERE ] setting player 2 freeze to -44661
[21:10:32.016] [SEVERE ] updating countdown to 5498
[21:10:32.016] [SEVERE ] setting player 1 freeze to -64665
[21:10:32.019] [SEVERE ] setting player 2 freeze to -45665
[21:10:33.019] [SEVERE ] updating countdown to 4495
[21:10:33.020] [SEVERE ] setting player 1 freeze to -65669
[21:10:33.020] [SEVERE ] setting player 2 freeze to -46666
[21:10:34.021] [SEVERE ] updating countdown to 3493
[21:10:34.021] [SEVERE ] setting player 1 freeze to -66670
[21:10:34.021] [SEVERE ] setting player 2 freeze to -47667
[21:10:35.022] [SEVERE ] updating countdown to 2492
[21:10:35.022] [SEVERE ] setting player 1 freeze to -67671
[21:10:35.022] [SEVERE ] setting player 2 freeze to -48668
[21:10:36.023] [SEVERE ] updating countdown to 1491
[21:10:36.026] [SEVERE ] setting player 1 freeze to -68675
[21:10:36.027] [SEVERE ] setting player 2 freeze to -49673
[21:10:37.027] [SEVERE ] updating countdown to 487
[21:10:37.028] [SEVERE ] setting player 1 freeze to -69677
[21:10:37.028] [SEVERE ] setting player 2 freeze to -50674
[21:10:38.030] [SEVERE ] setting player 1 freeze to -70679
[21:10:38.031] [SEVERE ] setting player 2 freeze to -51677
[21:10:38.031] [SEVERE ] updating countdown to 59483
[21:10:38.031] [SEVERE ] setting player 1 freeze to -70680
[21:10:38.032] [SEVERE ] setting player 2 freeze to -51678
[21:10:38.133] [SEVERE ] removing card from slot 0
[21:10:38.234] [SEVERE ] removing card from slot 1
[21:10:38.335] [SEVERE ] removing card from slot 2
[21:10:38.437] [SEVERE ] removing card from slot 3
[21:10:38.537] [SEVERE ] removing card from slot 4
[21:10:38.639] [SEVERE ] removing card from slot 5
[21:10:38.740] [SEVERE ] removing card from slot 6
[21:10:38.841] [SEVERE ] removing card from slot 7
[21:10:38.942] [SEVERE ] removing card from slot 8
[21:10:39.044] [SEVERE ] removing card from slot 9
[21:10:39.146] [SEVERE ] removing card from slot 10
[21:10:39.248] [SEVERE ] removing card from slot 11
[21:10:39.248] [SEVERE ] removing player 2 token from slot 1
[21:10:39.249] [SEVERE ] removing player 2 token from slot 2
[21:10:39.350] [SEVERE ] placing card 42 in slot 0
[21:10:39.451] [SEVERE ] placing card 29 in slot 1
[21:10:39.552] [SEVERE ] placing card 20 in slot 2
[21:10:39.653] [SEVERE ] placing card 22 in slot 3
[21:10:39.755] [SEVERE ] placing card 41 in slot 4
[21:10:39.856] [SEVERE ] placing card 57 in slot 5
[21:10:39.958] [SEVERE ] placing card 78 in slot 6
[21:10:40.059] [SEVERE ] placing card 33 in slot 7
[21:10:40.160] [SEVERE ] placing card 36 in slot 8
[21:10:40.261] [SEVERE ] placing card 19 in slot 9
[21:10:40.362] [SEVERE ] placing card 37 in slot 10
[21:10:40.463] [SEVERE ] placing card 68 in slot 11
[21:10:41.464] [SEVERE ] updating countdown to 56050
[21:10:41.465] [SEVERE ] setting player 1 freeze to -74114
[21:10:41.466] [SEVERE ] setting player 2 freeze to -55112
[21:10:42.466] [SEVERE ] updating countdown to 55048
[21:10:42.467] [SEVERE ] setting player 1 freeze to -75116
[21:10:42.468] [SEVERE ] setting player 2 freeze to -56114
[21:10:43.469] [SEVERE ] updating countdown to 54045
[21:10:43.475] [SEVERE ] setting player 1 freeze to -76124
[21:10:43.477] [SEVERE ] setting player 2 freeze to -57123
[21:10:44.478] [SEVERE ] updating countdown to 53036
[21:10:44.479] [SEVERE ] setting player 1 freeze to -77128
[21:10:44.480] [SEVERE ] setting player 2 freeze to -58126
[21:10:45.481] [SEVERE ] updating countdown to 52033
[21:10:45.482] [SEVERE ] setting player 1 freeze to -78131
[21:10:45.483] [SEVERE ] setting player 2 freeze to -59129
[21:10:46.483] [SEVERE ] updating countdown to 51031
[21:10:46.487] [SEVERE ] setting player 1 freeze to -79136
[21:10:46.488] [SEVERE ] setting player 2 freeze to -60134
[21:10:47.489] [SEVERE ] updating countdown to 50025
[21:10:47.490] [SEVERE ] setting player 1 freeze to -80139
[21:10:47.491] [SEVERE ] setting player 2 freeze to -61137
[21:10:48.492] [SEVERE ] updating countdown to 49022
[21:10:48.493] [SEVERE ] setting player 1 freeze to -81142
[21:10:48.496] [SEVERE ] setting player 2 freeze to -62142
[21:10:49.498] [SEVERE ] updating countdown to 48016
[21:10:49.498] [SEVERE ] setting player 1 freeze to -82147
[21:10:49.499] [SEVERE ] setting player 2 freeze to -63145
[21:10:50.499] [SEVERE ] updating countdown to 47015
[21:10:50.501] [SEVERE ] setting player 1 freeze to -83150
[21:10:50.502] [SEVERE ] setting player 2 freeze to -64148
[21:10:51.503] [SEVERE ] updating countdown to 46011
[21:10:51.504] [SEVERE ] setting player 1 freeze to -84153
[21:10:51.504] [SEVERE ] setting player 2 freeze to -65150
[21:10:52.505] [SEVERE ] updating countdown to 45009
[21:10:52.505] [SEVERE ] setting player 1 freeze to -85154
[21:10:52.506] [SEVERE ] setting player 2 freeze to -66152
[21:10:53.506] [SEVERE ] updating countdown to 44008
[21:10:53.507] [SEVERE ] setting player 1 freeze to -86156
[21:10:53.507] [SEVERE ] setting player 2 freeze to -67153
[21:10:54.508] [SEVERE ] updating countdown to 43006
[21:10:54.510] [SEVERE ] setting player 1 freeze to -87159
[21:10:54.510] [SEVERE ] setting player 2 freeze to -68156
[21:10:55.512] [SEVERE ] updating countdown to 42002
[21:10:55.512] [SEVERE ] setting player 1 freeze to -88161
[21:10:55.514] [SEVERE ] setting player 2 freeze to -69160
[21:10:56.514] [SEVERE ] updating countdown to 41000
[21:10:56.516] [SEVERE ] setting player 1 freeze to -89165
[21:10:56.516] [SEVERE ] setting player 2 freeze to -70162
[21:10:57.519] [SEVERE ] updating countdown to 39995
[21:10:57.520] [SEVERE ] setting player 1 freeze to -90169
[21:10:57.520] [SEVERE ] setting player 2 freeze to -71166
[21:10:58.520] [SEVERE ] updating countdown to 38994
[21:10:58.521] [SEVERE ] setting player 1 freeze to -91170
[21:10:58.521] [SEVERE ] setting player 2 freeze to -72167
[21:10:59.522] [SEVERE ] updating countdown to 37992
[21:10:59.522] [SEVERE ] setting player 1 freeze to -92171
[21:10:59.522] [SEVERE ] setting player 2 freeze to -73168
[21:11:00.523] [SEVERE ] updating countdown to 36991
[21:11:00.524] [SEVERE ] setting player 1 freeze to -93173
[21:11:00.525] [SEVERE ] setting player 2 freeze to -74171
[21:11:01.526] [SEVERE ] updating countdown to 35988
[21:11:01.528] [SEVERE ] setting player 1 freeze to -94177
[21:11:01.529] [SEVERE ] setting player 2 freeze to -75175
[21:11:02.531] [SEVERE ] updating countdown to 34983
[21:11:02.532] [SEVERE ] setting player 1 freeze to -95181
[21:11:02.533] [SEVERE ] setting player 2 freeze to -76179
[21:11:03.534] [SEVERE ] updating countdown to 33980
[21:11:03.534] [SEVERE ] setting player 1 freeze to -96183
[21:11:03.535] [SEVERE ] setting player 2 freeze to -77181
[21:11:04.535] [SEVERE ] updating countdown to 32979
[21:11:04.545] [SEVERE ] setting player 1 freeze to -97194
[21:11:04.546] [SEVERE ] setting player 2 freeze to -78192
[21:11:05.547] [SEVERE ] updating countdown to 31967
[21:11:05.549] [SEVERE ] setting player 1 freeze to -98198
[21:11:05.549] [SEVERE ] setting player 2 freeze to -79195
[21:11:06.551] [SEVERE ] updating countdown to 30963
[21:11:06.552] [SEVERE ] setting player 1 freeze to -99201
[21:11:06.553] [SEVERE ] setting player 2 freeze to -80199
[21:11:07.554] [SEVERE ] updating countdown to 29960
[21:11:07.555] [SEVERE ] setting player 1 freeze to -100204
[21:11:07.556] [SEVERE ] setting player 2 freeze to -81202
[21:11:08.557] [SEVERE ] updating countdown to 28957
[21:11:08.558] [SEVERE ] setting player 1 freeze to -101207
[21:11:08.558] [SEVERE ] setting player 2 freeze to -82204
[21:11:09.559] [SEVERE ] updating countdown to 27955
[21:11:09.561] [SEVERE ] setting player 1 freeze to -102209
[21:11:09.561] [SEVERE ] setting player 2 freeze to -83207
[21:11:10.562] [SEVERE ] updating countdown to 26952
[21:11:10.563] [SEVERE ] setting player 1 freeze to -103212
[21:11:10.563] [SEVERE ] setting player 2 freeze to -84209
[21:11:11.564] [SEVERE ] updating countdown to 25950
[21:11:11.566] [SEVERE ] setting player 1 freeze to -104215
[21:11:11.566] [SEVERE ] setting player 2 freeze to -85212
[21:11:12.567] [SEVERE ] updating countdown to 24947
[21:11:12.569] [SEVERE ] setting player 1 freeze to -105218
[21:11:12.570] [SEVERE ] setting player 2 freeze to -86216
[21:11:13.570] [SEVERE ] updating countdown to 23944
[21:11:13.571] [SEVERE ] setting player 1 freeze to -106220
[21:11:13.571] [SEVERE ] setting player 2 freeze to -87217
[21:11:14.580] [SEVERE ] updating countdown to 22942
[21:11:14.581] [SEVERE ] setting player 1 freeze to -107229
[21:11:14.581] [SEVERE ] setting player 2 freeze to -88227
[21:11:15.582] [SEVERE ] updating countdown to 21932
[21:11:15.583] [SEVERE ] setting player 1 freeze to -108232
[21:11:15.584] [SEVERE ] setting player 2 freeze to -89230
[21:11:16.584] [SEVERE ] updating countdown to 20930
[21:11:16.586] [SEVERE ] setting player 1 freeze to -109235
[21:11:16.586] [SEVERE ] setting player 2 freeze to -90232
[21:11:17.587] [SEVERE ] updating countdown to 19927
[21:11:17.589] [SEVERE ] setting player 1 freeze to -110238
[21:11:17.589] [SEVERE ] setting player 2 freeze to -91235
[21:11:18.591] [SEVERE ] updating countdown to 18924
[21:11:18.592] [SEVERE ] setting player 1 freeze to -111241
[21:11:18.593] [SEVERE ] setting player 2 freeze to -92239
[21:11:19.595] [SEVERE ] updating countdown to 17919
[21:11:19.596] [SEVERE ] setting player 1 freeze to -112245
[21:11:19.596] [SEVERE ] setting player 2 freeze to -93242
[21:11:20.597] [SEVERE ] updating countdown to 16917
[21:11:20.597] [SEVERE ] setting player 1 freeze to -113246
[21:11:20.598] [SEVERE ] setting player 2 freeze to -94244
[21:11:21.599] [SEVERE ] updating countdown to 15915
[21:11:21.604] [SEVERE ] setting player 1 freeze to -114253
[21:11:21.676] [SEVERE ] setting player 2 freeze to -95322
[21:11:22.677] [SEVERE ] updating countdown to 14837
[21:11:22.678] [SEVERE ] setting player 1 freeze to -115327
[21:11:22.678] [SEVERE ] setting player 2 freeze to -96324
[21:11:23.679] [SEVERE ] updating countdown to 13835
[21:11:23.680] [SEVERE ] setting player 1 freeze to -116329
[21:11:23.680] [SEVERE ] setting player 2 freeze to -97326
[21:11:24.707] [SEVERE ] updating countdown to 12807
[21:11:24.707] [SEVERE ] setting player 1 freeze to -117356
[21:11:24.708] [SEVERE ] setting player 2 freeze to -98354
[21:11:25.709] [SEVERE ] updating countdown to 11805
[21:11:25.710] [SEVERE ] setting player 1 freeze to -118359
[21:11:25.710] [SEVERE ] setting player 2 freeze to -99356
[21:11:26.711] [SEVERE ] updating countdown to 10803
[21:11:26.713] [SEVERE ] setting player 1 freeze to -119362
[21:11:26.713] [SEVERE ] setting player 2 freeze to -100359
[21:11:27.714] [SEVERE ] updating countdown to 9800
[21:11:27.716] [SEVERE ] setting player 1 freeze to -120365
[21:11:27.716] [SEVERE ] setting player 2 freeze to -101362
[21:11:28.717] [SEVERE ] updating countdown to 8797
[21:11:28.718] [SEVERE ] setting player 1 freeze to -121367
[21:11:28.719] [SEVERE ] setting player 2 freeze to -102365
[21:11:29.720] [SEVERE ] updating countdown to 7794
[21:11:29.721] [SEVERE ] setting player 1 freeze to -122370
[21:11:29.721] [SEVERE ] setting player 2 freeze to -103367
[21:11:30.722] [SEVERE ] updating countdown to 6792
[21:11:30.724] [SEVERE ] setting player 1 freeze to -123373
[21:11:30.725] [SEVERE ] setting player 2 freeze to -104371
[21:11:31.727] [SEVERE ] updating countdown to 5787
[21:11:31.728] [SEVERE ] setting player 1 freeze to -124377
[21:11:31.729] [SEVERE ] setting player 2 freeze to -105375
[21:11:32.730] [SEVERE ] updating countdown to 4784
[21:11:32.731] [SEVERE ] setting player 1 freeze to -125380
[21:11:32.732] [SEVERE ] setting player 2 freeze to -106378
[21:11:33.733] [SEVERE ] updating countdown to 3781
[21:11:33.733] [SEVERE ] setting player 1 freeze to -126382
[21:11:33.734] [SEVERE ] setting player 2 freeze to -107380
[21:11:34.734] [SEVERE ] updating countdown to 2780
[21:11:34.740] [SEVERE ] setting player 1 freeze to -127389
[21:11:34.741] [SEVERE ] setting player 2 freeze to -108387
[21:11:35.742] [SEVERE ] updating countdown to 1772
[21:11:35.743] [SEVERE ] setting player 1 freeze to -128392
[21:11:35.744] [SEVERE ] setting player 2 freeze to -109390
[21:11:36.745] [SEVERE ] updating countdown to 769
[21:11:36.746] [SEVERE ] setting player 1 freeze to -129395
[21:11:36.746] [SEVERE ] setting player 2 freeze to -110392
[21:11:37.747] [SEVERE ] setting player 1 freeze to -130396
[21:11:37.748] [SEVERE ] setting player 2 freeze to -111394
[21:11:37.748] [SEVERE ] updating countdown to 59766
[21:11:37.749] [SEVERE ] setting player 1 freeze to -130398
[21:11:37.749] [SEVERE ] setting player 2 freeze to -111395
[21:11:37.850] [SEVERE ] removing card from slot 0
[21:11:37.952] [SEVERE ] removing card from slot 1
[21:11:38.053] [SEVERE ] removing card from slot 2
[21:11:38.155] [SEVERE ] removing card from slot 3
[21:11:38.256] [SEVERE ] removing card from slot 4
[21:11:38.357] [SEVERE ] removing card from slot 5
[21:11:38.458] [SEVERE ] removing card from slot 6
[21:11:38.559] [SEVERE ] removing card from slot 7
[21:11:38.660] [SEVERE ] removing card from slot 8
[21:11:38.761] [SEVERE ] removing card from slot 9
[21:11:38.862] [SEVERE ] removing card from slot 10
[21:11:38.964] [SEVERE ] removing card from slot 11
[21:11:39.065] [SEVERE ] placing card 28 in slot 0
[21:11:39.166] [SEVERE ] placing card 43 in slot 1
[21:11:39.267] [SEVERE ] placing card 33 in slot 2
[21:11:39.369] [SEVERE ] placing card 32 in slot 3
[21:11:39.470] [SEVERE ] placing card 4 in slot 4
[21:11:39.571] [SEVERE ] placing card 7 in slot 5
[21:11:39.673] [SEVERE ] placing card 15 in slot 6
[21:11:39.774] [SEVERE ] placing card 10 in slot 7
[21:11:39.875] [SEVERE ] placing card 42 in slot 8
[21:11:39.976] [SEVERE ] placing card 37 in slot 9
[21:11:40.077] [SEVERE ] placing card 73 in slot 10
[21:11:40.178] [SEVERE ] placing card 38 in slot 11
[21:11:41.179] [SEVERE ] updating countdown to 56335
[21:11:41.180] [SEVERE ] setting player 1 freeze to -133829
[21:11:41.180] [SEVERE ] setting player 2 freeze to -114826
[21:11:42.181] [SEVERE ] updating countdown to 55333
[21:11:42.196] [SEVERE ] setting player 1 freeze to -134845
[21:11:42.198] [SEVERE ] setting player 2 freeze to -115844
[21:11:43.199] [SEVERE ] updating countdown to 54315
[21:11:43.200] [SEVERE ] setting player 1 freeze to -135849
[21:11:43.200] [SEVERE ] setting player 2 freeze to -116846
[21:11:44.200] [SEVERE ] updating countdown to 53314
[21:11:44.201] [SEVERE ] setting player 1 freeze to -136850
[21:11:44.202] [SEVERE ] setting player 2 freeze to -117848
[21:11:45.202] [SEVERE ] updating countdown to 52312
[21:11:45.204] [SEVERE ] setting player 1 freeze to -137853
[21:11:45.206] [SEVERE ] setting player 2 freeze to -118852
[21:11:46.207] [SEVERE ] updating countdown to 51307
[21:11:46.208] [SEVERE ] setting player 1 freeze to -138857
[21:11:46.208] [SEVERE ] setting player 2 freeze to -119854
[21:11:47.209] [SEVERE ] updating countdown to 50305
[21:11:47.210] [SEVERE ] setting player 1 freeze to -139859
[21:11:47.211] [SEVERE ] setting player 2 freeze to -120857
[21:11:48.211] [SEVERE ] updating countdown to 49303
[21:11:48.212] [SEVERE ] setting player 1 freeze to -140861
[21:11:48.212] [SEVERE ] setting player 2 freeze to -121858
[21:11:49.214] [SEVERE ] updating countdown to 48300
[21:11:49.215] [SEVERE ] setting player 1 freeze to -141864
[21:11:49.215] [SEVERE ] setting player 2 freeze to -122861
[21:11:50.215] [SEVERE ] updating countdown to 47299
[21:11:50.216] [SEVERE ] setting player 1 freeze to -142865
[21:11:50.216] [SEVERE ] setting player 2 freeze to -123862
[21:11:51.216] [SEVERE ] updating countdown to 46298
[21:11:51.217] [SEVERE ] setting player 1 freeze to -143866
[21:11:51.218] [SEVERE ] setting player 2 freeze to -124864
[21:11:52.218] [SEVERE ] updating countdown to 45296
[21:11:52.219] [SEVERE ] setting player 1 freeze to -144868
[21:11:52.220] [SEVERE ] setting player 2 freeze to -125866
[21:11:53.221] [SEVERE ] updating countdown to 44293
[21:11:53.222] [SEVERE ] setting player 1 freeze to -145871
[21:11:53.222] [SEVERE ] setting player 2 freeze to -126868
[21:11:54.222] [SEVERE ] updating countdown to 43292
[21:11:54.223] [SEVERE ] setting player 1 freeze to -146872
[21:11:54.223] [SEVERE ] setting player 2 freeze to -127869
[21:11:55.224] [SEVERE ] updating countdown to 42290
[21:11:55.224] [SEVERE ] setting player 1 freeze to -147873
[21:11:55.224] [SEVERE ] setting player 2 freeze to -128870
[21:11:56.225] [SEVERE ] updating countdown to 41289
[21:11:56.226] [SEVERE ] setting player 1 freeze to -148875
[21:11:56.227] [SEVERE ] setting player 2 freeze to -129873
[21:11:57.227] [SEVERE ] updating countdown to 40287
[21:11:57.228] [SEVERE ] setting player 1 freeze to -149877
[21:11:57.228] [SEVERE ] setting player 2 freeze to -130874
[21:11:58.229] [SEVERE ] updating countdown to 39285
[21:11:58.230] [SEVERE ] setting player 1 freeze to -150879
[21:11:58.230] [SEVERE ] setting player 2 freeze to -131876
[21:11:59.230] [SEVERE ] updating countdown to 38284
[21:11:59.231] [SEVERE ] setting player 1 freeze to -151880
[21:11:59.232] [SEVERE ] setting player 2 freeze to -132878
[21:12:00.232] [SEVERE ] updating countdown to 37282
[21:12:00.234] [SEVERE ] setting player 1 freeze to -152883
[21:12:00.235] [SEVERE ] setting player 2 freeze to -133881
[21:12:01.236] [SEVERE ] updating countdown to 36278
[21:12:01.237] [SEVERE ] setting player 1 freeze to -153886
[21:12:01.238] [SEVERE ] setting player 2 freeze to -134884
[21:12:02.239] [SEVERE ] updating countdown to 35275
[21:12:02.240] [SEVERE ] setting player 1 freeze to -154889
[21:12:02.240] [SEVERE ] setting player 2 freeze to -135886
[21:12:03.241] [SEVERE ] updating countdown to 34273
[21:12:03.242] [SEVERE ] setting player 1 freeze to -155891
[21:12:03.243] [SEVERE ] setting player 2 freeze to -136889
[21:12:04.243] [SEVERE ] updating countdown to 33271
[21:12:04.244] [SEVERE ] setting player 1 freeze to -156893
[21:12:04.244] [SEVERE ] setting player 2 freeze to -137890
[21:12:05.245] [SEVERE ] updating countdown to 32269
[21:12:05.246] [SEVERE ] setting player 1 freeze to -157895
[21:12:05.247] [SEVERE ] setting player 2 freeze to -138893
[21:12:06.248] [SEVERE ] updating countdown to 31266
[21:12:06.249] [SEVERE ] setting player 1 freeze to -158898
[21:12:06.249] [SEVERE ] setting player 2 freeze to -139895
[21:12:07.251] [SEVERE ] updating countdown to 30264
[21:12:07.252] [SEVERE ] setting player 1 freeze to -159901
[21:12:07.252] [SEVERE ] setting player 2 freeze to -140898
[21:12:08.253] [SEVERE ] updating countdown to 29261
[21:12:08.254] [SEVERE ] setting player 1 freeze to -160903
[21:12:08.255] [SEVERE ] setting player 2 freeze to -141901
[21:12:09.256] [SEVERE ] updating countdown to 28258
[21:12:09.258] [SEVERE ] setting player 1 freeze to -161907
[21:12:09.258] [SEVERE ] setting player 2 freeze to -142904
[21:12:10.259] [SEVERE ] updating countdown to 27255
[21:12:10.260] [SEVERE ] setting player 1 freeze to -162909
[21:12:10.260] [SEVERE ] setting player 2 freeze to -143906
[21:12:11.261] [SEVERE ] updating countdown to 26253
[21:12:11.262] [SEVERE ] setting player 1 freeze to -163911
[21:12:11.263] [SEVERE ] setting player 2 freeze to -144909
[21:12:12.263] [SEVERE ] updating countdown to 25251
[21:12:12.265] [SEVERE ] setting player 1 freeze to -164914
[21:12:12.265] [SEVERE ] setting player 2 freeze to -145911
[21:12:13.266] [SEVERE ] updating countdown to 24248
[21:12:13.267] [SEVERE ] setting player 1 freeze to -165916
[21:12:13.268] [SEVERE ] setting player 2 freeze to -146914
[21:12:14.269] [SEVERE ] updating countdown to 23245
[21:12:14.270] [SEVERE ] setting player 1 freeze to -166919
[21:12:14.271] [SEVERE ] setting player 2 freeze to -147917
[21:12:15.272] [SEVERE ] updating countdown to 22242
[21:12:15.273] [SEVERE ] setting player 1 freeze to -167922
[21:12:15.274] [SEVERE ] setting player 2 freeze to -148920
[21:12:16.275] [SEVERE ] updating countdown to 21239
[21:12:16.276] [SEVERE ] setting player 1 freeze to -168925
[21:12:16.277] [SEVERE ] setting player 2 freeze to -149923
[21:12:17.278] [SEVERE ] updating countdown to 20236
[21:12:17.279] [SEVERE ] setting player 1 freeze to -169928
[21:12:17.280] [SEVERE ] setting player 2 freeze to -150926
[21:12:18.281] [SEVERE ] updating countdown to 19233
[21:12:18.282] [SEVERE ] setting player 1 freeze to -170931
[21:12:18.283] [SEVERE ] setting player 2 freeze to -151929
[21:12:19.284] [SEVERE ] updating countdown to 18230
[21:12:19.285] [SEVERE ] setting player 1 freeze to -171934
[21:12:19.286] [SEVERE ] setting player 2 freeze to -152932
[21:12:20.287] [SEVERE ] updating countdown to 17227
[21:12:20.288] [SEVERE ] setting player 1 freeze to -172937
[21:12:20.288] [SEVERE ] setting player 2 freeze to -153934
[21:12:21.289] [SEVERE ] updating countdown to 16225
[21:12:21.290] [SEVERE ] setting player 1 freeze to -173939
[21:12:21.290] [SEVERE ] setting player 2 freeze to -154936
[21:12:22.291] [SEVERE ] updating countdown to 15223
[21:12:22.294] [SEVERE ] setting player 1 freeze to -174943
[21:12:22.294] [SEVERE ] setting player 2 freeze to -155940
[21:12:23.295] [SEVERE ] updating countdown to 14219
[21:12:23.297] [SEVERE ] setting player 1 freeze to -175946
[21:12:23.297] [SEVERE ] setting player 2 freeze to -156943
[21:12:24.297] [SEVERE ] updating countdown to 13217
[21:12:24.298] [SEVERE ] setting player 1 freeze to -176947
[21:12:24.299] [SEVERE ] setting player 2 freeze to -157945
[21:12:25.300] [SEVERE ] updating countdown to 12214
[21:12:25.301] [SEVERE ] setting player 1 freeze to -177950
[21:12:25.302] [SEVERE ] setting player 2 freeze to -158948
[21:12:26.302] [SEVERE ] updating countdown to 11212
[21:12:26.304] [SEVERE ] setting player 1 freeze to -178953
[21:12:26.305] [SEVERE ] setting player 2 freeze to -159951
[21:12:27.306] [SEVERE ] updating countdown to 10208
[21:12:27.307] [SEVERE ] setting player 1 freeze to -179956
[21:12:27.308] [SEVERE ] setting player 2 freeze to -160954
[21:12:28.309] [SEVERE ] updating countdown to 9205
[21:12:28.311] [SEVERE ] setting player 1 freeze to -180960
[21:12:28.312] [SEVERE ] setting player 2 freeze to -161958
[21:12:29.313] [SEVERE ] updating countdown to 8201
[21:12:29.315] [SEVERE ] setting player 1 freeze to -181964
[21:12:29.316] [SEVERE ] setting player 2 freeze to -162962
[21:12:30.318] [SEVERE ] updating countdown to 7196
[21:12:30.319] [SEVERE ] setting player 1 freeze to -182968
[21:12:30.321] [SEVERE ] setting player 2 freeze to -163967
[21:12:31.322] [SEVERE ] updating countdown to 6192
[21:12:31.324] [SEVERE ] setting player 1 freeze to -183973
[21:12:31.324] [SEVERE ] setting player 2 freeze to -164970
[21:12:32.325] [SEVERE ] updating countdown to 5189
[21:12:32.327] [SEVERE ] setting player 1 freeze to -184976
[21:12:32.327] [SEVERE ] setting player 2 freeze to -165973
[21:12:33.328] [SEVERE ] updating countdown to 4186
[21:12:33.330] [SEVERE ] setting player 1 freeze to -185979
[21:12:33.330] [SEVERE ] setting player 2 freeze to -166976
[21:12:34.331] [SEVERE ] updating countdown to 3183
[21:12:34.337] [SEVERE ] setting player 1 freeze to -186986
[21:12:34.413] [SEVERE ] setting player 2 freeze to -168059
[21:12:35.414] [SEVERE ] updating countdown to 2100
[21:12:35.416] [SEVERE ] setting player 1 freeze to -188065
[21:12:35.417] [SEVERE ] setting player 2 freeze to -169063
[21:12:36.418] [SEVERE ] updating countdown to 1096
[21:12:36.419] [SEVERE ] setting player 1 freeze to -189068
[21:12:36.420] [SEVERE ] setting player 2 freeze to -170066
[21:12:37.421] [SEVERE ] updating countdown to 93
[21:12:37.422] [SEVERE ] setting player 1 freeze to -190071
[21:12:37.423] [SEVERE ] setting player 2 freeze to -171069
[21:12:38.424] [SEVERE ] setting player 1 freeze to -191073
[21:12:38.425] [SEVERE ] setting player 2 freeze to -172071
[21:12:38.425] [SEVERE ] updating countdown to 59089
[21:12:38.425] [SEVERE ] setting player 1 freeze to -191074
[21:12:38.425] [SEVERE ] setting player 2 freeze to -172071
[21:12:38.526] [SEVERE ] removing card from slot 0
[21:12:38.628] [SEVERE ] removing card from slot 1
[21:12:38.729] [SEVERE ] removing card from slot 2
[21:12:38.831] [SEVERE ] removing card from slot 3
[21:12:38.933] [SEVERE ] removing card from slot 4
[21:12:39.034] [SEVERE ] removing card from slot 5
[21:12:39.134] [SEVERE ] removing card from slot 6
[21:12:39.235] [SEVERE ] removing card from slot 7
[21:12:39.337] [SEVERE ] removing card from slot 8
[21:12:39.439] [SEVERE ] removing card from slot 9
[21:12:39.540] [SEVERE ] removing card from slot 10
[21:12:39.641] [SEVERE ] removing card from slot 11
[21:12:39.743] [SEVERE ] placing card 57 in slot 0
[21:12:39.845] [SEVERE ] placing card 11 in slot 1
[21:12:39.946] [SEVERE ] placing card 72 in slot 2
[21:12:40.048] [SEVERE ] placing card 73 in slot 3
[21:12:40.150] [SEVERE ] placing card 56 in slot 4
[21:12:40.252] [SEVERE ] placing card 71 in slot 5
[21:12:40.353] [SEVERE ] placing card 30 in slot 6
[21:12:40.454] [SEVERE ] placing card 19 in slot 7
[21:12:40.555] [SEVERE ] placing card 69 in slot 8
[21:12:40.656] [SEVERE ] placing card 29 in slot 9
[21:12:40.807] [SEVERE ] placing card 9 in slot 10
[21:12:40.908] [SEVERE ] placing card 41 in slot 11
[21:12:41.910] [SEVERE ] updating countdown to 55604
[21:12:41.911] [SEVERE ] setting player 1 freeze to -194560
[21:12:41.911] [SEVERE ] setting player 2 freeze to -175557
[21:12:42.912] [SEVERE ] updating countdown to 54602
[21:12:42.930] [SEVERE ] setting player 1 freeze to -195579
[21:12:42.930] [SEVERE ] setting player 2 freeze to -176576
[21:12:43.017] [SEVERE ] key 80 was pressed by player 2
[21:12:43.017] [SEVERE ] player 2 placing token on slot 3
[21:12:43.269] [SEVERE ] key 79 was pressed by player 2
[21:12:43.270] [SEVERE ] player 2 placing token on slot 2
[21:12:43.510] [SEVERE ] key 73 was pressed by player 2
[21:12:43.511] [SEVERE ] player 2 placing token on slot 1
[21:12:43.511] [SEVERE ] updating countdown to 54003
[21:12:43.511] [SEVERE ] setting player 1 freeze to -196160
[21:12:43.512] [SEVERE ] setting player 2 freeze to -177158
[21:12:43.512] [SEVERE ] setting player 2 freeze to 9000
[21:12:43.512] [SEVERE ] removing player 2 token from slot 1
[21:12:43.512] [SEVERE ] removing player 2 token from slot 2
[21:12:43.513] [SEVERE ] removing player 2 token from slot 3
[21:12:44.513] [SEVERE ] updating countdown to 53001
[21:12:44.514] [SEVERE ] setting player 1 freeze to -197163
[21:12:44.517] [SEVERE ] setting player 2 freeze to 7995
[21:12:45.519] [SEVERE ] updating countdown to 51995
[21:12:45.520] [SEVERE ] setting player 1 freeze to -198169
[21:12:45.529] [SEVERE ] setting player 2 freeze to 6983
[21:12:45.694] [SEVERE ] key 79 was pressed by player 2
[21:12:45.695] [SEVERE ] player 2 placing token on slot 2
[21:12:46.533] [SEVERE ] updating countdown to 50981
[21:12:46.533] [SEVERE ] setting player 1 freeze to -199182
[21:12:46.535] [SEVERE ] setting player 2 freeze to 5977
[21:12:47.272] [SEVERE ] key 79 was pressed by player 2
[21:12:47.537] [SEVERE ] updating countdown to 49977
[21:12:47.538] [SEVERE ] setting player 1 freeze to -200187
[21:12:47.539] [SEVERE ] setting player 2 freeze to 4973
[21:12:47.820] [SEVERE ] key 73 was pressed by player 2
[21:12:48.129] [SEVERE ] key 79 was pressed by player 2
[21:12:48.480] [SEVERE ] key 80 was pressed by player 2
[21:12:48.541] [SEVERE ] updating countdown to 48973
[21:12:48.542] [SEVERE ] setting player 1 freeze to -201191
[21:12:48.542] [SEVERE ] setting player 2 freeze to 3970
[21:12:49.543] [SEVERE ] updating countdown to 47971
[21:12:49.543] [SEVERE ] setting player 1 freeze to -202192
[21:12:49.543] [SEVERE ] setting player 2 freeze to 2969
[21:12:50.544] [SEVERE ] updating countdown to 46970
[21:12:50.544] [SEVERE ] setting player 1 freeze to -203193
[21:12:50.546] [SEVERE ] setting player 2 freeze to 1966
[21:12:51.546] [SEVERE ] updating countdown to 45968
[21:12:51.547] [SEVERE ] setting player 1 freeze to -204196
[21:12:51.549] [SEVERE ] setting player 2 freeze to 964
[21:12:52.550] [SEVERE ] updating countdown to 44964
[21:12:52.551] [SEVERE ] setting player 1 freeze to -205199
[21:12:52.551] [SEVERE ] setting player 2 freeze to -39
[21:12:53.552] [SEVERE ] updating countdown to 43962
[21:12:53.553] [SEVERE ] setting player 1 freeze to -206202
[21:12:53.553] [SEVERE ] setting player 2 freeze to -1041
[21:12:54.554] [SEVERE ] updating countdown to 42960
[21:12:54.554] [SEVERE ] setting player 1 freeze to -207203
[21:12:54.557] [SEVERE ] setting player 2 freeze to -2045
[21:12:54.695] [SEVERE ] removing player 2 token from slot 2
[21:12:54.696] [SEVERE ] key 79 was pressed by player 2
[21:12:54.696] [SEVERE ] player 2 placing token on slot 1
[21:12:54.697] [SEVERE ] key 73 was pressed by player 2
[21:12:54.698] [SEVERE ] player 2 placing token on slot 2
[21:12:54.698] [SEVERE ] key 79 was pressed by player 2
[21:12:54.698] [SEVERE ] player 2 placing token on slot 3
[21:12:54.699] [SEVERE ] key 79 was pressed by player 2
[21:12:54.699] [SEVERE ] updating countdown to 42815
[21:12:54.699] [SEVERE ] removing player 2 token from slot 2
[21:12:54.699] [SEVERE ] setting player 1 freeze to -207348
[21:12:54.700] [SEVERE ] setting player 2 freeze to -2188
[21:12:54.699] [SEVERE ] key 73 was pressed by player 2
[21:12:54.700] [SEVERE ] setting player 2 freeze to 9000
[21:12:54.700] [SEVERE ] removing player 2 token from slot 1
[21:12:54.701] [SEVERE ] key 79 was pressed by player 2
[21:12:54.702] [SEVERE ] removing player 2 token from slot 3
[21:12:55.703] [SEVERE ] updating countdown to 41811
[21:12:55.704] [SEVERE ] setting player 1 freeze to -208353
[21:12:55.704] [SEVERE ] setting player 2 freeze to 7997
[21:12:56.706] [SEVERE ] updating countdown to 40808
[21:12:56.707] [SEVERE ] setting player 1 freeze to -209356
[21:12:56.707] [SEVERE ] setting player 2 freeze to 6994
[21:12:57.708] [SEVERE ] updating countdown to 39806
[21:12:57.709] [SEVERE ] setting player 1 freeze to -210358
[21:12:57.710] [SEVERE ] setting player 2 freeze to 5991
[21:12:58.711] [SEVERE ] updating countdown to 38803
[21:12:58.712] [SEVERE ] setting player 1 freeze to -211361
[21:12:58.713] [SEVERE ] setting player 2 freeze to 4988
[21:12:59.714] [SEVERE ] updating countdown to 37800
[21:12:59.715] [SEVERE ] setting player 1 freeze to -212364
[21:12:59.716] [SEVERE ] setting player 2 freeze to 3985
[21:13:00.716] [SEVERE ] updating countdown to 36798
[21:13:00.717] [SEVERE ] setting player 1 freeze to -213366
[21:13:00.717] [SEVERE ] setting player 2 freeze to 2984
[21:13:01.718] [SEVERE ] updating countdown to 35796
[21:13:01.719] [SEVERE ] setting player 1 freeze to -214368
[21:13:01.719] [SEVERE ] setting player 2 freeze to 1982
[21:13:02.719] [SEVERE ] updating countdown to 34795
[21:13:02.720] [SEVERE ] setting player 1 freeze to -215369
[21:13:02.721] [SEVERE ] setting player 2 freeze to 980
[21:13:03.702] [SEVERE ] player 2 placing token on slot 2
[21:13:03.702] [SEVERE ] key 73 was pressed by player 2
[21:13:03.703] [SEVERE ] removing player 2 token from slot 2
[21:13:03.704] [SEVERE ] player 2 placing token on slot 1
[21:13:03.704] [SEVERE ] key 79 was pressed by player 2
[21:13:03.705] [SEVERE ] player 2 placing token on slot 2
[21:13:03.705] [SEVERE ] key 80 was pressed by player 2
[21:13:03.708] [SEVERE ] removing player 2 token from slot 1
[21:13:03.708] [SEVERE ] key 80 was pressed by player 2
[21:13:03.709] [SEVERE ] removing player 2 token from slot 2
[21:13:03.709] [SEVERE ] key 80 was pressed by player 2
[21:13:03.710] [SEVERE ] player 2 placing token on slot 3
[21:13:03.711] [SEVERE ] removing player 2 token from slot 3
[21:13:03.711] [SEVERE ] player 2 placing token on slot 3
[21:13:03.722] [SEVERE ] updating countdown to 33792
[21:13:03.723] [SEVERE ] setting player 1 freeze to -216372
[21:13:03.723] [SEVERE ] setting player 2 freeze to -22
[21:13:04.232] [SEVERE ] key 81 was pressed by player 1
[21:13:04.232] [SEVERE ] player 1 placing token on slot 0
[21:13:04.724] [SEVERE ] updating countdown to 32790
[21:13:04.747] [SEVERE ] setting player 1 freeze to -217395
[21:13:04.756] [SEVERE ] setting player 2 freeze to -1055
[21:13:05.757] [SEVERE ] updating countdown to 31757
[21:13:05.759] [SEVERE ] setting player 1 freeze to -218408
[21:13:05.760] [SEVERE ] setting player 2 freeze to -2059
[21:13:05.889] [SEVERE ] key 87 was pressed by player 1
[21:13:05.890] [SEVERE ] player 1 placing token on slot 1
[21:13:06.705] [SEVERE ] key 69 was pressed by player 1
[21:13:06.706] [SEVERE ] player 1 placing token on slot 2
[21:13:06.706] [SEVERE ] updating countdown to 30808
[21:13:06.707] [SEVERE ] setting player 1 freeze to -219356
[21:13:06.707] [SEVERE ] setting player 2 freeze to -3006
[21:13:06.708] [SEVERE ] setting player 1 freeze to 9000
[21:13:06.709] [SEVERE ] removing player 1 token from slot 0
[21:13:06.709] [SEVERE ] removing player 1 token from slot 1
[21:13:06.710] [SEVERE ] removing player 1 token from slot 2
[21:13:07.710] [SEVERE ] updating countdown to 29804
[21:13:07.711] [SEVERE ] setting player 1 freeze to 7997
[21:13:07.714] [SEVERE ] setting player 2 freeze to -4013
[21:13:08.715] [SEVERE ] updating countdown to 28799
[21:13:08.716] [SEVERE ] setting player 1 freeze to 6992
[21:13:08.718] [SEVERE ] setting player 2 freeze to -5017
[21:13:09.134] [SEVERE ] key 87 was pressed by player 1
[21:13:09.135] [SEVERE ] player 1 placing token on slot 1
[21:13:09.720] [SEVERE ] updating countdown to 27794
[21:13:09.722] [SEVERE ] setting player 1 freeze to 5986
[21:13:09.723] [SEVERE ] setting player 2 freeze to -6022
[21:13:10.724] [SEVERE ] updating countdown to 26790
[21:13:10.737] [SEVERE ] setting player 1 freeze to 4971
[21:13:10.737] [SEVERE ] setting player 2 freeze to -7036
[21:13:11.738] [SEVERE ] updating countdown to 25776
[21:13:11.739] [SEVERE ] setting player 1 freeze to 3969
[21:13:11.741] [SEVERE ] setting player 2 freeze to -8040
[21:13:11.933] [SEVERE ] key 81 was pressed by player 1
[21:13:12.743] [SEVERE ] updating countdown to 24771
[21:13:12.744] [SEVERE ] setting player 1 freeze to 2964
[21:13:12.745] [SEVERE ] setting player 2 freeze to -9044
[21:13:13.748] [SEVERE ] updating countdown to 23766
[21:13:13.749] [SEVERE ] setting player 1 freeze to 1959
[21:13:13.749] [SEVERE ] setting player 2 freeze to -10048
[21:13:14.320] [SEVERE ] key 87 was pressed by player 1
[21:13:14.750] [SEVERE ] updating countdown to 22764
[21:13:14.750] [SEVERE ] setting player 1 freeze to 958
[21:13:14.752] [SEVERE ] setting player 2 freeze to -11051
[21:13:15.262] [SEVERE ] key 87 was pressed by player 1
[21:13:15.755] [SEVERE ] updating countdown to 21759
[21:13:15.756] [SEVERE ] setting player 1 freeze to -48
[21:13:15.757] [SEVERE ] setting player 2 freeze to -12056
[21:13:16.003] [SEVERE ] key 69 was pressed by player 1
[21:13:16.759] [SEVERE ] updating countdown to 20755
[21:13:16.759] [SEVERE ] setting player 1 freeze to -1051
[21:13:16.760] [SEVERE ] setting player 2 freeze to -13059
[21:13:17.761] [SEVERE ] updating countdown to 19753
[21:13:17.763] [SEVERE ] setting player 1 freeze to -2055
[21:13:17.764] [SEVERE ] setting player 2 freeze to -14063
[21:13:18.136] [SEVERE ] player 1 placing token on slot 0
[21:13:18.138] [SEVERE ] removing player 1 token from slot 1
[21:13:18.140] [SEVERE ] player 1 placing token on slot 1
[21:13:18.148] [SEVERE ] player 1 placing token on slot 2
[21:13:18.149] [SEVERE ] updating countdown to 19365
[21:13:18.150] [SEVERE ] setting player 1 freeze to -2442
[21:13:18.152] [SEVERE ] setting player 2 freeze to -14451
[21:13:18.153] [SEVERE ] setting player 1 freeze to 9000
[21:13:18.154] [SEVERE ] removing player 1 token from slot 0
[21:13:18.156] [SEVERE ] removing player 1 token from slot 1
[21:13:18.159] [SEVERE ] removing player 1 token from slot 2
[21:13:19.161] [SEVERE ] updating countdown to 18353
[21:13:19.162] [SEVERE ] setting player 1 freeze to 7992
[21:13:19.163] [SEVERE ] setting player 2 freeze to -15462
[21:13:20.164] [SEVERE ] updating countdown to 17350
[21:13:20.164] [SEVERE ] setting player 1 freeze to 6990
[21:13:20.165] [SEVERE ] setting player 2 freeze to -16464
[21:13:21.166] [SEVERE ] updating countdown to 16348
[21:13:21.167] [SEVERE ] setting player 1 freeze to 5987
[21:13:21.169] [SEVERE ] setting player 2 freeze to -17468
[21:13:22.172] [SEVERE ] updating countdown to 15342
[21:13:22.173] [SEVERE ] setting player 1 freeze to 4981
[21:13:22.175] [SEVERE ] setting player 2 freeze to -18474
[21:13:23.182] [SEVERE ] updating countdown to 14332
[21:13:23.183] [SEVERE ] setting player 1 freeze to 3971
[21:13:23.184] [SEVERE ] setting player 2 freeze to -19483
[21:13:24.184] [SEVERE ] updating countdown to 13330
[21:13:24.185] [SEVERE ] setting player 1 freeze to 2969
[21:13:24.186] [SEVERE ] setting player 2 freeze to -20485
[21:13:25.187] [SEVERE ] updating countdown to 12327
[21:13:25.188] [SEVERE ] setting player 1 freeze to 1966
[21:13:25.188] [SEVERE ] setting player 2 freeze to -21487
[21:13:26.080] [SEVERE ] key 81 was pressed by player 1
[21:13:26.081] [SEVERE ] player 1 placing token on slot 0
[21:13:26.190] [SEVERE ] updating countdown to 11324
[21:13:26.191] [SEVERE ] setting player 1 freeze to 963
[21:13:26.191] [SEVERE ] setting player 2 freeze to -22490
[21:13:27.192] [SEVERE ] updating countdown to 10322
[21:13:27.193] [SEVERE ] setting player 1 freeze to -39
[21:13:27.193] [SEVERE ] setting player 2 freeze to -23492
[21:13:27.195] [SEVERE ] key 83 was pressed by player 1
[21:13:28.196] [SEVERE ] updating countdown to 9318
[21:13:28.197] [SEVERE ] setting player 1 freeze to -1043
[21:13:28.198] [SEVERE ] setting player 2 freeze to -24497
[21:13:29.199] [SEVERE ] updating countdown to 8315
[21:13:29.201] [SEVERE ] setting player 1 freeze to -2047
[21:13:29.201] [SEVERE ] setting player 2 freeze to -25500
[21:13:29.800] [SEVERE ] key 83 was pressed by player 1
[21:13:30.204] [SEVERE ] updating countdown to 7310
[21:13:30.205] [SEVERE ] setting player 1 freeze to -3051
[21:13:30.207] [SEVERE ] setting player 2 freeze to -26506
[21:13:31.208] [SEVERE ] updating countdown to 6306
[21:13:31.210] [SEVERE ] setting player 1 freeze to -4056
[21:13:31.211] [SEVERE ] setting player 2 freeze to -27510
[21:13:32.176] [SEVERE ] key 80 was pressed by player 2
[21:13:32.186] [SEVERE ] removing player 2 token from slot 3
[21:13:32.211] [SEVERE ] updating countdown to 5303
[21:13:32.212] [SEVERE ] setting player 1 freeze to -5058
[21:13:32.213] [SEVERE ] setting player 2 freeze to -28512
[21:13:33.213] [SEVERE ] updating countdown to 4301
[21:13:33.214] [SEVERE ] setting player 1 freeze to -6060
[21:13:33.218] [SEVERE ] setting player 2 freeze to -29517
[21:13:33.463] [SEVERE ] key 79 was pressed by player 2
[21:13:33.463] [SEVERE ] player 2 placing token on slot 2
[21:13:34.219] [SEVERE ] updating countdown to 3295
[21:13:34.220] [SEVERE ] setting player 1 freeze to -7066
[21:13:34.220] [SEVERE ] setting player 2 freeze to -30519
[21:13:35.082] [SEVERE ] player 1 placing token on slot 5
[21:13:35.082] [SEVERE ] removing player 1 token from slot 5
[21:13:35.098] [SEVERE ] key 75 was pressed by player 2
[21:13:35.098] [SEVERE ] player 2 placing token on slot 5
[21:13:35.221] [SEVERE ] updating countdown to 2293
[21:13:35.222] [SEVERE ] setting player 1 freeze to -8068
[21:13:35.222] [SEVERE ] setting player 2 freeze to -31521
[21:13:35.779] [SEVERE ] key 85 was pressed by player 2
[21:13:35.780] [SEVERE ] player 2 placing token on slot 0
[21:13:35.780] [SEVERE ] updating countdown to 1734
[21:13:35.781] [SEVERE ] setting player 1 freeze to -8627
[21:13:35.782] [SEVERE ] setting player 2 freeze to -32081
[21:13:35.782] [SEVERE ] setting player 2 freeze to 9000
[21:13:35.783] [SEVERE ] removing player 2 token from slot 0
[21:13:35.784] [SEVERE ] removing player 2 token from slot 2
[21:13:35.785] [SEVERE ] removing player 2 token from slot 5
[21:13:36.786] [SEVERE ] updating countdown to 728
[21:13:36.787] [SEVERE ] setting player 1 freeze to -9633
[21:13:36.788] [SEVERE ] setting player 2 freeze to 7995
[21:13:37.790] [SEVERE ] setting player 1 freeze to -10636
[21:13:37.792] [SEVERE ] setting player 2 freeze to 6991
[21:13:37.793] [SEVERE ] updating countdown to 59721
[21:13:37.795] [SEVERE ] setting player 1 freeze to -10641
[21:13:37.795] [SEVERE ] setting player 2 freeze to 6988
[21:13:37.896] [SEVERE ] removing card from slot 0
[21:13:37.998] [SEVERE ] removing card from slot 1
[21:13:38.103] [SEVERE ] removing card from slot 2
[21:13:38.206] [SEVERE ] removing card from slot 3
[21:13:38.308] [SEVERE ] removing card from slot 4
[21:13:38.409] [SEVERE ] removing card from slot 5
[21:13:38.510] [SEVERE ] removing card from slot 6
[21:13:38.612] [SEVERE ] removing card from slot 7
[21:13:38.713] [SEVERE ] removing card from slot 8
[21:13:38.815] [SEVERE ] removing card from slot 9
[21:13:38.916] [SEVERE ] removing card from slot 10
[21:13:39.018] [SEVERE ] removing card from slot 11
[21:13:39.019] [SEVERE ] removing player 1 token from slot 0
[21:13:39.121] [SEVERE ] placing card 53 in slot 0
[21:13:39.223] [SEVERE ] placing card 57 in slot 1
[21:13:39.325] [SEVERE ] placing card 8 in slot 2
[21:13:39.427] [SEVERE ] placing card 44 in slot 3
[21:13:39.528] [SEVERE ] placing card 49 in slot 4
[21:13:39.630] [SEVERE ] placing card 41 in slot 5
[21:13:39.731] [SEVERE ] placing card 20 in slot 6
[21:13:39.832] [SEVERE ] placing card 39 in slot 7
[21:13:39.934] [SEVERE ] placing card 78 in slot 8
[21:13:40.036] [SEVERE ] placing card 11 in slot 9
[21:13:40.138] [SEVERE ] placing card 46 in slot 10
[21:13:40.240] [SEVERE ] placing card 34 in slot 11
[21:13:41.242] [SEVERE ] updating countdown to 56272
[21:13:41.243] [SEVERE ] setting player 1 freeze to -14089
[21:13:41.244] [SEVERE ] setting player 2 freeze to 3539
[21:13:42.245] [SEVERE ] updating countdown to 55269
[21:13:42.246] [SEVERE ] setting player 1 freeze to -15092
[21:13:42.248] [SEVERE ] setting player 2 freeze to 2535
[21:13:43.249] [SEVERE ] updating countdown to 54265
[21:13:43.250] [SEVERE ] setting player 1 freeze to -16096
[21:13:43.252] [SEVERE ] setting player 2 freeze to 1531
[21:13:44.253] [SEVERE ] updating countdown to 53261
[21:13:44.255] [SEVERE ] setting player 1 freeze to -17101
[21:13:44.256] [SEVERE ] setting player 2 freeze to 527
[21:13:45.257] [SEVERE ] updating countdown to 52257
[21:13:45.259] [SEVERE ] setting player 1 freeze to -18105
[21:13:45.259] [SEVERE ] setting player 2 freeze to -476
[21:13:45.473] [SEVERE ] key 74 was pressed by player 2
[21:13:45.473] [SEVERE ] player 2 placing token on slot 4
[21:13:46.261] [SEVERE ] updating countdown to 51253
[21:13:46.262] [SEVERE ] setting player 1 freeze to -19108
[21:13:46.263] [SEVERE ] setting player 2 freeze to -1480
[21:13:47.264] [SEVERE ] updating countdown to 50250
[21:13:47.265] [SEVERE ] setting player 1 freeze to -20111
[21:13:47.267] [SEVERE ] setting player 2 freeze to -2483
[21:13:48.268] [SEVERE ] updating countdown to 49246
[21:13:48.268] [SEVERE ] setting player 1 freeze to -21114
[21:13:48.269] [SEVERE ] setting player 2 freeze to -3486
[21:13:49.269] [SEVERE ] updating countdown to 48245
[21:13:49.270] [SEVERE ] setting player 1 freeze to -22116
[21:13:49.271] [SEVERE ] setting player 2 freeze to -4488
[21:13:50.272] [SEVERE ] updating countdown to 47242
[21:13:50.273] [SEVERE ] setting player 1 freeze to -23119
[21:13:50.275] [SEVERE ] setting player 2 freeze to -5492
[21:13:51.275] [SEVERE ] updating countdown to 46239
[21:13:51.276] [SEVERE ] setting player 1 freeze to -24122
[21:13:51.279] [SEVERE ] setting player 2 freeze to -6496
[21:13:52.280] [SEVERE ] updating countdown to 45234
[21:13:52.282] [SEVERE ] setting player 1 freeze to -25128
[21:13:52.282] [SEVERE ] setting player 2 freeze to -7499
[21:13:53.283] [SEVERE ] updating countdown to 44231
[21:13:53.284] [SEVERE ] setting player 1 freeze to -26130
[21:13:53.285] [SEVERE ] setting player 2 freeze to -8502
[21:13:54.285] [SEVERE ] updating countdown to 43229
[21:13:54.286] [SEVERE ] setting player 1 freeze to -27132
[21:13:54.287] [SEVERE ] setting player 2 freeze to -9504
[21:13:55.289] [SEVERE ] updating countdown to 42225
[21:13:55.290] [SEVERE ] setting player 1 freeze to -28136
[21:13:55.291] [SEVERE ] setting player 2 freeze to -10508
[21:13:56.293] [SEVERE ] updating countdown to 41221
[21:13:56.293] [SEVERE ] setting player 1 freeze to -29139
[21:13:56.294] [SEVERE ] setting player 2 freeze to -11511
[21:13:57.295] [SEVERE ] updating countdown to 40219
[21:13:57.296] [SEVERE ] setting player 1 freeze to -30142
[21:13:57.298] [SEVERE ] setting player 2 freeze to -12515
[21:13:58.299] [SEVERE ] updating countdown to 39215
[21:13:58.300] [SEVERE ] setting player 1 freeze to -31146
[21:13:58.301] [SEVERE ] setting player 2 freeze to -13518
[21:13:59.302] [SEVERE ] updating countdown to 38212
[21:13:59.303] [SEVERE ] setting player 1 freeze to -32149
[21:13:59.305] [SEVERE ] setting player 2 freeze to -14522
[21:13:59.370] [SEVERE ] key 76 was pressed by player 2
[21:13:59.371] [SEVERE ] player 2 placing token on slot 6
[21:14:00.306] [SEVERE ] updating countdown to 37208
[21:14:00.307] [SEVERE ] setting player 1 freeze to -33153
[21:14:00.309] [SEVERE ] setting player 2 freeze to -15526
[21:14:01.311] [SEVERE ] updating countdown to 36203
[21:14:01.312] [SEVERE ] setting player 1 freeze to -34158
[21:14:01.314] [SEVERE ] setting player 2 freeze to -16531
[21:14:02.314] [SEVERE ] updating countdown to 35200
[21:14:02.316] [SEVERE ] setting player 1 freeze to -35162
[21:14:02.317] [SEVERE ] setting player 2 freeze to -17534
[21:14:02.999] [SEVERE ] key 77 was pressed by player 2
[21:14:03.000] [SEVERE ] player 2 placing token on slot 8
[21:14:03.000] [SEVERE ] updating countdown to 34514
[21:14:03.000] [SEVERE ] setting player 1 freeze to -35846
[21:14:03.001] [SEVERE ] setting player 2 freeze to -18218
[21:14:03.001] [SEVERE ] setting player 2 freeze to 1000
[21:14:03.002] [SEVERE ] setting player 2 score to 1
[21:14:03.102] [SEVERE ] removing card from slot 4
[21:14:03.104] [SEVERE ] removing player 2 token from slot 4
[21:14:03.205] [SEVERE ] removing card from slot 6
[21:14:03.205] [SEVERE ] removing player 2 token from slot 6
[21:14:03.306] [SEVERE ] removing card from slot 8
[21:14:03.307] [SEVERE ] removing player 2 token from slot 8
[21:14:03.408] [SEVERE ] placing card 54 in slot 4
[21:14:03.509] [SEVERE ] placing card 10 in slot 6
[21:14:03.611] [SEVERE ] placing card 9 in slot 8
[21:14:04.613] [SEVERE ] updating countdown to 32901
[21:14:04.613] [SEVERE ] setting player 1 freeze to -37459
[21:14:04.614] [SEVERE ] setting player 2 freeze to -612
[21:14:05.104] [SEVERE ] key 77 was pressed by player 2
[21:14:05.105] [SEVERE ] player 2 placing token on slot 8
[21:14:05.614] [SEVERE ] updating countdown to 31900
[21:14:05.616] [SEVERE ] setting player 1 freeze to -38462
[21:14:05.616] [SEVERE ] setting player 2 freeze to -1614
[21:14:06.617] [SEVERE ] updating countdown to 30897
[21:14:06.618] [SEVERE ] setting player 1 freeze to -39464
[21:14:06.619] [SEVERE ] setting player 2 freeze to -2617
[21:14:07.620] [SEVERE ] updating countdown to 29894
[21:14:07.621] [SEVERE ] setting player 1 freeze to -40467
[21:14:07.622] [SEVERE ] setting player 2 freeze to -3620
[21:14:08.186] [SEVERE ] key 44 was pressed by player 2
[21:14:08.186] [SEVERE ] player 2 placing token on slot 9
[21:14:08.622] [SEVERE ] updating countdown to 28892
[21:14:08.624] [SEVERE ] setting player 1 freeze to -41470
[21:14:08.625] [SEVERE ] setting player 2 freeze to -4623
[21:14:08.785] [SEVERE ] key 76 was pressed by player 2
[21:14:08.785] [SEVERE ] player 2 placing token on slot 6
[21:14:08.786] [SEVERE ] updating countdown to 28728
[21:14:08.786] [SEVERE ] setting player 1 freeze to -41632
[21:14:08.786] [SEVERE ] setting player 2 freeze to -4784
[21:14:08.786] [SEVERE ] setting player 2 freeze to 1000
[21:14:08.787] [SEVERE ] setting player 2 score to 2
[21:14:08.887] [SEVERE ] removing card from slot 6
[21:14:08.888] [SEVERE ] removing player 2 token from slot 6
[21:14:08.990] [SEVERE ] removing card from slot 8
[21:14:08.991] [SEVERE ] removing player 2 token from slot 8
[21:14:09.092] [SEVERE ] removing card from slot 9
[21:14:09.094] [SEVERE ] removing player 2 token from slot 9
[21:14:09.195] [SEVERE ] placing card 59 in slot 6
[21:14:09.296] [SEVERE ] placing card 16 in slot 8
[21:14:09.398] [SEVERE ] placing card 33 in slot 9
[21:14:10.399] [SEVERE ] updating countdown to 27115
[21:14:10.401] [SEVERE ] setting player 1 freeze to -43247
[21:14:10.404] [SEVERE ] setting player 2 freeze to -617
[21:14:11.405] [SEVERE ] updating countdown to 26109
[21:14:11.406] [SEVERE ] setting player 1 freeze to -44252
[21:14:11.407] [SEVERE ] setting player 2 freeze to -1620
[21:14:12.303] [SEVERE ] key 74 was pressed by player 2
[21:14:12.304] [SEVERE ] player 2 placing token on slot 4
[21:14:12.409] [SEVERE ] updating countdown to 25105
[21:14:12.410] [SEVERE ] setting player 1 freeze to -45256
[21:14:12.411] [SEVERE ] setting player 2 freeze to -2624
[21:14:13.359] [SEVERE ] key 73 was pressed by player 2
[21:14:13.359] [SEVERE ] player 2 placing token on slot 1
[21:14:13.412] [SEVERE ] updating countdown to 24102
[21:14:13.413] [SEVERE ] setting player 1 freeze to -46259
[21:14:13.413] [SEVERE ] setting player 2 freeze to -3626
[21:14:14.413] [SEVERE ] updating countdown to 23101
[21:14:14.414] [SEVERE ] setting player 1 freeze to -47260
[21:14:14.415] [SEVERE ] setting player 2 freeze to -4628
[21:14:15.415] [SEVERE ] updating countdown to 22099
[21:14:15.417] [SEVERE ] setting player 1 freeze to -48263
[21:14:15.418] [SEVERE ] setting player 2 freeze to -5631
[21:14:16.035] [SEVERE ] key 73 was pressed by player 2
[21:14:16.035] [SEVERE ] removing player 2 token from slot 1
[21:14:16.419] [SEVERE ] updating countdown to 21095
[21:14:16.419] [SEVERE ] setting player 1 freeze to -49265
[21:14:16.419] [SEVERE ] setting player 2 freeze to -6632
[21:14:17.322] [SEVERE ] key 76 was pressed by player 2
[21:14:17.322] [SEVERE ] player 2 placing token on slot 6
[21:14:17.420] [SEVERE ] updating countdown to 20094
[21:14:17.421] [SEVERE ] setting player 1 freeze to -50267
[21:14:17.423] [SEVERE ] setting player 2 freeze to -7636
[21:14:18.424] [SEVERE ] updating countdown to 19090
[21:14:18.425] [SEVERE ] setting player 1 freeze to -51271
[21:14:18.426] [SEVERE ] setting player 2 freeze to -8639
[21:14:19.426] [SEVERE ] updating countdown to 18088
[21:14:19.427] [SEVERE ] setting player 1 freeze to -52273
[21:14:19.427] [SEVERE ] setting player 2 freeze to -9640
[21:14:20.027] [SEVERE ] key 76 was pressed by player 2
[21:14:20.028] [SEVERE ] removing player 2 token from slot 6
[21:14:20.428] [SEVERE ] updating countdown to 17086
[21:14:20.432] [SEVERE ] setting player 1 freeze to -53278
[21:14:20.432] [SEVERE ] setting player 2 freeze to -10645
[21:14:21.433] [SEVERE ] updating countdown to 16081
[21:14:21.436] [SEVERE ] setting player 1 freeze to -54282
[21:14:21.438] [SEVERE ] setting player 2 freeze to -11651
[21:14:21.777] [SEVERE ] key 74 was pressed by player 2
[21:14:21.778] [SEVERE ] removing player 2 token from slot 4
[21:14:22.439] [SEVERE ] updating countdown to 15075
[21:14:22.451] [SEVERE ] setting player 1 freeze to -55297
[21:14:22.451] [SEVERE ] setting player 2 freeze to -12664
[21:14:23.452] [SEVERE ] updating countdown to 14062
[21:14:23.453] [SEVERE ] setting player 1 freeze to -56299
[21:14:23.455] [SEVERE ] setting player 2 freeze to -13668
[21:14:23.694] [SEVERE ] key 85 was pressed by player 2
[21:14:23.694] [SEVERE ] player 2 placing token on slot 0
[21:14:24.455] [SEVERE ] updating countdown to 13059
[21:14:24.456] [SEVERE ] setting player 1 freeze to -57302
[21:14:24.457] [SEVERE ] setting player 2 freeze to -14670
[21:14:25.458] [SEVERE ] updating countdown to 12056
[21:14:25.459] [SEVERE ] setting player 1 freeze to -58305
[21:14:25.461] [SEVERE ] setting player 2 freeze to -15674
[21:14:26.062] [SEVERE ] key 85 was pressed by player 2
[21:14:26.063] [SEVERE ] removing player 2 token from slot 0
[21:14:26.462] [SEVERE ] updating countdown to 11052
[21:14:26.463] [SEVERE ] setting player 1 freeze to -59309
[21:14:26.464] [SEVERE ] setting player 2 freeze to -16677
[21:14:26.806] [SEVERE ] key 85 was pressed by player 2
[21:14:26.806] [SEVERE ] player 2 placing token on slot 0
[21:14:27.465] [SEVERE ] updating countdown to 10049
[21:14:27.466] [SEVERE ] setting player 1 freeze to -60312
[21:14:27.468] [SEVERE ] setting player 2 freeze to -17681
[21:14:27.494] [SEVERE ] key 79 was pressed by player 2
[21:14:27.495] [SEVERE ] player 2 placing token on slot 2
[21:14:28.469] [SEVERE ] updating countdown to 9045
[21:14:28.470] [SEVERE ] setting player 1 freeze to -61316
[21:14:28.472] [SEVERE ] setting player 2 freeze to -18685
[21:14:29.472] [SEVERE ] updating countdown to 8042
[21:14:29.473] [SEVERE ] setting player 1 freeze to -62319
[21:14:29.474] [SEVERE ] setting player 2 freeze to -19687
[21:14:30.475] [SEVERE ] updating countdown to 7039
[21:14:30.476] [SEVERE ] setting player 1 freeze to -63322
[21:14:30.478] [SEVERE ] setting player 2 freeze to -20691
[21:14:31.479] [SEVERE ] updating countdown to 6035
[21:14:31.480] [SEVERE ] setting player 1 freeze to -64326
[21:14:31.482] [SEVERE ] setting player 2 freeze to -21695
[21:14:31.595] [SEVERE ] key 79 was pressed by player 2
[21:14:31.595] [SEVERE ] removing player 2 token from slot 2
[21:14:32.482] [SEVERE ] updating countdown to 5032
[21:14:32.483] [SEVERE ] setting player 1 freeze to -65329
[21:14:32.484] [SEVERE ] setting player 2 freeze to -22697
[21:14:32.768] [SEVERE ] key 80 was pressed by player 2
[21:14:32.768] [SEVERE ] player 2 placing token on slot 3
[21:14:33.485] [SEVERE ] updating countdown to 4029
[21:14:33.486] [SEVERE ] setting player 1 freeze to -66332
[21:14:33.487] [SEVERE ] setting player 2 freeze to -23700
[21:14:34.331] [SEVERE ] key 80 was pressed by player 2
[21:14:34.358] [SEVERE ] removing player 2 token from slot 3
[21:14:34.488] [SEVERE ] updating countdown to 3026
[21:14:34.500] [SEVERE ] setting player 1 freeze to -67346
[21:14:34.500] [SEVERE ] setting player 2 freeze to -24713
[21:14:35.501] [SEVERE ] updating countdown to 2013
[21:14:35.502] [SEVERE ] setting player 1 freeze to -68348
[21:14:35.503] [SEVERE ] setting player 2 freeze to -25716
[21:14:35.625] [SEVERE ] key 77 was pressed by player 2
[21:14:35.625] [SEVERE ] player 2 placing token on slot 8
[21:14:36.504] [SEVERE ] updating countdown to 1010
[21:14:36.504] [SEVERE ] setting player 1 freeze to -69350
[21:14:36.505] [SEVERE ] setting player 2 freeze to -26718
[21:14:36.616] [SEVERE ] key 77 was pressed by player 2
[21:14:36.616] [SEVERE ] removing player 2 token from slot 8
[21:14:37.471] [SEVERE ] key 44 was pressed by player 2
[21:14:37.471] [SEVERE ] player 2 placing token on slot 9
[21:14:37.506] [SEVERE ] setting player 1 freeze to -70352
[21:14:37.507] [SEVERE ] setting player 2 freeze to -27720
[21:14:38.508] [SEVERE ] setting player 1 freeze to -71354
[21:14:38.510] [SEVERE ] setting player 2 freeze to -28723
[21:14:38.511] [SEVERE ] updating countdown to 59003
[21:14:38.511] [SEVERE ] setting player 1 freeze to -71357
[21:14:38.512] [SEVERE ] setting player 2 freeze to -28725
[21:14:38.612] [SEVERE ] removing card from slot 0
[21:14:38.714] [SEVERE ] removing card from slot 1
[21:14:38.815] [SEVERE ] removing card from slot 2
[21:14:38.916] [SEVERE ] removing card from slot 3
[21:14:39.017] [SEVERE ] removing card from slot 4
[21:14:39.119] [SEVERE ] removing card from slot 5
[21:14:39.221] [SEVERE ] removing card from slot 6
[21:14:39.322] [SEVERE ] removing card from slot 7
[21:14:39.424] [SEVERE ] removing card from slot 8
[21:14:39.525] [SEVERE ] removing card from slot 9
[21:14:39.626] [SEVERE ] removing card from slot 10
[21:14:39.726] [SEVERE ] removing card from slot 11
[21:14:39.728] [SEVERE ] removing player 2 token from slot 0
[21:14:39.730] [SEVERE ] removing player 2 token from slot 9
[21:14:39.833] [SEVERE ] placing card 76 in slot 0
[21:14:39.935] [SEVERE ] placing card 77 in slot 1
[21:14:40.037] [SEVERE ] placing card 51 in slot 2
[21:14:40.140] [SEVERE ] placing card 50 in slot 3
[21:14:40.242] [SEVERE ] placing card 27 in slot 4
[21:14:40.343] [SEVERE ] placing card 31 in slot 5
[21:14:40.444] [SEVERE ] placing card 33 in slot 6
[21:14:40.545] [SEVERE ] placing card 55 in slot 7
[21:14:40.647] [SEVERE ] placing card 16 in slot 8
[21:14:40.748] [SEVERE ] placing card 64 in slot 9
[21:14:40.849] [SEVERE ] placing card 17 in slot 10
[21:14:40.950] [SEVERE ] placing card 37 in slot 11
[21:14:41.951] [SEVERE ] updating countdown to 55563
[21:14:41.952] [SEVERE ] setting player 1 freeze to -74798
[21:14:41.952] [SEVERE ] setting player 2 freeze to -32165
[21:14:42.953] [SEVERE ] updating countdown to 54561
[21:14:42.954] [SEVERE ] setting player 1 freeze to -75800
[21:14:42.954] [SEVERE ] setting player 2 freeze to -33167
[21:14:43.955] [SEVERE ] updating countdown to 53559
[21:14:43.956] [SEVERE ] setting player 1 freeze to -76802
[21:14:43.957] [SEVERE ] setting player 2 freeze to -34170
[21:14:44.393] [SEVERE ] exit button pressed
[21:14:44.958] [SEVERE ] updating countdown to 52556
[21:14:44.959] [SEVERE ] setting player 1 freeze to -77805
[21:14:44.960] [SEVERE ] setting player 2 freeze to -35173
[21:14:44.960] [SEVERE ] updating countdown to 112554
[21:14:44.961] [SEVERE ] setting player 1 freeze to -77807
[21:14:44.961] [SEVERE ] setting player 2 freeze to -35174
[21:14:45.062] [SEVERE ] removing card from slot 0
[21:14:45.163] [SEVERE ] removing card from slot 1
[21:14:45.265] [SEVERE ] removing card from slot 2
[21:14:45.365] [SEVERE ] removing card from slot 3
[21:14:45.467] [SEVERE ] removing card from slot 4
[21:14:45.568] [SEVERE ] removing card from slot 5
[21:14:45.670] [SEVERE ] removing card from slot 6
[21:14:45.771] [SEVERE ] removing card from slot 7
[21:14:45.873] [SEVERE ] removing card from slot 8
[21:14:45.974] [SEVERE ] removing card from slot 9
[21:14:46.079] [SEVERE ] removing card from slot 10
[21:14:46.179] [SEVERE ] removing card from slot 11
[21:14:46.183] [SEVERE ] announcing winner(s): player 1, player 2
[21:14:46.184] [INFO   ] thread dealer terminated.
[21:14:46.185] [INFO   ] thread dealer terminated.
[21:14:46.186] [SEVERE ] thanks for playing... it was fun!
[21:14:46.186] [INFO   ] thread bguspl.set.Main.main() terminated.
