[21:16:53.867] [INFO   ] thread bguspl.set.Main.main() starting.
[21:16:53.879] [SEVERE ] cannot read configuration file config.properties trying from resources.
[21:16:53.887] [SEVERE ] configuration file was loaded from resources directory.
[21:16:55.200] [INFO   ] thread dealer starting.
[21:16:55.201] [INFO   ] thread dealer starting.
[21:16:55.202] [INFO   ] thread player 0 starting.
[21:16:55.203] [INFO   ] thread player 1 starting.
[21:16:55.203] [INFO   ] thread player 0 starting.
[21:16:55.203] [INFO   ] thread player 1 starting.
[21:16:55.306] [SEVERE ] placing card 0 in slot 0
[21:16:55.408] [SEVERE ] placing card 1 in slot 1
[21:16:55.509] [SEVERE ] placing card 2 in slot 2
[21:16:55.611] [SEVERE ] placing card 3 in slot 3
[21:16:55.712] [SEVERE ] placing card 4 in slot 4
[21:16:55.813] [SEVERE ] placing card 5 in slot 5
[21:16:55.915] [SEVERE ] placing card 6 in slot 6
[21:16:56.016] [SEVERE ] placing card 7 in slot 7
[21:16:56.116] [SEVERE ] placing card 8 in slot 8
[21:16:56.217] [SEVERE ] placing card 9 in slot 9
[21:16:56.319] [SEVERE ] placing card 10 in slot 10
[21:16:56.420] [SEVERE ] placing card 11 in slot 11
[21:16:57.421] [SEVERE ] updating countdown to 57766
[21:16:57.422] [SEVERE ] setting player 1 freeze to -1708291017422
[21:16:57.423] [SEVERE ] setting player 2 freeze to -1708291017423
[21:16:58.423] [SEVERE ] updating countdown to 56764
[21:16:58.425] [SEVERE ] setting player 1 freeze to -1708291018425
[21:16:58.425] [SEVERE ] setting player 2 freeze to -1708291018425
[21:16:59.426] [SEVERE ] updating countdown to 55761
[21:16:59.426] [SEVERE ] setting player 1 freeze to -1708291019426
[21:16:59.428] [SEVERE ] setting player 2 freeze to -1708291019428
[21:17:00.429] [SEVERE ] updating countdown to 54758
[21:17:00.430] [SEVERE ] setting player 1 freeze to -1708291020430
[21:17:00.431] [SEVERE ] setting player 2 freeze to -1708291020431
[21:17:01.431] [SEVERE ] updating countdown to 53756
[21:17:01.433] [SEVERE ] setting player 1 freeze to -1708291021433
[21:17:01.433] [SEVERE ] setting player 2 freeze to -1708291021433
[21:17:02.434] [SEVERE ] updating countdown to 52753
[21:17:02.435] [SEVERE ] setting player 1 freeze to -1708291022435
[21:17:02.437] [SEVERE ] setting player 2 freeze to -1708291022437
[21:17:03.439] [SEVERE ] updating countdown to 51748
[21:17:03.441] [SEVERE ] setting player 1 freeze to -1708291023441
[21:17:03.442] [SEVERE ] setting player 2 freeze to -1708291023442
[21:17:04.443] [SEVERE ] updating countdown to 50744
[21:17:04.447] [SEVERE ] setting player 1 freeze to -1708291024447
[21:17:04.448] [SEVERE ] setting player 2 freeze to -1708291024448
[21:17:05.450] [SEVERE ] updating countdown to 49737
[21:17:05.452] [SEVERE ] setting player 1 freeze to -1708291025452
[21:17:05.452] [SEVERE ] setting player 2 freeze to -1708291025452
[21:17:06.453] [SEVERE ] updating countdown to 48734
[21:17:06.453] [SEVERE ] setting player 1 freeze to -1708291026453
[21:17:06.454] [SEVERE ] setting player 2 freeze to -1708291026454
[21:17:07.455] [SEVERE ] updating countdown to 47732
[21:17:07.456] [SEVERE ] setting player 1 freeze to -1708291027456
[21:17:07.456] [SEVERE ] setting player 2 freeze to -1708291027456
[21:17:08.459] [SEVERE ] updating countdown to 46728
[21:17:08.462] [SEVERE ] setting player 1 freeze to -1708291028462
[21:17:08.464] [SEVERE ] setting player 2 freeze to -1708291028464
[21:17:08.946] [SEVERE ] key 81 was pressed by player 1
[21:17:08.948] [SEVERE ] player 1 placing token on slot 0
[21:17:09.216] [SEVERE ] key 87 was pressed by player 1
[21:17:09.216] [SEVERE ] player 1 placing token on slot 1
[21:17:09.465] [SEVERE ] updating countdown to 45722
[21:17:09.466] [SEVERE ] setting player 1 freeze to -1708291029466
[21:17:09.467] [SEVERE ] setting player 2 freeze to -1708291029467
[21:17:09.509] [SEVERE ] key 69 was pressed by player 1
[21:17:09.510] [SEVERE ] player 1 placing token on slot 2
[21:17:09.523] [SEVERE ] updating countdown to 45664
[21:17:09.524] [SEVERE ] setting player 1 freeze to -1708291029524
[21:17:09.524] [SEVERE ] setting player 2 freeze to -1708291029524
[21:17:09.524] [SEVERE ] setting player 1 freeze to 1000
[21:17:09.525] [SEVERE ] setting player 1 score to 1
[21:17:09.626] [SEVERE ] removing card from slot 0
[21:17:09.627] [SEVERE ] removing player 1 token from slot 0
[21:17:09.728] [SEVERE ] removing card from slot 1
[21:17:09.729] [SEVERE ] removing player 1 token from slot 1
[21:17:09.831] [SEVERE ] removing card from slot 2
[21:17:09.832] [SEVERE ] removing player 1 token from slot 2
[21:17:09.936] [SEVERE ] placing card 12 in slot 0
[21:17:10.040] [SEVERE ] placing card 13 in slot 1
[21:17:10.143] [SEVERE ] placing card 14 in slot 2
[21:17:11.145] [SEVERE ] updating countdown to 44042
[21:17:11.149] [SEVERE ] setting player 1 freeze to -624
[21:17:11.151] [SEVERE ] setting player 2 freeze to -1708291031151
[21:17:11.839] [SEVERE ] key 82 was pressed by player 1
[21:17:11.840] [SEVERE ] player 1 placing token on slot 3
[21:17:12.152] [SEVERE ] updating countdown to 43035
[21:17:12.153] [SEVERE ] setting player 1 freeze to -1628
[21:17:12.154] [SEVERE ] setting player 2 freeze to -1708291032154
[21:17:12.163] [SEVERE ] key 69 was pressed by player 1
[21:17:12.164] [SEVERE ] player 1 placing token on slot 2
[21:17:12.486] [SEVERE ] key 87 was pressed by player 1
[21:17:12.487] [SEVERE ] player 1 placing token on slot 1
[21:17:12.488] [SEVERE ] updating countdown to 42699
[21:17:12.489] [SEVERE ] setting player 1 freeze to -1964
[21:17:12.490] [SEVERE ] setting player 2 freeze to -1708291032490
[21:17:12.491] [SEVERE ] setting player 1 freeze to 9000
[21:17:12.492] [SEVERE ] removing player 1 token from slot 1
[21:17:12.493] [SEVERE ] removing player 1 token from slot 2
[21:17:12.494] [SEVERE ] removing player 1 token from slot 3
[21:17:13.495] [SEVERE ] updating countdown to 41692
[21:17:13.496] [SEVERE ] setting player 1 freeze to 7996
[21:17:13.501] [SEVERE ] setting player 2 freeze to -1708291033501
[21:17:14.121] [SEVERE ] key 69 was pressed by player 1
[21:17:14.503] [SEVERE ] updating countdown to 40684
[21:17:14.504] [SEVERE ] setting player 1 freeze to 6988
[21:17:14.505] [SEVERE ] setting player 2 freeze to -1708291034505
[21:17:15.201] [SEVERE ] key 69 was pressed by player 1
[21:17:15.507] [SEVERE ] updating countdown to 39680
[21:17:15.508] [SEVERE ] setting player 1 freeze to 5984
[21:17:15.509] [SEVERE ] setting player 2 freeze to -1708291035509
[21:17:15.834] [SEVERE ] key 69 was pressed by player 1
[21:17:16.039] [SEVERE ] key 87 was pressed by player 1
[21:17:16.360] [SEVERE ] key 87 was pressed by player 1
[21:17:16.511] [SEVERE ] updating countdown to 38676
[21:17:16.512] [SEVERE ] setting player 1 freeze to 4980
[21:17:16.513] [SEVERE ] setting player 2 freeze to -1708291036513
[21:17:17.514] [SEVERE ] updating countdown to 37673
[21:17:17.516] [SEVERE ] setting player 1 freeze to 3976
[21:17:17.516] [SEVERE ] setting player 2 freeze to -1708291037516
[21:17:18.517] [SEVERE ] updating countdown to 36670
[21:17:18.519] [SEVERE ] setting player 1 freeze to 2973
[21:17:18.520] [SEVERE ] setting player 2 freeze to -1708291038520
[21:17:19.521] [SEVERE ] updating countdown to 35666
[21:17:19.522] [SEVERE ] setting player 1 freeze to 1970
[21:17:19.523] [SEVERE ] setting player 2 freeze to -1708291039523
[21:17:20.524] [SEVERE ] updating countdown to 34663
[21:17:20.526] [SEVERE ] setting player 1 freeze to 966
[21:17:20.527] [SEVERE ] setting player 2 freeze to -1708291040526
[21:17:21.493] [SEVERE ] player 1 placing token on slot 2
[21:17:21.495] [SEVERE ] removing player 1 token from slot 2
[21:17:21.495] [SEVERE ] player 1 placing token on slot 2
[21:17:21.496] [SEVERE ] player 1 placing token on slot 1
[21:17:21.497] [SEVERE ] removing player 1 token from slot 1
[21:17:21.497] [SEVERE ] key 87 was pressed by player 1
[21:17:21.498] [SEVERE ] player 1 placing token on slot 1
[21:17:21.498] [SEVERE ] key 69 was pressed by player 1
[21:17:21.499] [SEVERE ] removing player 1 token from slot 2
[21:17:21.500] [SEVERE ] key 69 was pressed by player 1
[21:17:21.502] [SEVERE ] player 1 placing token on slot 2
[21:17:21.502] [SEVERE ] key 69 was pressed by player 1
[21:17:21.504] [SEVERE ] removing player 1 token from slot 2
[21:17:21.504] [SEVERE ] key 69 was pressed by player 1
[21:17:21.505] [SEVERE ] player 1 placing token on slot 2
[21:17:21.505] [SEVERE ] key 80 was pressed by player 2
[21:17:21.507] [SEVERE ] player 2 placing token on slot 3
[21:17:21.507] [SEVERE ] key 79 was pressed by player 2
[21:17:21.508] [SEVERE ] player 2 placing token on slot 2
[21:17:21.528] [SEVERE ] updating countdown to 33659
[21:17:21.531] [SEVERE ] setting player 1 freeze to -39
[21:17:21.532] [SEVERE ] setting player 2 freeze to -1708291041532
[21:17:21.697] [SEVERE ] key 73 was pressed by player 2
[21:17:21.698] [SEVERE ] player 2 placing token on slot 1
[21:17:21.699] [SEVERE ] updating countdown to 33488
[21:17:21.699] [SEVERE ] setting player 1 freeze to -207
[21:17:21.699] [SEVERE ] setting player 2 freeze to -1708291041699
[21:17:21.700] [SEVERE ] setting player 2 freeze to 9000
[21:17:21.700] [SEVERE ] removing player 2 token from slot 1
[21:17:21.701] [SEVERE ] removing player 2 token from slot 2
[21:17:21.702] [SEVERE ] removing player 2 token from slot 3
[21:17:22.546] [SEVERE ] key 73 was pressed by player 2
[21:17:22.703] [SEVERE ] updating countdown to 32484
[21:17:22.704] [SEVERE ] setting player 1 freeze to -1212
[21:17:22.704] [SEVERE ] setting player 2 freeze to 7996
[21:17:23.439] [SEVERE ] key 79 was pressed by player 2
[21:17:23.705] [SEVERE ] updating countdown to 31482
[21:17:23.705] [SEVERE ] setting player 1 freeze to -2213
[21:17:23.707] [SEVERE ] setting player 2 freeze to 6993
[21:17:24.710] [SEVERE ] updating countdown to 30477
[21:17:24.716] [SEVERE ] setting player 1 freeze to -3224
[21:17:24.717] [SEVERE ] setting player 2 freeze to 5983
[21:17:25.724] [SEVERE ] updating countdown to 29463
[21:17:25.725] [SEVERE ] setting player 1 freeze to -4233
[21:17:25.726] [SEVERE ] setting player 2 freeze to 4974
[21:17:26.727] [SEVERE ] updating countdown to 28460
[21:17:26.728] [SEVERE ] setting player 1 freeze to -5236
[21:17:26.728] [SEVERE ] setting player 2 freeze to 3972
[21:17:27.729] [SEVERE ] updating countdown to 27458
[21:17:27.731] [SEVERE ] setting player 1 freeze to -6239
[21:17:27.732] [SEVERE ] setting player 2 freeze to 2968
[21:17:28.733] [SEVERE ] updating countdown to 26455
[21:17:28.734] [SEVERE ] setting player 1 freeze to -7242
[21:17:28.735] [SEVERE ] setting player 2 freeze to 1965
[21:17:29.736] [SEVERE ] updating countdown to 25451
[21:17:29.738] [SEVERE ] setting player 1 freeze to -8246
[21:17:29.739] [SEVERE ] setting player 2 freeze to 961
[21:17:30.563] [SEVERE ] key 73 was pressed by player 2
[21:17:30.702] [SEVERE ] player 2 placing token on slot 1
[21:17:30.704] [SEVERE ] player 2 placing token on slot 2
[21:17:30.706] [SEVERE ] removing player 2 token from slot 1
[21:17:30.742] [SEVERE ] updating countdown to 24445
[21:17:30.742] [SEVERE ] setting player 1 freeze to -9250
[21:17:30.743] [SEVERE ] setting player 2 freeze to -43
[21:17:31.178] [SEVERE ] key 79 was pressed by player 2
[21:17:31.179] [SEVERE ] removing player 2 token from slot 2
[21:17:31.743] [SEVERE ] updating countdown to 23444
[21:17:31.745] [SEVERE ] setting player 1 freeze to -10253
[21:17:31.747] [SEVERE ] setting player 2 freeze to -1047
[21:17:31.958] [SEVERE ] key 79 was pressed by player 2
[21:17:31.958] [SEVERE ] player 2 placing token on slot 2
[21:17:32.452] [SEVERE ] key 73 was pressed by player 2
[21:17:32.452] [SEVERE ] player 2 placing token on slot 1
[21:17:32.748] [SEVERE ] updating countdown to 22439
[21:17:32.749] [SEVERE ] setting player 1 freeze to -11257
[21:17:32.750] [SEVERE ] setting player 2 freeze to -2050
[21:17:33.387] [SEVERE ] key 73 was pressed by player 2
[21:17:33.387] [SEVERE ] removing player 2 token from slot 1
[21:17:33.752] [SEVERE ] updating countdown to 21435
[21:17:33.756] [SEVERE ] setting player 1 freeze to -12264
[21:17:33.757] [SEVERE ] setting player 2 freeze to -3057
[21:17:34.099] [SEVERE ] key 79 was pressed by player 2
[21:17:34.114] [SEVERE ] removing player 2 token from slot 2
[21:17:34.758] [SEVERE ] updating countdown to 20429
[21:17:34.759] [SEVERE ] setting player 1 freeze to -13267
[21:17:34.761] [SEVERE ] setting player 2 freeze to -4061
[21:17:35.762] [SEVERE ] updating countdown to 19425
[21:17:35.763] [SEVERE ] setting player 1 freeze to -14271
[21:17:35.765] [SEVERE ] setting player 2 freeze to -5065
[21:17:36.766] [SEVERE ] updating countdown to 18421
[21:17:36.768] [SEVERE ] setting player 1 freeze to -15276
[21:17:36.770] [SEVERE ] setting player 2 freeze to -6070
[21:17:37.771] [SEVERE ] updating countdown to 17416
[21:17:37.773] [SEVERE ] setting player 1 freeze to -16281
[21:17:37.774] [SEVERE ] setting player 2 freeze to -7074
[21:17:38.775] [SEVERE ] updating countdown to 16412
[21:17:38.775] [SEVERE ] setting player 1 freeze to -17283
[21:17:38.777] [SEVERE ] setting player 2 freeze to -8077
[21:17:39.778] [SEVERE ] updating countdown to 15409
[21:17:39.779] [SEVERE ] setting player 1 freeze to -18287
[21:17:39.780] [SEVERE ] setting player 2 freeze to -9080
[21:17:40.576] [SEVERE ] key 73 was pressed by player 2
[21:17:40.576] [SEVERE ] player 2 placing token on slot 1
[21:17:40.781] [SEVERE ] updating countdown to 14406
[21:17:40.782] [SEVERE ] setting player 1 freeze to -19290
[21:17:40.783] [SEVERE ] setting player 2 freeze to -10083
[21:17:41.234] [SEVERE ] key 73 was pressed by player 2
[21:17:41.235] [SEVERE ] removing player 2 token from slot 1
[21:17:41.784] [SEVERE ] updating countdown to 13403
[21:17:41.787] [SEVERE ] setting player 1 freeze to -20294
[21:17:41.788] [SEVERE ] setting player 2 freeze to -11088
[21:17:42.790] [SEVERE ] updating countdown to 12397
[21:17:42.793] [SEVERE ] setting player 1 freeze to -21300
[21:17:42.794] [SEVERE ] setting player 2 freeze to -12094
[21:17:43.795] [SEVERE ] updating countdown to 11392
[21:17:43.796] [SEVERE ] setting player 1 freeze to -22304
[21:17:43.796] [SEVERE ] setting player 2 freeze to -13096
[21:17:44.797] [SEVERE ] updating countdown to 10390
[21:17:44.797] [SEVERE ] setting player 1 freeze to -23305
[21:17:44.798] [SEVERE ] setting player 2 freeze to -14098
[21:17:45.799] [SEVERE ] updating countdown to 9388
[21:17:45.800] [SEVERE ] setting player 1 freeze to -24308
[21:17:45.802] [SEVERE ] setting player 2 freeze to -15102
[21:17:46.802] [SEVERE ] updating countdown to 8385
[21:17:46.804] [SEVERE ] setting player 1 freeze to -25312
[21:17:46.804] [SEVERE ] setting player 2 freeze to -16104
[21:17:47.805] [SEVERE ] updating countdown to 7382
[21:17:47.808] [SEVERE ] setting player 1 freeze to -26315
[21:17:47.811] [SEVERE ] setting player 2 freeze to -17111
[21:17:48.812] [SEVERE ] updating countdown to 6375
[21:17:48.814] [SEVERE ] setting player 1 freeze to -27322
[21:17:48.815] [SEVERE ] setting player 2 freeze to -18115
[21:17:49.816] [SEVERE ] updating countdown to 5371
[21:17:49.816] [SEVERE ] setting player 1 freeze to -28324
[21:17:49.817] [SEVERE ] setting player 2 freeze to -19117
[21:17:50.819] [SEVERE ] updating countdown to 4368
[21:17:50.820] [SEVERE ] setting player 1 freeze to -29328
[21:17:50.823] [SEVERE ] setting player 2 freeze to -20123
[21:17:51.824] [SEVERE ] updating countdown to 3363
[21:17:51.824] [SEVERE ] setting player 1 freeze to -30332
[21:17:51.825] [SEVERE ] setting player 2 freeze to -21125
[21:17:52.825] [SEVERE ] updating countdown to 2362
[21:17:52.825] [SEVERE ] setting player 1 freeze to -31333
[21:17:52.825] [SEVERE ] setting player 2 freeze to -22125
[21:17:53.826] [SEVERE ] updating countdown to 1361
[21:17:53.827] [SEVERE ] setting player 1 freeze to -32335
[21:17:53.827] [SEVERE ] setting player 2 freeze to -23127
[21:17:54.826] [SEVERE ] updating countdown to 361
[21:17:54.832] [SEVERE ] setting player 1 freeze to -33340
[21:17:54.833] [SEVERE ] setting player 2 freeze to -24133
[21:17:55.835] [SEVERE ] setting player 1 freeze to -34343
[21:17:55.836] [SEVERE ] setting player 2 freeze to -25136
[21:17:55.837] [SEVERE ] updating countdown to 59350
[21:17:55.837] [SEVERE ] setting player 1 freeze to -34345
[21:17:55.837] [SEVERE ] setting player 2 freeze to -25137
[21:17:55.938] [SEVERE ] removing card from slot 0
[21:17:56.039] [SEVERE ] removing card from slot 1
[21:17:56.140] [SEVERE ] removing card from slot 2
[21:17:56.241] [SEVERE ] removing card from slot 3
[21:17:56.343] [SEVERE ] removing card from slot 4
[21:17:56.444] [SEVERE ] removing card from slot 5
[21:17:56.545] [SEVERE ] removing card from slot 6
[21:17:56.646] [SEVERE ] removing card from slot 7
[21:17:56.747] [SEVERE ] removing card from slot 8
[21:17:56.849] [SEVERE ] removing card from slot 9
[21:17:56.950] [SEVERE ] removing card from slot 10
[21:17:57.051] [SEVERE ] removing card from slot 11
[21:17:57.052] [SEVERE ] removing player 1 token from slot 1
[21:17:57.053] [SEVERE ] removing player 1 token from slot 2
[21:17:57.156] [SEVERE ] placing card 3 in slot 0
[21:17:57.258] [SEVERE ] placing card 66 in slot 1
[21:17:57.360] [SEVERE ] placing card 43 in slot 2
[21:17:57.461] [SEVERE ] placing card 77 in slot 3
[21:17:57.563] [SEVERE ] placing card 54 in slot 4
[21:17:57.664] [SEVERE ] placing card 18 in slot 5
[21:17:57.766] [SEVERE ] placing card 22 in slot 6
[21:17:57.867] [SEVERE ] placing card 8 in slot 7
[21:17:57.967] [SEVERE ] placing card 6 in slot 8
[21:17:58.068] [SEVERE ] placing card 74 in slot 9
[21:17:58.170] [SEVERE ] placing card 44 in slot 10
[21:17:58.271] [SEVERE ] placing card 60 in slot 11
[21:17:59.272] [SEVERE ] updating countdown to 55915
[21:17:59.273] [SEVERE ] setting player 1 freeze to -37781
[21:17:59.273] [SEVERE ] setting player 2 freeze to -28573
[21:18:00.274] [SEVERE ] updating countdown to 54913
[21:18:00.276] [SEVERE ] setting player 1 freeze to -38784
[21:18:00.277] [SEVERE ] setting player 2 freeze to -29577
[21:18:01.278] [SEVERE ] updating countdown to 53909
[21:18:01.279] [SEVERE ] setting player 1 freeze to -39787
[21:18:01.282] [SEVERE ] setting player 2 freeze to -30582
[21:18:02.282] [SEVERE ] updating countdown to 52905
[21:18:02.283] [SEVERE ] setting player 1 freeze to -40791
[21:18:02.284] [SEVERE ] setting player 2 freeze to -31584
[21:18:03.284] [SEVERE ] updating countdown to 51903
[21:18:03.285] [SEVERE ] setting player 1 freeze to -41793
[21:18:03.286] [SEVERE ] setting player 2 freeze to -32586
[21:18:04.287] [SEVERE ] updating countdown to 50900
[21:18:04.289] [SEVERE ] setting player 1 freeze to -42797
[21:18:04.290] [SEVERE ] setting player 2 freeze to -33590
[21:18:05.291] [SEVERE ] updating countdown to 49896
[21:18:05.293] [SEVERE ] setting player 1 freeze to -43801
[21:18:05.294] [SEVERE ] setting player 2 freeze to -34594
[21:18:06.295] [SEVERE ] updating countdown to 48892
[21:18:06.295] [SEVERE ] setting player 1 freeze to -44803
[21:18:06.296] [SEVERE ] setting player 2 freeze to -35596
[21:18:07.296] [SEVERE ] updating countdown to 47891
[21:18:07.297] [SEVERE ] setting player 1 freeze to -45805
[21:18:07.298] [SEVERE ] setting player 2 freeze to -36598
[21:18:08.298] [SEVERE ] updating countdown to 46889
[21:18:08.300] [SEVERE ] setting player 1 freeze to -46808
[21:18:08.302] [SEVERE ] setting player 2 freeze to -37602
[21:18:09.302] [SEVERE ] updating countdown to 45885
[21:18:09.304] [SEVERE ] setting player 1 freeze to -47812
[21:18:09.305] [SEVERE ] setting player 2 freeze to -38605
[21:18:10.306] [SEVERE ] updating countdown to 44881
[21:18:10.308] [SEVERE ] setting player 1 freeze to -48816
[21:18:10.309] [SEVERE ] setting player 2 freeze to -39609
[21:18:11.310] [SEVERE ] updating countdown to 43877
[21:18:11.311] [SEVERE ] setting player 1 freeze to -49819
[21:18:11.312] [SEVERE ] setting player 2 freeze to -40612
[21:18:12.314] [SEVERE ] updating countdown to 42873
[21:18:12.315] [SEVERE ] setting player 1 freeze to -50823
[21:18:12.316] [SEVERE ] setting player 2 freeze to -41616
[21:18:12.583] [SEVERE ] key 81 was pressed by player 1
[21:18:12.583] [SEVERE ] player 1 placing token on slot 0
[21:18:13.128] [SEVERE ] key 87 was pressed by player 1
[21:18:13.129] [SEVERE ] player 1 placing token on slot 1
[21:18:13.318] [SEVERE ] updating countdown to 41869
[21:18:13.319] [SEVERE ] setting player 1 freeze to -51827
[21:18:13.321] [SEVERE ] setting player 2 freeze to -42621
[21:18:13.806] [SEVERE ] key 69 was pressed by player 1
[21:18:13.806] [SEVERE ] player 1 placing token on slot 2
[21:18:13.807] [SEVERE ] updating countdown to 41380
[21:18:13.808] [SEVERE ] setting player 1 freeze to -52316
[21:18:13.808] [SEVERE ] setting player 2 freeze to -43108
[21:18:13.808] [SEVERE ] setting player 1 freeze to 9000
[21:18:13.808] [SEVERE ] removing player 1 token from slot 0
[21:18:13.809] [SEVERE ] removing player 1 token from slot 1
[21:18:13.809] [SEVERE ] removing player 1 token from slot 2
[21:18:14.810] [SEVERE ] updating countdown to 40377
[21:18:14.811] [SEVERE ] setting player 1 freeze to 7997
[21:18:14.811] [SEVERE ] setting player 2 freeze to -44111
[21:18:15.812] [SEVERE ] updating countdown to 39375
[21:18:15.813] [SEVERE ] setting player 1 freeze to 6995
[21:18:15.813] [SEVERE ] setting player 2 freeze to -45113
[21:18:16.738] [SEVERE ] key 81 was pressed by player 1
[21:18:16.815] [SEVERE ] updating countdown to 38372
[21:18:16.844] [SEVERE ] setting player 1 freeze to 5964
[21:18:16.845] [SEVERE ] setting player 2 freeze to -46145
[21:18:17.744] [SEVERE ] key 81 was pressed by player 1
[21:18:17.847] [SEVERE ] updating countdown to 37340
[21:18:17.848] [SEVERE ] setting player 1 freeze to 4960
[21:18:17.848] [SEVERE ] setting player 2 freeze to -47148
[21:18:18.850] [SEVERE ] updating countdown to 36337
[21:18:18.852] [SEVERE ] setting player 1 freeze to 3956
[21:18:18.853] [SEVERE ] setting player 2 freeze to -48153
[21:18:19.436] [SEVERE ] key 81 was pressed by player 1
[21:18:19.855] [SEVERE ] updating countdown to 35332
[21:18:19.856] [SEVERE ] setting player 1 freeze to 2952
[21:18:19.857] [SEVERE ] setting player 2 freeze to -49157
[21:18:20.858] [SEVERE ] updating countdown to 34329
[21:18:20.859] [SEVERE ] setting player 1 freeze to 1949
[21:18:20.860] [SEVERE ] setting player 2 freeze to -50160
[21:18:20.862] [SEVERE ] key 81 was pressed by player 1
[21:18:21.670] [SEVERE ] key 81 was pressed by player 1
[21:18:21.861] [SEVERE ] updating countdown to 33326
[21:18:21.861] [SEVERE ] setting player 1 freeze to 947
[21:18:21.862] [SEVERE ] setting player 2 freeze to -51162
[21:18:22.809] [SEVERE ] player 1 placing token on slot 0
[21:18:22.811] [SEVERE ] removing player 1 token from slot 0
[21:18:22.812] [SEVERE ] player 1 placing token on slot 0
[21:18:22.812] [SEVERE ] removing player 1 token from slot 0
[21:18:22.814] [SEVERE ] player 1 placing token on slot 0
[21:18:22.862] [SEVERE ] updating countdown to 32325
[21:18:22.863] [SEVERE ] setting player 1 freeze to -55
[21:18:22.864] [SEVERE ] setting player 2 freeze to -52164
[21:18:23.864] [SEVERE ] updating countdown to 31323
[21:18:23.865] [SEVERE ] setting player 1 freeze to -1057
[21:18:23.866] [SEVERE ] setting player 2 freeze to -53166
[21:18:24.866] [SEVERE ] updating countdown to 30321
[21:18:24.867] [SEVERE ] setting player 1 freeze to -2059
[21:18:24.867] [SEVERE ] setting player 2 freeze to -54167
[21:18:25.868] [SEVERE ] updating countdown to 29319
[21:18:25.869] [SEVERE ] setting player 1 freeze to -3061
[21:18:25.872] [SEVERE ] setting player 2 freeze to -55172
[21:18:26.387] [SEVERE ] key 81 was pressed by player 1
[21:18:26.388] [SEVERE ] removing player 1 token from slot 0
[21:18:26.873] [SEVERE ] updating countdown to 28314
[21:18:26.873] [SEVERE ] setting player 1 freeze to -4065
[21:18:26.876] [SEVERE ] setting player 2 freeze to -56176
[21:18:27.876] [SEVERE ] updating countdown to 27311
[21:18:27.878] [SEVERE ] setting player 1 freeze to -5070
[21:18:27.879] [SEVERE ] setting player 2 freeze to -57179
[21:18:28.331] [SEVERE ] key 80 was pressed by player 2
[21:18:28.332] [SEVERE ] player 2 placing token on slot 3
[21:18:28.880] [SEVERE ] updating countdown to 26307
[21:18:28.881] [SEVERE ] setting player 1 freeze to -6073
[21:18:28.882] [SEVERE ] setting player 2 freeze to -58182
[21:18:29.883] [SEVERE ] updating countdown to 25304
[21:18:29.884] [SEVERE ] setting player 1 freeze to -7076
[21:18:29.885] [SEVERE ] setting player 2 freeze to -59185
[21:18:30.886] [SEVERE ] updating countdown to 24301
[21:18:30.888] [SEVERE ] setting player 1 freeze to -8080
[21:18:30.889] [SEVERE ] setting player 2 freeze to -60189
[21:18:31.891] [SEVERE ] updating countdown to 23296
[21:18:31.892] [SEVERE ] setting player 1 freeze to -9084
[21:18:31.892] [SEVERE ] setting player 2 freeze to -61192
[21:18:32.892] [SEVERE ] updating countdown to 22295
[21:18:32.893] [SEVERE ] setting player 1 freeze to -10085
[21:18:32.893] [SEVERE ] setting player 2 freeze to -62193
[21:18:33.893] [SEVERE ] updating countdown to 21294
[21:18:33.894] [SEVERE ] setting player 1 freeze to -11086
[21:18:33.894] [SEVERE ] setting player 2 freeze to -63194
[21:18:34.895] [SEVERE ] updating countdown to 20292
[21:18:34.908] [SEVERE ] setting player 1 freeze to -12100
[21:18:34.909] [SEVERE ] setting player 2 freeze to -64209
[21:18:35.186] [SEVERE ] key 73 was pressed by player 2
[21:18:35.186] [SEVERE ] player 2 placing token on slot 1
[21:18:35.825] [SEVERE ] key 79 was pressed by player 2
[21:18:35.826] [SEVERE ] player 2 placing token on slot 2
[21:18:35.826] [SEVERE ] updating countdown to 19361
[21:18:35.827] [SEVERE ] setting player 1 freeze to -13019
[21:18:35.827] [SEVERE ] setting player 2 freeze to -65127
[21:18:35.827] [SEVERE ] setting player 2 freeze to 9000
[21:18:35.827] [SEVERE ] removing player 2 token from slot 1
[21:18:35.828] [SEVERE ] removing player 2 token from slot 2
[21:18:35.828] [SEVERE ] removing player 2 token from slot 3
[21:18:36.829] [SEVERE ] updating countdown to 18358
[21:18:36.830] [SEVERE ] setting player 1 freeze to -14022
[21:18:36.831] [SEVERE ] setting player 2 freeze to 7997
[21:18:37.831] [SEVERE ] updating countdown to 17356
[21:18:37.832] [SEVERE ] setting player 1 freeze to -15024
[21:18:37.833] [SEVERE ] setting player 2 freeze to 6994
[21:18:38.834] [SEVERE ] updating countdown to 16353
[21:18:38.835] [SEVERE ] setting player 1 freeze to -16027
[21:18:38.835] [SEVERE ] setting player 2 freeze to 5992
[21:18:39.836] [SEVERE ] updating countdown to 15351
[21:18:39.837] [SEVERE ] setting player 1 freeze to -17029
[21:18:39.838] [SEVERE ] setting player 2 freeze to 4989
[21:18:40.499] [SEVERE ] key 80 was pressed by player 2
[21:18:40.839] [SEVERE ] updating countdown to 14348
[21:18:40.840] [SEVERE ] setting player 1 freeze to -18032
[21:18:40.841] [SEVERE ] setting player 2 freeze to 3986
[21:18:41.842] [SEVERE ] updating countdown to 13345
[21:18:41.843] [SEVERE ] setting player 1 freeze to -19035
[21:18:41.845] [SEVERE ] setting player 2 freeze to 2982
[21:18:42.846] [SEVERE ] updating countdown to 12341
[21:18:42.847] [SEVERE ] setting player 1 freeze to -20039
[21:18:42.848] [SEVERE ] setting player 2 freeze to 1979
[21:18:42.999] [SEVERE ] key 81 was pressed by player 1
[21:18:43.000] [SEVERE ] player 1 placing token on slot 0
[21:18:43.848] [SEVERE ] updating countdown to 11339
[21:18:43.849] [SEVERE ] setting player 1 freeze to -21041
[21:18:43.849] [SEVERE ] setting player 2 freeze to 978
[21:18:43.963] [SEVERE ] key 81 was pressed by player 1
[21:18:43.964] [SEVERE ] removing player 1 token from slot 0
[21:18:44.828] [SEVERE ] player 2 placing token on slot 3
[21:18:44.850] [SEVERE ] updating countdown to 10337
[21:18:44.851] [SEVERE ] setting player 1 freeze to -22043
[21:18:44.851] [SEVERE ] setting player 2 freeze to -24
[21:18:45.241] [SEVERE ] key 81 was pressed by player 1
[21:18:45.242] [SEVERE ] player 1 placing token on slot 0
[21:18:45.852] [SEVERE ] updating countdown to 9336
[21:18:45.853] [SEVERE ] setting player 1 freeze to -23045
[21:18:45.854] [SEVERE ] setting player 2 freeze to -1027
[21:18:45.880] [SEVERE ] key 87 was pressed by player 1
[21:18:45.880] [SEVERE ] player 1 placing token on slot 1
[21:18:46.255] [SEVERE ] key 65 was pressed by player 1
[21:18:46.255] [SEVERE ] player 1 placing token on slot 4
[21:18:46.256] [SEVERE ] updating countdown to 8931
[21:18:46.256] [SEVERE ] setting player 1 freeze to -23448
[21:18:46.257] [SEVERE ] setting player 2 freeze to -1430
[21:18:46.257] [SEVERE ] setting player 1 freeze to 9000
[21:18:46.257] [SEVERE ] removing player 1 token from slot 0
[21:18:46.258] [SEVERE ] removing player 1 token from slot 1
[21:18:46.258] [SEVERE ] removing player 1 token from slot 4
[21:18:47.258] [SEVERE ] updating countdown to 7929
[21:18:47.259] [SEVERE ] setting player 1 freeze to 7998
[21:18:47.260] [SEVERE ] setting player 2 freeze to -2433
[21:18:48.138] [SEVERE ] key 79 was pressed by player 2
[21:18:48.150] [SEVERE ] player 2 placing token on slot 2
[21:18:48.261] [SEVERE ] updating countdown to 6926
[21:18:48.262] [SEVERE ] setting player 1 freeze to 6995
[21:18:48.263] [SEVERE ] setting player 2 freeze to -3436
[21:18:49.154] [SEVERE ] key 79 was pressed by player 2
[21:18:49.165] [SEVERE ] removing player 2 token from slot 2
[21:18:49.264] [SEVERE ] updating countdown to 5923
[21:18:49.266] [SEVERE ] setting player 1 freeze to 5991
[21:18:49.267] [SEVERE ] setting player 2 freeze to -4440
[21:18:49.949] [SEVERE ] key 80 was pressed by player 2
[21:18:49.949] [SEVERE ] removing player 2 token from slot 3
[21:18:50.268] [SEVERE ] updating countdown to 4919
[21:18:50.269] [SEVERE ] setting player 1 freeze to 4988
[21:18:50.269] [SEVERE ] setting player 2 freeze to -5442
[21:18:51.270] [SEVERE ] updating countdown to 3917
[21:18:51.272] [SEVERE ] setting player 1 freeze to 3985
[21:18:51.272] [SEVERE ] setting player 2 freeze to -6445
[21:18:52.273] [SEVERE ] updating countdown to 2914
[21:18:52.273] [SEVERE ] setting player 1 freeze to 2984
[21:18:52.274] [SEVERE ] setting player 2 freeze to -7447
[21:18:53.274] [SEVERE ] updating countdown to 1913
[21:18:53.275] [SEVERE ] setting player 1 freeze to 1982
[21:18:53.276] [SEVERE ] setting player 2 freeze to -8449
[21:18:54.275] [SEVERE ] updating countdown to 912
[21:18:54.290] [SEVERE ] setting player 1 freeze to 967
[21:18:54.291] [SEVERE ] setting player 2 freeze to -9464
[21:18:55.292] [SEVERE ] setting player 1 freeze to -35
[21:18:55.293] [SEVERE ] setting player 2 freeze to -10466
[21:18:55.293] [SEVERE ] updating countdown to 59894
[21:18:55.294] [SEVERE ] setting player 1 freeze to -37
[21:18:55.294] [SEVERE ] setting player 2 freeze to -10467
[21:18:55.395] [SEVERE ] removing card from slot 0
[21:18:55.496] [SEVERE ] removing card from slot 1
[21:18:55.598] [SEVERE ] removing card from slot 2
[21:18:55.700] [SEVERE ] removing card from slot 3
[21:18:55.801] [SEVERE ] removing card from slot 4
[21:18:55.902] [SEVERE ] removing card from slot 5
[21:18:56.003] [SEVERE ] removing card from slot 6
[21:18:56.105] [SEVERE ] removing card from slot 7
[21:18:56.206] [SEVERE ] removing card from slot 8
[21:18:56.307] [SEVERE ] removing card from slot 9
[21:18:56.413] [SEVERE ] removing card from slot 10
[21:18:56.514] [SEVERE ] removing card from slot 11
[21:18:56.616] [SEVERE ] placing card 32 in slot 0
[21:18:56.717] [SEVERE ] placing card 48 in slot 1
[21:18:56.818] [SEVERE ] placing card 37 in slot 2
[21:18:56.919] [SEVERE ] placing card 33 in slot 3
[21:18:57.020] [SEVERE ] placing card 24 in slot 4
[21:18:57.122] [SEVERE ] placing card 80 in slot 5
[21:18:57.223] [SEVERE ] placing card 38 in slot 6
[21:18:57.324] [SEVERE ] placing card 11 in slot 7
[21:18:57.425] [SEVERE ] placing card 44 in slot 8
[21:18:57.527] [SEVERE ] placing card 30 in slot 9
[21:18:57.629] [SEVERE ] placing card 60 in slot 10
[21:18:57.731] [SEVERE ] placing card 73 in slot 11
[21:18:58.733] [SEVERE ] updating countdown to 56454
[21:18:58.745] [SEVERE ] setting player 1 freeze to -3488
[21:18:58.750] [SEVERE ] setting player 2 freeze to -13923
[21:18:59.751] [SEVERE ] updating countdown to 55437
[21:18:59.752] [SEVERE ] setting player 1 freeze to -4495
[21:18:59.753] [SEVERE ] setting player 2 freeze to -14926
[21:19:00.754] [SEVERE ] updating countdown to 54433
[21:19:00.756] [SEVERE ] setting player 1 freeze to -5499
[21:19:00.757] [SEVERE ] setting player 2 freeze to -15930
[21:19:01.759] [SEVERE ] updating countdown to 53428
[21:19:01.761] [SEVERE ] setting player 1 freeze to -6504
[21:19:01.761] [SEVERE ] setting player 2 freeze to -16934
[21:19:02.762] [SEVERE ] updating countdown to 52425
[21:19:02.763] [SEVERE ] setting player 1 freeze to -7506
[21:19:02.765] [SEVERE ] setting player 2 freeze to -17938
[21:19:02.835] [SEVERE ] key 80 was pressed by player 2
[21:19:02.836] [SEVERE ] player 2 placing token on slot 3
[21:19:03.091] [SEVERE ] key 79 was pressed by player 2
[21:19:03.091] [SEVERE ] player 2 placing token on slot 2
[21:19:03.381] [SEVERE ] key 73 was pressed by player 2
[21:19:03.382] [SEVERE ] player 2 placing token on slot 1
[21:19:03.383] [SEVERE ] updating countdown to 51804
[21:19:03.383] [SEVERE ] setting player 1 freeze to -8126
[21:19:03.383] [SEVERE ] setting player 2 freeze to -18556
[21:19:03.384] [SEVERE ] setting player 2 freeze to 9000
[21:19:03.384] [SEVERE ] removing player 2 token from slot 1
[21:19:03.384] [SEVERE ] removing player 2 token from slot 2
[21:19:03.385] [SEVERE ] removing player 2 token from slot 3
[21:19:04.385] [SEVERE ] updating countdown to 50802
[21:19:04.387] [SEVERE ] setting player 1 freeze to -9130
[21:19:04.388] [SEVERE ] setting player 2 freeze to 7996
[21:19:05.102] [SEVERE ] key 80 was pressed by player 2
[21:19:05.389] [SEVERE ] updating countdown to 49798
[21:19:05.392] [SEVERE ] setting player 1 freeze to -10135
[21:19:05.393] [SEVERE ] setting player 2 freeze to 6991
[21:19:06.394] [SEVERE ] updating countdown to 48793
[21:19:06.395] [SEVERE ] setting player 1 freeze to -11138
[21:19:06.395] [SEVERE ] setting player 2 freeze to 5989
[21:19:07.396] [SEVERE ] updating countdown to 47791
[21:19:07.397] [SEVERE ] setting player 1 freeze to -12140
[21:19:07.398] [SEVERE ] setting player 2 freeze to 4986
[21:19:08.400] [SEVERE ] updating countdown to 46787
[21:19:08.402] [SEVERE ] setting player 1 freeze to -13145
[21:19:08.402] [SEVERE ] setting player 2 freeze to 3982
[21:19:09.403] [SEVERE ] updating countdown to 45784
[21:19:09.405] [SEVERE ] setting player 1 freeze to -14148
[21:19:09.405] [SEVERE ] setting player 2 freeze to 2979
[21:19:10.406] [SEVERE ] updating countdown to 44781
[21:19:10.408] [SEVERE ] setting player 1 freeze to -15151
[21:19:10.409] [SEVERE ] setting player 2 freeze to 1975
[21:19:11.410] [SEVERE ] updating countdown to 43777
[21:19:11.411] [SEVERE ] setting player 1 freeze to -16154
[21:19:11.411] [SEVERE ] setting player 2 freeze to 973
[21:19:12.384] [SEVERE ] player 2 placing token on slot 3
[21:19:12.412] [SEVERE ] updating countdown to 42775
[21:19:12.437] [SEVERE ] setting player 1 freeze to -17180
[21:19:12.438] [SEVERE ] setting player 2 freeze to -54
[21:19:13.439] [SEVERE ] updating countdown to 41748
[21:19:13.439] [SEVERE ] setting player 1 freeze to -18182
[21:19:13.440] [SEVERE ] setting player 2 freeze to -1056
[21:19:14.440] [SEVERE ] updating countdown to 40747
[21:19:14.441] [SEVERE ] setting player 1 freeze to -19184
[21:19:14.442] [SEVERE ] setting player 2 freeze to -2058
[21:19:15.442] [SEVERE ] updating countdown to 39745
[21:19:15.444] [SEVERE ] setting player 1 freeze to -20187
[21:19:15.445] [SEVERE ] setting player 2 freeze to -3061
[21:19:16.445] [SEVERE ] updating countdown to 38742
[21:19:16.446] [SEVERE ] setting player 1 freeze to -21189
[21:19:16.447] [SEVERE ] setting player 2 freeze to -4063
[21:19:17.448] [SEVERE ] updating countdown to 37739
[21:19:17.449] [SEVERE ] setting player 1 freeze to -22192
[21:19:17.450] [SEVERE ] setting player 2 freeze to -5066
[21:19:18.450] [SEVERE ] updating countdown to 36737
[21:19:18.451] [SEVERE ] setting player 1 freeze to -23194
[21:19:18.452] [SEVERE ] setting player 2 freeze to -6068
[21:19:19.452] [SEVERE ] updating countdown to 35735
[21:19:19.457] [SEVERE ] setting player 1 freeze to -24200
[21:19:19.457] [SEVERE ] setting player 2 freeze to -7073
[21:19:20.458] [SEVERE ] updating countdown to 34729
[21:19:20.459] [SEVERE ] setting player 1 freeze to -25202
[21:19:20.459] [SEVERE ] setting player 2 freeze to -8075
[21:19:21.460] [SEVERE ] updating countdown to 33727
[21:19:21.461] [SEVERE ] setting player 1 freeze to -26204
[21:19:21.462] [SEVERE ] setting player 2 freeze to -9078
[21:19:22.463] [SEVERE ] updating countdown to 32724
[21:19:22.464] [SEVERE ] setting player 1 freeze to -27207
[21:19:22.464] [SEVERE ] setting player 2 freeze to -10080
[21:19:23.464] [SEVERE ] updating countdown to 31723
[21:19:23.466] [SEVERE ] setting player 1 freeze to -28209
[21:19:23.466] [SEVERE ] setting player 2 freeze to -11082
[21:19:24.468] [SEVERE ] updating countdown to 30719
[21:19:24.470] [SEVERE ] setting player 1 freeze to -29213
[21:19:24.470] [SEVERE ] setting player 2 freeze to -12086
[21:19:25.471] [SEVERE ] updating countdown to 29716
[21:19:25.472] [SEVERE ] setting player 1 freeze to -30215
[21:19:25.473] [SEVERE ] setting player 2 freeze to -13089
[21:19:26.473] [SEVERE ] updating countdown to 28714
[21:19:26.476] [SEVERE ] setting player 1 freeze to -31219
[21:19:26.476] [SEVERE ] setting player 2 freeze to -14092
[21:19:27.477] [SEVERE ] updating countdown to 27710
[21:19:27.479] [SEVERE ] setting player 1 freeze to -32222
[21:19:27.480] [SEVERE ] setting player 2 freeze to -15096
[21:19:28.480] [SEVERE ] updating countdown to 26707
[21:19:28.481] [SEVERE ] setting player 1 freeze to -33224
[21:19:28.482] [SEVERE ] setting player 2 freeze to -16098
[21:19:29.482] [SEVERE ] updating countdown to 25705
[21:19:29.506] [SEVERE ] setting player 1 freeze to -34249
[21:19:29.507] [SEVERE ] setting player 2 freeze to -17123
[21:19:30.508] [SEVERE ] updating countdown to 24679
[21:19:30.509] [SEVERE ] setting player 1 freeze to -35252
[21:19:30.509] [SEVERE ] setting player 2 freeze to -18125
[21:19:31.510] [SEVERE ] updating countdown to 23677
[21:19:31.510] [SEVERE ] setting player 1 freeze to -36253
[21:19:31.511] [SEVERE ] setting player 2 freeze to -19127
[21:19:32.512] [SEVERE ] updating countdown to 22675
[21:19:32.513] [SEVERE ] setting player 1 freeze to -37256
[21:19:32.513] [SEVERE ] setting player 2 freeze to -20129
[21:19:33.514] [SEVERE ] updating countdown to 21673
[21:19:33.514] [SEVERE ] setting player 1 freeze to -38257
[21:19:33.515] [SEVERE ] setting player 2 freeze to -21131
[21:19:34.515] [SEVERE ] updating countdown to 20672
[21:19:34.516] [SEVERE ] setting player 1 freeze to -39259
[21:19:34.517] [SEVERE ] setting player 2 freeze to -22133
[21:19:35.518] [SEVERE ] updating countdown to 19669
[21:19:35.518] [SEVERE ] setting player 1 freeze to -40261
[21:19:35.519] [SEVERE ] setting player 2 freeze to -23135
[21:19:36.519] [SEVERE ] updating countdown to 18668
[21:19:36.520] [SEVERE ] setting player 1 freeze to -41263
[21:19:36.521] [SEVERE ] setting player 2 freeze to -24137
[21:19:37.522] [SEVERE ] updating countdown to 17665
[21:19:37.523] [SEVERE ] setting player 1 freeze to -42266
[21:19:37.523] [SEVERE ] setting player 2 freeze to -25139
[21:19:38.523] [SEVERE ] updating countdown to 16664
[21:19:38.525] [SEVERE ] setting player 1 freeze to -43268
[21:19:38.526] [SEVERE ] setting player 2 freeze to -26142
[21:19:39.527] [SEVERE ] updating countdown to 15661
[21:19:39.527] [SEVERE ] setting player 1 freeze to -44270
[21:19:39.528] [SEVERE ] setting player 2 freeze to -27144
[21:19:40.528] [SEVERE ] updating countdown to 14659
[21:19:40.528] [SEVERE ] setting player 1 freeze to -45271
[21:19:40.529] [SEVERE ] setting player 2 freeze to -28145
[21:19:41.529] [SEVERE ] updating countdown to 13658
[21:19:41.531] [SEVERE ] setting player 1 freeze to -46274
[21:19:41.531] [SEVERE ] setting player 2 freeze to -29147
[21:19:42.532] [SEVERE ] updating countdown to 12655
[21:19:42.533] [SEVERE ] setting player 1 freeze to -47275
[21:19:42.533] [SEVERE ] setting player 2 freeze to -30149
[21:19:43.533] [SEVERE ] updating countdown to 11654
[21:19:43.534] [SEVERE ] setting player 1 freeze to -48277
[21:19:43.534] [SEVERE ] setting player 2 freeze to -31150
[21:19:44.534] [SEVERE ] updating countdown to 10653
[21:19:44.535] [SEVERE ] setting player 1 freeze to -49278
[21:19:44.536] [SEVERE ] setting player 2 freeze to -32152
[21:19:45.536] [SEVERE ] updating countdown to 9651
[21:19:45.538] [SEVERE ] setting player 1 freeze to -50281
[21:19:45.539] [SEVERE ] setting player 2 freeze to -33155
[21:19:46.540] [SEVERE ] updating countdown to 8647
[21:19:46.541] [SEVERE ] setting player 1 freeze to -51284
[21:19:46.541] [SEVERE ] setting player 2 freeze to -34157
[21:19:47.542] [SEVERE ] updating countdown to 7645
[21:19:47.544] [SEVERE ] setting player 1 freeze to -52287
[21:19:47.545] [SEVERE ] setting player 2 freeze to -35161
[21:19:48.546] [SEVERE ] updating countdown to 6641
[21:19:48.547] [SEVERE ] setting player 1 freeze to -53290
[21:19:48.549] [SEVERE ] setting player 2 freeze to -36165
[21:19:49.550] [SEVERE ] updating countdown to 5637
[21:19:49.552] [SEVERE ] setting player 1 freeze to -54295
[21:19:49.552] [SEVERE ] setting player 2 freeze to -37168
[21:19:50.553] [SEVERE ] updating countdown to 4634
[21:19:50.554] [SEVERE ] setting player 1 freeze to -55297
[21:19:50.554] [SEVERE ] setting player 2 freeze to -38170
[21:19:51.555] [SEVERE ] updating countdown to 3632
[21:19:51.556] [SEVERE ] setting player 1 freeze to -56299
[21:19:51.556] [SEVERE ] setting player 2 freeze to -39172
[21:19:52.557] [SEVERE ] updating countdown to 2630
[21:19:52.562] [SEVERE ] setting player 1 freeze to -57305
[21:19:52.562] [SEVERE ] setting player 2 freeze to -40178
[21:19:53.562] [SEVERE ] updating countdown to 1625
[21:19:53.563] [SEVERE ] setting player 1 freeze to -58306
[21:19:53.564] [SEVERE ] setting player 2 freeze to -41180
[21:19:54.565] [SEVERE ] updating countdown to 622
[21:19:54.566] [SEVERE ] setting player 1 freeze to -59309
[21:19:54.566] [SEVERE ] setting player 2 freeze to -42182
[21:19:55.568] [SEVERE ] setting player 1 freeze to -60311
[21:19:55.570] [SEVERE ] setting player 2 freeze to -43186
[21:19:55.570] [SEVERE ] updating countdown to 59617
[21:19:55.571] [SEVERE ] setting player 1 freeze to -60314
[21:19:55.571] [SEVERE ] setting player 2 freeze to -43187
[21:19:55.671] [SEVERE ] removing card from slot 0
[21:19:55.773] [SEVERE ] removing card from slot 1
[21:19:55.879] [SEVERE ] removing card from slot 2
[21:19:55.980] [SEVERE ] removing card from slot 3
[21:19:56.081] [SEVERE ] removing card from slot 4
[21:19:56.182] [SEVERE ] removing card from slot 5
[21:19:56.283] [SEVERE ] removing card from slot 6
[21:19:56.386] [SEVERE ] removing card from slot 7
[21:19:56.487] [SEVERE ] removing card from slot 8
[21:19:56.589] [SEVERE ] removing card from slot 9
[21:19:56.691] [SEVERE ] removing card from slot 10
[21:19:56.793] [SEVERE ] removing card from slot 11
[21:19:56.794] [SEVERE ] removing player 2 token from slot 3
[21:19:56.899] [SEVERE ] placing card 47 in slot 0
[21:19:57.000] [SEVERE ] placing card 10 in slot 1
[21:19:57.101] [SEVERE ] placing card 62 in slot 2
[21:19:57.202] [SEVERE ] placing card 24 in slot 3
[21:19:57.303] [SEVERE ] placing card 41 in slot 4
[21:19:57.404] [SEVERE ] placing card 4 in slot 5
[21:19:57.505] [SEVERE ] placing card 64 in slot 6
[21:19:57.607] [SEVERE ] placing card 32 in slot 7
[21:19:57.707] [SEVERE ] placing card 20 in slot 8
[21:19:57.808] [SEVERE ] placing card 34 in slot 9
[21:19:57.909] [SEVERE ] placing card 57 in slot 10
[21:19:58.011] [SEVERE ] placing card 7 in slot 11
[21:19:59.012] [SEVERE ] updating countdown to 56175
[21:19:59.013] [SEVERE ] setting player 1 freeze to -63756
[21:19:59.014] [SEVERE ] setting player 2 freeze to -46630
[21:19:59.590] [SEVERE ] key 81 was pressed by player 1
[21:19:59.591] [SEVERE ] player 1 placing token on slot 0
[21:20:00.015] [SEVERE ] updating countdown to 55172
[21:20:00.018] [SEVERE ] setting player 1 freeze to -64761
[21:20:00.025] [SEVERE ] setting player 2 freeze to -47641
[21:20:00.063] [SEVERE ] key 87 was pressed by player 1
[21:20:00.064] [SEVERE ] player 1 placing token on slot 1
[21:20:00.589] [SEVERE ] key 69 was pressed by player 1
[21:20:00.590] [SEVERE ] player 1 placing token on slot 2
[21:20:00.590] [SEVERE ] updating countdown to 54597
[21:20:00.591] [SEVERE ] setting player 1 freeze to -65334
[21:20:00.591] [SEVERE ] setting player 2 freeze to -48207
[21:20:00.591] [SEVERE ] setting player 1 freeze to 9000
[21:20:00.592] [SEVERE ] removing player 1 token from slot 0
[21:20:00.592] [SEVERE ] removing player 1 token from slot 1
[21:20:00.592] [SEVERE ] removing player 1 token from slot 2
[21:20:01.593] [SEVERE ] updating countdown to 53594
[21:20:01.594] [SEVERE ] setting player 1 freeze to 7998
[21:20:01.594] [SEVERE ] setting player 2 freeze to -49210
[21:20:02.594] [SEVERE ] updating countdown to 52593
[21:20:02.595] [SEVERE ] setting player 1 freeze to 6997
[21:20:02.595] [SEVERE ] setting player 2 freeze to -50211
[21:20:03.596] [SEVERE ] updating countdown to 51591
[21:20:03.597] [SEVERE ] setting player 1 freeze to 5995
[21:20:03.597] [SEVERE ] setting player 2 freeze to -51213
[21:20:04.598] [SEVERE ] updating countdown to 50589
[21:20:04.601] [SEVERE ] setting player 1 freeze to 4991
[21:20:04.602] [SEVERE ] setting player 2 freeze to -52218
[21:20:05.603] [SEVERE ] updating countdown to 49584
[21:20:05.604] [SEVERE ] setting player 1 freeze to 3988
[21:20:05.605] [SEVERE ] setting player 2 freeze to -53221
[21:20:06.607] [SEVERE ] updating countdown to 48580
[21:20:06.608] [SEVERE ] setting player 1 freeze to 2984
[21:20:06.609] [SEVERE ] setting player 2 freeze to -54225
[21:20:07.609] [SEVERE ] updating countdown to 47578
[21:20:07.616] [SEVERE ] setting player 1 freeze to 1976
[21:20:07.617] [SEVERE ] setting player 2 freeze to -55233
[21:20:08.618] [SEVERE ] updating countdown to 46570
[21:20:08.618] [SEVERE ] setting player 1 freeze to 974
[21:20:08.619] [SEVERE ] setting player 2 freeze to -56235
[21:20:09.619] [SEVERE ] updating countdown to 45568
[21:20:09.620] [SEVERE ] setting player 1 freeze to -28
[21:20:09.621] [SEVERE ] setting player 2 freeze to -57237
[21:20:10.622] [SEVERE ] updating countdown to 44565
[21:20:10.624] [SEVERE ] setting player 1 freeze to -1032
[21:20:10.624] [SEVERE ] setting player 2 freeze to -58240
[21:20:11.625] [SEVERE ] updating countdown to 43562
[21:20:11.626] [SEVERE ] setting player 1 freeze to -2034
[21:20:11.627] [SEVERE ] setting player 2 freeze to -59243
[21:20:12.628] [SEVERE ] updating countdown to 42559
[21:20:12.629] [SEVERE ] setting player 1 freeze to -3037
[21:20:12.631] [SEVERE ] setting player 2 freeze to -60247
[21:20:13.631] [SEVERE ] updating countdown to 41556
[21:20:13.632] [SEVERE ] setting player 1 freeze to -4040
[21:20:13.633] [SEVERE ] setting player 2 freeze to -61249
[21:20:14.208] [SEVERE ] key 81 was pressed by player 1
[21:20:14.209] [SEVERE ] player 1 placing token on slot 0
[21:20:14.633] [SEVERE ] updating countdown to 40554
[21:20:14.642] [SEVERE ] setting player 1 freeze to -5050
[21:20:14.642] [SEVERE ] setting player 2 freeze to -62258
[21:20:15.095] [SEVERE ] key 87 was pressed by player 1
[21:20:15.095] [SEVERE ] player 1 placing token on slot 1
[21:20:15.596] [SEVERE ] key 69 was pressed by player 1
[21:20:15.596] [SEVERE ] player 1 placing token on slot 2
[21:20:15.597] [SEVERE ] updating countdown to 39590
[21:20:15.597] [SEVERE ] setting player 1 freeze to -6005
[21:20:15.597] [SEVERE ] setting player 2 freeze to -63213
[21:20:15.597] [SEVERE ] setting player 1 freeze to 9000
[21:20:15.597] [SEVERE ] removing player 1 token from slot 0
[21:20:15.598] [SEVERE ] removing player 1 token from slot 1
[21:20:15.598] [SEVERE ] removing player 1 token from slot 2
[21:20:16.464] [SEVERE ] key 81 was pressed by player 1
[21:20:16.598] [SEVERE ] updating countdown to 38589
[21:20:16.600] [SEVERE ] setting player 1 freeze to 7997
[21:20:16.601] [SEVERE ] setting player 2 freeze to -64217
[21:20:17.602] [SEVERE ] updating countdown to 37585
[21:20:17.603] [SEVERE ] setting player 1 freeze to 6994
[21:20:17.604] [SEVERE ] setting player 2 freeze to -65220
[21:20:18.605] [SEVERE ] updating countdown to 36582
[21:20:18.606] [SEVERE ] setting player 1 freeze to 5991
[21:20:18.607] [SEVERE ] setting player 2 freeze to -66223
[21:20:19.608] [SEVERE ] updating countdown to 35579
[21:20:19.609] [SEVERE ] setting player 1 freeze to 4988
[21:20:19.611] [SEVERE ] setting player 2 freeze to -67227
[21:20:20.613] [SEVERE ] updating countdown to 34574
[21:20:20.614] [SEVERE ] setting player 1 freeze to 3983
[21:20:20.615] [SEVERE ] setting player 2 freeze to -68231
[21:20:21.618] [SEVERE ] updating countdown to 33569
[21:20:21.620] [SEVERE ] setting player 1 freeze to 2977
[21:20:21.621] [SEVERE ] setting player 2 freeze to -69237
[21:20:22.624] [SEVERE ] updating countdown to 32563
[21:20:22.625] [SEVERE ] setting player 1 freeze to 1972
[21:20:22.627] [SEVERE ] setting player 2 freeze to -70243
[21:20:23.628] [SEVERE ] updating countdown to 31559
[21:20:23.628] [SEVERE ] setting player 1 freeze to 969
[21:20:23.630] [SEVERE ] setting player 2 freeze to -71246
[21:20:24.598] [SEVERE ] player 1 placing token on slot 0
[21:20:24.630] [SEVERE ] updating countdown to 30557
[21:20:24.631] [SEVERE ] setting player 1 freeze to -34
[21:20:24.631] [SEVERE ] setting player 2 freeze to -72247
[21:20:25.632] [SEVERE ] updating countdown to 29555
[21:20:25.633] [SEVERE ] setting player 1 freeze to -1036
[21:20:25.633] [SEVERE ] setting player 2 freeze to -73249
[21:20:26.634] [SEVERE ] updating countdown to 28553
[21:20:26.635] [SEVERE ] setting player 1 freeze to -2038
[21:20:26.636] [SEVERE ] setting player 2 freeze to -74252
[21:20:27.638] [SEVERE ] updating countdown to 27549
[21:20:27.639] [SEVERE ] setting player 1 freeze to -3042
[21:20:27.640] [SEVERE ] setting player 2 freeze to -75256
[21:20:28.641] [SEVERE ] updating countdown to 26546
[21:20:28.642] [SEVERE ] setting player 1 freeze to -4045
[21:20:28.642] [SEVERE ] setting player 2 freeze to -76258
[21:20:29.643] [SEVERE ] updating countdown to 25544
[21:20:29.644] [SEVERE ] setting player 1 freeze to -5047
[21:20:29.645] [SEVERE ] setting player 2 freeze to -77261
[21:20:30.645] [SEVERE ] updating countdown to 24542
[21:20:30.646] [SEVERE ] setting player 1 freeze to -6049
[21:20:30.647] [SEVERE ] setting player 2 freeze to -78263
[21:20:31.647] [SEVERE ] updating countdown to 23540
[21:20:31.648] [SEVERE ] setting player 1 freeze to -7051
[21:20:31.648] [SEVERE ] setting player 2 freeze to -79264
[21:20:32.648] [SEVERE ] updating countdown to 22539
[21:20:32.649] [SEVERE ] setting player 1 freeze to -8052
[21:20:32.649] [SEVERE ] setting player 2 freeze to -80265
[21:20:33.650] [SEVERE ] updating countdown to 21537
[21:20:33.651] [SEVERE ] setting player 1 freeze to -9054
[21:20:33.651] [SEVERE ] setting player 2 freeze to -81267
[21:20:34.652] [SEVERE ] updating countdown to 20535
[21:20:34.653] [SEVERE ] setting player 1 freeze to -10056
[21:20:34.655] [SEVERE ] setting player 2 freeze to -82271
[21:20:35.656] [SEVERE ] updating countdown to 19531
[21:20:35.657] [SEVERE ] setting player 1 freeze to -11060
[21:20:35.658] [SEVERE ] setting player 2 freeze to -83274
[21:20:36.659] [SEVERE ] updating countdown to 18528
[21:20:36.660] [SEVERE ] setting player 1 freeze to -12063
[21:20:36.661] [SEVERE ] setting player 2 freeze to -84277
[21:20:37.662] [SEVERE ] updating countdown to 17525
[21:20:37.664] [SEVERE ] setting player 1 freeze to -13067
[21:20:37.665] [SEVERE ] setting player 2 freeze to -85281
[21:20:38.667] [SEVERE ] updating countdown to 16520
[21:20:38.668] [SEVERE ] setting player 1 freeze to -14071
[21:20:38.670] [SEVERE ] setting player 2 freeze to -86286
[21:20:39.671] [SEVERE ] updating countdown to 15516
[21:20:39.672] [SEVERE ] setting player 1 freeze to -15075
[21:20:39.674] [SEVERE ] setting player 2 freeze to -87290
[21:20:40.675] [SEVERE ] updating countdown to 14512
[21:20:40.677] [SEVERE ] setting player 1 freeze to -16080
[21:20:40.679] [SEVERE ] setting player 2 freeze to -88295
[21:20:41.680] [SEVERE ] updating countdown to 13507
[21:20:41.681] [SEVERE ] setting player 1 freeze to -17084
[21:20:41.682] [SEVERE ] setting player 2 freeze to -89298
[21:20:42.683] [SEVERE ] updating countdown to 12504
[21:20:42.685] [SEVERE ] setting player 1 freeze to -18088
[21:20:42.686] [SEVERE ] setting player 2 freeze to -90302
[21:20:43.687] [SEVERE ] updating countdown to 11500
[21:20:43.688] [SEVERE ] setting player 1 freeze to -19091
[21:20:43.688] [SEVERE ] setting player 2 freeze to -91304
[21:20:44.689] [SEVERE ] updating countdown to 10498
[21:20:44.693] [SEVERE ] setting player 1 freeze to -20096
[21:20:44.724] [SEVERE ] setting player 2 freeze to -92340
[21:20:45.725] [SEVERE ] updating countdown to 9462
[21:20:45.726] [SEVERE ] setting player 1 freeze to -21129
[21:20:45.727] [SEVERE ] setting player 2 freeze to -93343
[21:20:46.728] [SEVERE ] updating countdown to 8459
[21:20:46.729] [SEVERE ] setting player 1 freeze to -22132
[21:20:46.729] [SEVERE ] setting player 2 freeze to -94345
[21:20:47.729] [SEVERE ] updating countdown to 7458
[21:20:47.730] [SEVERE ] setting player 1 freeze to -23133
[21:20:47.730] [SEVERE ] setting player 2 freeze to -95346
[21:20:48.731] [SEVERE ] updating countdown to 6456
[21:20:48.732] [SEVERE ] setting player 1 freeze to -24135
[21:20:48.732] [SEVERE ] setting player 2 freeze to -96348
[21:20:49.733] [SEVERE ] updating countdown to 5454
[21:20:49.760] [SEVERE ] setting player 1 freeze to -25163
[21:20:49.762] [SEVERE ] setting player 2 freeze to -97378
[21:20:50.763] [SEVERE ] updating countdown to 4424
[21:20:50.826] [SEVERE ] setting player 1 freeze to -26229
[21:20:50.831] [SEVERE ] setting player 2 freeze to -98447
[21:20:51.832] [SEVERE ] updating countdown to 3355
[21:20:51.833] [SEVERE ] setting player 1 freeze to -27236
[21:20:51.833] [SEVERE ] setting player 2 freeze to -99449
[21:20:52.833] [SEVERE ] updating countdown to 2354
[21:20:52.834] [SEVERE ] setting player 1 freeze to -28237
[21:20:52.834] [SEVERE ] setting player 2 freeze to -100450
[21:20:53.835] [SEVERE ] updating countdown to 1352
[21:20:53.836] [SEVERE ] setting player 1 freeze to -29239
[21:20:53.837] [SEVERE ] setting player 2 freeze to -101453
[21:20:54.837] [SEVERE ] updating countdown to 350
[21:20:54.838] [SEVERE ] setting player 1 freeze to -30241
[21:20:54.839] [SEVERE ] setting player 2 freeze to -102455
[21:20:55.840] [SEVERE ] setting player 1 freeze to -31243
[21:20:55.841] [SEVERE ] setting player 2 freeze to -103457
[21:20:55.842] [SEVERE ] updating countdown to 59345
[21:20:55.842] [SEVERE ] setting player 1 freeze to -31245
[21:20:55.844] [SEVERE ] setting player 2 freeze to -103460
[21:20:55.945] [SEVERE ] removing card from slot 0
[21:20:56.046] [SEVERE ] removing card from slot 1
[21:20:56.146] [SEVERE ] removing card from slot 2
[21:20:56.247] [SEVERE ] removing card from slot 3
[21:20:56.348] [SEVERE ] removing card from slot 4
[21:20:56.450] [SEVERE ] removing card from slot 5
[21:20:56.552] [SEVERE ] removing card from slot 6
[21:20:56.652] [SEVERE ] removing card from slot 7
[21:20:56.753] [SEVERE ] removing card from slot 8
[21:20:56.854] [SEVERE ] removing card from slot 9
[21:20:56.955] [SEVERE ] removing card from slot 10
[21:20:57.056] [SEVERE ] removing card from slot 11
[21:20:57.058] [SEVERE ] removing player 1 token from slot 0
[21:20:57.161] [SEVERE ] placing card 51 in slot 0
[21:20:57.262] [SEVERE ] placing card 30 in slot 1
[21:20:57.363] [SEVERE ] placing card 69 in slot 2
[21:20:57.465] [SEVERE ] placing card 9 in slot 3
[21:20:57.567] [SEVERE ] placing card 79 in slot 4
[21:20:57.668] [SEVERE ] placing card 66 in slot 5
[21:20:57.769] [SEVERE ] placing card 65 in slot 6
[21:20:57.872] [SEVERE ] placing card 58 in slot 7
[21:20:57.973] [SEVERE ] placing card 8 in slot 8
[21:20:58.074] [SEVERE ] placing card 73 in slot 9
[21:20:58.175] [SEVERE ] placing card 6 in slot 10
[21:20:58.277] [SEVERE ] placing card 23 in slot 11
[21:20:58.815] [SEVERE ] key 81 was pressed by player 1
[21:20:58.815] [SEVERE ] player 1 placing token on slot 0
[21:20:59.144] [SEVERE ] key 87 was pressed by player 1
[21:20:59.144] [SEVERE ] player 1 placing token on slot 1
[21:20:59.278] [SEVERE ] updating countdown to 55909
[21:20:59.281] [SEVERE ] setting player 1 freeze to -34684
[21:20:59.281] [SEVERE ] setting player 2 freeze to -106897
[21:20:59.467] [SEVERE ] key 69 was pressed by player 1
[21:20:59.468] [SEVERE ] player 1 placing token on slot 2
[21:20:59.470] [SEVERE ] updating countdown to 55717
[21:20:59.470] [SEVERE ] setting player 1 freeze to -34873
[21:20:59.471] [SEVERE ] setting player 2 freeze to -107087
[21:20:59.471] [SEVERE ] setting player 1 freeze to 9000
[21:20:59.471] [SEVERE ] removing player 1 token from slot 0
[21:20:59.471] [SEVERE ] removing player 1 token from slot 1
[21:20:59.472] [SEVERE ] removing player 1 token from slot 2
[21:21:00.474] [SEVERE ] updating countdown to 54713
[21:21:00.474] [SEVERE ] setting player 1 freeze to 7997
[21:21:00.475] [SEVERE ] setting player 2 freeze to -108091
[21:21:01.056] [SEVERE ] key 69 was pressed by player 1
[21:21:01.302] [SEVERE ] key 87 was pressed by player 1
[21:21:01.476] [SEVERE ] updating countdown to 53711
[21:21:01.477] [SEVERE ] setting player 1 freeze to 6994
[21:21:01.479] [SEVERE ] setting player 2 freeze to -109095
[21:21:01.584] [SEVERE ] key 81 was pressed by player 1
[21:21:02.481] [SEVERE ] updating countdown to 52706
[21:21:02.483] [SEVERE ] setting player 1 freeze to 5988
[21:21:02.484] [SEVERE ] setting player 2 freeze to -110100
[21:21:03.423] [SEVERE ] key 81 was pressed by player 1
[21:21:03.485] [SEVERE ] updating countdown to 51702
[21:21:03.487] [SEVERE ] setting player 1 freeze to 4984
[21:21:03.488] [SEVERE ] setting player 2 freeze to -111104
[21:21:04.490] [SEVERE ] updating countdown to 50697
[21:21:04.491] [SEVERE ] setting player 1 freeze to 3980
[21:21:04.491] [SEVERE ] setting player 2 freeze to -112107
[21:21:05.492] [SEVERE ] updating countdown to 49695
[21:21:05.493] [SEVERE ] setting player 1 freeze to 2978
[21:21:05.493] [SEVERE ] setting player 2 freeze to -113109
[21:21:06.494] [SEVERE ] updating countdown to 48693
[21:21:06.494] [SEVERE ] setting player 1 freeze to 1977
[21:21:06.495] [SEVERE ] setting player 2 freeze to -114111
[21:21:07.497] [SEVERE ] updating countdown to 47690
[21:21:07.498] [SEVERE ] setting player 1 freeze to 973
[21:21:07.501] [SEVERE ] setting player 2 freeze to -115117
[21:21:08.472] [SEVERE ] player 1 placing token on slot 2
[21:21:08.473] [SEVERE ] player 1 placing token on slot 1
[21:21:08.474] [SEVERE ] player 1 placing token on slot 0
[21:21:08.475] [SEVERE ] removing player 1 token from slot 0
[21:21:08.476] [SEVERE ] updating countdown to 46711
[21:21:08.477] [SEVERE ] setting player 1 freeze to -6
[21:21:08.478] [SEVERE ] setting player 2 freeze to -116094
[21:21:08.479] [SEVERE ] setting player 1 freeze to 9000
[21:21:08.480] [SEVERE ] removing player 1 token from slot 1
[21:21:08.480] [SEVERE ] removing player 1 token from slot 2
[21:21:09.481] [SEVERE ] updating countdown to 45706
[21:21:09.483] [SEVERE ] setting player 1 freeze to 7997
[21:21:09.483] [SEVERE ] setting player 2 freeze to -117099
[21:21:10.484] [SEVERE ] updating countdown to 44703
[21:21:10.486] [SEVERE ] setting player 1 freeze to 6994
[21:21:10.488] [SEVERE ] setting player 2 freeze to -118104
[21:21:11.490] [SEVERE ] updating countdown to 43697
[21:21:11.491] [SEVERE ] setting player 1 freeze to 5989
[21:21:11.492] [SEVERE ] setting player 2 freeze to -119108
[21:21:12.493] [SEVERE ] updating countdown to 42694
[21:21:12.494] [SEVERE ] setting player 1 freeze to 4986
[21:21:12.494] [SEVERE ] setting player 2 freeze to -120110
[21:21:13.495] [SEVERE ] updating countdown to 41692
[21:21:13.496] [SEVERE ] setting player 1 freeze to 3984
[21:21:13.496] [SEVERE ] setting player 2 freeze to -121112
[21:21:14.498] [SEVERE ] updating countdown to 40689
[21:21:14.500] [SEVERE ] setting player 1 freeze to 2980
[21:21:14.501] [SEVERE ] setting player 2 freeze to -122117
[21:21:15.502] [SEVERE ] updating countdown to 39685
[21:21:15.503] [SEVERE ] setting player 1 freeze to 1977
[21:21:15.504] [SEVERE ] setting player 2 freeze to -123120
[21:21:16.506] [SEVERE ] updating countdown to 38681
[21:21:16.507] [SEVERE ] setting player 1 freeze to 973
[21:21:16.508] [SEVERE ] setting player 2 freeze to -124124
[21:21:17.509] [SEVERE ] updating countdown to 37678
[21:21:17.510] [SEVERE ] setting player 1 freeze to -30
[21:21:17.511] [SEVERE ] setting player 2 freeze to -125127
[21:21:18.512] [SEVERE ] updating countdown to 36675
[21:21:18.513] [SEVERE ] setting player 1 freeze to -1033
[21:21:18.514] [SEVERE ] setting player 2 freeze to -126130
[21:21:19.515] [SEVERE ] updating countdown to 35672
[21:21:19.518] [SEVERE ] setting player 1 freeze to -2038
[21:21:19.520] [SEVERE ] setting player 2 freeze to -127136
[21:21:20.521] [SEVERE ] updating countdown to 34666
[21:21:20.522] [SEVERE ] setting player 1 freeze to -3042
[21:21:20.523] [SEVERE ] setting player 2 freeze to -128139
[21:21:21.524] [SEVERE ] updating countdown to 33663
[21:21:21.524] [SEVERE ] setting player 1 freeze to -4044
[21:21:21.525] [SEVERE ] setting player 2 freeze to -129141
[21:21:22.525] [SEVERE ] updating countdown to 32662
[21:21:22.542] [SEVERE ] setting player 1 freeze to -5062
[21:21:22.543] [SEVERE ] setting player 2 freeze to -130159
[21:21:23.544] [SEVERE ] updating countdown to 31643
[21:21:23.544] [SEVERE ] setting player 1 freeze to -6064
[21:21:23.544] [SEVERE ] setting player 2 freeze to -131160
[21:21:24.544] [SEVERE ] updating countdown to 30643
[21:21:24.544] [SEVERE ] setting player 1 freeze to -7064
[21:21:24.545] [SEVERE ] setting player 2 freeze to -132161
[21:21:25.545] [SEVERE ] updating countdown to 29642
[21:21:25.545] [SEVERE ] setting player 1 freeze to -8065
[21:21:25.546] [SEVERE ] setting player 2 freeze to -133162
[21:21:26.546] [SEVERE ] updating countdown to 28641
[21:21:26.547] [SEVERE ] setting player 1 freeze to -9067
[21:21:26.547] [SEVERE ] setting player 2 freeze to -134163
[21:21:27.548] [SEVERE ] updating countdown to 27639
[21:21:27.550] [SEVERE ] setting player 1 freeze to -10070
[21:21:27.551] [SEVERE ] setting player 2 freeze to -135167
[21:21:28.552] [SEVERE ] updating countdown to 26635
[21:21:28.553] [SEVERE ] setting player 1 freeze to -11073
[21:21:28.554] [SEVERE ] setting player 2 freeze to -136170
[21:21:29.555] [SEVERE ] updating countdown to 25632
[21:21:29.556] [SEVERE ] setting player 1 freeze to -12076
[21:21:29.556] [SEVERE ] setting player 2 freeze to -137172
[21:21:30.557] [SEVERE ] updating countdown to 24630
[21:21:30.557] [SEVERE ] setting player 1 freeze to -13077
[21:21:30.558] [SEVERE ] setting player 2 freeze to -138174
[21:21:31.558] [SEVERE ] updating countdown to 23629
[21:21:31.559] [SEVERE ] setting player 1 freeze to -14079
[21:21:31.560] [SEVERE ] setting player 2 freeze to -139176
[21:21:32.573] [SEVERE ] updating countdown to 22614
[21:21:32.574] [SEVERE ] setting player 1 freeze to -15094
[21:21:32.575] [SEVERE ] setting player 2 freeze to -140191
[21:21:33.576] [SEVERE ] updating countdown to 21611
[21:21:33.577] [SEVERE ] setting player 1 freeze to -16097
[21:21:33.577] [SEVERE ] setting player 2 freeze to -141193
[21:21:34.578] [SEVERE ] updating countdown to 20609
[21:21:34.579] [SEVERE ] setting player 1 freeze to -17099
[21:21:34.580] [SEVERE ] setting player 2 freeze to -142196
[21:21:35.581] [SEVERE ] updating countdown to 19606
[21:21:35.581] [SEVERE ] setting player 1 freeze to -18101
[21:21:35.582] [SEVERE ] setting player 2 freeze to -143198
[21:21:36.583] [SEVERE ] updating countdown to 18604
[21:21:36.584] [SEVERE ] setting player 1 freeze to -19104
[21:21:36.584] [SEVERE ] setting player 2 freeze to -144200
[21:21:37.585] [SEVERE ] updating countdown to 17602
[21:21:37.586] [SEVERE ] setting player 1 freeze to -20106
[21:21:37.586] [SEVERE ] setting player 2 freeze to -145202
[21:21:38.587] [SEVERE ] updating countdown to 16600
[21:21:38.588] [SEVERE ] setting player 1 freeze to -21108
[21:21:38.588] [SEVERE ] setting player 2 freeze to -146204
[21:21:39.588] [SEVERE ] updating countdown to 15599
[21:21:39.589] [SEVERE ] setting player 1 freeze to -22109
[21:21:39.589] [SEVERE ] setting player 2 freeze to -147205
[21:21:40.590] [SEVERE ] updating countdown to 14597
[21:21:40.591] [SEVERE ] setting player 1 freeze to -23111
[21:21:40.591] [SEVERE ] setting player 2 freeze to -148207
[21:21:41.592] [SEVERE ] updating countdown to 13595
[21:21:41.592] [SEVERE ] setting player 1 freeze to -24112
[21:21:41.593] [SEVERE ] setting player 2 freeze to -149209
[21:21:42.594] [SEVERE ] updating countdown to 12593
[21:21:42.594] [SEVERE ] setting player 1 freeze to -25114
[21:21:42.594] [SEVERE ] setting player 2 freeze to -150210
[21:21:43.595] [SEVERE ] updating countdown to 11592
[21:21:43.596] [SEVERE ] setting player 1 freeze to -26116
[21:21:43.597] [SEVERE ] setting player 2 freeze to -151213
[21:21:44.597] [SEVERE ] updating countdown to 10590
[21:21:44.598] [SEVERE ] setting player 1 freeze to -27118
[21:21:44.599] [SEVERE ] setting player 2 freeze to -152215
[21:21:45.600] [SEVERE ] updating countdown to 9587
[21:21:45.601] [SEVERE ] setting player 1 freeze to -28121
[21:21:45.602] [SEVERE ] setting player 2 freeze to -153218
[21:21:46.604] [SEVERE ] updating countdown to 8583
[21:21:46.604] [SEVERE ] setting player 1 freeze to -29124
[21:21:46.605] [SEVERE ] setting player 2 freeze to -154221
[21:21:47.606] [SEVERE ] updating countdown to 7581
[21:21:47.607] [SEVERE ] setting player 1 freeze to -30127
[21:21:47.607] [SEVERE ] setting player 2 freeze to -155223
[21:21:48.608] [SEVERE ] updating countdown to 6579
[21:21:48.632] [SEVERE ] setting player 1 freeze to -31152
[21:21:48.670] [SEVERE ] setting player 2 freeze to -156286
[21:21:49.671] [SEVERE ] updating countdown to 5516
[21:21:49.672] [SEVERE ] setting player 1 freeze to -32192
[21:21:49.672] [SEVERE ] setting player 2 freeze to -157288
[21:21:50.673] [SEVERE ] updating countdown to 4514
[21:21:50.674] [SEVERE ] setting player 1 freeze to -33194
[21:21:50.675] [SEVERE ] setting player 2 freeze to -158291
[21:21:51.677] [SEVERE ] updating countdown to 3510
[21:21:51.678] [SEVERE ] setting player 1 freeze to -34198
[21:21:51.679] [SEVERE ] setting player 2 freeze to -159295
[21:21:52.680] [SEVERE ] updating countdown to 2507
[21:21:52.680] [SEVERE ] setting player 1 freeze to -35200
[21:21:52.681] [SEVERE ] setting player 2 freeze to -160297
[21:21:53.681] [SEVERE ] updating countdown to 1506
[21:21:53.683] [SEVERE ] setting player 1 freeze to -36203
[21:21:53.684] [SEVERE ] setting player 2 freeze to -161300
[21:21:54.685] [SEVERE ] updating countdown to 502
[21:21:54.685] [SEVERE ] setting player 1 freeze to -37205
[21:21:54.686] [SEVERE ] setting player 2 freeze to -162302
[21:21:55.688] [SEVERE ] setting player 1 freeze to -38208
[21:21:55.689] [SEVERE ] setting player 2 freeze to -163305
[21:21:55.689] [SEVERE ] updating countdown to 59498
[21:21:55.690] [SEVERE ] setting player 1 freeze to -38210
[21:21:55.691] [SEVERE ] setting player 2 freeze to -163307
[21:21:55.792] [SEVERE ] removing card from slot 0
[21:21:55.893] [SEVERE ] removing card from slot 1
[21:21:55.994] [SEVERE ] removing card from slot 2
[21:21:56.096] [SEVERE ] removing card from slot 3
[21:21:56.198] [SEVERE ] removing card from slot 4
[21:21:56.299] [SEVERE ] removing card from slot 5
[21:21:56.401] [SEVERE ] removing card from slot 6
[21:21:56.503] [SEVERE ] removing card from slot 7
[21:21:56.605] [SEVERE ] removing card from slot 8
[21:21:56.707] [SEVERE ] removing card from slot 9
[21:21:56.808] [SEVERE ] removing card from slot 10
[21:21:56.910] [SEVERE ] removing card from slot 11
[21:21:57.012] [SEVERE ] placing card 63 in slot 0
[21:21:57.113] [SEVERE ] placing card 29 in slot 1
[21:21:57.240] [SEVERE ] placing card 51 in slot 2
[21:21:57.342] [SEVERE ] placing card 20 in slot 3
[21:21:57.445] [SEVERE ] placing card 8 in slot 4
[21:21:57.546] [SEVERE ] placing card 32 in slot 5
[21:21:57.647] [SEVERE ] placing card 75 in slot 6
[21:21:57.748] [SEVERE ] placing card 52 in slot 7
[21:21:57.850] [SEVERE ] placing card 80 in slot 8
[21:21:57.951] [SEVERE ] placing card 22 in slot 9
[21:21:58.052] [SEVERE ] placing card 76 in slot 10
[21:21:58.153] [SEVERE ] placing card 60 in slot 11
[21:21:59.154] [SEVERE ] updating countdown to 56033
[21:21:59.156] [SEVERE ] setting player 1 freeze to -41676
[21:21:59.161] [SEVERE ] setting player 2 freeze to -166777
[21:22:00.161] [SEVERE ] updating countdown to 55026
[21:22:00.162] [SEVERE ] setting player 1 freeze to -42682
[21:22:00.162] [SEVERE ] setting player 2 freeze to -167778
[21:22:01.162] [SEVERE ] updating countdown to 54025
[21:22:01.163] [SEVERE ] setting player 1 freeze to -43683
[21:22:01.164] [SEVERE ] setting player 2 freeze to -168780
[21:22:02.164] [SEVERE ] updating countdown to 53023
[21:22:02.165] [SEVERE ] setting player 1 freeze to -44685
[21:22:02.166] [SEVERE ] setting player 2 freeze to -169782
[21:22:03.166] [SEVERE ] updating countdown to 52021
[21:22:03.167] [SEVERE ] setting player 1 freeze to -45687
[21:22:03.167] [SEVERE ] setting player 2 freeze to -170783
[21:22:04.168] [SEVERE ] updating countdown to 51019
[21:22:04.168] [SEVERE ] setting player 1 freeze to -46688
[21:22:04.169] [SEVERE ] setting player 2 freeze to -171785
[21:22:05.169] [SEVERE ] updating countdown to 50018
[21:22:05.170] [SEVERE ] setting player 1 freeze to -47690
[21:22:05.170] [SEVERE ] setting player 2 freeze to -172786
[21:22:06.171] [SEVERE ] updating countdown to 49016
[21:22:06.172] [SEVERE ] setting player 1 freeze to -48692
[21:22:06.172] [SEVERE ] setting player 2 freeze to -173788
[21:22:07.173] [SEVERE ] updating countdown to 48014
[21:22:07.174] [SEVERE ] setting player 1 freeze to -49694
[21:22:07.175] [SEVERE ] setting player 2 freeze to -174791
[21:22:08.176] [SEVERE ] updating countdown to 47011
[21:22:08.177] [SEVERE ] setting player 1 freeze to -50697
[21:22:08.178] [SEVERE ] setting player 2 freeze to -175794
[21:22:09.178] [SEVERE ] updating countdown to 46009
[21:22:09.179] [SEVERE ] setting player 1 freeze to -51699
[21:22:09.180] [SEVERE ] setting player 2 freeze to -176796
[21:22:10.182] [SEVERE ] updating countdown to 45005
[21:22:10.194] [SEVERE ] setting player 1 freeze to -52714
[21:22:10.195] [SEVERE ] setting player 2 freeze to -177811
[21:22:11.195] [SEVERE ] updating countdown to 43992
[21:22:11.196] [SEVERE ] setting player 1 freeze to -53716
[21:22:11.196] [SEVERE ] setting player 2 freeze to -178812
[21:22:12.197] [SEVERE ] updating countdown to 42990
[21:22:12.197] [SEVERE ] setting player 1 freeze to -54717
[21:22:12.197] [SEVERE ] setting player 2 freeze to -179813
[21:22:13.198] [SEVERE ] updating countdown to 41989
[21:22:13.199] [SEVERE ] setting player 1 freeze to -55719
[21:22:13.200] [SEVERE ] setting player 2 freeze to -180816
[21:22:14.200] [SEVERE ] updating countdown to 40987
[21:22:14.201] [SEVERE ] setting player 1 freeze to -56721
[21:22:14.201] [SEVERE ] setting player 2 freeze to -181817
[21:22:15.202] [SEVERE ] updating countdown to 39985
[21:22:15.202] [SEVERE ] setting player 1 freeze to -57722
[21:22:15.203] [SEVERE ] setting player 2 freeze to -182819
[21:22:16.204] [SEVERE ] updating countdown to 38983
[21:22:16.204] [SEVERE ] setting player 1 freeze to -58724
[21:22:16.204] [SEVERE ] setting player 2 freeze to -183820
[21:22:17.205] [SEVERE ] updating countdown to 37982
[21:22:17.206] [SEVERE ] setting player 1 freeze to -59726
[21:22:17.207] [SEVERE ] setting player 2 freeze to -184823
[21:22:18.207] [SEVERE ] updating countdown to 36980
[21:22:18.209] [SEVERE ] setting player 1 freeze to -60729
[21:22:18.210] [SEVERE ] setting player 2 freeze to -185826
[21:22:19.210] [SEVERE ] updating countdown to 35977
[21:22:19.211] [SEVERE ] setting player 1 freeze to -61731
[21:22:19.211] [SEVERE ] setting player 2 freeze to -186827
[21:22:20.212] [SEVERE ] updating countdown to 34975
[21:22:20.213] [SEVERE ] setting player 1 freeze to -62733
[21:22:20.213] [SEVERE ] setting player 2 freeze to -187829
[21:22:21.214] [SEVERE ] updating countdown to 33973
[21:22:21.215] [SEVERE ] setting player 1 freeze to -63735
[21:22:21.215] [SEVERE ] setting player 2 freeze to -188831
[21:22:22.215] [SEVERE ] updating countdown to 32972
[21:22:22.216] [SEVERE ] setting player 1 freeze to -64736
[21:22:22.216] [SEVERE ] setting player 2 freeze to -189832
[21:22:23.217] [SEVERE ] updating countdown to 31970
[21:22:23.217] [SEVERE ] setting player 1 freeze to -65737
[21:22:23.217] [SEVERE ] setting player 2 freeze to -190833
[21:22:24.218] [SEVERE ] updating countdown to 30969
[21:22:24.219] [SEVERE ] setting player 1 freeze to -66739
[21:22:24.220] [SEVERE ] setting player 2 freeze to -191836
[21:22:25.221] [SEVERE ] updating countdown to 29966
[21:22:25.221] [SEVERE ] setting player 1 freeze to -67741
[21:22:25.222] [SEVERE ] setting player 2 freeze to -192838
[21:22:26.222] [SEVERE ] updating countdown to 28965
[21:22:26.223] [SEVERE ] setting player 1 freeze to -68743
[21:22:26.223] [SEVERE ] setting player 2 freeze to -193839
[21:22:27.224] [SEVERE ] updating countdown to 27963
[21:22:27.288] [SEVERE ] setting player 1 freeze to -69808
[21:22:27.289] [SEVERE ] setting player 2 freeze to -194905
[21:22:28.289] [SEVERE ] updating countdown to 26898
[21:22:28.291] [SEVERE ] setting player 1 freeze to -70811
[21:22:28.291] [SEVERE ] setting player 2 freeze to -195907
[21:22:29.292] [SEVERE ] updating countdown to 25895
[21:22:29.293] [SEVERE ] setting player 1 freeze to -71813
[21:22:29.293] [SEVERE ] setting player 2 freeze to -196909
[21:22:30.294] [SEVERE ] updating countdown to 24893
[21:22:30.296] [SEVERE ] setting player 1 freeze to -72816
[21:22:30.297] [SEVERE ] setting player 2 freeze to -197913
[21:22:31.298] [SEVERE ] updating countdown to 23889
[21:22:31.299] [SEVERE ] setting player 1 freeze to -73819
[21:22:31.299] [SEVERE ] setting player 2 freeze to -198915
[21:22:32.300] [SEVERE ] updating countdown to 22887
[21:22:32.301] [SEVERE ] setting player 1 freeze to -74821
[21:22:32.302] [SEVERE ] setting player 2 freeze to -199918
[21:22:33.303] [SEVERE ] updating countdown to 21884
[21:22:33.305] [SEVERE ] setting player 1 freeze to -75825
[21:22:33.305] [SEVERE ] setting player 2 freeze to -200921
[21:22:34.306] [SEVERE ] updating countdown to 20881
[21:22:34.308] [SEVERE ] setting player 1 freeze to -76828
[21:22:34.309] [SEVERE ] setting player 2 freeze to -201925
[21:22:35.310] [SEVERE ] updating countdown to 19877
[21:22:35.311] [SEVERE ] setting player 1 freeze to -77830
[21:22:35.311] [SEVERE ] setting player 2 freeze to -202927
[21:22:36.311] [SEVERE ] updating countdown to 18876
[21:22:36.312] [SEVERE ] setting player 1 freeze to -78832
[21:22:36.313] [SEVERE ] setting player 2 freeze to -203929
[21:22:37.314] [SEVERE ] updating countdown to 17873
[21:22:37.315] [SEVERE ] setting player 1 freeze to -79835
[21:22:37.316] [SEVERE ] setting player 2 freeze to -204932
[21:22:38.318] [SEVERE ] updating countdown to 16869
[21:22:38.318] [SEVERE ] setting player 1 freeze to -80838
[21:22:38.319] [SEVERE ] setting player 2 freeze to -205935
[21:22:39.320] [SEVERE ] updating countdown to 15867
[21:22:39.321] [SEVERE ] setting player 1 freeze to -81841
[21:22:39.321] [SEVERE ] setting player 2 freeze to -206937
[21:22:40.322] [SEVERE ] updating countdown to 14865
[21:22:40.322] [SEVERE ] setting player 1 freeze to -82842
[21:22:40.323] [SEVERE ] setting player 2 freeze to -207939
[21:22:41.323] [SEVERE ] updating countdown to 13864
[21:22:41.325] [SEVERE ] setting player 1 freeze to -83845
[21:22:41.325] [SEVERE ] setting player 2 freeze to -208941
[21:22:42.326] [SEVERE ] updating countdown to 12861
[21:22:42.327] [SEVERE ] setting player 1 freeze to -84847
[21:22:42.328] [SEVERE ] setting player 2 freeze to -209944
[21:22:43.328] [SEVERE ] updating countdown to 11859
[21:22:43.329] [SEVERE ] setting player 1 freeze to -85849
[21:22:43.329] [SEVERE ] setting player 2 freeze to -210945
[21:22:44.330] [SEVERE ] updating countdown to 10857
[21:22:44.331] [SEVERE ] setting player 1 freeze to -86851
[21:22:44.334] [SEVERE ] setting player 2 freeze to -211950
[21:22:45.335] [SEVERE ] updating countdown to 9852
[21:22:45.336] [SEVERE ] setting player 1 freeze to -87856
[21:22:45.337] [SEVERE ] setting player 2 freeze to -212953
[21:22:46.337] [SEVERE ] updating countdown to 8850
[21:22:46.337] [SEVERE ] setting player 1 freeze to -88857
[21:22:46.338] [SEVERE ] setting player 2 freeze to -213954
[21:22:47.338] [SEVERE ] updating countdown to 7849
[21:22:47.338] [SEVERE ] setting player 1 freeze to -89858
[21:22:47.339] [SEVERE ] setting player 2 freeze to -214955
[21:22:48.339] [SEVERE ] updating countdown to 6848
[21:22:48.341] [SEVERE ] setting player 1 freeze to -90861
[21:22:48.342] [SEVERE ] setting player 2 freeze to -215958
[21:22:49.343] [SEVERE ] updating countdown to 5844
[21:22:49.344] [SEVERE ] setting player 1 freeze to -91864
[21:22:49.344] [SEVERE ] setting player 2 freeze to -216960
[21:22:50.346] [SEVERE ] updating countdown to 4841
[21:22:50.346] [SEVERE ] setting player 1 freeze to -92866
[21:22:50.347] [SEVERE ] setting player 2 freeze to -217963
[21:22:51.347] [SEVERE ] updating countdown to 3840
[21:22:51.348] [SEVERE ] setting player 1 freeze to -93868
[21:22:51.348] [SEVERE ] setting player 2 freeze to -218964
[21:22:52.349] [SEVERE ] updating countdown to 2838
[21:22:52.349] [SEVERE ] setting player 1 freeze to -94869
[21:22:52.349] [SEVERE ] setting player 2 freeze to -219965
[21:22:53.350] [SEVERE ] updating countdown to 1837
[21:22:53.351] [SEVERE ] setting player 1 freeze to -95871
[21:22:53.351] [SEVERE ] setting player 2 freeze to -220967
[21:22:54.352] [SEVERE ] updating countdown to 835
[21:22:54.352] [SEVERE ] setting player 1 freeze to -96872
[21:22:54.353] [SEVERE ] setting player 2 freeze to -221969
[21:22:55.354] [SEVERE ] setting player 1 freeze to -97874
[21:22:55.355] [SEVERE ] setting player 2 freeze to -222971
[21:22:55.356] [SEVERE ] updating countdown to 59831
[21:22:55.356] [SEVERE ] setting player 1 freeze to -97876
[21:22:55.358] [SEVERE ] setting player 2 freeze to -222974
[21:22:55.458] [SEVERE ] removing card from slot 0
[21:22:55.559] [SEVERE ] removing card from slot 1
[21:22:55.660] [SEVERE ] removing card from slot 2
[21:22:55.762] [SEVERE ] removing card from slot 3
[21:22:55.863] [SEVERE ] removing card from slot 4
[21:22:55.965] [SEVERE ] removing card from slot 5
[21:22:56.066] [SEVERE ] removing card from slot 6
[21:22:56.167] [SEVERE ] removing card from slot 7
[21:22:56.268] [SEVERE ] removing card from slot 8
[21:22:56.370] [SEVERE ] removing card from slot 9
[21:22:56.471] [SEVERE ] removing card from slot 10
[21:22:56.572] [SEVERE ] removing card from slot 11
[21:22:56.674] [SEVERE ] placing card 27 in slot 0
[21:22:56.775] [SEVERE ] placing card 6 in slot 1
[21:22:56.877] [SEVERE ] placing card 8 in slot 2
[21:22:56.977] [SEVERE ] placing card 29 in slot 3
[21:22:57.078] [SEVERE ] placing card 79 in slot 4
[21:22:57.179] [SEVERE ] placing card 20 in slot 5
[21:22:57.280] [SEVERE ] placing card 3 in slot 6
[21:22:57.382] [SEVERE ] placing card 24 in slot 7
[21:22:57.483] [SEVERE ] placing card 23 in slot 8
[21:22:57.585] [SEVERE ] placing card 40 in slot 9
[21:22:57.686] [SEVERE ] placing card 11 in slot 10
[21:22:57.787] [SEVERE ] placing card 10 in slot 11
[21:22:58.788] [SEVERE ] updating countdown to 56399
[21:22:58.789] [SEVERE ] setting player 1 freeze to -101309
[21:22:58.790] [SEVERE ] setting player 2 freeze to -226406
[21:22:59.790] [SEVERE ] updating countdown to 55397
[21:22:59.792] [SEVERE ] setting player 1 freeze to -102311
[21:22:59.792] [SEVERE ] setting player 2 freeze to -227408
[21:23:00.793] [SEVERE ] updating countdown to 54394
[21:23:00.794] [SEVERE ] setting player 1 freeze to -103314
[21:23:00.794] [SEVERE ] setting player 2 freeze to -228410
[21:23:01.794] [SEVERE ] updating countdown to 53393
[21:23:01.795] [SEVERE ] setting player 1 freeze to -104315
[21:23:01.795] [SEVERE ] setting player 2 freeze to -229411
[21:23:02.796] [SEVERE ] updating countdown to 52391
[21:23:02.797] [SEVERE ] setting player 1 freeze to -105317
[21:23:02.798] [SEVERE ] setting player 2 freeze to -230414
[21:23:03.799] [SEVERE ] updating countdown to 51388
[21:23:03.799] [SEVERE ] setting player 1 freeze to -106319
[21:23:03.800] [SEVERE ] setting player 2 freeze to -231416
[21:23:04.800] [SEVERE ] updating countdown to 50387
[21:23:04.801] [SEVERE ] setting player 1 freeze to -107321
[21:23:04.801] [SEVERE ] setting player 2 freeze to -232417
[21:23:05.802] [SEVERE ] updating countdown to 49385
[21:23:05.803] [SEVERE ] setting player 1 freeze to -108323
[21:23:05.803] [SEVERE ] setting player 2 freeze to -233419
[21:23:06.804] [SEVERE ] updating countdown to 48383
[21:23:06.806] [SEVERE ] setting player 1 freeze to -109326
[21:23:06.807] [SEVERE ] setting player 2 freeze to -234423
[21:23:07.808] [SEVERE ] updating countdown to 47379
[21:23:07.808] [SEVERE ] setting player 1 freeze to -110328
[21:23:07.809] [SEVERE ] setting player 2 freeze to -235425
[21:23:08.810] [SEVERE ] updating countdown to 46377
[21:23:08.810] [SEVERE ] setting player 1 freeze to -111330
[21:23:08.811] [SEVERE ] setting player 2 freeze to -236427
[21:23:09.814] [SEVERE ] updating countdown to 45373
[21:23:09.817] [SEVERE ] setting player 1 freeze to -112337
[21:23:09.818] [SEVERE ] setting player 2 freeze to -237434
[21:23:10.819] [SEVERE ] updating countdown to 44368
[21:23:10.820] [SEVERE ] setting player 1 freeze to -113340
[21:23:10.820] [SEVERE ] setting player 2 freeze to -238436
[21:23:11.821] [SEVERE ] updating countdown to 43367
[21:23:11.821] [SEVERE ] setting player 1 freeze to -114341
[21:23:11.822] [SEVERE ] setting player 2 freeze to -239438
[21:23:12.822] [SEVERE ] updating countdown to 42365
[21:23:12.823] [SEVERE ] setting player 1 freeze to -115343
[21:23:12.824] [SEVERE ] setting player 2 freeze to -240440
[21:23:13.825] [SEVERE ] updating countdown to 41362
[21:23:13.839] [SEVERE ] setting player 1 freeze to -116359
[21:23:13.839] [SEVERE ] setting player 2 freeze to -241455
[21:23:14.840] [SEVERE ] updating countdown to 40347
[21:23:14.841] [SEVERE ] setting player 1 freeze to -117361
[21:23:14.841] [SEVERE ] setting player 2 freeze to -242457
[21:23:15.842] [SEVERE ] updating countdown to 39345
[21:23:15.842] [SEVERE ] setting player 1 freeze to -118362
[21:23:15.843] [SEVERE ] setting player 2 freeze to -243459
[21:23:16.844] [SEVERE ] updating countdown to 38343
[21:23:16.845] [SEVERE ] setting player 1 freeze to -119365
[21:23:16.846] [SEVERE ] setting player 2 freeze to -244462
[21:23:17.847] [SEVERE ] updating countdown to 37340
[21:23:17.848] [SEVERE ] setting player 1 freeze to -120368
[21:23:17.849] [SEVERE ] setting player 2 freeze to -245465
[21:23:18.850] [SEVERE ] updating countdown to 36337
[21:23:18.851] [SEVERE ] setting player 1 freeze to -121371
[21:23:18.851] [SEVERE ] setting player 2 freeze to -246467
[21:23:19.851] [SEVERE ] updating countdown to 35336
[21:23:19.852] [SEVERE ] setting player 1 freeze to -122372
[21:23:19.852] [SEVERE ] setting player 2 freeze to -247468
[21:23:20.853] [SEVERE ] updating countdown to 34334
[21:23:20.853] [SEVERE ] setting player 1 freeze to -123373
[21:23:20.854] [SEVERE ] setting player 2 freeze to -248470
[21:23:21.854] [SEVERE ] updating countdown to 33333
[21:23:21.855] [SEVERE ] setting player 1 freeze to -124375
[21:23:21.855] [SEVERE ] setting player 2 freeze to -249471
[21:23:22.856] [SEVERE ] updating countdown to 32331
[21:23:22.856] [SEVERE ] setting player 1 freeze to -125376
[21:23:22.857] [SEVERE ] setting player 2 freeze to -250473
[21:23:23.858] [SEVERE ] updating countdown to 31329
[21:23:23.858] [SEVERE ] setting player 1 freeze to -126378
[21:23:23.858] [SEVERE ] setting player 2 freeze to -251474
[21:23:24.859] [SEVERE ] updating countdown to 30328
[21:23:24.860] [SEVERE ] setting player 1 freeze to -127380
[21:23:24.860] [SEVERE ] setting player 2 freeze to -252476
[21:23:25.861] [SEVERE ] updating countdown to 29326
[21:23:25.862] [SEVERE ] setting player 1 freeze to -128382
[21:23:25.863] [SEVERE ] setting player 2 freeze to -253479
[21:23:26.863] [SEVERE ] updating countdown to 28324
[21:23:26.864] [SEVERE ] setting player 1 freeze to -129384
[21:23:26.864] [SEVERE ] setting player 2 freeze to -254480
[21:23:27.865] [SEVERE ] updating countdown to 27322
[21:23:27.867] [SEVERE ] setting player 1 freeze to -130387
[21:23:27.869] [SEVERE ] setting player 2 freeze to -255485
[21:23:28.870] [SEVERE ] updating countdown to 26317
[21:23:28.871] [SEVERE ] setting player 1 freeze to -131391
[21:23:28.872] [SEVERE ] setting player 2 freeze to -256488
[21:23:29.873] [SEVERE ] updating countdown to 25315
[21:23:29.874] [SEVERE ] setting player 1 freeze to -132394
[21:23:29.875] [SEVERE ] setting player 2 freeze to -257491
[21:23:30.876] [SEVERE ] updating countdown to 24311
[21:23:30.877] [SEVERE ] setting player 1 freeze to -133397
[21:23:30.878] [SEVERE ] setting player 2 freeze to -258494
[21:23:31.878] [SEVERE ] updating countdown to 23309
[21:23:31.879] [SEVERE ] setting player 1 freeze to -134399
[21:23:31.880] [SEVERE ] setting player 2 freeze to -259496
[21:23:32.881] [SEVERE ] updating countdown to 22306
[21:23:32.882] [SEVERE ] setting player 1 freeze to -135402
[21:23:32.884] [SEVERE ] setting player 2 freeze to -260500
[21:23:33.885] [SEVERE ] updating countdown to 21302
[21:23:33.885] [SEVERE ] setting player 1 freeze to -136405
[21:23:33.885] [SEVERE ] setting player 2 freeze to -261501
[21:23:34.886] [SEVERE ] updating countdown to 20301
[21:23:34.887] [SEVERE ] setting player 1 freeze to -137407
[21:23:34.887] [SEVERE ] setting player 2 freeze to -262503
[21:23:35.888] [SEVERE ] updating countdown to 19299
[21:23:35.888] [SEVERE ] setting player 1 freeze to -138408
[21:23:35.889] [SEVERE ] setting player 2 freeze to -263505
[21:23:36.889] [SEVERE ] updating countdown to 18298
[21:23:36.890] [SEVERE ] setting player 1 freeze to -139410
[21:23:36.891] [SEVERE ] setting player 2 freeze to -264507
[21:23:37.892] [SEVERE ] updating countdown to 17295
[21:23:37.892] [SEVERE ] setting player 1 freeze to -140412
[21:23:37.892] [SEVERE ] setting player 2 freeze to -265508
[21:23:38.893] [SEVERE ] updating countdown to 16294
[21:23:38.894] [SEVERE ] setting player 1 freeze to -141414
[21:23:38.894] [SEVERE ] setting player 2 freeze to -266510
[21:23:39.894] [SEVERE ] updating countdown to 15293
[21:23:39.895] [SEVERE ] setting player 1 freeze to -142415
[21:23:39.896] [SEVERE ] setting player 2 freeze to -267512
[21:23:40.897] [SEVERE ] updating countdown to 14290
[21:23:40.898] [SEVERE ] setting player 1 freeze to -143418
[21:23:40.899] [SEVERE ] setting player 2 freeze to -268515
[21:23:41.900] [SEVERE ] updating countdown to 13287
[21:23:41.901] [SEVERE ] setting player 1 freeze to -144421
[21:23:41.903] [SEVERE ] setting player 2 freeze to -269519
[21:23:42.904] [SEVERE ] updating countdown to 12283
[21:23:42.905] [SEVERE ] setting player 1 freeze to -145425
[21:23:42.905] [SEVERE ] setting player 2 freeze to -270521
[21:23:43.906] [SEVERE ] updating countdown to 11281
[21:23:43.907] [SEVERE ] setting player 1 freeze to -146427
[21:23:43.908] [SEVERE ] setting player 2 freeze to -271524
[21:23:44.909] [SEVERE ] updating countdown to 10278
[21:23:44.910] [SEVERE ] setting player 1 freeze to -147430
[21:23:44.911] [SEVERE ] setting player 2 freeze to -272527
[21:23:45.911] [SEVERE ] updating countdown to 9276
[21:23:45.912] [SEVERE ] setting player 1 freeze to -148432
[21:23:45.915] [SEVERE ] setting player 2 freeze to -273531
[21:23:46.915] [SEVERE ] updating countdown to 8272
[21:23:46.916] [SEVERE ] setting player 1 freeze to -149436
[21:23:46.916] [SEVERE ] setting player 2 freeze to -274532
[21:23:47.916] [SEVERE ] updating countdown to 7271
[21:23:47.917] [SEVERE ] setting player 1 freeze to -150437
[21:23:47.917] [SEVERE ] setting player 2 freeze to -275533
[21:23:48.918] [SEVERE ] updating countdown to 6269
[21:23:48.919] [SEVERE ] setting player 1 freeze to -151439
[21:23:48.919] [SEVERE ] setting player 2 freeze to -276535
[21:23:49.920] [SEVERE ] updating countdown to 5267
[21:23:49.921] [SEVERE ] setting player 1 freeze to -152441
[21:23:49.922] [SEVERE ] setting player 2 freeze to -277538
[21:23:50.923] [SEVERE ] updating countdown to 4264
[21:23:50.923] [SEVERE ] setting player 1 freeze to -153443
[21:23:50.924] [SEVERE ] setting player 2 freeze to -278540
[21:23:51.924] [SEVERE ] updating countdown to 3263
[21:23:51.925] [SEVERE ] setting player 1 freeze to -154445
[21:23:51.925] [SEVERE ] setting player 2 freeze to -279541
[21:23:52.925] [SEVERE ] updating countdown to 2262
[21:23:52.926] [SEVERE ] setting player 1 freeze to -155446
[21:23:52.926] [SEVERE ] setting player 2 freeze to -280542
[21:23:53.927] [SEVERE ] updating countdown to 1260
[21:23:53.927] [SEVERE ] setting player 1 freeze to -156447
[21:23:53.928] [SEVERE ] setting player 2 freeze to -281544
[21:23:54.928] [SEVERE ] updating countdown to 259
[21:23:54.934] [SEVERE ] setting player 1 freeze to -157454
[21:23:54.935] [SEVERE ] setting player 2 freeze to -282551
[21:23:55.937] [SEVERE ] setting player 1 freeze to -158457
[21:23:55.938] [SEVERE ] setting player 2 freeze to -283554
[21:23:55.938] [SEVERE ] updating countdown to 59249
[21:23:55.939] [SEVERE ] setting player 1 freeze to -158459
[21:23:55.939] [SEVERE ] setting player 2 freeze to -283555
[21:23:56.040] [SEVERE ] removing card from slot 0
[21:23:56.141] [SEVERE ] removing card from slot 1
[21:23:56.242] [SEVERE ] removing card from slot 2
[21:23:56.343] [SEVERE ] removing card from slot 3
[21:23:56.445] [SEVERE ] removing card from slot 4
[21:23:56.547] [SEVERE ] removing card from slot 5
[21:23:56.647] [SEVERE ] removing card from slot 6
[21:23:56.748] [SEVERE ] removing card from slot 7
[21:23:56.849] [SEVERE ] removing card from slot 8
[21:23:56.950] [SEVERE ] removing card from slot 9
[21:23:57.051] [SEVERE ] removing card from slot 10
[21:23:57.169] [SEVERE ] removing card from slot 11
[21:23:57.271] [SEVERE ] placing card 50 in slot 0
[21:23:57.372] [SEVERE ] placing card 59 in slot 1
[21:23:57.474] [SEVERE ] placing card 16 in slot 2
[21:23:57.576] [SEVERE ] placing card 64 in slot 3
[21:23:57.677] [SEVERE ] placing card 48 in slot 4
[21:23:57.778] [SEVERE ] placing card 44 in slot 5
[21:23:57.879] [SEVERE ] placing card 38 in slot 6
[21:23:57.980] [SEVERE ] placing card 61 in slot 7
[21:23:58.081] [SEVERE ] placing card 39 in slot 8
[21:23:58.182] [SEVERE ] placing card 6 in slot 9
[21:23:58.284] [SEVERE ] placing card 65 in slot 10
[21:23:58.385] [SEVERE ] placing card 78 in slot 11
[21:23:59.386] [SEVERE ] updating countdown to 55801
[21:23:59.386] [SEVERE ] setting player 1 freeze to -161906
[21:23:59.387] [SEVERE ] setting player 2 freeze to -287003
[21:24:00.387] [SEVERE ] updating countdown to 54800
[21:24:00.388] [SEVERE ] setting player 1 freeze to -162908
[21:24:00.395] [SEVERE ] setting player 2 freeze to -288011
[21:24:01.395] [SEVERE ] updating countdown to 53792
[21:24:01.399] [SEVERE ] setting player 1 freeze to -163919
[21:24:01.475] [SEVERE ] setting player 2 freeze to -289091
[21:24:02.492] [SEVERE ] updating countdown to 52695
[21:24:02.493] [SEVERE ] setting player 1 freeze to -165013
[21:24:02.493] [SEVERE ] setting player 2 freeze to -290109
[21:24:03.494] [SEVERE ] updating countdown to 51693
[21:24:03.546] [SEVERE ] setting player 1 freeze to -166066
[21:24:03.547] [SEVERE ] setting player 2 freeze to -291163
[21:24:04.547] [SEVERE ] updating countdown to 50640
[21:24:04.550] [SEVERE ] setting player 1 freeze to -167070
[21:24:04.550] [SEVERE ] setting player 2 freeze to -292166
[21:24:05.557] [SEVERE ] updating countdown to 49630
[21:24:05.558] [SEVERE ] setting player 1 freeze to -168078
[21:24:05.559] [SEVERE ] setting player 2 freeze to -293175
[21:24:06.559] [SEVERE ] updating countdown to 48628
[21:24:06.560] [SEVERE ] setting player 1 freeze to -169080
[21:24:06.560] [SEVERE ] setting player 2 freeze to -294176
[21:24:07.561] [SEVERE ] updating countdown to 47626
[21:24:07.561] [SEVERE ] setting player 1 freeze to -170081
[21:24:07.562] [SEVERE ] setting player 2 freeze to -295178
[21:24:08.562] [SEVERE ] updating countdown to 46625
[21:24:08.564] [SEVERE ] setting player 1 freeze to -171084
[21:24:08.564] [SEVERE ] setting player 2 freeze to -296180
[21:24:09.565] [SEVERE ] updating countdown to 45622
[21:24:09.571] [SEVERE ] setting player 1 freeze to -172091
[21:24:09.571] [SEVERE ] setting player 2 freeze to -297187
[21:24:10.572] [SEVERE ] updating countdown to 44615
[21:24:10.573] [SEVERE ] setting player 1 freeze to -173093
[21:24:10.573] [SEVERE ] setting player 2 freeze to -298189
[21:24:11.574] [SEVERE ] updating countdown to 43613
[21:24:11.623] [SEVERE ] setting player 1 freeze to -174143
[21:24:11.641] [SEVERE ] setting player 2 freeze to -299257
[21:24:12.642] [SEVERE ] updating countdown to 42545
[21:24:12.643] [SEVERE ] setting player 1 freeze to -175163
[21:24:12.643] [SEVERE ] setting player 2 freeze to -300259
[21:24:13.644] [SEVERE ] updating countdown to 41543
[21:24:13.645] [SEVERE ] setting player 1 freeze to -176165
[21:24:13.645] [SEVERE ] setting player 2 freeze to -301261
[21:24:14.646] [SEVERE ] updating countdown to 40541
[21:24:14.648] [SEVERE ] setting player 1 freeze to -177168
[21:24:14.649] [SEVERE ] setting player 2 freeze to -302265
[21:24:15.649] [SEVERE ] updating countdown to 39538
[21:24:15.650] [SEVERE ] setting player 1 freeze to -178170
[21:24:15.650] [SEVERE ] setting player 2 freeze to -303266
[21:24:16.650] [SEVERE ] updating countdown to 38537
[21:24:16.652] [SEVERE ] setting player 1 freeze to -179172
[21:24:16.652] [SEVERE ] setting player 2 freeze to -304268
[21:24:17.653] [SEVERE ] updating countdown to 37534
[21:24:17.655] [SEVERE ] setting player 1 freeze to -180175
[21:24:17.657] [SEVERE ] setting player 2 freeze to -305273
[21:24:18.658] [SEVERE ] updating countdown to 36529
[21:24:18.659] [SEVERE ] setting player 1 freeze to -181179
[21:24:18.660] [SEVERE ] setting player 2 freeze to -306276
[21:24:19.660] [SEVERE ] updating countdown to 35527
[21:24:19.661] [SEVERE ] setting player 1 freeze to -182181
[21:24:19.661] [SEVERE ] setting player 2 freeze to -307277
[21:24:20.662] [SEVERE ] updating countdown to 34525
[21:24:20.665] [SEVERE ] setting player 1 freeze to -183185
[21:24:20.665] [SEVERE ] setting player 2 freeze to -308281
[21:24:21.666] [SEVERE ] updating countdown to 33521
[21:24:21.666] [SEVERE ] setting player 1 freeze to -184186
[21:24:21.666] [SEVERE ] setting player 2 freeze to -309282
[21:24:21.884] [SEVERE ] exit button pressed
[21:24:22.667] [SEVERE ] updating countdown to 32520
[21:24:22.667] [SEVERE ] setting player 1 freeze to -185187
[21:24:22.668] [SEVERE ] setting player 2 freeze to -310284
[21:24:22.668] [SEVERE ] updating countdown to 92519
[21:24:22.669] [SEVERE ] setting player 1 freeze to -185189
[21:24:22.670] [SEVERE ] setting player 2 freeze to -310286
[21:24:22.770] [SEVERE ] removing card from slot 0
[21:24:22.892] [SEVERE ] removing card from slot 1
[21:24:22.992] [SEVERE ] removing card from slot 2
[21:24:23.093] [SEVERE ] removing card from slot 3
[21:24:23.194] [SEVERE ] removing card from slot 4
[21:24:23.295] [SEVERE ] removing card from slot 5
[21:24:23.397] [SEVERE ] removing card from slot 6
[21:24:23.498] [SEVERE ] removing card from slot 7
[21:24:23.600] [SEVERE ] removing card from slot 8
[21:24:23.701] [SEVERE ] removing card from slot 9
[21:24:23.802] [SEVERE ] removing card from slot 10
[21:24:23.904] [SEVERE ] removing card from slot 11
[21:24:23.908] [SEVERE ] announcing winner(s): player 1
[21:24:23.911] [INFO   ] thread dealer terminated.
[21:24:23.911] [INFO   ] thread dealer terminated.
[21:24:23.911] [SEVERE ] thanks for playing... it was fun!
[21:24:23.912] [INFO   ] thread bguspl.set.Main.main() terminated.
