[20:24:34.539] [INFO   ] thread bguspl.set.Main.main() starting.
[20:24:34.546] [SEVERE ] cannot read configuration file config.properties trying from resources.
[20:24:34.551] [SEVERE ] configuration file was loaded from resources directory.
[20:24:35.842] [INFO   ] thread dealer starting.
[20:24:35.843] [INFO   ] thread dealer starting.
[20:24:35.844] [INFO   ] thread player 0 starting.
[20:24:35.845] [INFO   ] thread player 1 starting.
[20:24:35.845] [INFO   ] thread player 0 starting.
[20:24:35.845] [INFO   ] thread player 1 starting.
[20:24:35.951] [SEVERE ] placing card 0 in slot 0
[20:24:36.052] [SEVERE ] placing card 1 in slot 1
[20:24:36.153] [SEVERE ] placing card 2 in slot 2
[20:24:36.254] [SEVERE ] placing card 3 in slot 3
[20:24:36.355] [SEVERE ] placing card 4 in slot 4
[20:24:36.456] [SEVERE ] placing card 5 in slot 5
[20:24:36.557] [SEVERE ] placing card 6 in slot 6
[20:24:36.658] [SEVERE ] placing card 7 in slot 7
[20:24:36.759] [SEVERE ] placing card 8 in slot 8
[20:24:36.865] [SEVERE ] placing card 9 in slot 9
[20:24:36.966] [SEVERE ] placing card 10 in slot 10
[20:24:37.067] [SEVERE ] placing card 11 in slot 11
[20:24:38.069] [SEVERE ] updating countdown to 57748
[20:24:39.071] [SEVERE ] updating countdown to 56746
[20:24:40.073] [SEVERE ] updating countdown to 55744
[20:24:41.074] [SEVERE ] updating countdown to 54743
[20:24:42.078] [SEVERE ] updating countdown to 53739
[20:24:43.079] [SEVERE ] updating countdown to 52738
[20:24:44.080] [SEVERE ] updating countdown to 51737
[20:24:45.082] [SEVERE ] updating countdown to 50735
[20:24:46.084] [SEVERE ] updating countdown to 49733
[20:24:47.085] [SEVERE ] updating countdown to 48732
[20:24:48.086] [SEVERE ] updating countdown to 47731
[20:24:48.127] [SEVERE ] key 81 was pressed by player 1
[20:24:48.128] [SEVERE ] player 1 placing token on slot 0
[20:24:48.323] [SEVERE ] key 87 was pressed by player 1
[20:24:48.323] [SEVERE ] player 1 placing token on slot 1
[20:24:48.400] [SEVERE ] key 69 was pressed by player 1
[20:24:48.401] [SEVERE ] player 1 placing token on slot 2
[20:24:48.417] [SEVERE ] updating countdown to 47400
[20:24:49.418] [SEVERE ] setting player 1 freeze to 1000
[20:24:49.419] [SEVERE ] setting player 1 score to 1
[20:24:49.520] [SEVERE ] removing card from slot 0
[20:24:49.520] [SEVERE ] removing player 1 token from slot 0
[20:24:49.623] [SEVERE ] removing card from slot 1
[20:24:49.666] [SEVERE ] removing player 1 token from slot 1
[20:24:49.778] [SEVERE ] removing card from slot 2
[20:24:49.780] [SEVERE ] removing player 1 token from slot 2
[20:24:49.882] [SEVERE ] placing card 12 in slot 0
[20:24:49.983] [SEVERE ] placing card 13 in slot 1
[20:24:50.084] [SEVERE ] placing card 14 in slot 2
[20:24:51.092] [SEVERE ] updating countdown to 44725
[20:24:52.095] [SEVERE ] updating countdown to 43722
[20:24:53.096] [SEVERE ] updating countdown to 42721
[20:24:53.402] [SEVERE ] key 87 was pressed by player 1
[20:24:53.403] [SEVERE ] player 1 placing token on slot 1
[20:24:53.525] [SEVERE ] key 69 was pressed by player 1
[20:24:53.525] [SEVERE ] player 1 placing token on slot 2
[20:24:53.571] [SEVERE ] key 82 was pressed by player 1
[20:24:53.572] [SEVERE ] player 1 placing token on slot 3
[20:24:53.573] [SEVERE ] updating countdown to 42244
[20:25:00.830] [SEVERE ] key 59 was pressed by player 2
[20:25:00.830] [SEVERE ] player 2 placing token on slot 7
[20:25:00.846] [SEVERE ] key 76 was pressed by player 2
[20:25:00.848] [SEVERE ] player 2 placing token on slot 6
[20:25:01.024] [SEVERE ] key 75 was pressed by player 2
[20:25:01.025] [SEVERE ] player 2 placing token on slot 5
[20:25:01.026] [SEVERE ] setting player 1 freeze to 3000
[20:25:01.028] [SEVERE ] removing player 1 token from slot 1
[20:25:01.029] [SEVERE ] removing player 1 token from slot 2
[20:25:01.029] [SEVERE ] removing player 1 token from slot 3
[20:25:02.030] [SEVERE ] updating countdown to 33787
[20:25:11.032] [SEVERE ] setting player 2 freeze to 3000
[20:25:11.043] [SEVERE ] removing player 2 token from slot 5
[20:25:11.054] [SEVERE ] removing player 2 token from slot 6
[20:25:11.056] [SEVERE ] removing player 2 token from slot 7
[20:25:12.057] [SEVERE ] updating countdown to 23760
[20:25:13.064] [SEVERE ] updating countdown to 22753
[20:25:14.066] [SEVERE ] updating countdown to 21751
[20:25:15.067] [SEVERE ] updating countdown to 20750
[20:25:16.098] [SEVERE ] updating countdown to 19719
[20:25:17.100] [SEVERE ] updating countdown to 18717
[20:25:18.102] [SEVERE ] updating countdown to 17715
[20:25:19.103] [SEVERE ] updating countdown to 16714
[20:25:20.106] [SEVERE ] updating countdown to 15711
[20:25:21.108] [SEVERE ] updating countdown to 14709
[20:25:22.115] [SEVERE ] updating countdown to 13702
[20:25:23.126] [SEVERE ] updating countdown to 12691
[20:25:24.126] [SEVERE ] updating countdown to 11691
[20:25:25.131] [SEVERE ] updating countdown to 10686
[20:25:26.132] [SEVERE ] updating countdown to 9685
[20:25:27.140] [SEVERE ] updating countdown to 8677
[20:25:28.141] [SEVERE ] updating countdown to 7676
[20:25:29.145] [SEVERE ] updating countdown to 6672
[20:25:30.146] [SEVERE ] updating countdown to 5671
[20:25:31.148] [SEVERE ] updating countdown to 4669
[20:25:32.149] [SEVERE ] updating countdown to 3668
[20:25:33.160] [SEVERE ] updating countdown to 2657
[20:25:34.163] [SEVERE ] updating countdown to 1655
[20:25:35.164] [SEVERE ] updating countdown to 653
[20:25:36.166] [SEVERE ] updating countdown to 59651
[20:25:36.267] [SEVERE ] removing card from slot 0
[20:25:36.369] [SEVERE ] removing card from slot 1
[20:25:36.470] [SEVERE ] removing card from slot 2
[20:25:36.571] [SEVERE ] removing card from slot 3
[20:25:36.672] [SEVERE ] removing card from slot 4
[20:25:36.773] [SEVERE ] removing card from slot 5
[20:25:36.874] [SEVERE ] removing card from slot 6
[20:25:36.975] [SEVERE ] removing card from slot 7
[20:25:37.076] [SEVERE ] removing card from slot 8
[20:25:37.178] [SEVERE ] removing card from slot 9
[20:25:37.279] [SEVERE ] removing card from slot 10
[20:25:37.380] [SEVERE ] removing card from slot 11
[20:25:37.481] [SEVERE ] placing card 80 in slot 0
[20:25:37.582] [SEVERE ] placing card 77 in slot 1
[20:25:37.683] [SEVERE ] placing card 73 in slot 2
[20:25:37.785] [SEVERE ] placing card 30 in slot 3
[20:25:37.887] [SEVERE ] placing card 58 in slot 4
[20:25:37.988] [SEVERE ] placing card 79 in slot 5
[20:25:38.089] [SEVERE ] placing card 32 in slot 6
[20:25:38.190] [SEVERE ] placing card 56 in slot 7
[20:25:38.291] [SEVERE ] placing card 24 in slot 8
[20:25:38.392] [SEVERE ] placing card 20 in slot 9
[20:25:38.493] [SEVERE ] placing card 44 in slot 10
[20:25:38.594] [SEVERE ] placing card 52 in slot 11
[20:25:39.595] [SEVERE ] updating countdown to 56222
[20:25:40.596] [SEVERE ] updating countdown to 55221
[20:25:41.597] [SEVERE ] updating countdown to 54220
[20:25:42.599] [SEVERE ] updating countdown to 53219
[20:25:43.600] [SEVERE ] updating countdown to 52217
[20:25:44.601] [SEVERE ] updating countdown to 51216
[20:25:45.602] [SEVERE ] updating countdown to 50215
[20:25:46.603] [SEVERE ] updating countdown to 49214
[20:25:47.604] [SEVERE ] updating countdown to 48213
[20:25:48.606] [SEVERE ] updating countdown to 47211
[20:25:49.606] [SEVERE ] updating countdown to 46211
[20:25:50.608] [SEVERE ] updating countdown to 45209
[20:25:51.609] [SEVERE ] updating countdown to 44208
[20:25:52.612] [SEVERE ] updating countdown to 43205
[20:25:53.614] [SEVERE ] updating countdown to 42203
[20:25:54.616] [SEVERE ] updating countdown to 41201
[20:25:55.617] [SEVERE ] updating countdown to 40200
[20:25:56.618] [SEVERE ] updating countdown to 39199
[20:25:57.619] [SEVERE ] updating countdown to 38198
[20:25:58.621] [SEVERE ] updating countdown to 37196
[20:25:59.623] [SEVERE ] updating countdown to 36195
[20:26:00.623] [SEVERE ] updating countdown to 35194
[20:26:01.625] [SEVERE ] updating countdown to 34192
[20:26:02.626] [SEVERE ] updating countdown to 33191
[20:26:03.627] [SEVERE ] updating countdown to 32190
[20:26:04.629] [SEVERE ] updating countdown to 31188
[20:26:05.632] [SEVERE ] updating countdown to 30185
[20:26:06.637] [SEVERE ] updating countdown to 29180
[20:26:07.639] [SEVERE ] updating countdown to 28179
[20:26:08.639] [SEVERE ] updating countdown to 27178
[20:26:09.641] [SEVERE ] updating countdown to 26176
[20:26:10.643] [SEVERE ] updating countdown to 25174
[20:26:11.675] [SEVERE ] updating countdown to 24142
[20:26:12.676] [SEVERE ] updating countdown to 23141
[20:26:13.677] [SEVERE ] updating countdown to 22140
[20:26:14.678] [SEVERE ] updating countdown to 21139
[20:26:15.679] [SEVERE ] updating countdown to 20138
[20:26:16.680] [SEVERE ] updating countdown to 19137
[20:26:17.682] [SEVERE ] updating countdown to 18135
[20:26:18.684] [SEVERE ] updating countdown to 17133
[20:26:19.687] [SEVERE ] updating countdown to 16130
[20:26:20.688] [SEVERE ] updating countdown to 15129
[20:26:21.692] [SEVERE ] updating countdown to 14126
[20:26:22.695] [SEVERE ] updating countdown to 13122
[20:26:23.697] [SEVERE ] updating countdown to 12121
[20:26:24.698] [SEVERE ] updating countdown to 11119
[20:26:25.699] [SEVERE ] updating countdown to 10118
[20:26:26.700] [SEVERE ] updating countdown to 9117
[20:26:27.702] [SEVERE ] updating countdown to 8115
[20:26:28.704] [SEVERE ] updating countdown to 7113
[20:26:29.705] [SEVERE ] updating countdown to 6112
[20:26:30.707] [SEVERE ] updating countdown to 5110
[20:26:31.709] [SEVERE ] updating countdown to 4108
[20:26:32.710] [SEVERE ] updating countdown to 3107
[20:26:33.712] [SEVERE ] updating countdown to 2106
[20:26:34.714] [SEVERE ] updating countdown to 1103
[20:26:35.715] [SEVERE ] updating countdown to 102
[20:26:36.716] [SEVERE ] updating countdown to 59101
[20:26:36.824] [SEVERE ] removing card from slot 0
[20:26:36.926] [SEVERE ] removing card from slot 1
[20:26:37.027] [SEVERE ] removing card from slot 2
[20:26:37.129] [SEVERE ] removing card from slot 3
[20:26:37.230] [SEVERE ] removing card from slot 4
[20:26:37.331] [SEVERE ] removing card from slot 5
[20:26:37.432] [SEVERE ] removing card from slot 6
[20:26:37.532] [SEVERE ] removing card from slot 7
[20:26:37.634] [SEVERE ] removing card from slot 8
[20:26:37.735] [SEVERE ] removing card from slot 9
[20:26:37.836] [SEVERE ] removing card from slot 10
[20:26:37.938] [SEVERE ] removing card from slot 11
[20:26:38.040] [SEVERE ] placing card 3 in slot 0
[20:26:38.143] [SEVERE ] placing card 51 in slot 1
[20:26:38.244] [SEVERE ] placing card 77 in slot 2
[20:26:38.345] [SEVERE ] placing card 19 in slot 3
[20:26:38.446] [SEVERE ] placing card 8 in slot 4
[20:26:38.547] [SEVERE ] placing card 59 in slot 5
[20:26:38.649] [SEVERE ] placing card 42 in slot 6
[20:26:38.749] [SEVERE ] placing card 49 in slot 7
[20:26:38.852] [SEVERE ] placing card 4 in slot 8
[20:26:38.953] [SEVERE ] placing card 18 in slot 9
[20:26:39.054] [SEVERE ] placing card 71 in slot 10
[20:26:39.155] [SEVERE ] placing card 28 in slot 11
[20:26:40.156] [SEVERE ] updating countdown to 55661
[20:26:41.157] [SEVERE ] updating countdown to 54660
[20:26:42.160] [SEVERE ] updating countdown to 53657
[20:26:43.162] [SEVERE ] updating countdown to 52655
[20:26:44.163] [SEVERE ] updating countdown to 51654
[20:26:45.164] [SEVERE ] updating countdown to 50653
[20:26:46.165] [SEVERE ] updating countdown to 49652
[20:26:47.166] [SEVERE ] updating countdown to 48651
[20:26:48.218] [SEVERE ] updating countdown to 47599
[20:26:49.219] [SEVERE ] updating countdown to 46598
[20:26:50.220] [SEVERE ] updating countdown to 45597
[20:26:51.221] [SEVERE ] updating countdown to 44596
[20:26:52.223] [SEVERE ] updating countdown to 43594
[20:26:53.225] [SEVERE ] updating countdown to 42592
[20:26:54.227] [SEVERE ] updating countdown to 41590
[20:26:55.228] [SEVERE ] updating countdown to 40589
[20:26:56.229] [SEVERE ] updating countdown to 39588
[20:26:57.230] [SEVERE ] updating countdown to 38587
[20:26:58.231] [SEVERE ] updating countdown to 37586
[20:26:59.233] [SEVERE ] updating countdown to 36584
[20:27:00.235] [SEVERE ] updating countdown to 35582
[20:27:01.237] [SEVERE ] updating countdown to 34580
[20:27:02.238] [SEVERE ] updating countdown to 33579
[20:27:03.250] [SEVERE ] updating countdown to 32567
[20:27:04.251] [SEVERE ] updating countdown to 31566
[20:27:05.299] [SEVERE ] updating countdown to 30518
[20:27:06.304] [SEVERE ] updating countdown to 29513
[20:27:07.305] [SEVERE ] updating countdown to 28512
[20:27:08.307] [SEVERE ] updating countdown to 27510
[20:27:09.309] [SEVERE ] updating countdown to 26509
[20:27:10.310] [SEVERE ] updating countdown to 25507
[20:27:11.311] [SEVERE ] updating countdown to 24506
[20:27:12.312] [SEVERE ] updating countdown to 23505
[20:27:13.313] [SEVERE ] updating countdown to 22504
[20:27:14.314] [SEVERE ] updating countdown to 21503
[20:27:15.315] [SEVERE ] updating countdown to 20502
[20:27:16.316] [SEVERE ] updating countdown to 19501
[20:27:17.317] [SEVERE ] updating countdown to 18500
[20:27:18.318] [SEVERE ] updating countdown to 17499
[20:27:19.319] [SEVERE ] updating countdown to 16498
[20:27:20.320] [SEVERE ] updating countdown to 15497
[20:27:21.321] [SEVERE ] updating countdown to 14496
[20:27:22.322] [SEVERE ] updating countdown to 13495
[20:27:23.324] [SEVERE ] updating countdown to 12493
[20:27:24.325] [SEVERE ] updating countdown to 11492
[20:27:25.325] [SEVERE ] updating countdown to 10492
[20:27:26.326] [SEVERE ] updating countdown to 9491
[20:27:27.327] [SEVERE ] updating countdown to 8490
[20:27:28.329] [SEVERE ] updating countdown to 7488
[20:27:29.330] [SEVERE ] updating countdown to 6488
[20:27:30.331] [SEVERE ] updating countdown to 5486
[20:27:31.331] [SEVERE ] updating countdown to 4486
[20:27:32.332] [SEVERE ] updating countdown to 3485
