[15:04:56.680] [INFO   ] thread bguspl.set.Main.main() starting.
[15:04:56.703] [SEVERE ] cannot read configuration file config.properties trying from resources.
[15:04:56.715] [SEVERE ] configuration file was loaded from resources directory.
[15:04:58.177] [INFO   ] thread dealer starting.
[15:04:58.178] [INFO   ] thread dealer starting.
[15:04:58.179] [INFO   ] thread player 0 starting.
[15:04:58.180] [INFO   ] thread player 0 starting.
[15:04:58.180] [INFO   ] thread player 1 starting.
[15:04:58.182] [INFO   ] thread player 1 starting.
[15:04:58.285] [SEVERE ] placing card 0 in slot 0
[15:04:58.386] [SEVERE ] placing card 1 in slot 1
[15:04:58.487] [SEVERE ] placing card 2 in slot 2
[15:04:58.591] [SEVERE ] placing card 3 in slot 3
[15:04:58.692] [SEVERE ] placing card 4 in slot 4
[15:04:58.793] [SEVERE ] placing card 5 in slot 5
[15:04:58.894] [SEVERE ] placing card 6 in slot 6
[15:04:58.995] [SEVERE ] placing card 7 in slot 7
[15:04:59.097] [SEVERE ] placing card 8 in slot 8
[15:04:59.202] [SEVERE ] placing card 9 in slot 9
[15:04:59.303] [SEVERE ] placing card 10 in slot 10
[15:04:59.404] [SEVERE ] placing card 11 in slot 11
[15:04:59.405] [SEVERE ] updating countdown to 15000
[15:04:59.407] [SEVERE ] setting player 1 freeze to -1708355099407
[15:04:59.408] [SEVERE ] setting player 2 freeze to -1708355099408
[15:04:59.420] [SEVERE ] updating countdown to 14985
[15:04:59.421] [SEVERE ] setting player 1 freeze to -1708355099421
[15:04:59.421] [SEVERE ] setting player 2 freeze to -1708355099421
[15:04:59.432] [SEVERE ] updating countdown to 14973
[15:04:59.433] [SEVERE ] setting player 1 freeze to -1708355099433
[15:04:59.434] [SEVERE ] setting player 2 freeze to -1708355099434
[15:04:59.445] [SEVERE ] updating countdown to 14960
[15:04:59.446] [SEVERE ] setting player 1 freeze to -1708355099446
[15:04:59.446] [SEVERE ] setting player 2 freeze to -1708355099446
[15:04:59.457] [SEVERE ] updating countdown to 14948
[15:04:59.458] [SEVERE ] setting player 1 freeze to -1708355099458
[15:04:59.460] [SEVERE ] setting player 2 freeze to -1708355099460
[15:04:59.471] [SEVERE ] updating countdown to 14934
[15:04:59.472] [SEVERE ] setting player 1 freeze to -1708355099472
[15:04:59.473] [SEVERE ] setting player 2 freeze to -1708355099473
[15:04:59.484] [SEVERE ] updating countdown to 14921
[15:04:59.486] [SEVERE ] setting player 1 freeze to -1708355099486
[15:04:59.487] [SEVERE ] setting player 2 freeze to -1708355099487
[15:04:59.499] [SEVERE ] updating countdown to 14906
[15:04:59.500] [SEVERE ] setting player 1 freeze to -1708355099500
[15:04:59.502] [SEVERE ] setting player 2 freeze to -1708355099502
[15:04:59.513] [SEVERE ] updating countdown to 14892
[15:04:59.515] [SEVERE ] setting player 1 freeze to -1708355099515
[15:04:59.516] [SEVERE ] setting player 2 freeze to -1708355099516
[15:04:59.527] [SEVERE ] updating countdown to 14878
[15:04:59.528] [SEVERE ] setting player 1 freeze to -1708355099528
[15:04:59.529] [SEVERE ] setting player 2 freeze to -1708355099529
[15:04:59.539] [SEVERE ] updating countdown to 14866
[15:04:59.540] [SEVERE ] setting player 1 freeze to -1708355099540
[15:04:59.540] [SEVERE ] setting player 2 freeze to -1708355099540
[15:04:59.551] [SEVERE ] updating countdown to 14854
[15:04:59.552] [SEVERE ] setting player 1 freeze to -1708355099552
[15:04:59.553] [SEVERE ] setting player 2 freeze to -1708355099553
[15:04:59.564] [SEVERE ] updating countdown to 14841
[15:04:59.565] [SEVERE ] setting player 1 freeze to -1708355099565
[15:04:59.566] [SEVERE ] setting player 2 freeze to -1708355099566
[15:04:59.577] [SEVERE ] updating countdown to 14828
[15:04:59.578] [SEVERE ] setting player 1 freeze to -1708355099578
[15:04:59.579] [SEVERE ] setting player 2 freeze to -1708355099579
[15:04:59.590] [SEVERE ] updating countdown to 14815
[15:04:59.591] [SEVERE ] setting player 1 freeze to -1708355099591
[15:04:59.592] [SEVERE ] setting player 2 freeze to -1708355099592
[15:04:59.603] [SEVERE ] updating countdown to 14802
[15:04:59.604] [SEVERE ] setting player 1 freeze to -1708355099604
[15:04:59.605] [SEVERE ] setting player 2 freeze to -1708355099605
[15:04:59.616] [SEVERE ] updating countdown to 14789
[15:04:59.617] [SEVERE ] setting player 1 freeze to -1708355099617
[15:04:59.617] [SEVERE ] setting player 2 freeze to -1708355099617
[15:04:59.628] [SEVERE ] updating countdown to 14777
[15:04:59.629] [SEVERE ] setting player 1 freeze to -1708355099629
[15:04:59.630] [SEVERE ] setting player 2 freeze to -1708355099630
[15:04:59.642] [SEVERE ] updating countdown to 14763
[15:04:59.643] [SEVERE ] setting player 1 freeze to -1708355099643
[15:04:59.644] [SEVERE ] setting player 2 freeze to -1708355099644
[15:04:59.656] [SEVERE ] updating countdown to 14749
[15:04:59.657] [SEVERE ] setting player 1 freeze to -1708355099657
[15:04:59.658] [SEVERE ] setting player 2 freeze to -1708355099658
[15:04:59.668] [SEVERE ] updating countdown to 14737
[15:04:59.670] [SEVERE ] setting player 1 freeze to -1708355099670
[15:04:59.671] [SEVERE ] setting player 2 freeze to -1708355099671
[15:04:59.682] [SEVERE ] updating countdown to 14723
[15:04:59.683] [SEVERE ] setting player 1 freeze to -1708355099683
[15:04:59.684] [SEVERE ] setting player 2 freeze to -1708355099684
[15:04:59.694] [SEVERE ] updating countdown to 14711
[15:04:59.695] [SEVERE ] setting player 1 freeze to -1708355099695
[15:04:59.696] [SEVERE ] setting player 2 freeze to -1708355099696
[15:04:59.707] [SEVERE ] updating countdown to 14698
[15:04:59.708] [SEVERE ] setting player 1 freeze to -1708355099708
[15:04:59.709] [SEVERE ] setting player 2 freeze to -1708355099709
[15:04:59.720] [SEVERE ] updating countdown to 14685
[15:04:59.721] [SEVERE ] setting player 1 freeze to -1708355099721
[15:04:59.722] [SEVERE ] setting player 2 freeze to -1708355099722
[15:04:59.733] [SEVERE ] updating countdown to 14672
[15:04:59.734] [SEVERE ] setting player 1 freeze to -1708355099734
[15:04:59.735] [SEVERE ] setting player 2 freeze to -1708355099735
[15:04:59.747] [SEVERE ] updating countdown to 14658
[15:04:59.749] [SEVERE ] setting player 1 freeze to -1708355099749
[15:04:59.750] [SEVERE ] setting player 2 freeze to -1708355099750
[15:04:59.761] [SEVERE ] updating countdown to 14644
[15:04:59.763] [SEVERE ] setting player 1 freeze to -1708355099763
[15:04:59.765] [SEVERE ] setting player 2 freeze to -1708355099765
[15:04:59.776] [SEVERE ] updating countdown to 14629
[15:04:59.777] [SEVERE ] setting player 1 freeze to -1708355099777
[15:04:59.777] [SEVERE ] setting player 2 freeze to -1708355099777
[15:04:59.788] [SEVERE ] updating countdown to 14617
[15:04:59.789] [SEVERE ] setting player 1 freeze to -1708355099789
[15:04:59.790] [SEVERE ] setting player 2 freeze to -1708355099790
[15:04:59.801] [SEVERE ] updating countdown to 14604
[15:04:59.803] [SEVERE ] setting player 1 freeze to -1708355099803
[15:04:59.804] [SEVERE ] setting player 2 freeze to -1708355099804
[15:04:59.815] [SEVERE ] updating countdown to 14590
[15:04:59.816] [SEVERE ] setting player 1 freeze to -1708355099815
[15:04:59.816] [SEVERE ] setting player 2 freeze to -1708355099816
[15:04:59.826] [SEVERE ] updating countdown to 14579
[15:04:59.829] [SEVERE ] setting player 1 freeze to -1708355099829
[15:04:59.830] [SEVERE ] setting player 2 freeze to -1708355099830
[15:04:59.840] [SEVERE ] updating countdown to 14565
[15:04:59.841] [SEVERE ] setting player 1 freeze to -1708355099841
[15:04:59.842] [SEVERE ] setting player 2 freeze to -1708355099842
[15:04:59.853] [SEVERE ] updating countdown to 14552
[15:04:59.855] [SEVERE ] setting player 1 freeze to -1708355099854
[15:04:59.856] [SEVERE ] setting player 2 freeze to -1708355099856
[15:04:59.867] [SEVERE ] updating countdown to 14538
[15:04:59.869] [SEVERE ] setting player 1 freeze to -1708355099868
[15:04:59.871] [SEVERE ] setting player 2 freeze to -1708355099870
[15:04:59.881] [SEVERE ] updating countdown to 14524
[15:04:59.882] [SEVERE ] setting player 1 freeze to -1708355099882
[15:04:59.883] [SEVERE ] setting player 2 freeze to -1708355099883
[15:04:59.894] [SEVERE ] updating countdown to 14511
[15:04:59.895] [SEVERE ] setting player 1 freeze to -1708355099895
[15:04:59.896] [SEVERE ] setting player 2 freeze to -1708355099896
[15:04:59.907] [SEVERE ] updating countdown to 14498
[15:04:59.908] [SEVERE ] setting player 1 freeze to -1708355099908
[15:04:59.910] [SEVERE ] setting player 2 freeze to -1708355099910
[15:04:59.922] [SEVERE ] updating countdown to 14484
[15:04:59.923] [SEVERE ] setting player 1 freeze to -1708355099923
[15:04:59.924] [SEVERE ] setting player 2 freeze to -1708355099924
[15:04:59.936] [SEVERE ] updating countdown to 14469
[15:04:59.939] [SEVERE ] setting player 1 freeze to -1708355099939
[15:04:59.940] [SEVERE ] setting player 2 freeze to -1708355099940
[15:04:59.951] [SEVERE ] updating countdown to 14454
[15:04:59.953] [SEVERE ] setting player 1 freeze to -1708355099953
[15:04:59.954] [SEVERE ] setting player 2 freeze to -1708355099954
[15:04:59.966] [SEVERE ] updating countdown to 14439
[15:04:59.967] [SEVERE ] setting player 1 freeze to -1708355099967
[15:04:59.968] [SEVERE ] setting player 2 freeze to -1708355099968
[15:04:59.979] [SEVERE ] updating countdown to 14426
[15:04:59.980] [SEVERE ] setting player 1 freeze to -1708355099980
[15:04:59.981] [SEVERE ] setting player 2 freeze to -1708355099981
[15:04:59.992] [SEVERE ] updating countdown to 14413
[15:04:59.993] [SEVERE ] setting player 1 freeze to -1708355099993
[15:04:59.994] [SEVERE ] setting player 2 freeze to -1708355099994
[15:05:00.005] [SEVERE ] updating countdown to 14400
[15:05:00.015] [SEVERE ] setting player 1 freeze to -1708355100015
[15:05:00.016] [SEVERE ] setting player 2 freeze to -1708355100016
[15:05:00.028] [SEVERE ] updating countdown to 14377
[15:05:00.029] [SEVERE ] setting player 1 freeze to -1708355100029
[15:05:00.030] [SEVERE ] setting player 2 freeze to -1708355100030
[15:05:00.041] [SEVERE ] updating countdown to 14364
[15:05:00.136] [SEVERE ] setting player 1 freeze to -1708355100136
[15:05:00.137] [SEVERE ] setting player 2 freeze to -1708355100137
[15:05:00.139] [SEVERE ] exit button pressed
[15:05:00.148] [SEVERE ] updating countdown to 14257
[15:05:00.148] [SEVERE ] setting player 1 freeze to -1708355100148
[15:05:00.149] [SEVERE ] setting player 2 freeze to -1708355100149
[15:05:00.149] [SEVERE ] updating countdown to 15000
[15:05:00.150] [SEVERE ] setting player 1 freeze to -1708355100150
[15:05:00.150] [SEVERE ] setting player 2 freeze to -1708355100150
[15:05:00.251] [SEVERE ] removing card from slot 0
[15:05:00.352] [SEVERE ] removing card from slot 1
[15:05:00.461] [SEVERE ] removing card from slot 2
[15:05:00.563] [SEVERE ] removing card from slot 3
[15:05:00.665] [SEVERE ] removing card from slot 4
[15:05:00.766] [SEVERE ] removing card from slot 5
[15:05:00.868] [SEVERE ] removing card from slot 6
[15:05:00.970] [SEVERE ] removing card from slot 7
[15:05:01.071] [SEVERE ] removing card from slot 8
[15:05:01.173] [SEVERE ] removing card from slot 9
[15:05:01.275] [SEVERE ] removing card from slot 10
[15:05:01.376] [SEVERE ] removing card from slot 11
[15:05:01.380] [INFO   ] thread player 1 terminated.
[15:05:01.380] [SEVERE ] announcing winner(s): player 1, player 2
[15:05:01.380] [INFO   ] thread player 0 terminated.
[15:05:06.384] [INFO   ] thread dealer terminated.
[15:05:06.384] [INFO   ] thread dealer terminated.
[15:05:06.384] [SEVERE ] thanks for playing... it was fun!
[15:05:06.385] [INFO   ] thread bguspl.set.Main.main() terminated.
