[11:36:39.184] [INFO   ] thread bguspl.set.Main.main() starting.
[11:36:39.192] [SEVERE ] cannot read configuration file config.properties trying from resources.
[11:36:39.197] [SEVERE ] configuration file was loaded from resources directory.
[11:36:40.692] [INFO   ] thread dealer starting.
[11:36:40.694] [INFO   ] thread dealer starting.
[11:36:40.694] [INFO   ] thread player 0 starting.
[11:36:40.695] [INFO   ] thread player 1 starting.
[11:36:40.695] [INFO   ] thread player 0 starting.
[11:36:40.697] [INFO   ] thread player 1 starting.
[11:36:40.801] [SEVERE ] placing card 0 in slot 0
[11:36:40.902] [SEVERE ] placing card 1 in slot 1
[11:36:41.004] [SEVERE ] placing card 2 in slot 2
[11:36:41.105] [SEVERE ] placing card 3 in slot 3
[11:36:41.206] [SEVERE ] placing card 4 in slot 4
[11:36:41.307] [SEVERE ] placing card 5 in slot 5
[11:36:41.409] [SEVERE ] placing card 6 in slot 6
[11:36:41.509] [SEVERE ] placing card 7 in slot 7
[11:36:41.611] [SEVERE ] placing card 8 in slot 8
[11:36:41.712] [SEVERE ] placing card 9 in slot 9
[11:36:41.813] [SEVERE ] placing card 10 in slot 10
[11:36:41.915] [SEVERE ] placing card 11 in slot 11
[11:36:42.916] [SEVERE ] updating countdown to 57766
[11:36:42.917] [SEVERE ] setting player 1 freeze to -1708342602917
[11:36:42.918] [SEVERE ] setting player 2 freeze to -1708342602918
[11:36:43.923] [SEVERE ] updating countdown to 56759
[11:36:43.924] [SEVERE ] setting player 1 freeze to -1708342603924
[11:36:43.924] [SEVERE ] setting player 2 freeze to -1708342603924
[11:36:44.642] [SEVERE ] key 47 was pressed by player 2
[11:36:44.643] [SEVERE ] player 2 placing token on slot 11
[11:36:44.925] [SEVERE ] updating countdown to 55757
[11:36:44.926] [SEVERE ] setting player 1 freeze to -1708342604926
[11:36:44.927] [SEVERE ] setting player 2 freeze to -1708342604927
[11:36:45.201] [SEVERE ] key 47 was pressed by player 2
[11:36:45.202] [SEVERE ] removing player 2 token from slot 11
[11:36:45.928] [SEVERE ] updating countdown to 54754
[11:36:45.929] [SEVERE ] setting player 1 freeze to -1708342605929
[11:36:45.931] [SEVERE ] setting player 2 freeze to -1708342605931
[11:36:46.311] [SEVERE ] key 47 was pressed by player 2
[11:36:46.312] [SEVERE ] player 2 placing token on slot 11
[11:36:46.932] [SEVERE ] updating countdown to 53750
[11:36:46.935] [SEVERE ] setting player 1 freeze to -1708342606935
[11:36:46.938] [SEVERE ] setting player 2 freeze to -1708342606938
[11:36:47.077] [SEVERE ] key 47 was pressed by player 2
[11:36:47.078] [SEVERE ] removing player 2 token from slot 11
[11:36:47.489] [SEVERE ] key 47 was pressed by player 2
[11:36:47.489] [SEVERE ] player 2 placing token on slot 11
[11:36:47.696] [SEVERE ] key 47 was pressed by player 2
[11:36:47.697] [SEVERE ] removing player 2 token from slot 11
[11:36:47.870] [SEVERE ] key 47 was pressed by player 2
[11:36:47.871] [SEVERE ] player 2 placing token on slot 11
[11:36:47.939] [SEVERE ] updating countdown to 52743
[11:36:47.940] [SEVERE ] setting player 1 freeze to -1708342607940
[11:36:47.942] [SEVERE ] setting player 2 freeze to -1708342607942
[11:36:48.055] [SEVERE ] key 47 was pressed by player 2
[11:36:48.055] [SEVERE ] removing player 2 token from slot 11
[11:36:48.185] [SEVERE ] key 47 was pressed by player 2
[11:36:48.186] [SEVERE ] player 2 placing token on slot 11
[11:36:48.499] [SEVERE ] key 47 was pressed by player 2
[11:36:48.500] [SEVERE ] removing player 2 token from slot 11
[11:36:48.594] [SEVERE ] key 47 was pressed by player 2
[11:36:48.595] [SEVERE ] player 2 placing token on slot 11
[11:36:48.790] [SEVERE ] key 47 was pressed by player 2
[11:36:48.791] [SEVERE ] removing player 2 token from slot 11
[11:36:48.942] [SEVERE ] updating countdown to 51740
[11:36:48.943] [SEVERE ] key 47 was pressed by player 2
[11:36:48.943] [SEVERE ] setting player 1 freeze to -1708342608943
[11:36:48.943] [SEVERE ] player 2 placing token on slot 11
[11:36:48.945] [SEVERE ] setting player 2 freeze to -1708342608945
[11:36:49.108] [SEVERE ] key 47 was pressed by player 2
[11:36:49.109] [SEVERE ] removing player 2 token from slot 11
[11:36:49.310] [SEVERE ] key 47 was pressed by player 2
[11:36:49.310] [SEVERE ] player 2 placing token on slot 11
[11:36:49.502] [SEVERE ] key 47 was pressed by player 2
[11:36:49.503] [SEVERE ] removing player 2 token from slot 11
[11:36:49.950] [SEVERE ] updating countdown to 50732
[11:36:49.951] [SEVERE ] setting player 1 freeze to -1708342609951
[11:36:49.952] [SEVERE ] setting player 2 freeze to -1708342609952
[11:36:49.981] [SEVERE ] key 47 was pressed by player 2
[11:36:49.982] [SEVERE ] player 2 placing token on slot 11
[11:36:50.169] [SEVERE ] key 47 was pressed by player 2
[11:36:50.169] [SEVERE ] removing player 2 token from slot 11
[11:36:50.351] [SEVERE ] key 47 was pressed by player 2
[11:36:50.352] [SEVERE ] player 2 placing token on slot 11
[11:36:50.541] [SEVERE ] key 47 was pressed by player 2
[11:36:50.542] [SEVERE ] removing player 2 token from slot 11
[11:36:50.952] [SEVERE ] updating countdown to 49730
[11:36:50.954] [SEVERE ] setting player 1 freeze to -1708342610954
[11:36:50.964] [SEVERE ] setting player 2 freeze to -1708342610964
[11:36:51.319] [SEVERE ] exit button pressed
[11:36:51.966] [SEVERE ] updating countdown to 48716
[11:36:51.967] [SEVERE ] setting player 1 freeze to -1708342611967
[11:36:51.967] [SEVERE ] setting player 2 freeze to -1708342611967
[11:36:51.969] [SEVERE ] updating countdown to 108713
[11:36:51.970] [SEVERE ] setting player 1 freeze to -1708342611970
[11:36:51.970] [SEVERE ] setting player 2 freeze to -1708342611970
[11:36:52.071] [SEVERE ] removing card from slot 0
[11:36:52.172] [SEVERE ] removing card from slot 1
[11:36:52.273] [SEVERE ] removing card from slot 2
[11:36:52.375] [SEVERE ] removing card from slot 3
[11:36:52.476] [SEVERE ] removing card from slot 4
[11:36:52.577] [SEVERE ] removing card from slot 5
[11:36:52.679] [SEVERE ] removing card from slot 6
[11:36:52.780] [SEVERE ] removing card from slot 7
[11:36:52.881] [SEVERE ] removing card from slot 8
[11:36:52.981] [SEVERE ] removing card from slot 9
[11:36:53.083] [SEVERE ] removing card from slot 10
[11:36:53.184] [SEVERE ] removing card from slot 11
[11:36:53.186] [SEVERE ] announcing winner(s): player 1, player 2
[11:36:53.187] [INFO   ] thread dealer terminated.
[11:36:53.188] [INFO   ] thread dealer terminated.
[11:36:53.189] [SEVERE ] thanks for playing... it was fun!
[11:36:53.189] [INFO   ] thread bguspl.set.Main.main() terminated.
