[11:44:54.298] [INFO   ] thread bguspl.set.Main.main() starting.
[11:44:54.307] [SEVERE ] cannot read configuration file config.properties trying from resources.
[11:44:54.316] [SEVERE ] configuration file was loaded from resources directory.
[11:44:55.465] [INFO   ] thread dealer starting.
[11:44:55.466] [INFO   ] thread dealer starting.
[11:44:55.469] [INFO   ] thread player 0 starting.
[11:44:55.470] [INFO   ] thread player 1 starting.
[11:44:55.470] [INFO   ] thread player 0 starting.
[11:44:55.471] [INFO   ] thread player 1 starting.
[11:44:55.575] [SEVERE ] placing card 0 in slot 0
[11:44:55.676] [SEVERE ] placing card 1 in slot 1
[11:44:55.777] [SEVERE ] placing card 2 in slot 2
[11:44:55.878] [SEVERE ] placing card 3 in slot 3
[11:44:55.979] [SEVERE ] placing card 4 in slot 4
[11:44:56.081] [SEVERE ] placing card 5 in slot 5
[11:44:56.183] [SEVERE ] placing card 6 in slot 6
[11:44:56.284] [SEVERE ] placing card 7 in slot 7
[11:44:56.385] [SEVERE ] placing card 8 in slot 8
[11:44:56.529] [SEVERE ] placing card 9 in slot 9
[11:44:56.630] [SEVERE ] placing card 10 in slot 10
[11:44:56.731] [SEVERE ] placing card 11 in slot 11
[11:44:56.742] [SEVERE ] updating countdown to 58704
[11:44:56.744] [SEVERE ] setting player 1 freeze to -1708343096744
[11:44:56.744] [SEVERE ] setting player 2 freeze to -1708343096744
[11:44:56.755] [SEVERE ] updating countdown to 58691
[11:44:56.756] [SEVERE ] setting player 1 freeze to -1708343096756
[11:44:56.757] [SEVERE ] setting player 2 freeze to -1708343096757
[11:44:56.767] [SEVERE ] updating countdown to 58679
[11:44:56.768] [SEVERE ] setting player 1 freeze to -1708343096768
[11:44:56.769] [SEVERE ] setting player 2 freeze to -1708343096769
[11:44:56.780] [SEVERE ] updating countdown to 58666
[11:44:56.781] [SEVERE ] setting player 1 freeze to -1708343096781
[11:44:56.781] [SEVERE ] setting player 2 freeze to -1708343096781
[11:44:56.792] [SEVERE ] updating countdown to 58654
[11:44:56.793] [SEVERE ] setting player 1 freeze to -1708343096792
[11:44:56.793] [SEVERE ] setting player 2 freeze to -1708343096793
[11:44:56.804] [SEVERE ] updating countdown to 58642
[11:44:56.805] [SEVERE ] setting player 1 freeze to -1708343096805
[11:44:56.805] [SEVERE ] setting player 2 freeze to -1708343096805
[11:44:56.816] [SEVERE ] updating countdown to 58630
[11:44:56.817] [SEVERE ] setting player 1 freeze to -1708343096817
[11:44:56.817] [SEVERE ] setting player 2 freeze to -1708343096817
[11:44:56.829] [SEVERE ] updating countdown to 58617
[11:44:56.830] [SEVERE ] setting player 1 freeze to -1708343096830
[11:44:56.832] [SEVERE ] setting player 2 freeze to -1708343096832
[11:44:56.843] [SEVERE ] updating countdown to 58603
[11:44:56.845] [SEVERE ] setting player 1 freeze to -1708343096845
[11:44:56.846] [SEVERE ] setting player 2 freeze to -1708343096846
[11:44:56.858] [SEVERE ] updating countdown to 58588
[11:44:56.860] [SEVERE ] setting player 1 freeze to -1708343096860
[11:44:56.861] [SEVERE ] setting player 2 freeze to -1708343096861
[11:44:56.873] [SEVERE ] updating countdown to 58573
[11:44:56.875] [SEVERE ] setting player 1 freeze to -1708343096875
[11:44:56.876] [SEVERE ] setting player 2 freeze to -1708343096876
[11:44:56.888] [SEVERE ] updating countdown to 58558
[11:44:56.889] [SEVERE ] setting player 1 freeze to -1708343096889
[11:44:56.890] [SEVERE ] setting player 2 freeze to -1708343096890
[11:44:56.902] [SEVERE ] updating countdown to 58544
[11:44:56.903] [SEVERE ] setting player 1 freeze to -1708343096903
[11:44:56.905] [SEVERE ] setting player 2 freeze to -1708343096905
[11:44:56.916] [SEVERE ] updating countdown to 58530
[11:44:56.918] [SEVERE ] setting player 1 freeze to -1708343096918
[11:44:56.919] [SEVERE ] setting player 2 freeze to -1708343096919
[11:44:56.931] [SEVERE ] updating countdown to 58515
[11:44:56.933] [SEVERE ] setting player 1 freeze to -1708343096933
[11:44:56.934] [SEVERE ] setting player 2 freeze to -1708343096934
[11:44:56.946] [SEVERE ] updating countdown to 58500
[11:44:56.947] [SEVERE ] setting player 1 freeze to -1708343096947
[11:44:56.948] [SEVERE ] setting player 2 freeze to -1708343096948
[11:44:56.959] [SEVERE ] updating countdown to 58487
[11:44:56.960] [SEVERE ] setting player 1 freeze to -1708343096960
[11:44:56.961] [SEVERE ] setting player 2 freeze to -1708343096961
[11:44:56.972] [SEVERE ] updating countdown to 58474
[11:44:56.974] [SEVERE ] setting player 1 freeze to -1708343096974
[11:44:56.975] [SEVERE ] setting player 2 freeze to -1708343096975
[11:44:56.986] [SEVERE ] updating countdown to 58460
[11:44:56.988] [SEVERE ] setting player 1 freeze to -1708343096987
[11:44:56.988] [SEVERE ] setting player 2 freeze to -1708343096988
[11:44:56.999] [SEVERE ] updating countdown to 58447
[11:44:57.001] [SEVERE ] setting player 1 freeze to -1708343097001
[11:44:57.002] [SEVERE ] setting player 2 freeze to -1708343097002
[11:44:57.014] [SEVERE ] updating countdown to 58432
[11:44:57.016] [SEVERE ] setting player 1 freeze to -1708343097016
[11:44:57.018] [SEVERE ] setting player 2 freeze to -1708343097018
[11:44:57.029] [SEVERE ] updating countdown to 58417
[11:44:57.030] [SEVERE ] setting player 1 freeze to -1708343097030
[11:44:57.031] [SEVERE ] setting player 2 freeze to -1708343097031
[11:44:57.042] [SEVERE ] updating countdown to 58404
[11:44:57.044] [SEVERE ] setting player 1 freeze to -1708343097044
[11:44:57.045] [SEVERE ] setting player 2 freeze to -1708343097045
[11:44:57.057] [SEVERE ] updating countdown to 58390
[11:44:57.058] [SEVERE ] setting player 1 freeze to -1708343097058
[11:44:57.059] [SEVERE ] setting player 2 freeze to -1708343097059
[11:44:57.071] [SEVERE ] updating countdown to 58375
[11:44:57.072] [SEVERE ] setting player 1 freeze to -1708343097072
[11:44:57.074] [SEVERE ] setting player 2 freeze to -1708343097074
[11:44:57.085] [SEVERE ] updating countdown to 58361
[11:44:57.087] [SEVERE ] setting player 1 freeze to -1708343097086
[11:44:57.087] [SEVERE ] setting player 2 freeze to -1708343097087
[11:44:57.099] [SEVERE ] updating countdown to 58347
[11:44:57.101] [SEVERE ] setting player 1 freeze to -1708343097101
[11:44:57.102] [SEVERE ] setting player 2 freeze to -1708343097102
[11:44:57.113] [SEVERE ] updating countdown to 58333
[11:44:57.114] [SEVERE ] setting player 1 freeze to -1708343097114
[11:44:57.115] [SEVERE ] setting player 2 freeze to -1708343097115
[11:44:57.126] [SEVERE ] updating countdown to 58320
[11:44:57.127] [SEVERE ] setting player 1 freeze to -1708343097127
[11:44:57.128] [SEVERE ] setting player 2 freeze to -1708343097128
[11:44:57.140] [SEVERE ] updating countdown to 58306
[11:44:57.142] [SEVERE ] setting player 1 freeze to -1708343097142
[11:44:57.143] [SEVERE ] setting player 2 freeze to -1708343097143
[11:44:57.154] [SEVERE ] updating countdown to 58292
[11:44:57.156] [SEVERE ] setting player 1 freeze to -1708343097156
[11:44:57.157] [SEVERE ] setting player 2 freeze to -1708343097157
[11:44:57.168] [SEVERE ] updating countdown to 58278
[11:44:57.169] [SEVERE ] setting player 1 freeze to -1708343097169
[11:44:57.171] [SEVERE ] setting player 2 freeze to -1708343097171
[11:44:57.182] [SEVERE ] updating countdown to 58264
[11:44:57.183] [SEVERE ] setting player 1 freeze to -1708343097183
[11:44:57.185] [SEVERE ] setting player 2 freeze to -1708343097185
[11:44:57.196] [SEVERE ] updating countdown to 58250
[11:44:57.198] [SEVERE ] setting player 1 freeze to -1708343097198
[11:44:57.199] [SEVERE ] setting player 2 freeze to -1708343097199
[11:44:57.210] [SEVERE ] updating countdown to 58236
[11:44:57.211] [SEVERE ] setting player 1 freeze to -1708343097211
[11:44:57.213] [SEVERE ] setting player 2 freeze to -1708343097213
[11:44:57.225] [SEVERE ] updating countdown to 58221
[11:44:57.227] [SEVERE ] setting player 1 freeze to -1708343097226
[11:44:57.228] [SEVERE ] setting player 2 freeze to -1708343097228
[11:44:57.239] [SEVERE ] updating countdown to 58207
[11:44:57.240] [SEVERE ] setting player 1 freeze to -1708343097240
[11:44:57.241] [SEVERE ] setting player 2 freeze to -1708343097241
[11:44:57.252] [SEVERE ] updating countdown to 58194
[11:44:57.253] [SEVERE ] setting player 1 freeze to -1708343097253
[11:44:57.254] [SEVERE ] setting player 2 freeze to -1708343097254
[11:44:57.265] [SEVERE ] updating countdown to 58181
[11:44:57.267] [SEVERE ] setting player 1 freeze to -1708343097267
[11:44:57.268] [SEVERE ] setting player 2 freeze to -1708343097268
[11:44:57.279] [SEVERE ] updating countdown to 58167
[11:44:57.280] [SEVERE ] setting player 1 freeze to -1708343097280
[11:44:57.281] [SEVERE ] setting player 2 freeze to -1708343097281
[11:44:57.292] [SEVERE ] updating countdown to 58154
[11:44:57.293] [SEVERE ] setting player 1 freeze to -1708343097293
[11:44:57.295] [SEVERE ] setting player 2 freeze to -1708343097295
[11:44:57.306] [SEVERE ] updating countdown to 58140
[11:44:57.308] [SEVERE ] setting player 1 freeze to -1708343097308
[11:44:57.308] [SEVERE ] setting player 2 freeze to -1708343097308
[11:44:57.320] [SEVERE ] updating countdown to 58126
[11:44:57.321] [SEVERE ] setting player 1 freeze to -1708343097321
[11:44:57.322] [SEVERE ] setting player 2 freeze to -1708343097322
[11:44:57.334] [SEVERE ] updating countdown to 58112
[11:44:57.335] [SEVERE ] setting player 1 freeze to -1708343097335
[11:44:57.336] [SEVERE ] setting player 2 freeze to -1708343097336
[11:44:57.347] [SEVERE ] updating countdown to 58099
[11:44:57.349] [SEVERE ] setting player 1 freeze to -1708343097349
[11:44:57.350] [SEVERE ] setting player 2 freeze to -1708343097350
[11:44:57.361] [SEVERE ] updating countdown to 58085
[11:44:57.362] [SEVERE ] setting player 1 freeze to -1708343097362
[11:44:57.362] [SEVERE ] setting player 2 freeze to -1708343097362
[11:44:57.373] [SEVERE ] updating countdown to 58073
[11:44:57.374] [SEVERE ] setting player 1 freeze to -1708343097374
[11:44:57.374] [SEVERE ] setting player 2 freeze to -1708343097374
[11:44:57.385] [SEVERE ] updating countdown to 58061
[11:44:57.386] [SEVERE ] setting player 1 freeze to -1708343097386
[11:44:57.387] [SEVERE ] setting player 2 freeze to -1708343097387
[11:44:57.398] [SEVERE ] updating countdown to 58048
[11:44:57.399] [SEVERE ] setting player 1 freeze to -1708343097399
[11:44:57.400] [SEVERE ] setting player 2 freeze to -1708343097400
[11:44:57.411] [SEVERE ] updating countdown to 58035
[11:44:57.412] [SEVERE ] setting player 1 freeze to -1708343097412
[11:44:57.412] [SEVERE ] setting player 2 freeze to -1708343097412
[11:44:57.423] [SEVERE ] updating countdown to 58023
[11:44:57.423] [SEVERE ] setting player 1 freeze to -1708343097423
[11:44:57.424] [SEVERE ] setting player 2 freeze to -1708343097424
[11:44:57.434] [SEVERE ] updating countdown to 58012
[11:44:57.435] [SEVERE ] setting player 1 freeze to -1708343097435
[11:44:57.436] [SEVERE ] setting player 2 freeze to -1708343097436
[11:44:57.446] [SEVERE ] updating countdown to 58000
[11:44:57.447] [SEVERE ] setting player 1 freeze to -1708343097447
[11:44:57.447] [SEVERE ] setting player 2 freeze to -1708343097447
[11:44:57.458] [SEVERE ] updating countdown to 57988
[11:44:57.459] [SEVERE ] setting player 1 freeze to -1708343097459
[11:44:57.460] [SEVERE ] setting player 2 freeze to -1708343097460
[11:44:57.471] [SEVERE ] updating countdown to 57975
[11:44:57.471] [SEVERE ] setting player 1 freeze to -1708343097471
[11:44:57.471] [SEVERE ] setting player 2 freeze to -1708343097471
[11:44:57.482] [SEVERE ] updating countdown to 57964
[11:44:57.483] [SEVERE ] setting player 1 freeze to -1708343097483
[11:44:57.483] [SEVERE ] setting player 2 freeze to -1708343097483
[11:44:57.494] [SEVERE ] updating countdown to 57952
[11:44:57.494] [SEVERE ] setting player 1 freeze to -1708343097494
[11:44:57.495] [SEVERE ] setting player 2 freeze to -1708343097495
[11:44:57.505] [SEVERE ] updating countdown to 57941
[11:44:57.505] [SEVERE ] setting player 1 freeze to -1708343097505
[11:44:57.506] [SEVERE ] setting player 2 freeze to -1708343097506
[11:44:57.516] [SEVERE ] updating countdown to 57930
[11:44:57.517] [SEVERE ] setting player 1 freeze to -1708343097517
[11:44:57.517] [SEVERE ] setting player 2 freeze to -1708343097517
[11:44:57.527] [SEVERE ] updating countdown to 57919
[11:44:57.531] [SEVERE ] setting player 1 freeze to -1708343097531
[11:44:57.533] [SEVERE ] setting player 2 freeze to -1708343097533
[11:44:57.544] [SEVERE ] updating countdown to 57902
[11:44:57.546] [SEVERE ] setting player 1 freeze to -1708343097546
[11:44:57.546] [SEVERE ] setting player 2 freeze to -1708343097546
[11:44:57.557] [SEVERE ] updating countdown to 57889
[11:44:57.558] [SEVERE ] setting player 1 freeze to -1708343097558
[11:44:57.558] [SEVERE ] setting player 2 freeze to -1708343097558
[11:44:57.569] [SEVERE ] updating countdown to 57877
[11:44:57.570] [SEVERE ] setting player 1 freeze to -1708343097570
[11:44:57.570] [SEVERE ] setting player 2 freeze to -1708343097570
[11:44:57.581] [SEVERE ] updating countdown to 57865
[11:44:57.582] [SEVERE ] setting player 1 freeze to -1708343097582
[11:44:57.582] [SEVERE ] setting player 2 freeze to -1708343097582
[11:44:57.593] [SEVERE ] updating countdown to 57853
[11:44:57.594] [SEVERE ] setting player 1 freeze to -1708343097594
[11:44:57.594] [SEVERE ] setting player 2 freeze to -1708343097594
[11:44:57.604] [SEVERE ] updating countdown to 57842
[11:44:57.605] [SEVERE ] setting player 1 freeze to -1708343097605
[11:44:57.605] [SEVERE ] setting player 2 freeze to -1708343097605
[11:44:57.616] [SEVERE ] updating countdown to 57830
[11:44:57.616] [SEVERE ] setting player 1 freeze to -1708343097616
[11:44:57.617] [SEVERE ] setting player 2 freeze to -1708343097617
[11:44:57.627] [SEVERE ] updating countdown to 57819
[11:44:57.628] [SEVERE ] setting player 1 freeze to -1708343097628
[11:44:57.628] [SEVERE ] setting player 2 freeze to -1708343097628
[11:44:57.638] [SEVERE ] updating countdown to 57808
[11:44:57.639] [SEVERE ] setting player 1 freeze to -1708343097639
[11:44:57.639] [SEVERE ] setting player 2 freeze to -1708343097639
[11:44:57.650] [SEVERE ] updating countdown to 57796
[11:44:57.650] [SEVERE ] setting player 1 freeze to -1708343097650
[11:44:57.651] [SEVERE ] setting player 2 freeze to -1708343097651
[11:44:57.662] [SEVERE ] updating countdown to 57784
[11:44:57.662] [SEVERE ] setting player 1 freeze to -1708343097662
[11:44:57.663] [SEVERE ] setting player 2 freeze to -1708343097663
[11:44:57.673] [SEVERE ] updating countdown to 57773
[11:44:57.674] [SEVERE ] setting player 1 freeze to -1708343097674
[11:44:57.674] [SEVERE ] setting player 2 freeze to -1708343097674
[11:44:57.685] [SEVERE ] updating countdown to 57761
[11:44:57.685] [SEVERE ] setting player 1 freeze to -1708343097685
[11:44:57.686] [SEVERE ] setting player 2 freeze to -1708343097686
[11:44:57.696] [SEVERE ] updating countdown to 57750
[11:44:57.697] [SEVERE ] setting player 1 freeze to -1708343097697
[11:44:57.698] [SEVERE ] setting player 2 freeze to -1708343097698
[11:44:57.709] [SEVERE ] updating countdown to 57737
[11:44:57.710] [SEVERE ] setting player 1 freeze to -1708343097710
[11:44:57.712] [SEVERE ] setting player 2 freeze to -1708343097712
[11:44:57.722] [SEVERE ] updating countdown to 57724
[11:44:57.723] [SEVERE ] setting player 1 freeze to -1708343097723
[11:44:57.724] [SEVERE ] setting player 2 freeze to -1708343097724
[11:44:57.734] [SEVERE ] updating countdown to 57712
[11:44:57.735] [SEVERE ] setting player 1 freeze to -1708343097735
[11:44:57.736] [SEVERE ] setting player 2 freeze to -1708343097736
[11:44:57.747] [SEVERE ] updating countdown to 57699
[11:44:57.749] [SEVERE ] setting player 1 freeze to -1708343097749
[11:44:57.749] [SEVERE ] setting player 2 freeze to -1708343097749
[11:44:57.760] [SEVERE ] updating countdown to 57686
[11:44:57.762] [SEVERE ] setting player 1 freeze to -1708343097762
[11:44:57.763] [SEVERE ] setting player 2 freeze to -1708343097763
[11:44:57.774] [SEVERE ] updating countdown to 57672
[11:44:57.775] [SEVERE ] setting player 1 freeze to -1708343097775
[11:44:57.776] [SEVERE ] setting player 2 freeze to -1708343097776
[11:44:57.787] [SEVERE ] updating countdown to 57659
[11:44:57.788] [SEVERE ] setting player 1 freeze to -1708343097788
[11:44:57.789] [SEVERE ] setting player 2 freeze to -1708343097789
[11:44:57.800] [SEVERE ] updating countdown to 57646
[11:44:57.802] [SEVERE ] setting player 1 freeze to -1708343097802
[11:44:57.803] [SEVERE ] setting player 2 freeze to -1708343097803
[11:44:57.815] [SEVERE ] updating countdown to 57631
[11:44:57.816] [SEVERE ] setting player 1 freeze to -1708343097816
[11:44:57.818] [SEVERE ] setting player 2 freeze to -1708343097817
[11:44:57.829] [SEVERE ] updating countdown to 57617
[11:44:57.831] [SEVERE ] setting player 1 freeze to -1708343097831
[11:44:57.832] [SEVERE ] setting player 2 freeze to -1708343097832
[11:44:57.844] [SEVERE ] updating countdown to 57602
[11:44:57.845] [SEVERE ] setting player 1 freeze to -1708343097845
[11:44:57.846] [SEVERE ] setting player 2 freeze to -1708343097846
[11:44:57.857] [SEVERE ] updating countdown to 57589
[11:44:57.858] [SEVERE ] setting player 1 freeze to -1708343097858
[11:44:57.859] [SEVERE ] setting player 2 freeze to -1708343097859
[11:44:57.870] [SEVERE ] updating countdown to 57576
[11:44:57.871] [SEVERE ] setting player 1 freeze to -1708343097871
[11:44:57.872] [SEVERE ] setting player 2 freeze to -1708343097872
[11:44:57.883] [SEVERE ] updating countdown to 57563
[11:44:57.884] [SEVERE ] setting player 1 freeze to -1708343097884
[11:44:57.884] [SEVERE ] setting player 2 freeze to -1708343097884
[11:44:57.894] [SEVERE ] updating countdown to 57552
[11:44:57.895] [SEVERE ] setting player 1 freeze to -1708343097895
[11:44:57.895] [SEVERE ] setting player 2 freeze to -1708343097895
[11:44:57.906] [SEVERE ] updating countdown to 57540
[11:44:57.906] [SEVERE ] setting player 1 freeze to -1708343097906
[11:44:57.908] [SEVERE ] setting player 2 freeze to -1708343097908
[11:44:57.919] [SEVERE ] updating countdown to 57527
[11:44:57.921] [SEVERE ] setting player 1 freeze to -1708343097921
[11:44:57.922] [SEVERE ] setting player 2 freeze to -1708343097922
[11:44:57.933] [SEVERE ] updating countdown to 57513
[11:44:57.934] [SEVERE ] setting player 1 freeze to -1708343097934
[11:44:57.935] [SEVERE ] setting player 2 freeze to -1708343097935
[11:44:57.945] [SEVERE ] updating countdown to 57501
[11:44:57.946] [SEVERE ] setting player 1 freeze to -1708343097946
[11:44:57.947] [SEVERE ] setting player 2 freeze to -1708343097947
[11:44:57.957] [SEVERE ] updating countdown to 57489
[11:44:57.958] [SEVERE ] setting player 1 freeze to -1708343097958
[11:44:57.959] [SEVERE ] setting player 2 freeze to -1708343097959
[11:44:57.969] [SEVERE ] updating countdown to 57477
[11:44:57.970] [SEVERE ] setting player 1 freeze to -1708343097970
[11:44:57.971] [SEVERE ] setting player 2 freeze to -1708343097971
[11:44:57.982] [SEVERE ] updating countdown to 57464
[11:44:57.983] [SEVERE ] setting player 1 freeze to -1708343097983
[11:44:57.984] [SEVERE ] setting player 2 freeze to -1708343097984
[11:44:57.995] [SEVERE ] updating countdown to 57451
[11:44:57.995] [SEVERE ] setting player 1 freeze to -1708343097995
[11:44:57.996] [SEVERE ] setting player 2 freeze to -1708343097996
[11:44:58.006] [SEVERE ] updating countdown to 57440
[11:44:58.007] [SEVERE ] setting player 1 freeze to -1708343098007
[11:44:58.007] [SEVERE ] setting player 2 freeze to -1708343098007
[11:44:58.017] [SEVERE ] updating countdown to 57429
[11:44:58.018] [SEVERE ] setting player 1 freeze to -1708343098018
[11:44:58.018] [SEVERE ] setting player 2 freeze to -1708343098018
[11:44:58.028] [SEVERE ] updating countdown to 57418
[11:44:58.029] [SEVERE ] setting player 1 freeze to -1708343098029
[11:44:58.029] [SEVERE ] setting player 2 freeze to -1708343098029
[11:44:58.039] [SEVERE ] updating countdown to 57407
[11:44:58.040] [SEVERE ] setting player 1 freeze to -1708343098040
[11:44:58.040] [SEVERE ] setting player 2 freeze to -1708343098040
[11:44:58.051] [SEVERE ] updating countdown to 57395
[11:44:58.051] [SEVERE ] setting player 1 freeze to -1708343098051
[11:44:58.052] [SEVERE ] setting player 2 freeze to -1708343098052
[11:44:58.062] [SEVERE ] updating countdown to 57384
[11:44:58.062] [SEVERE ] setting player 1 freeze to -1708343098062
[11:44:58.062] [SEVERE ] setting player 2 freeze to -1708343098062
[11:44:58.073] [SEVERE ] updating countdown to 57373
[11:44:58.073] [SEVERE ] setting player 1 freeze to -1708343098073
[11:44:58.074] [SEVERE ] setting player 2 freeze to -1708343098074
[11:44:58.084] [SEVERE ] updating countdown to 57362
[11:44:58.084] [SEVERE ] setting player 1 freeze to -1708343098084
[11:44:58.085] [SEVERE ] setting player 2 freeze to -1708343098085
[11:44:58.095] [SEVERE ] updating countdown to 57351
[11:44:58.095] [SEVERE ] setting player 1 freeze to -1708343098095
[11:44:58.095] [SEVERE ] setting player 2 freeze to -1708343098095
[11:44:58.106] [SEVERE ] updating countdown to 57340
[11:44:58.106] [SEVERE ] setting player 1 freeze to -1708343098106
[11:44:58.107] [SEVERE ] setting player 2 freeze to -1708343098107
[11:44:58.117] [SEVERE ] updating countdown to 57329
[11:44:58.118] [SEVERE ] setting player 1 freeze to -1708343098118
[11:44:58.118] [SEVERE ] setting player 2 freeze to -1708343098118
[11:44:58.128] [SEVERE ] updating countdown to 57318
[11:44:58.128] [SEVERE ] setting player 1 freeze to -1708343098128
[11:44:58.129] [SEVERE ] setting player 2 freeze to -1708343098129
[11:44:58.139] [SEVERE ] updating countdown to 57307
[11:44:58.140] [SEVERE ] setting player 1 freeze to -1708343098139
[11:44:58.140] [SEVERE ] setting player 2 freeze to -1708343098140
[11:44:58.150] [SEVERE ] updating countdown to 57296
[11:44:58.151] [SEVERE ] setting player 1 freeze to -1708343098151
[11:44:58.151] [SEVERE ] setting player 2 freeze to -1708343098151
[11:44:58.161] [SEVERE ] updating countdown to 57285
[11:44:58.162] [SEVERE ] setting player 1 freeze to -1708343098162
[11:44:58.162] [SEVERE ] setting player 2 freeze to -1708343098162
[11:44:58.172] [SEVERE ] updating countdown to 57274
[11:44:58.173] [SEVERE ] setting player 1 freeze to -1708343098173
[11:44:58.173] [SEVERE ] setting player 2 freeze to -1708343098173
[11:44:58.183] [SEVERE ] updating countdown to 57263
[11:44:58.185] [SEVERE ] setting player 1 freeze to -1708343098185
[11:44:58.186] [SEVERE ] setting player 2 freeze to -1708343098186
[11:44:58.197] [SEVERE ] updating countdown to 57249
[11:44:58.199] [SEVERE ] setting player 1 freeze to -1708343098199
[11:44:58.202] [SEVERE ] setting player 2 freeze to -1708343098202
[11:44:58.213] [SEVERE ] updating countdown to 57233
[11:44:58.214] [SEVERE ] setting player 1 freeze to -1708343098214
[11:44:58.214] [SEVERE ] setting player 2 freeze to -1708343098214
[11:44:58.225] [SEVERE ] updating countdown to 57221
[11:44:58.230] [SEVERE ] setting player 1 freeze to -1708343098230
[11:44:58.231] [SEVERE ] setting player 2 freeze to -1708343098231
[11:44:58.241] [SEVERE ] updating countdown to 57205
[11:44:58.242] [SEVERE ] setting player 1 freeze to -1708343098242
[11:44:58.243] [SEVERE ] setting player 2 freeze to -1708343098243
[11:44:58.253] [SEVERE ] updating countdown to 57193
[11:44:58.254] [SEVERE ] setting player 1 freeze to -1708343098254
[11:44:58.255] [SEVERE ] setting player 2 freeze to -1708343098255
[11:44:58.276] [SEVERE ] updating countdown to 57170
[11:44:58.278] [SEVERE ] setting player 1 freeze to -1708343098278
[11:44:58.278] [SEVERE ] setting player 2 freeze to -1708343098278
[11:44:58.289] [SEVERE ] updating countdown to 57157
[11:44:58.290] [SEVERE ] setting player 1 freeze to -1708343098290
[11:44:58.290] [SEVERE ] setting player 2 freeze to -1708343098290
[11:44:58.301] [SEVERE ] updating countdown to 57145
[11:44:58.302] [SEVERE ] setting player 1 freeze to -1708343098302
[11:44:58.303] [SEVERE ] setting player 2 freeze to -1708343098303
[11:44:58.313] [SEVERE ] updating countdown to 57133
[11:44:58.313] [SEVERE ] setting player 1 freeze to -1708343098313
[11:44:58.314] [SEVERE ] setting player 2 freeze to -1708343098314
[11:44:58.325] [SEVERE ] updating countdown to 57121
[11:44:58.325] [SEVERE ] setting player 1 freeze to -1708343098325
[11:44:58.325] [SEVERE ] setting player 2 freeze to -1708343098325
[11:44:58.335] [SEVERE ] updating countdown to 57111
[11:44:58.335] [SEVERE ] setting player 1 freeze to -1708343098335
[11:44:58.336] [SEVERE ] setting player 2 freeze to -1708343098336
[11:44:58.346] [SEVERE ] updating countdown to 57100
[11:44:58.346] [SEVERE ] setting player 1 freeze to -1708343098346
[11:44:58.346] [SEVERE ] setting player 2 freeze to -1708343098346
[11:44:58.357] [SEVERE ] updating countdown to 57089
[11:44:58.357] [SEVERE ] setting player 1 freeze to -1708343098357
[11:44:58.358] [SEVERE ] setting player 2 freeze to -1708343098358
[11:44:58.368] [SEVERE ] updating countdown to 57078
[11:44:58.369] [SEVERE ] setting player 1 freeze to -1708343098369
[11:44:58.370] [SEVERE ] setting player 2 freeze to -1708343098370
[11:44:58.381] [SEVERE ] updating countdown to 57065
[11:44:58.381] [SEVERE ] setting player 1 freeze to -1708343098381
[11:44:58.381] [SEVERE ] setting player 2 freeze to -1708343098381
[11:44:58.392] [SEVERE ] updating countdown to 57054
[11:44:58.392] [SEVERE ] setting player 1 freeze to -1708343098392
[11:44:58.392] [SEVERE ] setting player 2 freeze to -1708343098392
[11:44:58.402] [SEVERE ] updating countdown to 57044
[11:44:58.403] [SEVERE ] setting player 1 freeze to -1708343098403
[11:44:58.403] [SEVERE ] setting player 2 freeze to -1708343098403
[11:44:58.413] [SEVERE ] updating countdown to 57033
[11:44:58.414] [SEVERE ] setting player 1 freeze to -1708343098414
[11:44:58.414] [SEVERE ] setting player 2 freeze to -1708343098414
[11:44:58.424] [SEVERE ] updating countdown to 57022
[11:44:58.425] [SEVERE ] setting player 1 freeze to -1708343098424
[11:44:58.425] [SEVERE ] setting player 2 freeze to -1708343098425
[11:44:58.435] [SEVERE ] updating countdown to 57011
[11:44:58.440] [SEVERE ] setting player 1 freeze to -1708343098440
[11:44:58.440] [SEVERE ] setting player 2 freeze to -1708343098440
[11:44:58.521] [SEVERE ] updating countdown to 56925
[11:44:58.525] [SEVERE ] setting player 1 freeze to -1708343098525
[11:44:58.525] [SEVERE ] setting player 2 freeze to -1708343098525
[11:44:58.536] [SEVERE ] updating countdown to 56910
[11:44:58.536] [SEVERE ] setting player 1 freeze to -1708343098536
[11:44:58.537] [SEVERE ] setting player 2 freeze to -1708343098537
[11:44:58.547] [SEVERE ] updating countdown to 56899
[11:44:58.548] [SEVERE ] setting player 1 freeze to -1708343098548
[11:44:58.549] [SEVERE ] setting player 2 freeze to -1708343098549
[11:44:58.560] [SEVERE ] updating countdown to 56886
[11:44:58.561] [SEVERE ] setting player 1 freeze to -1708343098561
[11:44:58.561] [SEVERE ] setting player 2 freeze to -1708343098561
[11:44:58.571] [SEVERE ] updating countdown to 56875
[11:44:58.572] [SEVERE ] setting player 1 freeze to -1708343098572
[11:44:58.572] [SEVERE ] setting player 2 freeze to -1708343098572
[11:44:58.582] [SEVERE ] updating countdown to 56864
[11:44:58.582] [SEVERE ] setting player 1 freeze to -1708343098582
[11:44:58.583] [SEVERE ] setting player 2 freeze to -1708343098583
[11:44:58.593] [SEVERE ] updating countdown to 56853
[11:44:58.594] [SEVERE ] setting player 1 freeze to -1708343098594
[11:44:58.594] [SEVERE ] setting player 2 freeze to -1708343098594
[11:44:58.605] [SEVERE ] updating countdown to 56841
[11:44:58.605] [SEVERE ] setting player 1 freeze to -1708343098605
[11:44:58.605] [SEVERE ] setting player 2 freeze to -1708343098605
[11:44:58.617] [SEVERE ] updating countdown to 56829
[11:44:58.617] [SEVERE ] setting player 1 freeze to -1708343098617
[11:44:58.618] [SEVERE ] setting player 2 freeze to -1708343098618
[11:44:58.628] [SEVERE ] updating countdown to 56818
[11:44:58.631] [SEVERE ] setting player 1 freeze to -1708343098631
[11:44:58.631] [SEVERE ] setting player 2 freeze to -1708343098631
[11:44:58.642] [SEVERE ] updating countdown to 56804
[11:44:58.643] [SEVERE ] setting player 1 freeze to -1708343098643
[11:44:58.643] [SEVERE ] setting player 2 freeze to -1708343098643
[11:44:58.654] [SEVERE ] updating countdown to 56792
[11:44:58.654] [SEVERE ] setting player 1 freeze to -1708343098654
[11:44:58.655] [SEVERE ] setting player 2 freeze to -1708343098655
[11:44:58.666] [SEVERE ] updating countdown to 56780
[11:44:58.667] [SEVERE ] setting player 1 freeze to -1708343098667
[11:44:58.667] [SEVERE ] setting player 2 freeze to -1708343098667
[11:44:58.678] [SEVERE ] updating countdown to 56768
[11:44:58.679] [SEVERE ] setting player 1 freeze to -1708343098679
[11:44:58.680] [SEVERE ] setting player 2 freeze to -1708343098680
[11:44:58.691] [SEVERE ] updating countdown to 56755
[11:44:58.693] [SEVERE ] setting player 1 freeze to -1708343098693
[11:44:58.694] [SEVERE ] setting player 2 freeze to -1708343098694
[11:44:58.704] [SEVERE ] updating countdown to 56742
[11:44:58.705] [SEVERE ] setting player 1 freeze to -1708343098705
[11:44:58.706] [SEVERE ] setting player 2 freeze to -1708343098706
[11:44:58.717] [SEVERE ] updating countdown to 56729
[11:44:58.718] [SEVERE ] setting player 1 freeze to -1708343098718
[11:44:58.718] [SEVERE ] setting player 2 freeze to -1708343098718
[11:44:58.729] [SEVERE ] updating countdown to 56717
[11:44:58.730] [SEVERE ] setting player 1 freeze to -1708343098730
[11:44:58.731] [SEVERE ] setting player 2 freeze to -1708343098731
[11:44:58.741] [SEVERE ] updating countdown to 56705
[11:44:58.742] [SEVERE ] setting player 1 freeze to -1708343098742
[11:44:58.743] [SEVERE ] setting player 2 freeze to -1708343098743
[11:44:58.754] [SEVERE ] updating countdown to 56692
[11:44:58.755] [SEVERE ] setting player 1 freeze to -1708343098755
[11:44:58.755] [SEVERE ] setting player 2 freeze to -1708343098755
[11:44:58.766] [SEVERE ] updating countdown to 56680
[11:44:58.767] [SEVERE ] setting player 1 freeze to -1708343098767
[11:44:58.767] [SEVERE ] setting player 2 freeze to -1708343098767
[11:44:58.778] [SEVERE ] updating countdown to 56668
[11:44:58.779] [SEVERE ] setting player 1 freeze to -1708343098779
[11:44:58.779] [SEVERE ] setting player 2 freeze to -1708343098779
[11:44:58.790] [SEVERE ] updating countdown to 56656
[11:44:58.793] [SEVERE ] setting player 1 freeze to -1708343098793
[11:44:58.793] [SEVERE ] setting player 2 freeze to -1708343098793
[11:44:58.804] [SEVERE ] updating countdown to 56642
[11:44:58.804] [SEVERE ] setting player 1 freeze to -1708343098804
[11:44:58.805] [SEVERE ] setting player 2 freeze to -1708343098805
[11:44:58.815] [SEVERE ] updating countdown to 56631
[11:44:58.816] [SEVERE ] setting player 1 freeze to -1708343098816
[11:44:58.816] [SEVERE ] setting player 2 freeze to -1708343098816
[11:44:58.827] [SEVERE ] updating countdown to 56619
[11:44:58.827] [SEVERE ] setting player 1 freeze to -1708343098827
[11:44:58.828] [SEVERE ] setting player 2 freeze to -1708343098828
[11:44:58.838] [SEVERE ] updating countdown to 56608
[11:44:58.839] [SEVERE ] setting player 1 freeze to -1708343098839
[11:44:58.839] [SEVERE ] setting player 2 freeze to -1708343098839
[11:44:58.850] [SEVERE ] updating countdown to 56596
[11:44:58.850] [SEVERE ] setting player 1 freeze to -1708343098850
[11:44:58.851] [SEVERE ] setting player 2 freeze to -1708343098851
[11:44:58.861] [SEVERE ] updating countdown to 56585
[11:44:58.862] [SEVERE ] setting player 1 freeze to -1708343098862
[11:44:58.862] [SEVERE ] setting player 2 freeze to -1708343098862
[11:44:58.873] [SEVERE ] updating countdown to 56573
[11:44:58.874] [SEVERE ] setting player 1 freeze to -1708343098874
[11:44:58.874] [SEVERE ] setting player 2 freeze to -1708343098874
[11:44:58.885] [SEVERE ] updating countdown to 56561
[11:44:58.886] [SEVERE ] setting player 1 freeze to -1708343098886
[11:44:58.886] [SEVERE ] setting player 2 freeze to -1708343098886
[11:44:58.896] [SEVERE ] updating countdown to 56550
[11:44:58.896] [SEVERE ] setting player 1 freeze to -1708343098896
[11:44:58.896] [SEVERE ] setting player 2 freeze to -1708343098896
[11:44:58.907] [SEVERE ] updating countdown to 56539
[11:44:58.907] [SEVERE ] setting player 1 freeze to -1708343098907
[11:44:58.907] [SEVERE ] setting player 2 freeze to -1708343098907
[11:44:58.918] [SEVERE ] updating countdown to 56528
[11:44:58.918] [SEVERE ] setting player 1 freeze to -1708343098918
[11:44:58.918] [SEVERE ] setting player 2 freeze to -1708343098918
[11:44:58.929] [SEVERE ] updating countdown to 56517
[11:44:58.929] [SEVERE ] setting player 1 freeze to -1708343098929
[11:44:58.931] [SEVERE ] setting player 2 freeze to -1708343098931
[11:44:58.941] [SEVERE ] updating countdown to 56505
[11:44:58.942] [SEVERE ] setting player 1 freeze to -1708343098942
[11:44:58.942] [SEVERE ] setting player 2 freeze to -1708343098942
[11:44:58.953] [SEVERE ] updating countdown to 56493
[11:44:58.953] [SEVERE ] setting player 1 freeze to -1708343098953
[11:44:58.954] [SEVERE ] setting player 2 freeze to -1708343098954
[11:44:58.964] [SEVERE ] updating countdown to 56482
[11:44:58.965] [SEVERE ] setting player 1 freeze to -1708343098965
[11:44:58.965] [SEVERE ] setting player 2 freeze to -1708343098965
[11:44:58.976] [SEVERE ] updating countdown to 56470
[11:44:58.977] [SEVERE ] setting player 1 freeze to -1708343098977
[11:44:58.977] [SEVERE ] setting player 2 freeze to -1708343098977
[11:44:58.989] [SEVERE ] updating countdown to 56457
[11:44:58.989] [SEVERE ] setting player 1 freeze to -1708343098989
[11:44:58.990] [SEVERE ] setting player 2 freeze to -1708343098990
[11:44:59.001] [SEVERE ] updating countdown to 56445
[11:44:59.002] [SEVERE ] setting player 1 freeze to -1708343099002
[11:44:59.002] [SEVERE ] setting player 2 freeze to -1708343099002
[11:44:59.014] [SEVERE ] updating countdown to 56432
[11:44:59.014] [SEVERE ] setting player 1 freeze to -1708343099014
[11:44:59.015] [SEVERE ] setting player 2 freeze to -1708343099015
[11:44:59.026] [SEVERE ] updating countdown to 56421
[11:44:59.026] [SEVERE ] setting player 1 freeze to -1708343099026
[11:44:59.027] [SEVERE ] setting player 2 freeze to -1708343099027
[11:44:59.037] [SEVERE ] updating countdown to 56409
[11:44:59.038] [SEVERE ] setting player 1 freeze to -1708343099038
[11:44:59.039] [SEVERE ] setting player 2 freeze to -1708343099039
[11:44:59.050] [SEVERE ] updating countdown to 56396
[11:44:59.051] [SEVERE ] setting player 1 freeze to -1708343099051
[11:44:59.051] [SEVERE ] setting player 2 freeze to -1708343099051
[11:44:59.062] [SEVERE ] updating countdown to 56384
[11:44:59.063] [SEVERE ] setting player 1 freeze to -1708343099063
[11:44:59.063] [SEVERE ] setting player 2 freeze to -1708343099063
[11:44:59.074] [SEVERE ] updating countdown to 56372
[11:44:59.075] [SEVERE ] setting player 1 freeze to -1708343099075
[11:44:59.075] [SEVERE ] setting player 2 freeze to -1708343099075
[11:44:59.086] [SEVERE ] updating countdown to 56360
[11:44:59.086] [SEVERE ] setting player 1 freeze to -1708343099086
[11:44:59.087] [SEVERE ] setting player 2 freeze to -1708343099087
[11:44:59.098] [SEVERE ] updating countdown to 56348
[11:44:59.099] [SEVERE ] setting player 1 freeze to -1708343099099
[11:44:59.100] [SEVERE ] setting player 2 freeze to -1708343099100
[11:44:59.111] [SEVERE ] updating countdown to 56335
[11:44:59.112] [SEVERE ] setting player 1 freeze to -1708343099112
[11:44:59.112] [SEVERE ] setting player 2 freeze to -1708343099112
[11:44:59.123] [SEVERE ] updating countdown to 56323
[11:44:59.124] [SEVERE ] setting player 1 freeze to -1708343099124
[11:44:59.124] [SEVERE ] setting player 2 freeze to -1708343099124
[11:44:59.135] [SEVERE ] updating countdown to 56311
[11:44:59.136] [SEVERE ] setting player 1 freeze to -1708343099136
[11:44:59.137] [SEVERE ] setting player 2 freeze to -1708343099137
[11:44:59.148] [SEVERE ] updating countdown to 56298
[11:44:59.150] [SEVERE ] setting player 1 freeze to -1708343099150
[11:44:59.151] [SEVERE ] setting player 2 freeze to -1708343099151
[11:44:59.163] [SEVERE ] updating countdown to 56283
[11:44:59.164] [SEVERE ] setting player 1 freeze to -1708343099164
[11:44:59.166] [SEVERE ] setting player 2 freeze to -1708343099166
[11:44:59.177] [SEVERE ] updating countdown to 56269
[11:44:59.179] [SEVERE ] setting player 1 freeze to -1708343099179
[11:44:59.181] [SEVERE ] setting player 2 freeze to -1708343099181
[11:44:59.192] [SEVERE ] updating countdown to 56254
[11:44:59.194] [SEVERE ] setting player 1 freeze to -1708343099194
[11:44:59.195] [SEVERE ] setting player 2 freeze to -1708343099195
[11:44:59.206] [SEVERE ] updating countdown to 56240
[11:44:59.207] [SEVERE ] setting player 1 freeze to -1708343099207
[11:44:59.209] [SEVERE ] setting player 2 freeze to -1708343099209
[11:44:59.220] [SEVERE ] updating countdown to 56226
[11:44:59.221] [SEVERE ] setting player 1 freeze to -1708343099221
[11:44:59.222] [SEVERE ] setting player 2 freeze to -1708343099222
[11:44:59.233] [SEVERE ] updating countdown to 56213
[11:44:59.234] [SEVERE ] setting player 1 freeze to -1708343099234
[11:44:59.239] [SEVERE ] setting player 2 freeze to -1708343099235
[11:44:59.250] [SEVERE ] updating countdown to 56196
[11:44:59.250] [SEVERE ] setting player 1 freeze to -1708343099250
[11:44:59.251] [SEVERE ] setting player 2 freeze to -1708343099251
[11:44:59.262] [SEVERE ] updating countdown to 56184
[11:44:59.262] [SEVERE ] setting player 1 freeze to -1708343099262
[11:44:59.263] [SEVERE ] setting player 2 freeze to -1708343099263
[11:44:59.274] [SEVERE ] updating countdown to 56172
[11:44:59.275] [SEVERE ] setting player 1 freeze to -1708343099275
[11:44:59.276] [SEVERE ] setting player 2 freeze to -1708343099276
[11:44:59.287] [SEVERE ] updating countdown to 56159
[11:44:59.289] [SEVERE ] setting player 1 freeze to -1708343099289
[11:44:59.290] [SEVERE ] setting player 2 freeze to -1708343099290
[11:44:59.301] [SEVERE ] updating countdown to 56145
[11:44:59.302] [SEVERE ] setting player 1 freeze to -1708343099302
[11:44:59.303] [SEVERE ] setting player 2 freeze to -1708343099303
[11:44:59.315] [SEVERE ] updating countdown to 56131
[11:44:59.316] [SEVERE ] setting player 1 freeze to -1708343099316
[11:44:59.316] [SEVERE ] setting player 2 freeze to -1708343099316
[11:44:59.327] [SEVERE ] updating countdown to 56119
[11:44:59.328] [SEVERE ] setting player 1 freeze to -1708343099328
[11:44:59.328] [SEVERE ] setting player 2 freeze to -1708343099328
[11:44:59.339] [SEVERE ] updating countdown to 56107
[11:44:59.340] [SEVERE ] setting player 1 freeze to -1708343099340
[11:44:59.341] [SEVERE ] setting player 2 freeze to -1708343099341
[11:44:59.352] [SEVERE ] updating countdown to 56094
[11:44:59.353] [SEVERE ] setting player 1 freeze to -1708343099353
[11:44:59.354] [SEVERE ] setting player 2 freeze to -1708343099354
[11:44:59.366] [SEVERE ] updating countdown to 56080
[11:44:59.367] [SEVERE ] setting player 1 freeze to -1708343099367
[11:44:59.368] [SEVERE ] setting player 2 freeze to -1708343099368
[11:44:59.380] [SEVERE ] updating countdown to 56066
[11:44:59.381] [SEVERE ] setting player 1 freeze to -1708343099381
[11:44:59.382] [SEVERE ] setting player 2 freeze to -1708343099382
[11:44:59.393] [SEVERE ] updating countdown to 56053
[11:44:59.394] [SEVERE ] setting player 1 freeze to -1708343099394
[11:44:59.395] [SEVERE ] setting player 2 freeze to -1708343099395
[11:44:59.406] [SEVERE ] updating countdown to 56040
[11:44:59.407] [SEVERE ] setting player 1 freeze to -1708343099407
[11:44:59.408] [SEVERE ] setting player 2 freeze to -1708343099408
[11:44:59.418] [SEVERE ] updating countdown to 56028
[11:44:59.420] [SEVERE ] setting player 1 freeze to -1708343099420
[11:44:59.420] [SEVERE ] setting player 2 freeze to -1708343099420
[11:44:59.431] [SEVERE ] updating countdown to 56015
[11:44:59.432] [SEVERE ] setting player 1 freeze to -1708343099432
[11:44:59.433] [SEVERE ] setting player 2 freeze to -1708343099433
[11:44:59.442] [SEVERE ] exit button pressed
[11:44:59.444] [SEVERE ] updating countdown to 56002
[11:44:59.445] [SEVERE ] setting player 1 freeze to -1708343099444
[11:44:59.445] [SEVERE ] setting player 2 freeze to -1708343099445
[11:44:59.445] [SEVERE ] updating countdown to 71001
[11:44:59.446] [SEVERE ] setting player 1 freeze to -1708343099446
[11:44:59.446] [SEVERE ] setting player 2 freeze to -1708343099446
[11:44:59.547] [SEVERE ] removing card from slot 0
[11:44:59.650] [SEVERE ] removing card from slot 1
[11:44:59.752] [SEVERE ] removing card from slot 2
[11:44:59.853] [SEVERE ] removing card from slot 3
[11:44:59.959] [SEVERE ] removing card from slot 4
[11:45:00.060] [SEVERE ] removing card from slot 5
[11:45:00.160] [SEVERE ] removing card from slot 6
[11:45:00.261] [SEVERE ] removing card from slot 7
[11:45:00.362] [SEVERE ] removing card from slot 8
[11:45:00.463] [SEVERE ] removing card from slot 9
[11:45:00.564] [SEVERE ] removing card from slot 10
[11:45:00.665] [SEVERE ] removing card from slot 11
[11:45:00.667] [SEVERE ] updating countdown to 84779
[11:45:00.667] [SEVERE ] setting player 1 freeze to -1708343100667
[11:45:00.667] [SEVERE ] setting player 2 freeze to -1708343100667
[11:45:00.669] [SEVERE ] announcing winner(s): player 1, player 2
[11:45:00.670] [INFO   ] thread dealer terminated.
[11:45:00.671] [INFO   ] thread dealer terminated.
[11:45:00.671] [SEVERE ] thanks for playing... it was fun!
[11:45:00.671] [INFO   ] thread bguspl.set.Main.main() terminated.
