[17:16:50.138] [INFO   ] thread bguspl.set.Main.main() starting.
[17:16:50.155] [SEVERE ] cannot read configuration file config.properties trying from resources.
[17:16:50.163] [SEVERE ] configuration file was loaded from resources directory.
[17:16:51.300] [INFO   ] thread dealer starting.
[17:16:51.302] [INFO   ] thread dealer starting.
[17:16:51.303] [INFO   ] thread player 0 starting.
[17:16:51.304] [INFO   ] thread player 1 starting.
[17:16:51.304] [INFO   ] thread player 0 starting.
[17:16:51.306] [INFO   ] thread player 1 starting.
[17:16:51.410] [SEVERE ] placing card 0 in slot 0
[17:16:51.511] [SEVERE ] placing card 1 in slot 1
[17:16:51.612] [SEVERE ] placing card 2 in slot 2
[17:16:51.714] [SEVERE ] placing card 3 in slot 3
[17:16:51.815] [SEVERE ] placing card 4 in slot 4
[17:16:51.917] [SEVERE ] placing card 5 in slot 5
[17:16:52.018] [SEVERE ] placing card 6 in slot 6
[17:16:52.120] [SEVERE ] placing card 7 in slot 7
[17:16:52.221] [SEVERE ] placing card 8 in slot 8
[17:16:52.323] [SEVERE ] placing card 9 in slot 9
[17:16:52.424] [SEVERE ] placing card 10 in slot 10
[17:16:52.528] [SEVERE ] placing card 11 in slot 11
[17:16:52.530] [SEVERE ] updating countdown to 15000
[17:16:52.536] [SEVERE ] setting player 1 freeze to -1708449412536
[17:16:52.537] [SEVERE ] setting player 2 freeze to -1708449412537
[17:16:52.549] [SEVERE ] updating countdown to 14981
[17:16:52.550] [SEVERE ] setting player 1 freeze to -1708449412550
[17:16:52.551] [SEVERE ] setting player 2 freeze to -1708449412551
[17:16:52.562] [SEVERE ] updating countdown to 14968
[17:16:52.563] [SEVERE ] setting player 1 freeze to -1708449412563
[17:16:52.563] [SEVERE ] setting player 2 freeze to -1708449412563
[17:16:52.575] [SEVERE ] updating countdown to 14955
[17:16:52.576] [SEVERE ] setting player 1 freeze to -1708449412576
[17:16:52.577] [SEVERE ] setting player 2 freeze to -1708449412577
[17:16:52.588] [SEVERE ] updating countdown to 14942
[17:16:52.589] [SEVERE ] setting player 1 freeze to -1708449412589
[17:16:52.590] [SEVERE ] setting player 2 freeze to -1708449412590
[17:16:52.601] [SEVERE ] updating countdown to 14929
[17:16:52.602] [SEVERE ] setting player 1 freeze to -1708449412602
[17:16:52.604] [SEVERE ] setting player 2 freeze to -1708449412604
[17:16:52.615] [SEVERE ] updating countdown to 14915
[17:16:52.616] [SEVERE ] setting player 1 freeze to -1708449412616
[17:16:52.617] [SEVERE ] setting player 2 freeze to -1708449412617
[17:16:52.628] [SEVERE ] updating countdown to 14902
[17:16:52.630] [SEVERE ] setting player 1 freeze to -1708449412630
[17:16:52.631] [SEVERE ] setting player 2 freeze to -1708449412631
[17:16:52.642] [SEVERE ] updating countdown to 14888
[17:16:52.644] [SEVERE ] setting player 1 freeze to -1708449412644
[17:16:52.645] [SEVERE ] setting player 2 freeze to -1708449412645
[17:16:52.656] [SEVERE ] updating countdown to 14874
[17:16:52.657] [SEVERE ] setting player 1 freeze to -1708449412657
[17:16:52.657] [SEVERE ] setting player 2 freeze to -1708449412657
[17:16:52.668] [SEVERE ] updating countdown to 14862
[17:16:52.669] [SEVERE ] setting player 1 freeze to -1708449412669
[17:16:52.669] [SEVERE ] setting player 2 freeze to -1708449412669
[17:16:52.680] [SEVERE ] updating countdown to 14850
[17:16:52.681] [SEVERE ] setting player 1 freeze to -1708449412681
[17:16:52.682] [SEVERE ] setting player 2 freeze to -1708449412682
[17:16:52.693] [SEVERE ] updating countdown to 14837
[17:16:52.694] [SEVERE ] setting player 1 freeze to -1708449412694
[17:16:52.694] [SEVERE ] setting player 2 freeze to -1708449412694
[17:16:52.705] [SEVERE ] updating countdown to 14825
[17:16:52.705] [SEVERE ] setting player 1 freeze to -1708449412705
[17:16:52.706] [SEVERE ] setting player 2 freeze to -1708449412706
[17:16:52.716] [SEVERE ] updating countdown to 14814
[17:16:52.718] [SEVERE ] setting player 1 freeze to -1708449412718
[17:16:52.719] [SEVERE ] setting player 2 freeze to -1708449412719
[17:16:52.730] [SEVERE ] updating countdown to 14800
[17:16:52.730] [SEVERE ] setting player 1 freeze to -1708449412730
[17:16:52.731] [SEVERE ] setting player 2 freeze to -1708449412731
[17:16:52.742] [SEVERE ] updating countdown to 14788
[17:16:52.743] [SEVERE ] setting player 1 freeze to -1708449412743
[17:16:52.743] [SEVERE ] setting player 2 freeze to -1708449412743
[17:16:52.754] [SEVERE ] updating countdown to 14776
[17:16:52.755] [SEVERE ] setting player 1 freeze to -1708449412755
[17:16:52.755] [SEVERE ] setting player 2 freeze to -1708449412755
[17:16:52.766] [SEVERE ] updating countdown to 14764
[17:16:52.767] [SEVERE ] setting player 1 freeze to -1708449412767
[17:16:52.768] [SEVERE ] setting player 2 freeze to -1708449412768
[17:16:52.779] [SEVERE ] updating countdown to 14751
[17:16:52.780] [SEVERE ] setting player 1 freeze to -1708449412780
[17:16:52.780] [SEVERE ] setting player 2 freeze to -1708449412780
[17:16:52.791] [SEVERE ] updating countdown to 14739
[17:16:52.792] [SEVERE ] setting player 1 freeze to -1708449412792
[17:16:52.792] [SEVERE ] setting player 2 freeze to -1708449412792
[17:16:52.803] [SEVERE ] updating countdown to 14727
[17:16:52.803] [SEVERE ] setting player 1 freeze to -1708449412803
[17:16:52.804] [SEVERE ] setting player 2 freeze to -1708449412804
[17:16:52.814] [SEVERE ] updating countdown to 14716
[17:16:52.815] [SEVERE ] setting player 1 freeze to -1708449412815
[17:16:52.815] [SEVERE ] setting player 2 freeze to -1708449412815
[17:16:52.826] [SEVERE ] updating countdown to 14704
[17:16:52.827] [SEVERE ] setting player 1 freeze to -1708449412827
[17:16:52.827] [SEVERE ] setting player 2 freeze to -1708449412827
[17:16:52.838] [SEVERE ] updating countdown to 14692
[17:16:52.839] [SEVERE ] setting player 1 freeze to -1708449412839
[17:16:52.840] [SEVERE ] setting player 2 freeze to -1708449412840
[17:16:52.851] [SEVERE ] updating countdown to 14680
[17:16:52.852] [SEVERE ] setting player 1 freeze to -1708449412852
[17:16:52.852] [SEVERE ] setting player 2 freeze to -1708449412852
[17:16:52.863] [SEVERE ] updating countdown to 14667
[17:16:52.863] [SEVERE ] setting player 1 freeze to -1708449412863
[17:16:52.864] [SEVERE ] setting player 2 freeze to -1708449412864
[17:16:52.874] [SEVERE ] updating countdown to 14656
[17:16:52.875] [SEVERE ] setting player 1 freeze to -1708449412875
[17:16:52.875] [SEVERE ] setting player 2 freeze to -1708449412875
[17:16:52.886] [SEVERE ] updating countdown to 14644
[17:16:52.887] [SEVERE ] setting player 1 freeze to -1708449412887
[17:16:52.887] [SEVERE ] setting player 2 freeze to -1708449412887
[17:16:52.898] [SEVERE ] updating countdown to 14632
[17:16:52.899] [SEVERE ] setting player 1 freeze to -1708449412899
[17:16:52.899] [SEVERE ] setting player 2 freeze to -1708449412899
[17:16:52.910] [SEVERE ] updating countdown to 14620
[17:16:52.910] [SEVERE ] setting player 1 freeze to -1708449412910
[17:16:52.911] [SEVERE ] setting player 2 freeze to -1708449412911
[17:16:52.921] [SEVERE ] updating countdown to 14609
[17:16:52.922] [SEVERE ] setting player 1 freeze to -1708449412922
[17:16:52.922] [SEVERE ] setting player 2 freeze to -1708449412922
[17:16:52.933] [SEVERE ] updating countdown to 14597
[17:16:52.934] [SEVERE ] setting player 1 freeze to -1708449412934
[17:16:52.935] [SEVERE ] setting player 2 freeze to -1708449412935
[17:16:52.946] [SEVERE ] updating countdown to 14584
[17:16:52.946] [SEVERE ] setting player 1 freeze to -1708449412946
[17:16:52.947] [SEVERE ] setting player 2 freeze to -1708449412947
[17:16:52.957] [SEVERE ] updating countdown to 14573
[17:16:52.958] [SEVERE ] setting player 1 freeze to -1708449412958
[17:16:52.959] [SEVERE ] setting player 2 freeze to -1708449412959
[17:16:52.969] [SEVERE ] updating countdown to 14561
[17:16:52.970] [SEVERE ] setting player 1 freeze to -1708449412970
[17:16:52.971] [SEVERE ] setting player 2 freeze to -1708449412970
[17:16:52.981] [SEVERE ] updating countdown to 14549
[17:16:52.983] [SEVERE ] setting player 1 freeze to -1708449412983
[17:16:52.983] [SEVERE ] setting player 2 freeze to -1708449412983
[17:16:52.993] [SEVERE ] updating countdown to 14537
[17:16:52.994] [SEVERE ] setting player 1 freeze to -1708449412994
[17:16:52.994] [SEVERE ] setting player 2 freeze to -1708449412994
[17:16:53.005] [SEVERE ] updating countdown to 14525
[17:16:53.006] [SEVERE ] setting player 1 freeze to -1708449413006
[17:16:53.006] [SEVERE ] setting player 2 freeze to -1708449413006
[17:16:53.017] [SEVERE ] updating countdown to 14513
[17:16:53.018] [SEVERE ] setting player 1 freeze to -1708449413018
[17:16:53.018] [SEVERE ] setting player 2 freeze to -1708449413018
[17:16:53.029] [SEVERE ] updating countdown to 14501
[17:16:53.029] [SEVERE ] setting player 1 freeze to -1708449413029
[17:16:53.030] [SEVERE ] setting player 2 freeze to -1708449413030
[17:16:53.040] [SEVERE ] updating countdown to 14490
[17:16:53.041] [SEVERE ] setting player 1 freeze to -1708449413041
[17:16:53.041] [SEVERE ] setting player 2 freeze to -1708449413041
[17:16:53.052] [SEVERE ] updating countdown to 14478
[17:16:53.054] [SEVERE ] setting player 1 freeze to -1708449413054
[17:16:53.055] [SEVERE ] setting player 2 freeze to -1708449413055
[17:16:53.065] [SEVERE ] updating countdown to 14465
[17:16:53.066] [SEVERE ] setting player 1 freeze to -1708449413066
[17:16:53.066] [SEVERE ] setting player 2 freeze to -1708449413066
[17:16:53.076] [SEVERE ] updating countdown to 14454
[17:16:53.077] [SEVERE ] setting player 1 freeze to -1708449413077
[17:16:53.078] [SEVERE ] setting player 2 freeze to -1708449413078
[17:16:53.089] [SEVERE ] updating countdown to 14441
[17:16:53.090] [SEVERE ] setting player 1 freeze to -1708449413090
[17:16:53.090] [SEVERE ] setting player 2 freeze to -1708449413090
[17:16:53.101] [SEVERE ] updating countdown to 14429
[17:16:53.102] [SEVERE ] setting player 1 freeze to -1708449413102
[17:16:53.103] [SEVERE ] setting player 2 freeze to -1708449413103
[17:16:53.114] [SEVERE ] updating countdown to 14416
[17:16:53.115] [SEVERE ] setting player 1 freeze to -1708449413115
[17:16:53.115] [SEVERE ] setting player 2 freeze to -1708449413115
[17:16:53.126] [SEVERE ] updating countdown to 14404
[17:16:53.126] [SEVERE ] setting player 1 freeze to -1708449413126
[17:16:53.127] [SEVERE ] setting player 2 freeze to -1708449413127
[17:16:53.137] [SEVERE ] updating countdown to 14393
[17:16:53.138] [SEVERE ] setting player 1 freeze to -1708449413138
[17:16:53.138] [SEVERE ] setting player 2 freeze to -1708449413138
[17:16:53.149] [SEVERE ] updating countdown to 14381
[17:16:53.150] [SEVERE ] setting player 1 freeze to -1708449413150
[17:16:53.151] [SEVERE ] setting player 2 freeze to -1708449413151
[17:16:53.161] [SEVERE ] updating countdown to 14369
[17:16:53.162] [SEVERE ] setting player 1 freeze to -1708449413162
[17:16:53.163] [SEVERE ] setting player 2 freeze to -1708449413163
[17:16:53.173] [SEVERE ] updating countdown to 14357
[17:16:53.174] [SEVERE ] setting player 1 freeze to -1708449413174
[17:16:53.174] [SEVERE ] setting player 2 freeze to -1708449413174
[17:16:53.185] [SEVERE ] updating countdown to 14345
[17:16:53.185] [SEVERE ] setting player 1 freeze to -1708449413185
[17:16:53.185] [SEVERE ] setting player 2 freeze to -1708449413185
[17:16:53.196] [SEVERE ] updating countdown to 14334
[17:16:53.196] [SEVERE ] setting player 1 freeze to -1708449413196
[17:16:53.197] [SEVERE ] setting player 2 freeze to -1708449413197
[17:16:53.207] [SEVERE ] updating countdown to 14323
[17:16:53.208] [SEVERE ] setting player 1 freeze to -1708449413208
[17:16:53.208] [SEVERE ] setting player 2 freeze to -1708449413208
[17:16:53.219] [SEVERE ] updating countdown to 14311
[17:16:53.219] [SEVERE ] setting player 1 freeze to -1708449413219
[17:16:53.219] [SEVERE ] setting player 2 freeze to -1708449413219
[17:16:53.230] [SEVERE ] updating countdown to 14300
[17:16:53.230] [SEVERE ] setting player 1 freeze to -1708449413230
[17:16:53.231] [SEVERE ] setting player 2 freeze to -1708449413231
[17:16:53.241] [SEVERE ] updating countdown to 14289
[17:16:53.242] [SEVERE ] setting player 1 freeze to -1708449413242
[17:16:53.242] [SEVERE ] setting player 2 freeze to -1708449413242
[17:16:53.253] [SEVERE ] updating countdown to 14277
[17:16:53.253] [SEVERE ] setting player 1 freeze to -1708449413253
[17:16:53.254] [SEVERE ] setting player 2 freeze to -1708449413254
[17:16:53.264] [SEVERE ] updating countdown to 14266
[17:16:53.265] [SEVERE ] setting player 1 freeze to -1708449413265
[17:16:53.265] [SEVERE ] setting player 2 freeze to -1708449413265
[17:16:53.276] [SEVERE ] updating countdown to 14254
[17:16:53.276] [SEVERE ] setting player 1 freeze to -1708449413276
[17:16:53.277] [SEVERE ] setting player 2 freeze to -1708449413277
[17:16:53.287] [SEVERE ] updating countdown to 14243
[17:16:53.288] [SEVERE ] setting player 1 freeze to -1708449413288
[17:16:53.289] [SEVERE ] setting player 2 freeze to -1708449413289
[17:16:53.299] [SEVERE ] updating countdown to 14231
[17:16:53.300] [SEVERE ] setting player 1 freeze to -1708449413300
[17:16:53.300] [SEVERE ] setting player 2 freeze to -1708449413300
[17:16:53.311] [SEVERE ] updating countdown to 14219
[17:16:53.311] [SEVERE ] setting player 1 freeze to -1708449413311
[17:16:53.311] [SEVERE ] setting player 2 freeze to -1708449413311
[17:16:53.322] [SEVERE ] updating countdown to 14208
[17:16:53.323] [SEVERE ] setting player 1 freeze to -1708449413323
[17:16:53.324] [SEVERE ] setting player 2 freeze to -1708449413324
[17:16:53.335] [SEVERE ] updating countdown to 14196
[17:16:53.336] [SEVERE ] setting player 1 freeze to -1708449413335
[17:16:53.336] [SEVERE ] setting player 2 freeze to -1708449413336
[17:16:53.347] [SEVERE ] updating countdown to 14183
[17:16:53.349] [SEVERE ] setting player 1 freeze to -1708449413349
[17:16:53.350] [SEVERE ] setting player 2 freeze to -1708449413350
[17:16:53.361] [SEVERE ] updating countdown to 14169
[17:16:53.363] [SEVERE ] setting player 1 freeze to -1708449413363
[17:16:53.364] [SEVERE ] setting player 2 freeze to -1708449413364
[17:16:53.376] [SEVERE ] updating countdown to 14154
[17:16:53.378] [SEVERE ] setting player 1 freeze to -1708449413378
[17:16:53.380] [SEVERE ] setting player 2 freeze to -1708449413380
[17:16:53.391] [SEVERE ] updating countdown to 14139
[17:16:53.392] [SEVERE ] setting player 1 freeze to -1708449413392
[17:16:53.393] [SEVERE ] setting player 2 freeze to -1708449413393
[17:16:53.404] [SEVERE ] updating countdown to 14126
[17:16:53.406] [SEVERE ] setting player 1 freeze to -1708449413406
[17:16:53.407] [SEVERE ] setting player 2 freeze to -1708449413407
[17:16:53.419] [SEVERE ] updating countdown to 14111
[17:16:53.420] [SEVERE ] setting player 1 freeze to -1708449413420
[17:16:53.421] [SEVERE ] setting player 2 freeze to -1708449413421
[17:16:53.433] [SEVERE ] updating countdown to 14097
[17:16:53.434] [SEVERE ] setting player 1 freeze to -1708449413434
[17:16:53.436] [SEVERE ] setting player 2 freeze to -1708449413436
[17:16:53.447] [SEVERE ] updating countdown to 14083
[17:16:53.448] [SEVERE ] setting player 1 freeze to -1708449413448
[17:16:53.449] [SEVERE ] setting player 2 freeze to -1708449413449
[17:16:53.460] [SEVERE ] updating countdown to 14070
[17:16:53.461] [SEVERE ] setting player 1 freeze to -1708449413461
[17:16:53.461] [SEVERE ] setting player 2 freeze to -1708449413461
[17:16:53.471] [SEVERE ] updating countdown to 14059
[17:16:53.472] [SEVERE ] setting player 1 freeze to -1708449413472
[17:16:53.472] [SEVERE ] setting player 2 freeze to -1708449413472
[17:16:53.483] [SEVERE ] updating countdown to 14047
[17:16:53.484] [SEVERE ] setting player 1 freeze to -1708449413484
[17:16:53.485] [SEVERE ] setting player 2 freeze to -1708449413485
[17:16:53.495] [SEVERE ] updating countdown to 14035
[17:16:53.497] [SEVERE ] setting player 1 freeze to -1708449413497
[17:16:53.497] [SEVERE ] setting player 2 freeze to -1708449413497
[17:16:53.508] [SEVERE ] updating countdown to 14022
[17:16:53.510] [SEVERE ] setting player 1 freeze to -1708449413510
[17:16:53.511] [SEVERE ] setting player 2 freeze to -1708449413511
[17:16:53.522] [SEVERE ] updating countdown to 14008
[17:16:53.524] [SEVERE ] setting player 1 freeze to -1708449413524
[17:16:53.525] [SEVERE ] setting player 2 freeze to -1708449413525
[17:16:53.537] [SEVERE ] updating countdown to 13993
[17:16:53.539] [SEVERE ] setting player 1 freeze to -1708449413539
[17:16:53.540] [SEVERE ] setting player 2 freeze to -1708449413540
[17:16:53.551] [SEVERE ] updating countdown to 13979
[17:16:53.552] [SEVERE ] setting player 1 freeze to -1708449413552
[17:16:53.553] [SEVERE ] setting player 2 freeze to -1708449413553
[17:16:53.564] [SEVERE ] updating countdown to 13966
[17:16:53.565] [SEVERE ] setting player 1 freeze to -1708449413565
[17:16:53.565] [SEVERE ] setting player 2 freeze to -1708449413565
[17:16:53.576] [SEVERE ] updating countdown to 13954
[17:16:53.577] [SEVERE ] setting player 1 freeze to -1708449413577
[17:16:53.577] [SEVERE ] setting player 2 freeze to -1708449413577
[17:16:53.588] [SEVERE ] updating countdown to 13942
[17:16:53.589] [SEVERE ] setting player 1 freeze to -1708449413589
[17:16:53.590] [SEVERE ] setting player 2 freeze to -1708449413590
[17:16:53.601] [SEVERE ] updating countdown to 13929
[17:16:53.602] [SEVERE ] setting player 1 freeze to -1708449413602
[17:16:53.603] [SEVERE ] setting player 2 freeze to -1708449413603
[17:16:53.614] [SEVERE ] updating countdown to 13916
[17:16:53.615] [SEVERE ] setting player 1 freeze to -1708449413615
[17:16:53.615] [SEVERE ] setting player 2 freeze to -1708449413615
[17:16:53.626] [SEVERE ] updating countdown to 13904
[17:16:53.628] [SEVERE ] setting player 1 freeze to -1708449413628
[17:16:53.628] [SEVERE ] setting player 2 freeze to -1708449413628
[17:16:53.639] [SEVERE ] updating countdown to 13891
[17:16:53.641] [SEVERE ] setting player 1 freeze to -1708449413641
[17:16:53.642] [SEVERE ] setting player 2 freeze to -1708449413642
[17:16:53.653] [SEVERE ] updating countdown to 13877
[17:16:53.654] [SEVERE ] setting player 1 freeze to -1708449413654
[17:16:53.654] [SEVERE ] setting player 2 freeze to -1708449413654
[17:16:53.665] [SEVERE ] updating countdown to 13865
[17:16:53.667] [SEVERE ] setting player 1 freeze to -1708449413667
[17:16:53.667] [SEVERE ] setting player 2 freeze to -1708449413667
[17:16:53.678] [SEVERE ] updating countdown to 13852
[17:16:53.680] [SEVERE ] setting player 1 freeze to -1708449413679
[17:16:53.680] [SEVERE ] setting player 2 freeze to -1708449413680
[17:16:53.692] [SEVERE ] updating countdown to 13838
[17:16:53.693] [SEVERE ] setting player 1 freeze to -1708449413693
[17:16:53.693] [SEVERE ] setting player 2 freeze to -1708449413693
[17:16:53.704] [SEVERE ] updating countdown to 13826
[17:16:53.705] [SEVERE ] setting player 1 freeze to -1708449413705
[17:16:53.705] [SEVERE ] setting player 2 freeze to -1708449413705
[17:16:53.716] [SEVERE ] updating countdown to 13814
[17:16:53.717] [SEVERE ] setting player 1 freeze to -1708449413717
[17:16:53.718] [SEVERE ] setting player 2 freeze to -1708449413718
[17:16:53.728] [SEVERE ] updating countdown to 13802
[17:16:53.729] [SEVERE ] setting player 1 freeze to -1708449413729
[17:16:53.730] [SEVERE ] setting player 2 freeze to -1708449413730
[17:16:53.741] [SEVERE ] updating countdown to 13789
[17:16:53.742] [SEVERE ] setting player 1 freeze to -1708449413742
[17:16:53.743] [SEVERE ] setting player 2 freeze to -1708449413743
[17:16:53.754] [SEVERE ] updating countdown to 13776
[17:16:53.755] [SEVERE ] setting player 1 freeze to -1708449413755
[17:16:53.756] [SEVERE ] setting player 2 freeze to -1708449413756
[17:16:53.767] [SEVERE ] updating countdown to 13763
[17:16:53.768] [SEVERE ] setting player 1 freeze to -1708449413768
[17:16:53.769] [SEVERE ] setting player 2 freeze to -1708449413769
[17:16:53.780] [SEVERE ] updating countdown to 13750
[17:16:53.781] [SEVERE ] setting player 1 freeze to -1708449413781
[17:16:53.782] [SEVERE ] setting player 2 freeze to -1708449413782
[17:16:53.793] [SEVERE ] updating countdown to 13737
[17:16:53.794] [SEVERE ] setting player 1 freeze to -1708449413794
[17:16:53.794] [SEVERE ] setting player 2 freeze to -1708449413794
[17:16:53.805] [SEVERE ] updating countdown to 13725
[17:16:53.806] [SEVERE ] setting player 1 freeze to -1708449413806
[17:16:53.807] [SEVERE ] setting player 2 freeze to -1708449413807
[17:16:53.818] [SEVERE ] updating countdown to 13712
[17:16:53.819] [SEVERE ] setting player 1 freeze to -1708449413819
[17:16:53.819] [SEVERE ] setting player 2 freeze to -1708449413819
[17:16:53.830] [SEVERE ] updating countdown to 13700
[17:16:53.831] [SEVERE ] setting player 1 freeze to -1708449413831
[17:16:53.832] [SEVERE ] setting player 2 freeze to -1708449413832
[17:16:53.843] [SEVERE ] updating countdown to 13687
[17:16:53.844] [SEVERE ] setting player 1 freeze to -1708449413844
[17:16:53.844] [SEVERE ] setting player 2 freeze to -1708449413844
[17:16:53.855] [SEVERE ] updating countdown to 13675
[17:16:53.856] [SEVERE ] setting player 1 freeze to -1708449413856
[17:16:53.857] [SEVERE ] setting player 2 freeze to -1708449413857
[17:16:53.867] [SEVERE ] updating countdown to 13663
[17:16:53.868] [SEVERE ] setting player 1 freeze to -1708449413868
[17:16:53.869] [SEVERE ] setting player 2 freeze to -1708449413869
[17:16:53.880] [SEVERE ] updating countdown to 13650
[17:16:53.880] [SEVERE ] setting player 1 freeze to -1708449413880
[17:16:53.880] [SEVERE ] setting player 2 freeze to -1708449413880
[17:16:53.891] [SEVERE ] updating countdown to 13639
[17:16:53.891] [SEVERE ] setting player 1 freeze to -1708449413891
[17:16:53.891] [SEVERE ] setting player 2 freeze to -1708449413891
[17:16:53.901] [SEVERE ] updating countdown to 13629
[17:16:53.902] [SEVERE ] setting player 1 freeze to -1708449413902
[17:16:53.902] [SEVERE ] setting player 2 freeze to -1708449413902
[17:16:53.912] [SEVERE ] updating countdown to 13618
[17:16:53.914] [SEVERE ] setting player 1 freeze to -1708449413914
[17:16:53.915] [SEVERE ] setting player 2 freeze to -1708449413915
[17:16:53.926] [SEVERE ] updating countdown to 13604
[17:16:53.927] [SEVERE ] setting player 1 freeze to -1708449413927
[17:16:53.927] [SEVERE ] setting player 2 freeze to -1708449413927
[17:16:53.938] [SEVERE ] updating countdown to 13592
[17:16:53.939] [SEVERE ] setting player 1 freeze to -1708449413939
[17:16:53.940] [SEVERE ] setting player 2 freeze to -1708449413940
[17:16:53.951] [SEVERE ] updating countdown to 13579
[17:16:53.952] [SEVERE ] setting player 1 freeze to -1708449413952
[17:16:53.953] [SEVERE ] setting player 2 freeze to -1708449413953
[17:16:53.964] [SEVERE ] updating countdown to 13566
[17:16:53.966] [SEVERE ] setting player 1 freeze to -1708449413966
[17:16:53.967] [SEVERE ] setting player 2 freeze to -1708449413967
[17:16:53.978] [SEVERE ] updating countdown to 13552
[17:16:53.979] [SEVERE ] setting player 1 freeze to -1708449413979
[17:16:53.980] [SEVERE ] setting player 2 freeze to -1708449413980
[17:16:53.992] [SEVERE ] updating countdown to 13538
[17:16:53.994] [SEVERE ] setting player 1 freeze to -1708449413994
[17:16:53.995] [SEVERE ] setting player 2 freeze to -1708449413995
[17:16:54.007] [SEVERE ] updating countdown to 13523
[17:16:54.008] [SEVERE ] setting player 1 freeze to -1708449414008
[17:16:54.009] [SEVERE ] setting player 2 freeze to -1708449414009
[17:16:54.021] [SEVERE ] updating countdown to 13509
[17:16:54.023] [SEVERE ] setting player 1 freeze to -1708449414023
[17:16:54.027] [SEVERE ] setting player 2 freeze to -1708449414027
[17:16:54.141] [SEVERE ] updating countdown to 13389
[17:16:54.142] [SEVERE ] setting player 1 freeze to -1708449414142
[17:16:54.142] [SEVERE ] setting player 2 freeze to -1708449414142
[17:16:54.155] [SEVERE ] updating countdown to 13375
[17:16:54.157] [SEVERE ] setting player 1 freeze to -1708449414157
[17:16:54.157] [SEVERE ] setting player 2 freeze to -1708449414157
[17:16:54.168] [SEVERE ] updating countdown to 13362
[17:16:54.169] [SEVERE ] setting player 1 freeze to -1708449414169
[17:16:54.170] [SEVERE ] setting player 2 freeze to -1708449414170
[17:16:54.181] [SEVERE ] updating countdown to 13349
[17:16:54.181] [SEVERE ] setting player 1 freeze to -1708449414181
[17:16:54.182] [SEVERE ] setting player 2 freeze to -1708449414182
[17:16:54.193] [SEVERE ] updating countdown to 13337
[17:16:54.194] [SEVERE ] setting player 1 freeze to -1708449414194
[17:16:54.194] [SEVERE ] setting player 2 freeze to -1708449414194
[17:16:54.206] [SEVERE ] updating countdown to 13324
[17:16:54.207] [SEVERE ] setting player 1 freeze to -1708449414207
[17:16:54.207] [SEVERE ] setting player 2 freeze to -1708449414207
[17:16:54.219] [SEVERE ] updating countdown to 13311
[17:16:54.220] [SEVERE ] setting player 1 freeze to -1708449414220
[17:16:54.220] [SEVERE ] setting player 2 freeze to -1708449414220
[17:16:54.232] [SEVERE ] updating countdown to 13298
[17:16:54.233] [SEVERE ] setting player 1 freeze to -1708449414233
[17:16:54.234] [SEVERE ] setting player 2 freeze to -1708449414234
[17:16:54.245] [SEVERE ] updating countdown to 13285
[17:16:54.246] [SEVERE ] setting player 1 freeze to -1708449414246
[17:16:54.247] [SEVERE ] setting player 2 freeze to -1708449414247
[17:16:54.257] [SEVERE ] updating countdown to 13273
[17:16:54.258] [SEVERE ] setting player 1 freeze to -1708449414258
[17:16:54.259] [SEVERE ] setting player 2 freeze to -1708449414259
[17:16:54.270] [SEVERE ] updating countdown to 13260
[17:16:54.271] [SEVERE ] setting player 1 freeze to -1708449414271
[17:16:54.272] [SEVERE ] setting player 2 freeze to -1708449414272
[17:16:54.282] [SEVERE ] updating countdown to 13248
[17:16:54.283] [SEVERE ] setting player 1 freeze to -1708449414283
[17:16:54.283] [SEVERE ] setting player 2 freeze to -1708449414283
[17:16:54.286] [SEVERE ] key 81 was pressed by player 1
[17:16:54.287] [SEVERE ] player 1 placing token on slot 0
[17:16:54.293] [SEVERE ] updating countdown to 13237
[17:16:54.293] [SEVERE ] setting player 1 freeze to -1708449414293
[17:16:54.294] [SEVERE ] setting player 2 freeze to -1708449414294
[17:16:54.304] [SEVERE ] updating countdown to 13226
[17:16:54.304] [SEVERE ] setting player 1 freeze to -1708449414304
[17:16:54.305] [SEVERE ] setting player 2 freeze to -1708449414305
[17:16:54.315] [SEVERE ] updating countdown to 13215
[17:16:54.316] [SEVERE ] setting player 1 freeze to -1708449414316
[17:16:54.317] [SEVERE ] setting player 2 freeze to -1708449414317
[17:16:54.327] [SEVERE ] updating countdown to 13203
[17:16:54.328] [SEVERE ] setting player 1 freeze to -1708449414328
[17:16:54.329] [SEVERE ] setting player 2 freeze to -1708449414329
[17:16:54.340] [SEVERE ] updating countdown to 13190
[17:16:54.341] [SEVERE ] setting player 1 freeze to -1708449414341
[17:16:54.342] [SEVERE ] setting player 2 freeze to -1708449414342
[17:16:54.353] [SEVERE ] updating countdown to 13177
[17:16:54.354] [SEVERE ] setting player 1 freeze to -1708449414354
[17:16:54.354] [SEVERE ] setting player 2 freeze to -1708449414354
[17:16:54.365] [SEVERE ] updating countdown to 13165
[17:16:54.367] [SEVERE ] setting player 1 freeze to -1708449414367
[17:16:54.367] [SEVERE ] setting player 2 freeze to -1708449414367
[17:16:54.379] [SEVERE ] updating countdown to 13152
[17:16:54.380] [SEVERE ] setting player 1 freeze to -1708449414380
[17:16:54.381] [SEVERE ] setting player 2 freeze to -1708449414381
[17:16:54.391] [SEVERE ] updating countdown to 13139
[17:16:54.392] [SEVERE ] setting player 1 freeze to -1708449414392
[17:16:54.392] [SEVERE ] setting player 2 freeze to -1708449414392
[17:16:54.402] [SEVERE ] updating countdown to 13128
[17:16:54.403] [SEVERE ] setting player 1 freeze to -1708449414403
[17:16:54.403] [SEVERE ] setting player 2 freeze to -1708449414403
[17:16:54.414] [SEVERE ] updating countdown to 13116
[17:16:54.414] [SEVERE ] setting player 1 freeze to -1708449414414
[17:16:54.414] [SEVERE ] setting player 2 freeze to -1708449414414
[17:16:54.425] [SEVERE ] updating countdown to 13105
[17:16:54.425] [SEVERE ] setting player 1 freeze to -1708449414425
[17:16:54.426] [SEVERE ] setting player 2 freeze to -1708449414426
[17:16:54.437] [SEVERE ] updating countdown to 13093
[17:16:54.437] [SEVERE ] setting player 1 freeze to -1708449414437
[17:16:54.439] [SEVERE ] setting player 2 freeze to -1708449414439
[17:16:54.450] [SEVERE ] updating countdown to 13080
[17:16:54.451] [SEVERE ] setting player 1 freeze to -1708449414451
[17:16:54.452] [SEVERE ] setting player 2 freeze to -1708449414452
[17:16:54.463] [SEVERE ] updating countdown to 13067
[17:16:54.465] [SEVERE ] setting player 1 freeze to -1708449414465
[17:16:54.466] [SEVERE ] setting player 2 freeze to -1708449414466
[17:16:54.478] [SEVERE ] updating countdown to 13052
[17:16:54.479] [SEVERE ] setting player 1 freeze to -1708449414479
[17:16:54.480] [SEVERE ] setting player 2 freeze to -1708449414480
[17:16:54.491] [SEVERE ] updating countdown to 13039
[17:16:54.492] [SEVERE ] setting player 1 freeze to -1708449414492
[17:16:54.493] [SEVERE ] setting player 2 freeze to -1708449414493
[17:16:54.504] [SEVERE ] updating countdown to 13026
[17:16:54.505] [SEVERE ] setting player 1 freeze to -1708449414505
[17:16:54.505] [SEVERE ] setting player 2 freeze to -1708449414505
[17:16:54.516] [SEVERE ] updating countdown to 13014
[17:16:54.517] [SEVERE ] setting player 1 freeze to -1708449414517
[17:16:54.517] [SEVERE ] setting player 2 freeze to -1708449414517
[17:16:54.527] [SEVERE ] updating countdown to 13003
[17:16:54.528] [SEVERE ] setting player 1 freeze to -1708449414528
[17:16:54.528] [SEVERE ] setting player 2 freeze to -1708449414528
[17:16:54.539] [SEVERE ] updating countdown to 12991
[17:16:54.540] [SEVERE ] setting player 1 freeze to -1708449414540
[17:16:54.540] [SEVERE ] setting player 2 freeze to -1708449414540
[17:16:54.552] [SEVERE ] updating countdown to 12978
[17:16:54.553] [SEVERE ] setting player 1 freeze to -1708449414553
[17:16:54.554] [SEVERE ] setting player 2 freeze to -1708449414554
[17:16:54.565] [SEVERE ] updating countdown to 12965
[17:16:54.566] [SEVERE ] setting player 1 freeze to -1708449414566
[17:16:54.566] [SEVERE ] setting player 2 freeze to -1708449414566
[17:16:54.577] [SEVERE ] updating countdown to 12953
[17:16:54.578] [SEVERE ] setting player 1 freeze to -1708449414578
[17:16:54.578] [SEVERE ] setting player 2 freeze to -1708449414578
[17:16:54.589] [SEVERE ] updating countdown to 12941
[17:16:54.589] [SEVERE ] setting player 1 freeze to -1708449414589
[17:16:54.589] [SEVERE ] setting player 2 freeze to -1708449414589
[17:16:54.600] [SEVERE ] updating countdown to 12930
[17:16:54.601] [SEVERE ] setting player 1 freeze to -1708449414601
[17:16:54.601] [SEVERE ] setting player 2 freeze to -1708449414601
[17:16:54.612] [SEVERE ] updating countdown to 12918
[17:16:54.613] [SEVERE ] setting player 1 freeze to -1708449414613
[17:16:54.613] [SEVERE ] setting player 2 freeze to -1708449414613
[17:16:54.624] [SEVERE ] updating countdown to 12906
[17:16:54.625] [SEVERE ] setting player 1 freeze to -1708449414625
[17:16:54.626] [SEVERE ] setting player 2 freeze to -1708449414626
[17:16:54.637] [SEVERE ] updating countdown to 12893
[17:16:54.638] [SEVERE ] setting player 1 freeze to -1708449414638
[17:16:54.638] [SEVERE ] setting player 2 freeze to -1708449414638
[17:16:54.649] [SEVERE ] updating countdown to 12881
[17:16:54.649] [SEVERE ] setting player 1 freeze to -1708449414649
[17:16:54.649] [SEVERE ] setting player 2 freeze to -1708449414649
[17:16:54.660] [SEVERE ] updating countdown to 12870
[17:16:54.660] [SEVERE ] setting player 1 freeze to -1708449414660
[17:16:54.661] [SEVERE ] setting player 2 freeze to -1708449414661
[17:16:54.671] [SEVERE ] updating countdown to 12859
[17:16:54.672] [SEVERE ] setting player 1 freeze to -1708449414672
[17:16:54.673] [SEVERE ] setting player 2 freeze to -1708449414673
[17:16:54.684] [SEVERE ] updating countdown to 12846
[17:16:54.685] [SEVERE ] setting player 1 freeze to -1708449414685
[17:16:54.686] [SEVERE ] setting player 2 freeze to -1708449414686
[17:16:54.698] [SEVERE ] updating countdown to 12832
[17:16:54.699] [SEVERE ] setting player 1 freeze to -1708449414699
[17:16:54.699] [SEVERE ] setting player 2 freeze to -1708449414699
[17:16:54.710] [SEVERE ] updating countdown to 12820
[17:16:54.714] [SEVERE ] setting player 1 freeze to -1708449414714
[17:16:54.716] [SEVERE ] setting player 2 freeze to -1708449414716
[17:16:54.726] [SEVERE ] updating countdown to 12804
[17:16:54.727] [SEVERE ] setting player 1 freeze to -1708449414727
[17:16:54.727] [SEVERE ] setting player 2 freeze to -1708449414727
[17:16:54.737] [SEVERE ] updating countdown to 12793
[17:16:54.738] [SEVERE ] setting player 1 freeze to -1708449414738
[17:16:54.738] [SEVERE ] setting player 2 freeze to -1708449414738
[17:16:54.748] [SEVERE ] updating countdown to 12782
[17:16:54.749] [SEVERE ] setting player 1 freeze to -1708449414749
[17:16:54.750] [SEVERE ] setting player 2 freeze to -1708449414750
[17:16:54.761] [SEVERE ] updating countdown to 12769
[17:16:54.762] [SEVERE ] setting player 1 freeze to -1708449414762
[17:16:54.763] [SEVERE ] setting player 2 freeze to -1708449414763
[17:16:54.774] [SEVERE ] updating countdown to 12756
[17:16:54.775] [SEVERE ] setting player 1 freeze to -1708449414775
[17:16:54.776] [SEVERE ] setting player 2 freeze to -1708449414776
[17:16:54.787] [SEVERE ] updating countdown to 12743
[17:16:54.787] [SEVERE ] setting player 1 freeze to -1708449414787
[17:16:54.788] [SEVERE ] setting player 2 freeze to -1708449414788
[17:16:54.800] [SEVERE ] updating countdown to 12730
[17:16:54.801] [SEVERE ] setting player 1 freeze to -1708449414801
[17:16:54.803] [SEVERE ] setting player 2 freeze to -1708449414803
[17:16:54.814] [SEVERE ] updating countdown to 12716
[17:16:54.816] [SEVERE ] setting player 1 freeze to -1708449414816
[17:16:54.816] [SEVERE ] setting player 2 freeze to -1708449414816
[17:16:54.827] [SEVERE ] updating countdown to 12703
[17:16:54.828] [SEVERE ] setting player 1 freeze to -1708449414828
[17:16:54.828] [SEVERE ] setting player 2 freeze to -1708449414828
[17:16:54.839] [SEVERE ] updating countdown to 12691
[17:16:54.839] [SEVERE ] setting player 1 freeze to -1708449414839
[17:16:54.840] [SEVERE ] setting player 2 freeze to -1708449414840
[17:16:54.848] [SEVERE ] key 87 was pressed by player 1
[17:16:54.849] [SEVERE ] player 1 placing token on slot 1
[17:16:54.850] [SEVERE ] updating countdown to 12680
[17:16:54.851] [SEVERE ] setting player 1 freeze to -1708449414851
[17:16:54.851] [SEVERE ] setting player 2 freeze to -1708449414851
[17:16:54.861] [SEVERE ] updating countdown to 12669
[17:16:54.861] [SEVERE ] setting player 1 freeze to -1708449414861
[17:16:54.861] [SEVERE ] setting player 2 freeze to -1708449414861
[17:16:54.872] [SEVERE ] updating countdown to 12658
[17:16:54.872] [SEVERE ] setting player 1 freeze to -1708449414872
[17:16:54.872] [SEVERE ] setting player 2 freeze to -1708449414872
[17:16:54.882] [SEVERE ] updating countdown to 12648
[17:16:54.883] [SEVERE ] setting player 1 freeze to -1708449414883
[17:16:54.883] [SEVERE ] setting player 2 freeze to -1708449414883
[17:16:54.894] [SEVERE ] updating countdown to 12636
[17:16:54.894] [SEVERE ] setting player 1 freeze to -1708449414894
[17:16:54.895] [SEVERE ] setting player 2 freeze to -1708449414895
[17:16:54.905] [SEVERE ] updating countdown to 12625
[17:16:54.906] [SEVERE ] setting player 1 freeze to -1708449414906
[17:16:54.906] [SEVERE ] setting player 2 freeze to -1708449414906
[17:16:54.917] [SEVERE ] updating countdown to 12613
[17:16:54.917] [SEVERE ] setting player 1 freeze to -1708449414917
[17:16:54.917] [SEVERE ] setting player 2 freeze to -1708449414917
[17:16:54.928] [SEVERE ] updating countdown to 12602
[17:16:54.928] [SEVERE ] setting player 1 freeze to -1708449414928
[17:16:54.928] [SEVERE ] setting player 2 freeze to -1708449414928
[17:16:54.939] [SEVERE ] updating countdown to 12591
[17:16:54.939] [SEVERE ] setting player 1 freeze to -1708449414939
[17:16:54.940] [SEVERE ] setting player 2 freeze to -1708449414940
[17:16:54.950] [SEVERE ] updating countdown to 12580
[17:16:54.950] [SEVERE ] setting player 1 freeze to -1708449414950
[17:16:54.951] [SEVERE ] setting player 2 freeze to -1708449414951
[17:16:54.961] [SEVERE ] updating countdown to 12569
[17:16:54.963] [SEVERE ] setting player 1 freeze to -1708449414963
[17:16:54.963] [SEVERE ] setting player 2 freeze to -1708449414963
[17:16:54.974] [SEVERE ] updating countdown to 12556
[17:16:54.975] [SEVERE ] setting player 1 freeze to -1708449414975
[17:16:54.975] [SEVERE ] setting player 2 freeze to -1708449414975
[17:16:54.986] [SEVERE ] updating countdown to 12544
[17:16:54.987] [SEVERE ] setting player 1 freeze to -1708449414987
[17:16:54.988] [SEVERE ] setting player 2 freeze to -1708449414988
[17:16:54.999] [SEVERE ] updating countdown to 12531
[17:16:55.000] [SEVERE ] setting player 1 freeze to -1708449415000
[17:16:55.000] [SEVERE ] setting player 2 freeze to -1708449415000
[17:16:55.012] [SEVERE ] updating countdown to 12518
[17:16:55.013] [SEVERE ] setting player 1 freeze to -1708449415013
[17:16:55.013] [SEVERE ] setting player 2 freeze to -1708449415013
[17:16:55.025] [SEVERE ] updating countdown to 12505
[17:16:55.026] [SEVERE ] setting player 1 freeze to -1708449415026
[17:16:55.026] [SEVERE ] setting player 2 freeze to -1708449415026
[17:16:55.037] [SEVERE ] updating countdown to 12493
[17:16:55.038] [SEVERE ] setting player 1 freeze to -1708449415038
[17:16:55.039] [SEVERE ] setting player 2 freeze to -1708449415039
[17:16:55.049] [SEVERE ] updating countdown to 12481
[17:16:55.050] [SEVERE ] setting player 1 freeze to -1708449415050
[17:16:55.050] [SEVERE ] setting player 2 freeze to -1708449415050
[17:16:55.061] [SEVERE ] updating countdown to 12469
[17:16:55.062] [SEVERE ] setting player 1 freeze to -1708449415062
[17:16:55.063] [SEVERE ] setting player 2 freeze to -1708449415063
[17:16:55.073] [SEVERE ] updating countdown to 12457
[17:16:55.074] [SEVERE ] setting player 1 freeze to -1708449415074
[17:16:55.075] [SEVERE ] setting player 2 freeze to -1708449415075
[17:16:55.085] [SEVERE ] updating countdown to 12445
[17:16:55.086] [SEVERE ] setting player 1 freeze to -1708449415086
[17:16:55.087] [SEVERE ] setting player 2 freeze to -1708449415087
[17:16:55.098] [SEVERE ] updating countdown to 12432
[17:16:55.099] [SEVERE ] setting player 1 freeze to -1708449415099
[17:16:55.099] [SEVERE ] setting player 2 freeze to -1708449415099
[17:16:55.111] [SEVERE ] updating countdown to 12419
[17:16:55.112] [SEVERE ] setting player 1 freeze to -1708449415112
[17:16:55.112] [SEVERE ] setting player 2 freeze to -1708449415112
[17:16:55.123] [SEVERE ] updating countdown to 12407
[17:16:55.124] [SEVERE ] setting player 1 freeze to -1708449415124
[17:16:55.125] [SEVERE ] setting player 2 freeze to -1708449415125
[17:16:55.136] [SEVERE ] updating countdown to 12394
[17:16:55.137] [SEVERE ] setting player 1 freeze to -1708449415137
[17:16:55.137] [SEVERE ] setting player 2 freeze to -1708449415137
[17:16:55.148] [SEVERE ] updating countdown to 12382
[17:16:55.149] [SEVERE ] setting player 1 freeze to -1708449415149
[17:16:55.150] [SEVERE ] setting player 2 freeze to -1708449415150
[17:16:55.162] [SEVERE ] updating countdown to 12368
[17:16:55.163] [SEVERE ] setting player 1 freeze to -1708449415163
[17:16:55.163] [SEVERE ] setting player 2 freeze to -1708449415163
[17:16:55.175] [SEVERE ] updating countdown to 12356
[17:16:55.176] [SEVERE ] setting player 1 freeze to -1708449415176
[17:16:55.177] [SEVERE ] setting player 2 freeze to -1708449415177
[17:16:55.188] [SEVERE ] updating countdown to 12342
[17:16:55.190] [SEVERE ] setting player 1 freeze to -1708449415190
[17:16:55.191] [SEVERE ] setting player 2 freeze to -1708449415191
[17:16:55.202] [SEVERE ] updating countdown to 12328
[17:16:55.203] [SEVERE ] setting player 1 freeze to -1708449415203
[17:16:55.205] [SEVERE ] setting player 2 freeze to -1708449415205
[17:16:55.215] [SEVERE ] updating countdown to 12315
[17:16:55.216] [SEVERE ] setting player 1 freeze to -1708449415216
[17:16:55.217] [SEVERE ] setting player 2 freeze to -1708449415217
[17:16:55.227] [SEVERE ] updating countdown to 12303
[17:16:55.228] [SEVERE ] setting player 1 freeze to -1708449415228
[17:16:55.228] [SEVERE ] setting player 2 freeze to -1708449415228
[17:16:55.239] [SEVERE ] updating countdown to 12291
[17:16:55.244] [SEVERE ] setting player 1 freeze to -1708449415244
[17:16:55.245] [SEVERE ] setting player 2 freeze to -1708449415245
[17:16:55.256] [SEVERE ] updating countdown to 12274
[17:16:55.256] [SEVERE ] setting player 1 freeze to -1708449415256
[17:16:55.256] [SEVERE ] setting player 2 freeze to -1708449415256
[17:16:55.270] [SEVERE ] updating countdown to 12260
[17:16:55.271] [SEVERE ] setting player 1 freeze to -1708449415271
[17:16:55.272] [SEVERE ] setting player 2 freeze to -1708449415272
[17:16:55.283] [SEVERE ] updating countdown to 12247
[17:16:55.284] [SEVERE ] setting player 1 freeze to -1708449415283
[17:16:55.284] [SEVERE ] setting player 2 freeze to -1708449415284
[17:16:55.295] [SEVERE ] updating countdown to 12235
[17:16:55.296] [SEVERE ] setting player 1 freeze to -1708449415296
[17:16:55.296] [SEVERE ] setting player 2 freeze to -1708449415296
[17:16:55.307] [SEVERE ] updating countdown to 12223
[17:16:55.308] [SEVERE ] setting player 1 freeze to -1708449415308
[17:16:55.309] [SEVERE ] setting player 2 freeze to -1708449415309
[17:16:55.320] [SEVERE ] updating countdown to 12210
[17:16:55.321] [SEVERE ] setting player 1 freeze to -1708449415321
[17:16:55.321] [SEVERE ] setting player 2 freeze to -1708449415321
[17:16:55.332] [SEVERE ] updating countdown to 12198
[17:16:55.332] [SEVERE ] setting player 1 freeze to -1708449415332
[17:16:55.333] [SEVERE ] setting player 2 freeze to -1708449415333
[17:16:55.343] [SEVERE ] updating countdown to 12187
[17:16:55.344] [SEVERE ] setting player 1 freeze to -1708449415344
[17:16:55.344] [SEVERE ] setting player 2 freeze to -1708449415344
[17:16:55.355] [SEVERE ] updating countdown to 12175
[17:16:55.356] [SEVERE ] setting player 1 freeze to -1708449415356
[17:16:55.356] [SEVERE ] setting player 2 freeze to -1708449415356
[17:16:55.367] [SEVERE ] updating countdown to 12163
[17:16:55.368] [SEVERE ] setting player 1 freeze to -1708449415368
[17:16:55.369] [SEVERE ] setting player 2 freeze to -1708449415369
[17:16:55.380] [SEVERE ] updating countdown to 12150
[17:16:55.381] [SEVERE ] setting player 1 freeze to -1708449415381
[17:16:55.382] [SEVERE ] setting player 2 freeze to -1708449415382
[17:16:55.394] [SEVERE ] updating countdown to 12136
[17:16:55.396] [SEVERE ] setting player 1 freeze to -1708449415396
[17:16:55.397] [SEVERE ] setting player 2 freeze to -1708449415397
[17:16:55.408] [SEVERE ] updating countdown to 12122
[17:16:55.410] [SEVERE ] setting player 1 freeze to -1708449415410
[17:16:55.411] [SEVERE ] setting player 2 freeze to -1708449415411
[17:16:55.422] [SEVERE ] updating countdown to 12108
[17:16:55.423] [SEVERE ] setting player 1 freeze to -1708449415423
[17:16:55.425] [SEVERE ] setting player 2 freeze to -1708449415425
[17:16:55.436] [SEVERE ] updating countdown to 12094
[17:16:55.438] [SEVERE ] setting player 1 freeze to -1708449415438
[17:16:55.439] [SEVERE ] setting player 2 freeze to -1708449415439
[17:16:55.450] [SEVERE ] updating countdown to 12080
[17:16:55.452] [SEVERE ] setting player 1 freeze to -1708449415452
[17:16:55.453] [SEVERE ] setting player 2 freeze to -1708449415453
[17:16:55.464] [SEVERE ] updating countdown to 12066
[17:16:55.465] [SEVERE ] setting player 1 freeze to -1708449415465
[17:16:55.465] [SEVERE ] setting player 2 freeze to -1708449415465
[17:16:55.476] [SEVERE ] updating countdown to 12054
[17:16:55.477] [SEVERE ] setting player 1 freeze to -1708449415477
[17:16:55.477] [SEVERE ] setting player 2 freeze to -1708449415477
[17:16:55.488] [SEVERE ] updating countdown to 12042
[17:16:55.489] [SEVERE ] setting player 1 freeze to -1708449415489
[17:16:55.490] [SEVERE ] setting player 2 freeze to -1708449415490
[17:16:55.501] [SEVERE ] updating countdown to 12030
[17:16:55.502] [SEVERE ] setting player 1 freeze to -1708449415502
[17:16:55.502] [SEVERE ] setting player 2 freeze to -1708449415502
[17:16:55.513] [SEVERE ] updating countdown to 12017
[17:16:55.514] [SEVERE ] setting player 1 freeze to -1708449415514
[17:16:55.515] [SEVERE ] setting player 2 freeze to -1708449415515
[17:16:55.526] [SEVERE ] updating countdown to 12004
[17:16:55.527] [SEVERE ] setting player 1 freeze to -1708449415527
[17:16:55.527] [SEVERE ] setting player 2 freeze to -1708449415527
[17:16:55.538] [SEVERE ] updating countdown to 11992
[17:16:55.539] [SEVERE ] setting player 1 freeze to -1708449415539
[17:16:55.540] [SEVERE ] setting player 2 freeze to -1708449415540
[17:16:55.551] [SEVERE ] updating countdown to 11979
[17:16:55.552] [SEVERE ] setting player 1 freeze to -1708449415552
[17:16:55.553] [SEVERE ] setting player 2 freeze to -1708449415553
[17:16:55.564] [SEVERE ] updating countdown to 11966
[17:16:55.565] [SEVERE ] setting player 1 freeze to -1708449415565
[17:16:55.566] [SEVERE ] setting player 2 freeze to -1708449415566
[17:16:55.576] [SEVERE ] updating countdown to 11954
[17:16:55.577] [SEVERE ] setting player 1 freeze to -1708449415577
[17:16:55.578] [SEVERE ] setting player 2 freeze to -1708449415578
[17:16:55.589] [SEVERE ] updating countdown to 11941
[17:16:55.589] [SEVERE ] setting player 1 freeze to -1708449415589
[17:16:55.589] [SEVERE ] setting player 2 freeze to -1708449415589
[17:16:55.599] [SEVERE ] updating countdown to 11931
[17:16:55.600] [SEVERE ] setting player 1 freeze to -1708449415600
[17:16:55.600] [SEVERE ] setting player 2 freeze to -1708449415600
[17:16:55.611] [SEVERE ] updating countdown to 11919
[17:16:55.611] [SEVERE ] setting player 1 freeze to -1708449415611
[17:16:55.612] [SEVERE ] setting player 2 freeze to -1708449415612
[17:16:55.623] [SEVERE ] updating countdown to 11907
[17:16:55.624] [SEVERE ] setting player 1 freeze to -1708449415624
[17:16:55.625] [SEVERE ] setting player 2 freeze to -1708449415625
[17:16:55.637] [SEVERE ] updating countdown to 11893
[17:16:55.638] [SEVERE ] setting player 1 freeze to -1708449415638
[17:16:55.639] [SEVERE ] setting player 2 freeze to -1708449415639
[17:16:55.651] [SEVERE ] updating countdown to 11879
[17:16:55.652] [SEVERE ] setting player 1 freeze to -1708449415652
[17:16:55.653] [SEVERE ] setting player 2 freeze to -1708449415653
[17:16:55.664] [SEVERE ] updating countdown to 11866
[17:16:55.665] [SEVERE ] setting player 1 freeze to -1708449415665
[17:16:55.666] [SEVERE ] setting player 2 freeze to -1708449415666
[17:16:55.676] [SEVERE ] updating countdown to 11854
[17:16:55.677] [SEVERE ] setting player 1 freeze to -1708449415677
[17:16:55.678] [SEVERE ] setting player 2 freeze to -1708449415678
[17:16:55.689] [SEVERE ] updating countdown to 11841
[17:16:55.690] [SEVERE ] setting player 1 freeze to -1708449415690
[17:16:55.690] [SEVERE ] setting player 2 freeze to -1708449415690
[17:16:55.701] [SEVERE ] updating countdown to 11829
[17:16:55.702] [SEVERE ] setting player 1 freeze to -1708449415702
[17:16:55.702] [SEVERE ] setting player 2 freeze to -1708449415702
[17:16:55.713] [SEVERE ] updating countdown to 11817
[17:16:55.714] [SEVERE ] setting player 1 freeze to -1708449415714
[17:16:55.723] [SEVERE ] setting player 2 freeze to -1708449415723
[17:16:55.734] [SEVERE ] updating countdown to 11796
[17:16:55.734] [SEVERE ] setting player 1 freeze to -1708449415734
[17:16:55.734] [SEVERE ] setting player 2 freeze to -1708449415734
[17:16:55.745] [SEVERE ] updating countdown to 11785
[17:16:55.746] [SEVERE ] setting player 1 freeze to -1708449415746
[17:16:55.746] [SEVERE ] setting player 2 freeze to -1708449415746
[17:16:55.756] [SEVERE ] updating countdown to 11774
[17:16:55.757] [SEVERE ] setting player 1 freeze to -1708449415757
[17:16:55.757] [SEVERE ] setting player 2 freeze to -1708449415757
[17:16:55.768] [SEVERE ] updating countdown to 11762
[17:16:55.769] [SEVERE ] setting player 1 freeze to -1708449415769
[17:16:55.769] [SEVERE ] setting player 2 freeze to -1708449415769
[17:16:55.780] [SEVERE ] updating countdown to 11750
[17:16:55.781] [SEVERE ] setting player 1 freeze to -1708449415781
[17:16:55.782] [SEVERE ] setting player 2 freeze to -1708449415782
[17:16:55.793] [SEVERE ] updating countdown to 11737
[17:16:55.794] [SEVERE ] setting player 1 freeze to -1708449415794
[17:16:55.794] [SEVERE ] setting player 2 freeze to -1708449415794
[17:16:55.805] [SEVERE ] updating countdown to 11725
[17:16:55.806] [SEVERE ] setting player 1 freeze to -1708449415806
[17:16:55.807] [SEVERE ] setting player 2 freeze to -1708449415807
[17:16:55.817] [SEVERE ] updating countdown to 11713
[17:16:55.818] [SEVERE ] setting player 1 freeze to -1708449415818
[17:16:55.819] [SEVERE ] setting player 2 freeze to -1708449415819
[17:16:55.830] [SEVERE ] updating countdown to 11700
[17:16:55.831] [SEVERE ] setting player 1 freeze to -1708449415831
[17:16:55.831] [SEVERE ] setting player 2 freeze to -1708449415831
[17:16:55.842] [SEVERE ] updating countdown to 11688
[17:16:55.843] [SEVERE ] setting player 1 freeze to -1708449415843
[17:16:55.844] [SEVERE ] setting player 2 freeze to -1708449415844
[17:16:55.855] [SEVERE ] updating countdown to 11675
[17:16:55.856] [SEVERE ] setting player 1 freeze to -1708449415856
[17:16:55.856] [SEVERE ] setting player 2 freeze to -1708449415856
[17:16:55.867] [SEVERE ] updating countdown to 11663
[17:16:55.868] [SEVERE ] setting player 1 freeze to -1708449415868
[17:16:55.868] [SEVERE ] setting player 2 freeze to -1708449415868
[17:16:55.878] [SEVERE ] updating countdown to 11652
[17:16:55.879] [SEVERE ] setting player 1 freeze to -1708449415879
[17:16:55.880] [SEVERE ] setting player 2 freeze to -1708449415880
[17:16:55.891] [SEVERE ] updating countdown to 11639
[17:16:55.892] [SEVERE ] setting player 1 freeze to -1708449415892
[17:16:55.893] [SEVERE ] setting player 2 freeze to -1708449415893
[17:16:55.903] [SEVERE ] updating countdown to 11627
[17:16:55.904] [SEVERE ] setting player 1 freeze to -1708449415904
[17:16:55.904] [SEVERE ] setting player 2 freeze to -1708449415904
[17:16:55.905] [SEVERE ] key 87 was pressed by player 1
[17:16:55.905] [SEVERE ] removing player 1 token from slot 1
[17:16:55.914] [SEVERE ] updating countdown to 11616
[17:16:55.915] [SEVERE ] setting player 1 freeze to -1708449415915
[17:16:55.915] [SEVERE ] setting player 2 freeze to -1708449415915
[17:16:55.925] [SEVERE ] updating countdown to 11605
[17:16:55.926] [SEVERE ] setting player 1 freeze to -1708449415926
[17:16:55.926] [SEVERE ] setting player 2 freeze to -1708449415926
[17:16:55.936] [SEVERE ] updating countdown to 11594
[17:16:55.936] [SEVERE ] setting player 1 freeze to -1708449415936
[17:16:55.937] [SEVERE ] setting player 2 freeze to -1708449415937
[17:16:55.947] [SEVERE ] updating countdown to 11583
[17:16:55.948] [SEVERE ] setting player 1 freeze to -1708449415948
[17:16:55.948] [SEVERE ] setting player 2 freeze to -1708449415948
[17:16:55.959] [SEVERE ] updating countdown to 11571
[17:16:55.960] [SEVERE ] setting player 1 freeze to -1708449415960
[17:16:55.960] [SEVERE ] setting player 2 freeze to -1708449415960
[17:16:55.971] [SEVERE ] updating countdown to 11559
[17:16:55.971] [SEVERE ] setting player 1 freeze to -1708449415971
[17:16:55.972] [SEVERE ] setting player 2 freeze to -1708449415972
[17:16:55.983] [SEVERE ] updating countdown to 11547
[17:16:55.983] [SEVERE ] setting player 1 freeze to -1708449415983
[17:16:55.984] [SEVERE ] setting player 2 freeze to -1708449415984
[17:16:55.995] [SEVERE ] updating countdown to 11535
[17:16:55.996] [SEVERE ] setting player 1 freeze to -1708449415996
[17:16:55.996] [SEVERE ] setting player 2 freeze to -1708449415996
[17:16:56.007] [SEVERE ] updating countdown to 11523
[17:16:56.007] [SEVERE ] setting player 1 freeze to -1708449416007
[17:16:56.008] [SEVERE ] setting player 2 freeze to -1708449416008
[17:16:56.018] [SEVERE ] updating countdown to 11512
[17:16:56.020] [SEVERE ] setting player 1 freeze to -1708449416020
[17:16:56.020] [SEVERE ] setting player 2 freeze to -1708449416020
[17:16:56.032] [SEVERE ] updating countdown to 11498
[17:16:56.033] [SEVERE ] setting player 1 freeze to -1708449416033
[17:16:56.033] [SEVERE ] setting player 2 freeze to -1708449416033
[17:16:56.043] [SEVERE ] updating countdown to 11487
[17:16:56.044] [SEVERE ] setting player 1 freeze to -1708449416044
[17:16:56.044] [SEVERE ] setting player 2 freeze to -1708449416044
[17:16:56.054] [SEVERE ] updating countdown to 11476
[17:16:56.054] [SEVERE ] setting player 1 freeze to -1708449416054
[17:16:56.054] [SEVERE ] setting player 2 freeze to -1708449416054
[17:16:56.065] [SEVERE ] updating countdown to 11465
[17:16:56.065] [SEVERE ] setting player 1 freeze to -1708449416065
[17:16:56.066] [SEVERE ] setting player 2 freeze to -1708449416065
[17:16:56.076] [SEVERE ] updating countdown to 11454
[17:16:56.077] [SEVERE ] setting player 1 freeze to -1708449416077
[17:16:56.078] [SEVERE ] setting player 2 freeze to -1708449416078
[17:16:56.089] [SEVERE ] updating countdown to 11441
[17:16:56.089] [SEVERE ] setting player 1 freeze to -1708449416089
[17:16:56.090] [SEVERE ] setting player 2 freeze to -1708449416090
[17:16:56.100] [SEVERE ] updating countdown to 11430
[17:16:56.101] [SEVERE ] setting player 1 freeze to -1708449416101
[17:16:56.101] [SEVERE ] setting player 2 freeze to -1708449416101
[17:16:56.111] [SEVERE ] updating countdown to 11419
[17:16:56.112] [SEVERE ] setting player 1 freeze to -1708449416112
[17:16:56.112] [SEVERE ] setting player 2 freeze to -1708449416112
[17:16:56.123] [SEVERE ] updating countdown to 11407
[17:16:56.124] [SEVERE ] setting player 1 freeze to -1708449416124
[17:16:56.124] [SEVERE ] setting player 2 freeze to -1708449416124
[17:16:56.135] [SEVERE ] updating countdown to 11395
[17:16:56.136] [SEVERE ] setting player 1 freeze to -1708449416136
[17:16:56.136] [SEVERE ] setting player 2 freeze to -1708449416136
[17:16:56.147] [SEVERE ] updating countdown to 11383
[17:16:56.148] [SEVERE ] setting player 1 freeze to -1708449416148
[17:16:56.149] [SEVERE ] setting player 2 freeze to -1708449416149
[17:16:56.160] [SEVERE ] updating countdown to 11370
[17:16:56.161] [SEVERE ] setting player 1 freeze to -1708449416161
[17:16:56.161] [SEVERE ] setting player 2 freeze to -1708449416161
[17:16:56.172] [SEVERE ] updating countdown to 11358
[17:16:56.173] [SEVERE ] setting player 1 freeze to -1708449416173
[17:16:56.174] [SEVERE ] setting player 2 freeze to -1708449416174
[17:16:56.185] [SEVERE ] updating countdown to 11345
[17:16:56.185] [SEVERE ] setting player 1 freeze to -1708449416185
[17:16:56.186] [SEVERE ] setting player 2 freeze to -1708449416186
[17:16:56.197] [SEVERE ] updating countdown to 11333
[17:16:56.198] [SEVERE ] setting player 1 freeze to -1708449416198
[17:16:56.199] [SEVERE ] setting player 2 freeze to -1708449416199
[17:16:56.209] [SEVERE ] updating countdown to 11321
[17:16:56.210] [SEVERE ] setting player 1 freeze to -1708449416210
[17:16:56.211] [SEVERE ] setting player 2 freeze to -1708449416211
[17:16:56.223] [SEVERE ] updating countdown to 11307
[17:16:56.224] [SEVERE ] setting player 1 freeze to -1708449416224
[17:16:56.224] [SEVERE ] setting player 2 freeze to -1708449416224
[17:16:56.235] [SEVERE ] updating countdown to 11295
[17:16:56.237] [SEVERE ] setting player 1 freeze to -1708449416237
[17:16:56.238] [SEVERE ] setting player 2 freeze to -1708449416238
[17:16:56.350] [SEVERE ] updating countdown to 11180
[17:16:56.351] [SEVERE ] setting player 1 freeze to -1708449416351
[17:16:56.351] [SEVERE ] setting player 2 freeze to -1708449416351
[17:16:56.362] [SEVERE ] updating countdown to 11168
[17:16:56.363] [SEVERE ] setting player 1 freeze to -1708449416363
[17:16:56.364] [SEVERE ] setting player 2 freeze to -1708449416364
[17:16:56.375] [SEVERE ] updating countdown to 11155
[17:16:56.377] [SEVERE ] setting player 1 freeze to -1708449416377
[17:16:56.377] [SEVERE ] setting player 2 freeze to -1708449416377
[17:16:56.389] [SEVERE ] updating countdown to 11141
[17:16:56.397] [SEVERE ] setting player 1 freeze to -1708449416397
[17:16:56.399] [SEVERE ] setting player 2 freeze to -1708449416399
[17:16:56.406] [SEVERE ] key 87 was pressed by player 1
[17:16:56.406] [SEVERE ] player 1 placing token on slot 1
[17:16:56.409] [SEVERE ] updating countdown to 11121
[17:16:56.410] [SEVERE ] setting player 1 freeze to -1708449416410
[17:16:56.410] [SEVERE ] setting player 2 freeze to -1708449416410
[17:16:56.420] [SEVERE ] updating countdown to 11110
[17:16:56.420] [SEVERE ] setting player 1 freeze to -1708449416420
[17:16:56.421] [SEVERE ] setting player 2 freeze to -1708449416421
[17:16:56.431] [SEVERE ] updating countdown to 11099
[17:16:56.432] [SEVERE ] setting player 1 freeze to -1708449416432
[17:16:56.432] [SEVERE ] setting player 2 freeze to -1708449416432
[17:16:56.443] [SEVERE ] updating countdown to 11087
[17:16:56.444] [SEVERE ] setting player 1 freeze to -1708449416444
[17:16:56.445] [SEVERE ] setting player 2 freeze to -1708449416445
[17:16:56.456] [SEVERE ] updating countdown to 11074
[17:16:56.457] [SEVERE ] setting player 1 freeze to -1708449416457
[17:16:56.458] [SEVERE ] setting player 2 freeze to -1708449416458
[17:16:56.470] [SEVERE ] updating countdown to 11060
[17:16:56.471] [SEVERE ] setting player 1 freeze to -1708449416471
[17:16:56.472] [SEVERE ] setting player 2 freeze to -1708449416472
[17:16:56.483] [SEVERE ] updating countdown to 11047
[17:16:56.485] [SEVERE ] setting player 1 freeze to -1708449416485
[17:16:56.485] [SEVERE ] setting player 2 freeze to -1708449416485
[17:16:56.497] [SEVERE ] updating countdown to 11033
[17:16:56.498] [SEVERE ] setting player 1 freeze to -1708449416498
[17:16:56.499] [SEVERE ] setting player 2 freeze to -1708449416499
[17:16:56.510] [SEVERE ] updating countdown to 11020
[17:16:56.511] [SEVERE ] setting player 1 freeze to -1708449416511
[17:16:56.512] [SEVERE ] setting player 2 freeze to -1708449416512
[17:16:56.523] [SEVERE ] updating countdown to 11007
[17:16:56.523] [SEVERE ] setting player 1 freeze to -1708449416523
[17:16:56.524] [SEVERE ] setting player 2 freeze to -1708449416524
[17:16:56.534] [SEVERE ] updating countdown to 10996
[17:16:56.535] [SEVERE ] setting player 1 freeze to -1708449416535
[17:16:56.535] [SEVERE ] setting player 2 freeze to -1708449416535
[17:16:56.545] [SEVERE ] updating countdown to 10985
[17:16:56.546] [SEVERE ] setting player 1 freeze to -1708449416546
[17:16:56.546] [SEVERE ] setting player 2 freeze to -1708449416546
[17:16:56.556] [SEVERE ] updating countdown to 10974
[17:16:56.557] [SEVERE ] setting player 1 freeze to -1708449416557
[17:16:56.557] [SEVERE ] setting player 2 freeze to -1708449416557
[17:16:56.568] [SEVERE ] updating countdown to 10962
[17:16:56.568] [SEVERE ] setting player 1 freeze to -1708449416568
[17:16:56.569] [SEVERE ] setting player 2 freeze to -1708449416569
[17:16:56.579] [SEVERE ] updating countdown to 10951
[17:16:56.580] [SEVERE ] setting player 1 freeze to -1708449416580
[17:16:56.581] [SEVERE ] setting player 2 freeze to -1708449416581
[17:16:56.592] [SEVERE ] updating countdown to 10938
[17:16:56.593] [SEVERE ] setting player 1 freeze to -1708449416593
[17:16:56.593] [SEVERE ] setting player 2 freeze to -1708449416593
[17:16:56.604] [SEVERE ] updating countdown to 10926
[17:16:56.605] [SEVERE ] setting player 1 freeze to -1708449416605
[17:16:56.606] [SEVERE ] setting player 2 freeze to -1708449416606
[17:16:56.617] [SEVERE ] updating countdown to 10913
[17:16:56.618] [SEVERE ] setting player 1 freeze to -1708449416618
[17:16:56.618] [SEVERE ] setting player 2 freeze to -1708449416618
[17:16:56.629] [SEVERE ] updating countdown to 10901
[17:16:56.630] [SEVERE ] setting player 1 freeze to -1708449416630
[17:16:56.630] [SEVERE ] setting player 2 freeze to -1708449416630
[17:16:56.641] [SEVERE ] updating countdown to 10889
[17:16:56.642] [SEVERE ] setting player 1 freeze to -1708449416642
[17:16:56.642] [SEVERE ] setting player 2 freeze to -1708449416642
[17:16:56.653] [SEVERE ] updating countdown to 10877
[17:16:56.653] [SEVERE ] setting player 1 freeze to -1708449416653
[17:16:56.654] [SEVERE ] setting player 2 freeze to -1708449416654
[17:16:56.665] [SEVERE ] updating countdown to 10865
[17:16:56.665] [SEVERE ] setting player 1 freeze to -1708449416665
[17:16:56.667] [SEVERE ] setting player 2 freeze to -1708449416667
[17:16:56.682] [SEVERE ] updating countdown to 10848
[17:16:56.688] [SEVERE ] setting player 1 freeze to -1708449416688
[17:16:56.688] [SEVERE ] setting player 2 freeze to -1708449416688
[17:16:56.699] [SEVERE ] updating countdown to 10831
[17:16:56.700] [SEVERE ] setting player 1 freeze to -1708449416700
[17:16:56.700] [SEVERE ] setting player 2 freeze to -1708449416700
[17:16:56.710] [SEVERE ] updating countdown to 10820
[17:16:56.710] [SEVERE ] setting player 1 freeze to -1708449416710
[17:16:56.710] [SEVERE ] setting player 2 freeze to -1708449416710
[17:16:56.721] [SEVERE ] updating countdown to 10809
[17:16:56.722] [SEVERE ] setting player 1 freeze to -1708449416722
[17:16:56.723] [SEVERE ] setting player 2 freeze to -1708449416723
[17:16:56.733] [SEVERE ] updating countdown to 10797
[17:16:56.733] [SEVERE ] setting player 1 freeze to -1708449416733
[17:16:56.734] [SEVERE ] setting player 2 freeze to -1708449416734
[17:16:56.744] [SEVERE ] updating countdown to 10786
[17:16:56.744] [SEVERE ] setting player 1 freeze to -1708449416744
[17:16:56.744] [SEVERE ] setting player 2 freeze to -1708449416744
[17:16:56.754] [SEVERE ] updating countdown to 10776
[17:16:56.759] [SEVERE ] setting player 1 freeze to -1708449416759
[17:16:56.759] [SEVERE ] setting player 2 freeze to -1708449416759
[17:16:56.769] [SEVERE ] updating countdown to 10761
[17:16:56.770] [SEVERE ] setting player 1 freeze to -1708449416770
[17:16:56.770] [SEVERE ] setting player 2 freeze to -1708449416770
[17:16:56.780] [SEVERE ] updating countdown to 10750
[17:16:56.781] [SEVERE ] setting player 1 freeze to -1708449416781
[17:16:56.781] [SEVERE ] setting player 2 freeze to -1708449416781
[17:16:56.792] [SEVERE ] updating countdown to 10738
[17:16:56.792] [SEVERE ] setting player 1 freeze to -1708449416792
[17:16:56.793] [SEVERE ] setting player 2 freeze to -1708449416793
[17:16:56.803] [SEVERE ] updating countdown to 10727
[17:16:56.804] [SEVERE ] setting player 1 freeze to -1708449416804
[17:16:56.804] [SEVERE ] setting player 2 freeze to -1708449416804
[17:16:56.815] [SEVERE ] updating countdown to 10715
[17:16:56.816] [SEVERE ] setting player 1 freeze to -1708449416816
[17:16:56.816] [SEVERE ] setting player 2 freeze to -1708449416816
[17:16:56.826] [SEVERE ] updating countdown to 10704
[17:16:56.827] [SEVERE ] setting player 1 freeze to -1708449416827
[17:16:56.828] [SEVERE ] setting player 2 freeze to -1708449416828
[17:16:56.838] [SEVERE ] updating countdown to 10692
[17:16:56.838] [SEVERE ] setting player 1 freeze to -1708449416838
[17:16:56.838] [SEVERE ] setting player 2 freeze to -1708449416838
[17:16:56.849] [SEVERE ] updating countdown to 10681
[17:16:56.849] [SEVERE ] setting player 1 freeze to -1708449416849
[17:16:56.850] [SEVERE ] setting player 2 freeze to -1708449416850
[17:16:56.861] [SEVERE ] key 87 was pressed by player 1
[17:16:56.861] [SEVERE ] updating countdown to 10669
[17:16:56.862] [SEVERE ] removing player 1 token from slot 1
[17:16:56.874] [SEVERE ] setting player 1 freeze to -1708449416874
[17:16:56.877] [SEVERE ] setting player 2 freeze to -1708449416877
[17:16:56.888] [SEVERE ] updating countdown to 10642
[17:16:56.888] [SEVERE ] setting player 1 freeze to -1708449416888
[17:16:56.889] [SEVERE ] setting player 2 freeze to -1708449416889
[17:16:56.900] [SEVERE ] updating countdown to 10630
[17:16:56.901] [SEVERE ] setting player 1 freeze to -1708449416901
[17:16:56.902] [SEVERE ] setting player 2 freeze to -1708449416902
[17:16:56.913] [SEVERE ] updating countdown to 10617
[17:16:56.914] [SEVERE ] setting player 1 freeze to -1708449416914
[17:16:56.915] [SEVERE ] setting player 2 freeze to -1708449416915
[17:16:56.927] [SEVERE ] updating countdown to 10603
[17:16:56.929] [SEVERE ] setting player 1 freeze to -1708449416929
[17:16:56.930] [SEVERE ] setting player 2 freeze to -1708449416930
[17:16:56.942] [SEVERE ] updating countdown to 10588
[17:16:56.944] [SEVERE ] setting player 1 freeze to -1708449416944
[17:16:56.946] [SEVERE ] setting player 2 freeze to -1708449416946
[17:16:56.958] [SEVERE ] updating countdown to 10572
[17:16:56.960] [SEVERE ] setting player 1 freeze to -1708449416960
[17:16:56.962] [SEVERE ] setting player 2 freeze to -1708449416962
[17:16:56.974] [SEVERE ] updating countdown to 10556
[17:16:56.974] [SEVERE ] setting player 1 freeze to -1708449416974
[17:16:56.975] [SEVERE ] setting player 2 freeze to -1708449416975
[17:16:56.985] [SEVERE ] updating countdown to 10545
[17:16:56.985] [SEVERE ] setting player 1 freeze to -1708449416985
[17:16:56.985] [SEVERE ] setting player 2 freeze to -1708449416985
[17:16:56.996] [SEVERE ] updating countdown to 10534
[17:16:56.996] [SEVERE ] setting player 1 freeze to -1708449416996
[17:16:56.996] [SEVERE ] setting player 2 freeze to -1708449416996
[17:16:57.006] [SEVERE ] updating countdown to 10524
[17:16:57.008] [SEVERE ] setting player 1 freeze to -1708449417008
[17:16:57.008] [SEVERE ] setting player 2 freeze to -1708449417008
[17:16:57.020] [SEVERE ] updating countdown to 10510
[17:16:57.021] [SEVERE ] setting player 1 freeze to -1708449417021
[17:16:57.021] [SEVERE ] setting player 2 freeze to -1708449417021
[17:16:57.033] [SEVERE ] updating countdown to 10497
[17:16:57.034] [SEVERE ] setting player 1 freeze to -1708449417034
[17:16:57.035] [SEVERE ] setting player 2 freeze to -1708449417035
[17:16:57.046] [SEVERE ] updating countdown to 10484
[17:16:57.048] [SEVERE ] setting player 1 freeze to -1708449417048
[17:16:57.049] [SEVERE ] setting player 2 freeze to -1708449417049
[17:16:57.060] [SEVERE ] updating countdown to 10470
[17:16:57.060] [SEVERE ] setting player 1 freeze to -1708449417060
[17:16:57.061] [SEVERE ] setting player 2 freeze to -1708449417061
[17:16:57.068] [SEVERE ] key 87 was pressed by player 1
[17:16:57.068] [SEVERE ] player 1 placing token on slot 1
[17:16:57.071] [SEVERE ] updating countdown to 10459
[17:16:57.072] [SEVERE ] setting player 1 freeze to -1708449417072
[17:16:57.072] [SEVERE ] setting player 2 freeze to -1708449417072
[17:16:57.082] [SEVERE ] updating countdown to 10448
[17:16:57.083] [SEVERE ] setting player 1 freeze to -1708449417083
[17:16:57.083] [SEVERE ] setting player 2 freeze to -1708449417083
[17:16:57.093] [SEVERE ] updating countdown to 10437
[17:16:57.093] [SEVERE ] setting player 1 freeze to -1708449417093
[17:16:57.094] [SEVERE ] setting player 2 freeze to -1708449417094
[17:16:57.104] [SEVERE ] updating countdown to 10426
[17:16:57.104] [SEVERE ] setting player 1 freeze to -1708449417104
[17:16:57.104] [SEVERE ] setting player 2 freeze to -1708449417104
[17:16:57.114] [SEVERE ] updating countdown to 10416
[17:16:57.115] [SEVERE ] setting player 1 freeze to -1708449417115
[17:16:57.115] [SEVERE ] setting player 2 freeze to -1708449417115
[17:16:57.125] [SEVERE ] updating countdown to 10405
[17:16:57.125] [SEVERE ] setting player 1 freeze to -1708449417125
[17:16:57.125] [SEVERE ] setting player 2 freeze to -1708449417125
[17:16:57.136] [SEVERE ] updating countdown to 10394
[17:16:57.136] [SEVERE ] setting player 1 freeze to -1708449417136
[17:16:57.136] [SEVERE ] setting player 2 freeze to -1708449417136
[17:16:57.147] [SEVERE ] updating countdown to 10383
[17:16:57.147] [SEVERE ] setting player 1 freeze to -1708449417147
[17:16:57.147] [SEVERE ] setting player 2 freeze to -1708449417147
[17:16:57.158] [SEVERE ] updating countdown to 10372
[17:16:57.158] [SEVERE ] setting player 1 freeze to -1708449417158
[17:16:57.158] [SEVERE ] setting player 2 freeze to -1708449417158
[17:16:57.168] [SEVERE ] updating countdown to 10362
[17:16:57.168] [SEVERE ] setting player 1 freeze to -1708449417168
[17:16:57.169] [SEVERE ] setting player 2 freeze to -1708449417169
[17:16:57.179] [SEVERE ] updating countdown to 10351
[17:16:57.179] [SEVERE ] setting player 1 freeze to -1708449417179
[17:16:57.180] [SEVERE ] setting player 2 freeze to -1708449417180
[17:16:57.190] [SEVERE ] updating countdown to 10340
[17:16:57.190] [SEVERE ] setting player 1 freeze to -1708449417190
[17:16:57.190] [SEVERE ] setting player 2 freeze to -1708449417190
[17:16:57.201] [SEVERE ] updating countdown to 10330
[17:16:57.201] [SEVERE ] setting player 1 freeze to -1708449417201
[17:16:57.201] [SEVERE ] setting player 2 freeze to -1708449417201
[17:16:57.211] [SEVERE ] updating countdown to 10319
[17:16:57.212] [SEVERE ] setting player 1 freeze to -1708449417212
[17:16:57.213] [SEVERE ] setting player 2 freeze to -1708449417213
[17:16:57.223] [SEVERE ] updating countdown to 10307
[17:16:57.224] [SEVERE ] setting player 1 freeze to -1708449417224
[17:16:57.224] [SEVERE ] setting player 2 freeze to -1708449417224
[17:16:57.235] [SEVERE ] updating countdown to 10295
[17:16:57.236] [SEVERE ] setting player 1 freeze to -1708449417236
[17:16:57.236] [SEVERE ] setting player 2 freeze to -1708449417236
[17:16:57.247] [SEVERE ] updating countdown to 10283
[17:16:57.248] [SEVERE ] setting player 1 freeze to -1708449417248
[17:16:57.249] [SEVERE ] setting player 2 freeze to -1708449417249
[17:16:57.260] [SEVERE ] updating countdown to 10270
[17:16:57.264] [SEVERE ] setting player 1 freeze to -1708449417264
[17:16:57.264] [SEVERE ] setting player 2 freeze to -1708449417264
[17:16:57.275] [SEVERE ] updating countdown to 10255
[17:16:57.276] [SEVERE ] setting player 1 freeze to -1708449417276
[17:16:57.276] [SEVERE ] setting player 2 freeze to -1708449417276
[17:16:57.287] [SEVERE ] updating countdown to 10243
[17:16:57.288] [SEVERE ] setting player 1 freeze to -1708449417288
[17:16:57.288] [SEVERE ] setting player 2 freeze to -1708449417288
[17:16:57.299] [SEVERE ] updating countdown to 10231
[17:16:57.300] [SEVERE ] setting player 1 freeze to -1708449417300
[17:16:57.300] [SEVERE ] setting player 2 freeze to -1708449417300
[17:16:57.311] [SEVERE ] updating countdown to 10219
[17:16:57.312] [SEVERE ] setting player 1 freeze to -1708449417312
[17:16:57.318] [SEVERE ] setting player 2 freeze to -1708449417318
[17:16:57.329] [SEVERE ] updating countdown to 10201
[17:16:57.330] [SEVERE ] setting player 1 freeze to -1708449417330
[17:16:57.331] [SEVERE ] setting player 2 freeze to -1708449417331
[17:16:57.342] [SEVERE ] updating countdown to 10188
[17:16:57.342] [SEVERE ] setting player 1 freeze to -1708449417342
[17:16:57.343] [SEVERE ] setting player 2 freeze to -1708449417343
[17:16:57.354] [SEVERE ] updating countdown to 10176
[17:16:57.355] [SEVERE ] setting player 1 freeze to -1708449417355
[17:16:57.355] [SEVERE ] setting player 2 freeze to -1708449417355
[17:16:57.366] [SEVERE ] updating countdown to 10164
[17:16:57.367] [SEVERE ] setting player 1 freeze to -1708449417367
[17:16:57.367] [SEVERE ] setting player 2 freeze to -1708449417367
[17:16:57.378] [SEVERE ] updating countdown to 10152
[17:16:57.378] [SEVERE ] setting player 1 freeze to -1708449417378
[17:16:57.379] [SEVERE ] setting player 2 freeze to -1708449417379
[17:16:57.390] [SEVERE ] updating countdown to 10140
[17:16:57.391] [SEVERE ] setting player 1 freeze to -1708449417391
[17:16:57.392] [SEVERE ] setting player 2 freeze to -1708449417392
[17:16:57.402] [SEVERE ] updating countdown to 10128
[17:16:57.403] [SEVERE ] setting player 1 freeze to -1708449417403
[17:16:57.403] [SEVERE ] setting player 2 freeze to -1708449417403
[17:16:57.413] [SEVERE ] updating countdown to 10117
[17:16:57.413] [SEVERE ] setting player 1 freeze to -1708449417413
[17:16:57.413] [SEVERE ] setting player 2 freeze to -1708449417413
[17:16:57.424] [SEVERE ] updating countdown to 10106
[17:16:57.424] [SEVERE ] setting player 1 freeze to -1708449417424
[17:16:57.424] [SEVERE ] setting player 2 freeze to -1708449417424
[17:16:57.435] [SEVERE ] updating countdown to 10095
[17:16:57.435] [SEVERE ] setting player 1 freeze to -1708449417435
[17:16:57.435] [SEVERE ] setting player 2 freeze to -1708449417435
[17:16:57.446] [SEVERE ] updating countdown to 10084
[17:16:57.446] [SEVERE ] setting player 1 freeze to -1708449417446
[17:16:57.447] [SEVERE ] setting player 2 freeze to -1708449417447
[17:16:57.457] [SEVERE ] updating countdown to 10073
[17:16:57.457] [SEVERE ] setting player 1 freeze to -1708449417457
[17:16:57.458] [SEVERE ] setting player 2 freeze to -1708449417458
[17:16:57.468] [SEVERE ] updating countdown to 10062
[17:16:57.469] [SEVERE ] setting player 1 freeze to -1708449417469
[17:16:57.469] [SEVERE ] setting player 2 freeze to -1708449417469
[17:16:57.480] [SEVERE ] updating countdown to 10050
[17:16:57.480] [SEVERE ] setting player 1 freeze to -1708449417480
[17:16:57.485] [SEVERE ] setting player 2 freeze to -1708449417485
[17:16:57.496] [SEVERE ] updating countdown to 10034
[17:16:57.496] [SEVERE ] setting player 1 freeze to -1708449417496
[17:16:57.496] [SEVERE ] setting player 2 freeze to -1708449417496
[17:16:57.507] [SEVERE ] updating countdown to 10023
[17:16:57.508] [SEVERE ] setting player 1 freeze to -1708449417508
[17:16:57.509] [SEVERE ] setting player 2 freeze to -1708449417509
[17:16:57.519] [SEVERE ] updating countdown to 10011
[17:16:57.521] [SEVERE ] setting player 1 freeze to -1708449417521
[17:16:57.522] [SEVERE ] setting player 2 freeze to -1708449417522
[17:16:57.533] [SEVERE ] updating countdown to 9997
[17:16:57.535] [SEVERE ] setting player 1 freeze to -1708449417535
[17:16:57.536] [SEVERE ] setting player 2 freeze to -1708449417536
[17:16:57.547] [SEVERE ] updating countdown to 9983
[17:16:57.548] [SEVERE ] setting player 1 freeze to -1708449417548
[17:16:57.550] [SEVERE ] setting player 2 freeze to -1708449417550
[17:16:57.561] [SEVERE ] updating countdown to 9969
[17:16:57.562] [SEVERE ] setting player 1 freeze to -1708449417562
[17:16:57.563] [SEVERE ] setting player 2 freeze to -1708449417563
[17:16:57.574] [SEVERE ] updating countdown to 9956
[17:16:57.575] [SEVERE ] setting player 1 freeze to -1708449417575
[17:16:57.576] [SEVERE ] setting player 2 freeze to -1708449417576
[17:16:57.588] [SEVERE ] updating countdown to 9942
[17:16:57.589] [SEVERE ] setting player 1 freeze to -1708449417589
[17:16:57.589] [SEVERE ] setting player 2 freeze to -1708449417589
[17:16:57.600] [SEVERE ] updating countdown to 9930
[17:16:57.601] [SEVERE ] setting player 1 freeze to -1708449417601
[17:16:57.602] [SEVERE ] setting player 2 freeze to -1708449417602
[17:16:57.613] [SEVERE ] updating countdown to 9917
[17:16:57.614] [SEVERE ] setting player 1 freeze to -1708449417614
[17:16:57.615] [SEVERE ] setting player 2 freeze to -1708449417615
[17:16:57.627] [SEVERE ] updating countdown to 9903
[17:16:57.628] [SEVERE ] setting player 1 freeze to -1708449417628
[17:16:57.629] [SEVERE ] setting player 2 freeze to -1708449417629
[17:16:57.640] [SEVERE ] updating countdown to 9890
[17:16:57.641] [SEVERE ] setting player 1 freeze to -1708449417641
[17:16:57.641] [SEVERE ] setting player 2 freeze to -1708449417641
[17:16:57.652] [SEVERE ] updating countdown to 9878
[17:16:57.652] [SEVERE ] setting player 1 freeze to -1708449417652
[17:16:57.653] [SEVERE ] setting player 2 freeze to -1708449417653
[17:16:57.664] [SEVERE ] updating countdown to 9866
[17:16:57.665] [SEVERE ] setting player 1 freeze to -1708449417665
[17:16:57.666] [SEVERE ] setting player 2 freeze to -1708449417666
[17:16:57.678] [SEVERE ] updating countdown to 9852
[17:16:57.679] [SEVERE ] setting player 1 freeze to -1708449417679
[17:16:57.680] [SEVERE ] setting player 2 freeze to -1708449417680
[17:16:57.691] [SEVERE ] updating countdown to 9839
[17:16:57.692] [SEVERE ] setting player 1 freeze to -1708449417692
[17:16:57.693] [SEVERE ] setting player 2 freeze to -1708449417693
[17:16:57.704] [SEVERE ] updating countdown to 9826
[17:16:57.704] [SEVERE ] setting player 1 freeze to -1708449417704
[17:16:57.704] [SEVERE ] setting player 2 freeze to -1708449417704
[17:16:57.715] [SEVERE ] updating countdown to 9815
[17:16:57.716] [SEVERE ] setting player 1 freeze to -1708449417716
[17:16:57.716] [SEVERE ] setting player 2 freeze to -1708449417716
[17:16:57.727] [SEVERE ] updating countdown to 9803
[17:16:57.727] [SEVERE ] setting player 1 freeze to -1708449417727
[17:16:57.728] [SEVERE ] setting player 2 freeze to -1708449417728
[17:16:57.739] [SEVERE ] updating countdown to 9791
[17:16:57.739] [SEVERE ] setting player 1 freeze to -1708449417739
[17:16:57.740] [SEVERE ] setting player 2 freeze to -1708449417740
[17:16:57.751] [SEVERE ] updating countdown to 9779
[17:16:57.752] [SEVERE ] setting player 1 freeze to -1708449417752
[17:16:57.752] [SEVERE ] setting player 2 freeze to -1708449417752
[17:16:57.763] [SEVERE ] updating countdown to 9767
[17:16:57.764] [SEVERE ] setting player 1 freeze to -1708449417764
[17:16:57.764] [SEVERE ] setting player 2 freeze to -1708449417764
[17:16:57.774] [SEVERE ] updating countdown to 9756
[17:16:57.775] [SEVERE ] setting player 1 freeze to -1708449417775
[17:16:57.775] [SEVERE ] setting player 2 freeze to -1708449417775
[17:16:57.786] [SEVERE ] updating countdown to 9744
[17:16:57.786] [SEVERE ] setting player 1 freeze to -1708449417786
[17:16:57.786] [SEVERE ] setting player 2 freeze to -1708449417786
[17:16:57.797] [SEVERE ] updating countdown to 9733
[17:16:57.797] [SEVERE ] setting player 1 freeze to -1708449417797
[17:16:57.798] [SEVERE ] setting player 2 freeze to -1708449417798
[17:16:57.809] [SEVERE ] updating countdown to 9721
[17:16:57.810] [SEVERE ] setting player 1 freeze to -1708449417810
[17:16:57.811] [SEVERE ] setting player 2 freeze to -1708449417811
[17:16:57.823] [SEVERE ] updating countdown to 9707
[17:16:57.824] [SEVERE ] setting player 1 freeze to -1708449417824
[17:16:57.824] [SEVERE ] setting player 2 freeze to -1708449417824
[17:16:57.835] [SEVERE ] updating countdown to 9695
[17:16:57.836] [SEVERE ] setting player 1 freeze to -1708449417836
[17:16:57.837] [SEVERE ] setting player 2 freeze to -1708449417837
[17:16:57.848] [SEVERE ] updating countdown to 9682
[17:16:57.849] [SEVERE ] setting player 1 freeze to -1708449417849
[17:16:57.850] [SEVERE ] setting player 2 freeze to -1708449417850
[17:16:57.861] [SEVERE ] updating countdown to 9669
[17:16:57.861] [SEVERE ] setting player 1 freeze to -1708449417861
[17:16:57.862] [SEVERE ] setting player 2 freeze to -1708449417862
[17:16:57.873] [SEVERE ] updating countdown to 9657
[17:16:57.873] [SEVERE ] setting player 1 freeze to -1708449417873
[17:16:57.874] [SEVERE ] setting player 2 freeze to -1708449417874
[17:16:57.885] [SEVERE ] updating countdown to 9645
[17:16:57.885] [SEVERE ] setting player 1 freeze to -1708449417885
[17:16:57.885] [SEVERE ] setting player 2 freeze to -1708449417885
[17:16:57.896] [SEVERE ] updating countdown to 9634
[17:16:57.896] [SEVERE ] setting player 1 freeze to -1708449417896
[17:16:57.896] [SEVERE ] setting player 2 freeze to -1708449417896
[17:16:57.906] [SEVERE ] updating countdown to 9624
[17:16:57.907] [SEVERE ] setting player 1 freeze to -1708449417907
[17:16:57.908] [SEVERE ] setting player 2 freeze to -1708449417908
[17:16:57.919] [SEVERE ] updating countdown to 9611
[17:16:57.920] [SEVERE ] setting player 1 freeze to -1708449417920
[17:16:57.921] [SEVERE ] setting player 2 freeze to -1708449417921
[17:16:57.932] [SEVERE ] updating countdown to 9598
[17:16:57.932] [SEVERE ] setting player 1 freeze to -1708449417932
[17:16:57.933] [SEVERE ] setting player 2 freeze to -1708449417933
[17:16:57.944] [SEVERE ] updating countdown to 9586
[17:16:57.945] [SEVERE ] setting player 1 freeze to -1708449417945
[17:16:57.946] [SEVERE ] setting player 2 freeze to -1708449417946
[17:16:57.957] [SEVERE ] updating countdown to 9573
[17:16:57.957] [SEVERE ] setting player 1 freeze to -1708449417957
[17:16:57.958] [SEVERE ] setting player 2 freeze to -1708449417958
[17:16:57.969] [SEVERE ] updating countdown to 9561
[17:16:57.970] [SEVERE ] setting player 1 freeze to -1708449417970
[17:16:57.971] [SEVERE ] setting player 2 freeze to -1708449417971
[17:16:57.982] [SEVERE ] updating countdown to 9548
[17:16:57.983] [SEVERE ] setting player 1 freeze to -1708449417983
[17:16:57.983] [SEVERE ] setting player 2 freeze to -1708449417983
[17:16:57.994] [SEVERE ] updating countdown to 9536
[17:16:57.995] [SEVERE ] setting player 1 freeze to -1708449417995
[17:16:57.996] [SEVERE ] setting player 2 freeze to -1708449417996
[17:16:58.007] [SEVERE ] updating countdown to 9523
[17:16:58.008] [SEVERE ] setting player 1 freeze to -1708449418008
[17:16:58.009] [SEVERE ] setting player 2 freeze to -1708449418009
[17:16:58.020] [SEVERE ] updating countdown to 9510
[17:16:58.021] [SEVERE ] setting player 1 freeze to -1708449418021
[17:16:58.021] [SEVERE ] setting player 2 freeze to -1708449418021
[17:16:58.032] [SEVERE ] updating countdown to 9498
[17:16:58.034] [SEVERE ] setting player 1 freeze to -1708449418034
[17:16:58.035] [SEVERE ] setting player 2 freeze to -1708449418035
[17:16:58.047] [SEVERE ] updating countdown to 9483
[17:16:58.048] [SEVERE ] setting player 1 freeze to -1708449418048
[17:16:58.049] [SEVERE ] setting player 2 freeze to -1708449418049
[17:16:58.059] [SEVERE ] updating countdown to 9471
[17:16:58.060] [SEVERE ] setting player 1 freeze to -1708449418060
[17:16:58.061] [SEVERE ] setting player 2 freeze to -1708449418061
[17:16:58.073] [SEVERE ] updating countdown to 9457
[17:16:58.074] [SEVERE ] setting player 1 freeze to -1708449418074
[17:16:58.075] [SEVERE ] setting player 2 freeze to -1708449418075
[17:16:58.085] [SEVERE ] updating countdown to 9445
[17:16:58.087] [SEVERE ] setting player 1 freeze to -1708449418086
[17:16:58.087] [SEVERE ] setting player 2 freeze to -1708449418087
[17:16:58.098] [SEVERE ] updating countdown to 9432
[17:16:58.100] [SEVERE ] setting player 1 freeze to -1708449418100
[17:16:58.100] [SEVERE ] setting player 2 freeze to -1708449418100
[17:16:58.110] [SEVERE ] updating countdown to 9420
[17:16:58.111] [SEVERE ] setting player 1 freeze to -1708449418111
[17:16:58.111] [SEVERE ] setting player 2 freeze to -1708449418111
[17:16:58.121] [SEVERE ] updating countdown to 9409
[17:16:58.121] [SEVERE ] setting player 1 freeze to -1708449418121
[17:16:58.121] [SEVERE ] setting player 2 freeze to -1708449418121
[17:16:58.132] [SEVERE ] updating countdown to 9398
[17:16:58.132] [SEVERE ] setting player 1 freeze to -1708449418132
[17:16:58.133] [SEVERE ] setting player 2 freeze to -1708449418133
[17:16:58.143] [SEVERE ] updating countdown to 9387
[17:16:58.143] [SEVERE ] setting player 1 freeze to -1708449418143
[17:16:58.144] [SEVERE ] setting player 2 freeze to -1708449418144
[17:16:58.154] [SEVERE ] updating countdown to 9376
[17:16:58.155] [SEVERE ] setting player 1 freeze to -1708449418155
[17:16:58.155] [SEVERE ] setting player 2 freeze to -1708449418155
[17:16:58.166] [SEVERE ] updating countdown to 9364
[17:16:58.167] [SEVERE ] setting player 1 freeze to -1708449418167
[17:16:58.167] [SEVERE ] setting player 2 freeze to -1708449418167
[17:16:58.178] [SEVERE ] updating countdown to 9352
[17:16:58.179] [SEVERE ] setting player 1 freeze to -1708449418179
[17:16:58.179] [SEVERE ] setting player 2 freeze to -1708449418179
[17:16:58.190] [SEVERE ] updating countdown to 9340
[17:16:58.191] [SEVERE ] setting player 1 freeze to -1708449418191
[17:16:58.191] [SEVERE ] setting player 2 freeze to -1708449418191
[17:16:58.204] [SEVERE ] updating countdown to 9326
[17:16:58.205] [SEVERE ] setting player 1 freeze to -1708449418205
[17:16:58.206] [SEVERE ] setting player 2 freeze to -1708449418206
[17:16:58.217] [SEVERE ] updating countdown to 9313
[17:16:58.218] [SEVERE ] setting player 1 freeze to -1708449418218
[17:16:58.218] [SEVERE ] setting player 2 freeze to -1708449418218
[17:16:58.229] [SEVERE ] updating countdown to 9301
[17:16:58.230] [SEVERE ] setting player 1 freeze to -1708449418230
[17:16:58.230] [SEVERE ] setting player 2 freeze to -1708449418230
[17:16:58.242] [SEVERE ] updating countdown to 9288
[17:16:58.243] [SEVERE ] setting player 1 freeze to -1708449418243
[17:16:58.243] [SEVERE ] setting player 2 freeze to -1708449418243
[17:16:58.254] [SEVERE ] updating countdown to 9276
[17:16:58.255] [SEVERE ] setting player 1 freeze to -1708449418255
[17:16:58.256] [SEVERE ] setting player 2 freeze to -1708449418256
[17:16:58.267] [SEVERE ] updating countdown to 9263
[17:16:58.268] [SEVERE ] setting player 1 freeze to -1708449418268
[17:16:58.268] [SEVERE ] setting player 2 freeze to -1708449418268
[17:16:58.280] [SEVERE ] updating countdown to 9250
[17:16:58.281] [SEVERE ] setting player 1 freeze to -1708449418281
[17:16:58.282] [SEVERE ] setting player 2 freeze to -1708449418282
[17:16:58.293] [SEVERE ] updating countdown to 9237
[17:16:58.294] [SEVERE ] setting player 1 freeze to -1708449418294
[17:16:58.295] [SEVERE ] setting player 2 freeze to -1708449418295
[17:16:58.306] [SEVERE ] updating countdown to 9224
[17:16:58.307] [SEVERE ] setting player 1 freeze to -1708449418307
[17:16:58.307] [SEVERE ] setting player 2 freeze to -1708449418307
[17:16:58.318] [SEVERE ] updating countdown to 9212
[17:16:58.319] [SEVERE ] setting player 1 freeze to -1708449418319
[17:16:58.320] [SEVERE ] setting player 2 freeze to -1708449418320
[17:16:58.331] [SEVERE ] updating countdown to 9199
[17:16:58.332] [SEVERE ] setting player 1 freeze to -1708449418332
[17:16:58.333] [SEVERE ] setting player 2 freeze to -1708449418333
[17:16:58.344] [SEVERE ] updating countdown to 9186
[17:16:58.345] [SEVERE ] setting player 1 freeze to -1708449418345
[17:16:58.345] [SEVERE ] setting player 2 freeze to -1708449418345
[17:16:58.357] [SEVERE ] updating countdown to 9173
[17:16:58.358] [SEVERE ] setting player 1 freeze to -1708449418358
[17:16:58.359] [SEVERE ] setting player 2 freeze to -1708449418359
[17:16:58.370] [SEVERE ] updating countdown to 9160
[17:16:58.371] [SEVERE ] setting player 1 freeze to -1708449418371
[17:16:58.372] [SEVERE ] setting player 2 freeze to -1708449418372
[17:16:58.383] [SEVERE ] updating countdown to 9147
[17:16:58.384] [SEVERE ] setting player 1 freeze to -1708449418384
[17:16:58.387] [SEVERE ] setting player 2 freeze to -1708449418387
[17:16:58.429] [SEVERE ] updating countdown to 9101
[17:16:58.432] [SEVERE ] setting player 1 freeze to -1708449418432
[17:16:58.433] [SEVERE ] setting player 2 freeze to -1708449418433
[17:16:58.443] [SEVERE ] updating countdown to 9087
[17:16:58.455] [SEVERE ] setting player 1 freeze to -1708449418455
[17:16:58.455] [SEVERE ] setting player 2 freeze to -1708449418455
[17:16:58.466] [SEVERE ] updating countdown to 9064
[17:16:58.467] [SEVERE ] setting player 1 freeze to -1708449418467
[17:16:58.468] [SEVERE ] setting player 2 freeze to -1708449418468
[17:16:58.468] [SEVERE ] key 69 was pressed by player 1
[17:16:58.469] [SEVERE ] player 1 placing token on slot 2
[17:16:58.478] [SEVERE ] updating countdown to 9052
[17:16:58.480] [SEVERE ] setting player 1 freeze to -1708449418480
[17:16:58.484] [SEVERE ] setting player 2 freeze to -1708449418484
[17:16:58.494] [SEVERE ] updating countdown to 9036
[17:16:58.495] [SEVERE ] setting player 1 freeze to -1708449418495
[17:16:58.495] [SEVERE ] setting player 2 freeze to -1708449418495
[17:16:58.496] [SEVERE ] setting player 1 freeze to 1000
[17:16:58.496] [SEVERE ] setting player 1 score to 1
[17:16:58.497] [SEVERE ] removing player 1 token from slot 0
[17:17:01.683] [SEVERE ] key 87 was pressed by player 1
[17:17:01.683] [SEVERE ] removing player 1 token from slot 1
[17:17:02.462] [SEVERE ] key 69 was pressed by player 1
[17:17:02.463] [SEVERE ] removing player 1 token from slot 2
[17:17:03.218] [SEVERE ] key 69 was pressed by player 1
[17:17:03.702] [SEVERE ] key 87 was pressed by player 1
[17:17:04.009] [SEVERE ] key 81 was pressed by player 1
