[17:16:17.762] [INFO   ] thread bguspl.set.Main.main() starting.
[17:16:17.775] [SEVERE ] cannot read configuration file config.properties trying from resources.
[17:16:17.781] [SEVERE ] configuration file was loaded from resources directory.
[17:16:19.482] [INFO   ] thread dealer starting.
[17:16:19.483] [INFO   ] thread dealer starting.
[17:16:19.484] [INFO   ] thread player 0 starting.
[17:16:19.486] [INFO   ] thread player 1 starting.
[17:16:19.486] [INFO   ] thread player 0 starting.
[17:16:19.487] [INFO   ] thread player 1 starting.
[17:16:19.592] [SEVERE ] placing card 0 in slot 0
[17:16:19.693] [SEVERE ] placing card 1 in slot 1
[17:16:19.795] [SEVERE ] placing card 2 in slot 2
[17:16:19.896] [SEVERE ] placing card 3 in slot 3
[17:16:19.996] [SEVERE ] placing card 4 in slot 4
[17:16:20.098] [SEVERE ] placing card 5 in slot 5
[17:16:20.199] [SEVERE ] placing card 6 in slot 6
[17:16:20.300] [SEVERE ] placing card 7 in slot 7
[17:16:20.403] [SEVERE ] placing card 8 in slot 8
[17:16:20.504] [SEVERE ] placing card 9 in slot 9
[17:16:20.605] [SEVERE ] placing card 10 in slot 10
[17:16:20.706] [SEVERE ] placing card 11 in slot 11
[17:16:20.708] [SEVERE ] updating countdown to 15000
[17:16:20.711] [SEVERE ] setting player 1 freeze to -1708449380711
[17:16:20.714] [SEVERE ] setting player 2 freeze to -1708449380714
[17:16:20.726] [SEVERE ] updating countdown to 14982
[17:16:20.727] [SEVERE ] setting player 1 freeze to -1708449380727
[17:16:20.728] [SEVERE ] setting player 2 freeze to -1708449380728
[17:16:20.739] [SEVERE ] updating countdown to 14970
[17:16:20.739] [SEVERE ] setting player 1 freeze to -1708449380739
[17:16:20.740] [SEVERE ] setting player 2 freeze to -1708449380740
[17:16:20.751] [SEVERE ] updating countdown to 14957
[17:16:20.753] [SEVERE ] setting player 1 freeze to -1708449380753
[17:16:20.754] [SEVERE ] setting player 2 freeze to -1708449380754
[17:16:20.765] [SEVERE ] updating countdown to 14943
[17:16:20.766] [SEVERE ] setting player 1 freeze to -1708449380766
[17:16:20.767] [SEVERE ] setting player 2 freeze to -1708449380767
[17:16:20.778] [SEVERE ] updating countdown to 14930
[17:16:20.779] [SEVERE ] setting player 1 freeze to -1708449380779
[17:16:20.780] [SEVERE ] setting player 2 freeze to -1708449380780
[17:16:20.792] [SEVERE ] updating countdown to 14916
[17:16:20.793] [SEVERE ] setting player 1 freeze to -1708449380793
[17:16:20.794] [SEVERE ] setting player 2 freeze to -1708449380794
[17:16:20.806] [SEVERE ] updating countdown to 14902
[17:16:20.807] [SEVERE ] setting player 1 freeze to -1708449380807
[17:16:20.808] [SEVERE ] setting player 2 freeze to -1708449380808
[17:16:20.819] [SEVERE ] updating countdown to 14889
[17:16:20.821] [SEVERE ] setting player 1 freeze to -1708449380821
[17:16:20.822] [SEVERE ] setting player 2 freeze to -1708449380821
[17:16:20.832] [SEVERE ] updating countdown to 14876
[17:16:20.833] [SEVERE ] setting player 1 freeze to -1708449380833
[17:16:20.834] [SEVERE ] setting player 2 freeze to -1708449380834
[17:16:20.844] [SEVERE ] updating countdown to 14864
[17:16:20.845] [SEVERE ] setting player 1 freeze to -1708449380845
[17:16:20.845] [SEVERE ] setting player 2 freeze to -1708449380845
[17:16:20.856] [SEVERE ] updating countdown to 14852
[17:16:20.856] [SEVERE ] setting player 1 freeze to -1708449380856
[17:16:20.857] [SEVERE ] setting player 2 freeze to -1708449380857
[17:16:20.867] [SEVERE ] updating countdown to 14841
[17:16:20.869] [SEVERE ] setting player 1 freeze to -1708449380869
[17:16:20.870] [SEVERE ] setting player 2 freeze to -1708449380870
[17:16:20.880] [SEVERE ] updating countdown to 14828
[17:16:20.881] [SEVERE ] setting player 1 freeze to -1708449380881
[17:16:20.882] [SEVERE ] setting player 2 freeze to -1708449380882
[17:16:20.893] [SEVERE ] updating countdown to 14815
[17:16:20.894] [SEVERE ] setting player 1 freeze to -1708449380894
[17:16:20.894] [SEVERE ] setting player 2 freeze to -1708449380894
[17:16:20.904] [SEVERE ] updating countdown to 14804
[17:16:20.905] [SEVERE ] setting player 1 freeze to -1708449380905
[17:16:20.906] [SEVERE ] setting player 2 freeze to -1708449380906
[17:16:20.917] [SEVERE ] updating countdown to 14791
[17:16:20.919] [SEVERE ] setting player 1 freeze to -1708449380919
[17:16:20.919] [SEVERE ] setting player 2 freeze to -1708449380919
[17:16:20.930] [SEVERE ] updating countdown to 14778
[17:16:20.930] [SEVERE ] setting player 1 freeze to -1708449380930
[17:16:20.931] [SEVERE ] setting player 2 freeze to -1708449380931
[17:16:20.941] [SEVERE ] updating countdown to 14767
[17:16:20.942] [SEVERE ] setting player 1 freeze to -1708449380942
[17:16:20.942] [SEVERE ] setting player 2 freeze to -1708449380942
[17:16:20.953] [SEVERE ] updating countdown to 14755
[17:16:20.953] [SEVERE ] setting player 1 freeze to -1708449380953
[17:16:20.954] [SEVERE ] setting player 2 freeze to -1708449380954
[17:16:20.965] [SEVERE ] updating countdown to 14743
[17:16:20.965] [SEVERE ] setting player 1 freeze to -1708449380965
[17:16:20.967] [SEVERE ] setting player 2 freeze to -1708449380967
[17:16:20.977] [SEVERE ] updating countdown to 14731
[17:16:20.978] [SEVERE ] setting player 1 freeze to -1708449380978
[17:16:20.978] [SEVERE ] setting player 2 freeze to -1708449380978
[17:16:20.989] [SEVERE ] updating countdown to 14719
[17:16:20.989] [SEVERE ] setting player 1 freeze to -1708449380989
[17:16:20.990] [SEVERE ] setting player 2 freeze to -1708449380990
[17:16:21.001] [SEVERE ] updating countdown to 14708
[17:16:21.002] [SEVERE ] setting player 1 freeze to -1708449381002
[17:16:21.004] [SEVERE ] setting player 2 freeze to -1708449381004
[17:16:21.014] [SEVERE ] updating countdown to 14694
[17:16:21.015] [SEVERE ] setting player 1 freeze to -1708449381015
[17:16:21.015] [SEVERE ] setting player 2 freeze to -1708449381015
[17:16:21.026] [SEVERE ] updating countdown to 14682
[17:16:21.027] [SEVERE ] setting player 1 freeze to -1708449381027
[17:16:21.027] [SEVERE ] setting player 2 freeze to -1708449381027
[17:16:21.038] [SEVERE ] updating countdown to 14670
[17:16:21.039] [SEVERE ] setting player 1 freeze to -1708449381038
[17:16:21.039] [SEVERE ] setting player 2 freeze to -1708449381039
[17:16:21.050] [SEVERE ] updating countdown to 14658
[17:16:21.051] [SEVERE ] setting player 1 freeze to -1708449381051
[17:16:21.052] [SEVERE ] setting player 2 freeze to -1708449381052
[17:16:21.063] [SEVERE ] updating countdown to 14645
[17:16:21.064] [SEVERE ] setting player 1 freeze to -1708449381064
[17:16:21.064] [SEVERE ] setting player 2 freeze to -1708449381064
[17:16:21.075] [SEVERE ] updating countdown to 14633
[17:16:21.076] [SEVERE ] setting player 1 freeze to -1708449381076
[17:16:21.077] [SEVERE ] setting player 2 freeze to -1708449381077
[17:16:21.087] [SEVERE ] updating countdown to 14621
[17:16:21.088] [SEVERE ] setting player 1 freeze to -1708449381088
[17:16:21.089] [SEVERE ] setting player 2 freeze to -1708449381089
[17:16:21.100] [SEVERE ] updating countdown to 14609
[17:16:21.100] [SEVERE ] setting player 1 freeze to -1708449381100
[17:16:21.101] [SEVERE ] setting player 2 freeze to -1708449381101
[17:16:21.111] [SEVERE ] updating countdown to 14597
[17:16:21.112] [SEVERE ] setting player 1 freeze to -1708449381112
[17:16:21.112] [SEVERE ] setting player 2 freeze to -1708449381112
[17:16:21.122] [SEVERE ] updating countdown to 14586
[17:16:21.124] [SEVERE ] setting player 1 freeze to -1708449381124
[17:16:21.124] [SEVERE ] setting player 2 freeze to -1708449381124
[17:16:21.135] [SEVERE ] updating countdown to 14573
[17:16:21.137] [SEVERE ] setting player 1 freeze to -1708449381137
[17:16:21.137] [SEVERE ] setting player 2 freeze to -1708449381137
[17:16:21.148] [SEVERE ] updating countdown to 14560
[17:16:21.148] [SEVERE ] setting player 1 freeze to -1708449381148
[17:16:21.149] [SEVERE ] setting player 2 freeze to -1708449381149
[17:16:21.160] [SEVERE ] updating countdown to 14548
[17:16:21.160] [SEVERE ] setting player 1 freeze to -1708449381160
[17:16:21.161] [SEVERE ] setting player 2 freeze to -1708449381161
[17:16:21.171] [SEVERE ] updating countdown to 14537
[17:16:21.172] [SEVERE ] setting player 1 freeze to -1708449381172
[17:16:21.172] [SEVERE ] setting player 2 freeze to -1708449381172
[17:16:21.183] [SEVERE ] updating countdown to 14525
[17:16:21.184] [SEVERE ] setting player 1 freeze to -1708449381184
[17:16:21.184] [SEVERE ] setting player 2 freeze to -1708449381184
[17:16:21.195] [SEVERE ] updating countdown to 14513
[17:16:21.195] [SEVERE ] setting player 1 freeze to -1708449381195
[17:16:21.195] [SEVERE ] setting player 2 freeze to -1708449381195
[17:16:21.206] [SEVERE ] updating countdown to 14502
[17:16:21.206] [SEVERE ] setting player 1 freeze to -1708449381206
[17:16:21.207] [SEVERE ] setting player 2 freeze to -1708449381207
[17:16:21.217] [SEVERE ] updating countdown to 14491
[17:16:21.218] [SEVERE ] setting player 1 freeze to -1708449381218
[17:16:21.218] [SEVERE ] setting player 2 freeze to -1708449381218
[17:16:21.229] [SEVERE ] updating countdown to 14479
[17:16:21.229] [SEVERE ] setting player 1 freeze to -1708449381229
[17:16:21.230] [SEVERE ] setting player 2 freeze to -1708449381230
[17:16:21.240] [SEVERE ] updating countdown to 14468
[17:16:21.241] [SEVERE ] setting player 1 freeze to -1708449381241
[17:16:21.241] [SEVERE ] setting player 2 freeze to -1708449381241
[17:16:21.252] [SEVERE ] updating countdown to 14456
[17:16:21.253] [SEVERE ] setting player 1 freeze to -1708449381253
[17:16:21.253] [SEVERE ] setting player 2 freeze to -1708449381253
[17:16:21.264] [SEVERE ] updating countdown to 14444
[17:16:21.264] [SEVERE ] setting player 1 freeze to -1708449381264
[17:16:21.264] [SEVERE ] setting player 2 freeze to -1708449381264
[17:16:21.275] [SEVERE ] updating countdown to 14433
[17:16:21.275] [SEVERE ] setting player 1 freeze to -1708449381275
[17:16:21.276] [SEVERE ] setting player 2 freeze to -1708449381276
[17:16:21.286] [SEVERE ] updating countdown to 14422
[17:16:21.287] [SEVERE ] setting player 1 freeze to -1708449381287
[17:16:21.287] [SEVERE ] setting player 2 freeze to -1708449381287
[17:16:21.297] [SEVERE ] updating countdown to 14411
[17:16:21.298] [SEVERE ] setting player 1 freeze to -1708449381298
[17:16:21.298] [SEVERE ] setting player 2 freeze to -1708449381298
[17:16:21.308] [SEVERE ] updating countdown to 14400
[17:16:21.309] [SEVERE ] setting player 1 freeze to -1708449381309
[17:16:21.309] [SEVERE ] setting player 2 freeze to -1708449381309
[17:16:21.320] [SEVERE ] updating countdown to 14388
[17:16:21.320] [SEVERE ] setting player 1 freeze to -1708449381320
[17:16:21.321] [SEVERE ] setting player 2 freeze to -1708449381321
[17:16:21.332] [SEVERE ] updating countdown to 14376
[17:16:21.332] [SEVERE ] setting player 1 freeze to -1708449381332
[17:16:21.333] [SEVERE ] setting player 2 freeze to -1708449381333
[17:16:21.343] [SEVERE ] updating countdown to 14365
[17:16:21.343] [SEVERE ] setting player 1 freeze to -1708449381343
[17:16:21.344] [SEVERE ] setting player 2 freeze to -1708449381344
[17:16:21.354] [SEVERE ] updating countdown to 14354
[17:16:21.354] [SEVERE ] setting player 1 freeze to -1708449381354
[17:16:21.355] [SEVERE ] setting player 2 freeze to -1708449381355
[17:16:21.365] [SEVERE ] updating countdown to 14343
[17:16:21.366] [SEVERE ] setting player 1 freeze to -1708449381366
[17:16:21.366] [SEVERE ] setting player 2 freeze to -1708449381366
[17:16:21.376] [SEVERE ] updating countdown to 14332
[17:16:21.377] [SEVERE ] setting player 1 freeze to -1708449381376
[17:16:21.377] [SEVERE ] setting player 2 freeze to -1708449381377
[17:16:21.387] [SEVERE ] updating countdown to 14321
[17:16:21.388] [SEVERE ] setting player 1 freeze to -1708449381388
[17:16:21.388] [SEVERE ] setting player 2 freeze to -1708449381388
[17:16:21.398] [SEVERE ] updating countdown to 14310
[17:16:21.399] [SEVERE ] setting player 1 freeze to -1708449381399
[17:16:21.399] [SEVERE ] setting player 2 freeze to -1708449381399
[17:16:21.410] [SEVERE ] updating countdown to 14298
[17:16:21.410] [SEVERE ] setting player 1 freeze to -1708449381410
[17:16:21.410] [SEVERE ] setting player 2 freeze to -1708449381410
[17:16:21.421] [SEVERE ] updating countdown to 14287
[17:16:21.422] [SEVERE ] setting player 1 freeze to -1708449381422
[17:16:21.422] [SEVERE ] setting player 2 freeze to -1708449381422
[17:16:21.433] [SEVERE ] updating countdown to 14275
[17:16:21.434] [SEVERE ] setting player 1 freeze to -1708449381434
[17:16:21.434] [SEVERE ] setting player 2 freeze to -1708449381434
[17:16:21.445] [SEVERE ] updating countdown to 14263
[17:16:21.445] [SEVERE ] setting player 1 freeze to -1708449381445
[17:16:21.446] [SEVERE ] setting player 2 freeze to -1708449381446
[17:16:21.456] [SEVERE ] updating countdown to 14252
[17:16:21.456] [SEVERE ] setting player 1 freeze to -1708449381456
[17:16:21.456] [SEVERE ] setting player 2 freeze to -1708449381456
[17:16:21.467] [SEVERE ] updating countdown to 14241
[17:16:21.468] [SEVERE ] setting player 1 freeze to -1708449381468
[17:16:21.468] [SEVERE ] setting player 2 freeze to -1708449381468
[17:16:21.478] [SEVERE ] updating countdown to 14230
[17:16:21.479] [SEVERE ] setting player 1 freeze to -1708449381479
[17:16:21.479] [SEVERE ] setting player 2 freeze to -1708449381479
[17:16:21.490] [SEVERE ] updating countdown to 14218
[17:16:21.491] [SEVERE ] setting player 1 freeze to -1708449381491
[17:16:21.491] [SEVERE ] setting player 2 freeze to -1708449381491
[17:16:21.502] [SEVERE ] updating countdown to 14206
[17:16:21.502] [SEVERE ] setting player 1 freeze to -1708449381502
[17:16:21.503] [SEVERE ] setting player 2 freeze to -1708449381503
[17:16:21.513] [SEVERE ] updating countdown to 14195
[17:16:21.514] [SEVERE ] setting player 1 freeze to -1708449381514
[17:16:21.514] [SEVERE ] setting player 2 freeze to -1708449381514
[17:16:21.525] [SEVERE ] updating countdown to 14183
[17:16:21.525] [SEVERE ] setting player 1 freeze to -1708449381525
[17:16:21.526] [SEVERE ] setting player 2 freeze to -1708449381526
[17:16:21.536] [SEVERE ] updating countdown to 14172
[17:16:21.537] [SEVERE ] setting player 1 freeze to -1708449381537
[17:16:21.538] [SEVERE ] setting player 2 freeze to -1708449381538
[17:16:21.549] [SEVERE ] updating countdown to 14160
[17:16:21.549] [SEVERE ] setting player 1 freeze to -1708449381549
[17:16:21.550] [SEVERE ] setting player 2 freeze to -1708449381550
[17:16:21.561] [SEVERE ] updating countdown to 14147
[17:16:21.561] [SEVERE ] setting player 1 freeze to -1708449381561
[17:16:21.561] [SEVERE ] setting player 2 freeze to -1708449381561
[17:16:21.572] [SEVERE ] updating countdown to 14136
[17:16:21.574] [SEVERE ] setting player 1 freeze to -1708449381574
[17:16:21.574] [SEVERE ] setting player 2 freeze to -1708449381574
[17:16:21.585] [SEVERE ] updating countdown to 14123
[17:16:21.586] [SEVERE ] setting player 1 freeze to -1708449381586
[17:16:21.586] [SEVERE ] setting player 2 freeze to -1708449381586
[17:16:21.597] [SEVERE ] updating countdown to 14111
[17:16:21.597] [SEVERE ] setting player 1 freeze to -1708449381597
[17:16:21.597] [SEVERE ] setting player 2 freeze to -1708449381597
[17:16:21.608] [SEVERE ] updating countdown to 14100
[17:16:21.608] [SEVERE ] setting player 1 freeze to -1708449381608
[17:16:21.609] [SEVERE ] setting player 2 freeze to -1708449381609
[17:16:21.619] [SEVERE ] updating countdown to 14089
[17:16:21.619] [SEVERE ] setting player 1 freeze to -1708449381619
[17:16:21.620] [SEVERE ] setting player 2 freeze to -1708449381620
[17:16:21.630] [SEVERE ] updating countdown to 14078
[17:16:21.631] [SEVERE ] setting player 1 freeze to -1708449381631
[17:16:21.631] [SEVERE ] setting player 2 freeze to -1708449381631
[17:16:21.642] [SEVERE ] updating countdown to 14067
[17:16:21.643] [SEVERE ] setting player 1 freeze to -1708449381643
[17:16:21.644] [SEVERE ] setting player 2 freeze to -1708449381644
[17:16:21.655] [SEVERE ] updating countdown to 14054
[17:16:21.656] [SEVERE ] setting player 1 freeze to -1708449381656
[17:16:21.657] [SEVERE ] setting player 2 freeze to -1708449381657
[17:16:21.667] [SEVERE ] updating countdown to 14041
[17:16:21.669] [SEVERE ] setting player 1 freeze to -1708449381668
[17:16:21.669] [SEVERE ] setting player 2 freeze to -1708449381669
[17:16:21.679] [SEVERE ] updating countdown to 14029
[17:16:21.680] [SEVERE ] setting player 1 freeze to -1708449381680
[17:16:21.680] [SEVERE ] setting player 2 freeze to -1708449381680
[17:16:21.690] [SEVERE ] updating countdown to 14018
[17:16:21.691] [SEVERE ] setting player 1 freeze to -1708449381691
[17:16:21.691] [SEVERE ] setting player 2 freeze to -1708449381691
[17:16:21.702] [SEVERE ] updating countdown to 14007
[17:16:21.702] [SEVERE ] setting player 1 freeze to -1708449381702
[17:16:21.702] [SEVERE ] setting player 2 freeze to -1708449381702
[17:16:21.712] [SEVERE ] updating countdown to 13996
[17:16:21.713] [SEVERE ] setting player 1 freeze to -1708449381713
[17:16:21.714] [SEVERE ] setting player 2 freeze to -1708449381714
[17:16:21.724] [SEVERE ] updating countdown to 13984
[17:16:21.725] [SEVERE ] setting player 1 freeze to -1708449381725
[17:16:21.725] [SEVERE ] setting player 2 freeze to -1708449381725
[17:16:21.735] [SEVERE ] updating countdown to 13973
[17:16:21.736] [SEVERE ] setting player 1 freeze to -1708449381735
[17:16:21.736] [SEVERE ] setting player 2 freeze to -1708449381736
[17:16:21.746] [SEVERE ] updating countdown to 13962
[17:16:21.746] [SEVERE ] setting player 1 freeze to -1708449381746
[17:16:21.747] [SEVERE ] setting player 2 freeze to -1708449381747
[17:16:21.757] [SEVERE ] updating countdown to 13951
[17:16:21.758] [SEVERE ] setting player 1 freeze to -1708449381758
[17:16:21.758] [SEVERE ] setting player 2 freeze to -1708449381758
[17:16:21.768] [SEVERE ] updating countdown to 13940
[17:16:21.769] [SEVERE ] setting player 1 freeze to -1708449381769
[17:16:21.769] [SEVERE ] setting player 2 freeze to -1708449381769
[17:16:21.780] [SEVERE ] updating countdown to 13929
[17:16:21.781] [SEVERE ] setting player 1 freeze to -1708449381781
[17:16:21.781] [SEVERE ] setting player 2 freeze to -1708449381781
[17:16:21.792] [SEVERE ] updating countdown to 13916
[17:16:21.793] [SEVERE ] setting player 1 freeze to -1708449381793
[17:16:21.793] [SEVERE ] setting player 2 freeze to -1708449381793
[17:16:21.804] [SEVERE ] updating countdown to 13904
[17:16:21.805] [SEVERE ] setting player 1 freeze to -1708449381805
[17:16:21.805] [SEVERE ] setting player 2 freeze to -1708449381805
[17:16:21.816] [SEVERE ] updating countdown to 13892
[17:16:21.817] [SEVERE ] setting player 1 freeze to -1708449381817
[17:16:21.817] [SEVERE ] setting player 2 freeze to -1708449381817
[17:16:21.828] [SEVERE ] updating countdown to 13880
[17:16:21.829] [SEVERE ] setting player 1 freeze to -1708449381829
[17:16:21.829] [SEVERE ] setting player 2 freeze to -1708449381829
[17:16:21.840] [SEVERE ] updating countdown to 13868
[17:16:21.841] [SEVERE ] setting player 1 freeze to -1708449381841
[17:16:21.842] [SEVERE ] setting player 2 freeze to -1708449381842
[17:16:21.852] [SEVERE ] updating countdown to 13856
[17:16:21.853] [SEVERE ] setting player 1 freeze to -1708449381853
[17:16:21.853] [SEVERE ] setting player 2 freeze to -1708449381853
[17:16:21.864] [SEVERE ] updating countdown to 13844
[17:16:21.864] [SEVERE ] setting player 1 freeze to -1708449381864
[17:16:21.865] [SEVERE ] setting player 2 freeze to -1708449381865
[17:16:21.875] [SEVERE ] updating countdown to 13833
[17:16:21.876] [SEVERE ] setting player 1 freeze to -1708449381876
[17:16:21.877] [SEVERE ] setting player 2 freeze to -1708449381877
[17:16:21.887] [SEVERE ] updating countdown to 13821
[17:16:21.888] [SEVERE ] setting player 1 freeze to -1708449381888
[17:16:21.889] [SEVERE ] setting player 2 freeze to -1708449381889
[17:16:21.900] [SEVERE ] updating countdown to 13808
[17:16:21.901] [SEVERE ] setting player 1 freeze to -1708449381901
[17:16:21.902] [SEVERE ] setting player 2 freeze to -1708449381902
[17:16:21.913] [SEVERE ] updating countdown to 13795
[17:16:21.914] [SEVERE ] setting player 1 freeze to -1708449381914
[17:16:21.915] [SEVERE ] setting player 2 freeze to -1708449381915
[17:16:21.926] [SEVERE ] updating countdown to 13782
[17:16:21.927] [SEVERE ] setting player 1 freeze to -1708449381927
[17:16:21.928] [SEVERE ] setting player 2 freeze to -1708449381928
[17:16:21.939] [SEVERE ] updating countdown to 13769
[17:16:21.940] [SEVERE ] setting player 1 freeze to -1708449381940
[17:16:21.941] [SEVERE ] setting player 2 freeze to -1708449381941
[17:16:21.952] [SEVERE ] updating countdown to 13756
[17:16:21.953] [SEVERE ] setting player 1 freeze to -1708449381953
[17:16:21.954] [SEVERE ] setting player 2 freeze to -1708449381953
[17:16:21.965] [SEVERE ] updating countdown to 13743
[17:16:21.966] [SEVERE ] setting player 1 freeze to -1708449381966
[17:16:21.967] [SEVERE ] setting player 2 freeze to -1708449381967
[17:16:21.978] [SEVERE ] updating countdown to 13730
[17:16:21.980] [SEVERE ] setting player 1 freeze to -1708449381980
[17:16:21.981] [SEVERE ] setting player 2 freeze to -1708449381981
[17:16:21.992] [SEVERE ] updating countdown to 13716
[17:16:21.994] [SEVERE ] setting player 1 freeze to -1708449381994
[17:16:21.995] [SEVERE ] setting player 2 freeze to -1708449381995
[17:16:22.006] [SEVERE ] updating countdown to 13702
[17:16:22.007] [SEVERE ] setting player 1 freeze to -1708449382007
[17:16:22.007] [SEVERE ] setting player 2 freeze to -1708449382007
[17:16:22.018] [SEVERE ] updating countdown to 13690
[17:16:22.019] [SEVERE ] setting player 1 freeze to -1708449382019
[17:16:22.019] [SEVERE ] setting player 2 freeze to -1708449382019
[17:16:22.031] [SEVERE ] updating countdown to 13677
[17:16:22.031] [SEVERE ] setting player 1 freeze to -1708449382031
[17:16:22.032] [SEVERE ] setting player 2 freeze to -1708449382032
[17:16:22.042] [SEVERE ] updating countdown to 13666
[17:16:22.043] [SEVERE ] setting player 1 freeze to -1708449382043
[17:16:22.043] [SEVERE ] setting player 2 freeze to -1708449382043
[17:16:22.054] [SEVERE ] updating countdown to 13654
[17:16:22.054] [SEVERE ] setting player 1 freeze to -1708449382054
[17:16:22.055] [SEVERE ] setting player 2 freeze to -1708449382055
[17:16:22.065] [SEVERE ] updating countdown to 13643
[17:16:22.066] [SEVERE ] setting player 1 freeze to -1708449382066
[17:16:22.066] [SEVERE ] setting player 2 freeze to -1708449382066
[17:16:22.077] [SEVERE ] updating countdown to 13631
[17:16:22.078] [SEVERE ] setting player 1 freeze to -1708449382078
[17:16:22.078] [SEVERE ] setting player 2 freeze to -1708449382078
[17:16:22.089] [SEVERE ] updating countdown to 13619
[17:16:22.090] [SEVERE ] setting player 1 freeze to -1708449382090
[17:16:22.091] [SEVERE ] setting player 2 freeze to -1708449382091
[17:16:22.102] [SEVERE ] updating countdown to 13606
[17:16:22.103] [SEVERE ] setting player 1 freeze to -1708449382103
[17:16:22.104] [SEVERE ] setting player 2 freeze to -1708449382104
[17:16:22.115] [SEVERE ] updating countdown to 13593
[17:16:22.117] [SEVERE ] setting player 1 freeze to -1708449382116
[17:16:22.117] [SEVERE ] setting player 2 freeze to -1708449382117
[17:16:22.129] [SEVERE ] updating countdown to 13579
[17:16:22.130] [SEVERE ] setting player 1 freeze to -1708449382130
[17:16:22.131] [SEVERE ] setting player 2 freeze to -1708449382131
[17:16:22.142] [SEVERE ] updating countdown to 13566
[17:16:22.143] [SEVERE ] setting player 1 freeze to -1708449382143
[17:16:22.144] [SEVERE ] setting player 2 freeze to -1708449382144
[17:16:22.155] [SEVERE ] updating countdown to 13553
[17:16:22.156] [SEVERE ] setting player 1 freeze to -1708449382156
[17:16:22.157] [SEVERE ] setting player 2 freeze to -1708449382157
[17:16:22.169] [SEVERE ] updating countdown to 13539
[17:16:22.171] [SEVERE ] setting player 1 freeze to -1708449382171
[17:16:22.171] [SEVERE ] setting player 2 freeze to -1708449382171
[17:16:22.182] [SEVERE ] updating countdown to 13526
[17:16:22.183] [SEVERE ] setting player 1 freeze to -1708449382183
[17:16:22.183] [SEVERE ] setting player 2 freeze to -1708449382183
[17:16:22.194] [SEVERE ] updating countdown to 13514
[17:16:22.195] [SEVERE ] setting player 1 freeze to -1708449382195
[17:16:22.196] [SEVERE ] setting player 2 freeze to -1708449382196
[17:16:22.207] [SEVERE ] updating countdown to 13501
[17:16:22.208] [SEVERE ] setting player 1 freeze to -1708449382208
[17:16:22.209] [SEVERE ] setting player 2 freeze to -1708449382209
[17:16:22.220] [SEVERE ] updating countdown to 13488
[17:16:22.221] [SEVERE ] setting player 1 freeze to -1708449382221
[17:16:22.222] [SEVERE ] setting player 2 freeze to -1708449382222
[17:16:22.233] [SEVERE ] updating countdown to 13475
[17:16:22.234] [SEVERE ] setting player 1 freeze to -1708449382234
[17:16:22.235] [SEVERE ] setting player 2 freeze to -1708449382235
[17:16:22.246] [SEVERE ] updating countdown to 13462
[17:16:22.250] [SEVERE ] setting player 1 freeze to -1708449382250
[17:16:22.250] [SEVERE ] setting player 2 freeze to -1708449382250
[17:16:22.261] [SEVERE ] updating countdown to 13447
[17:16:22.262] [SEVERE ] setting player 1 freeze to -1708449382261
[17:16:22.262] [SEVERE ] setting player 2 freeze to -1708449382262
[17:16:22.272] [SEVERE ] updating countdown to 13436
[17:16:22.272] [SEVERE ] setting player 1 freeze to -1708449382272
[17:16:22.272] [SEVERE ] setting player 2 freeze to -1708449382272
[17:16:22.283] [SEVERE ] updating countdown to 13425
[17:16:22.283] [SEVERE ] setting player 1 freeze to -1708449382283
[17:16:22.283] [SEVERE ] setting player 2 freeze to -1708449382283
[17:16:22.294] [SEVERE ] updating countdown to 13414
[17:16:22.295] [SEVERE ] setting player 1 freeze to -1708449382295
[17:16:22.295] [SEVERE ] setting player 2 freeze to -1708449382295
[17:16:22.306] [SEVERE ] updating countdown to 13402
[17:16:22.307] [SEVERE ] setting player 1 freeze to -1708449382307
[17:16:22.307] [SEVERE ] setting player 2 freeze to -1708449382307
[17:16:22.318] [SEVERE ] updating countdown to 13390
[17:16:22.319] [SEVERE ] setting player 1 freeze to -1708449382319
[17:16:22.319] [SEVERE ] setting player 2 freeze to -1708449382319
[17:16:22.330] [SEVERE ] updating countdown to 13378
[17:16:22.331] [SEVERE ] setting player 1 freeze to -1708449382331
[17:16:22.331] [SEVERE ] setting player 2 freeze to -1708449382331
[17:16:22.342] [SEVERE ] updating countdown to 13366
[17:16:22.343] [SEVERE ] setting player 1 freeze to -1708449382343
[17:16:22.344] [SEVERE ] setting player 2 freeze to -1708449382344
[17:16:22.355] [SEVERE ] updating countdown to 13353
[17:16:22.356] [SEVERE ] setting player 1 freeze to -1708449382356
[17:16:22.356] [SEVERE ] setting player 2 freeze to -1708449382356
[17:16:22.367] [SEVERE ] updating countdown to 13341
[17:16:22.368] [SEVERE ] setting player 1 freeze to -1708449382368
[17:16:22.368] [SEVERE ] setting player 2 freeze to -1708449382368
[17:16:22.379] [SEVERE ] updating countdown to 13329
[17:16:22.380] [SEVERE ] setting player 1 freeze to -1708449382380
[17:16:22.381] [SEVERE ] setting player 2 freeze to -1708449382381
[17:16:22.392] [SEVERE ] updating countdown to 13316
[17:16:22.393] [SEVERE ] setting player 1 freeze to -1708449382393
[17:16:22.394] [SEVERE ] setting player 2 freeze to -1708449382394
[17:16:22.404] [SEVERE ] updating countdown to 13304
[17:16:22.405] [SEVERE ] setting player 1 freeze to -1708449382405
[17:16:22.406] [SEVERE ] setting player 2 freeze to -1708449382406
[17:16:22.417] [SEVERE ] updating countdown to 13291
[17:16:22.418] [SEVERE ] setting player 1 freeze to -1708449382417
[17:16:22.418] [SEVERE ] setting player 2 freeze to -1708449382418
[17:16:22.429] [SEVERE ] updating countdown to 13279
[17:16:22.430] [SEVERE ] setting player 1 freeze to -1708449382430
[17:16:22.431] [SEVERE ] setting player 2 freeze to -1708449382431
[17:16:22.442] [SEVERE ] updating countdown to 13266
[17:16:22.443] [SEVERE ] setting player 1 freeze to -1708449382443
[17:16:22.444] [SEVERE ] setting player 2 freeze to -1708449382444
[17:16:22.455] [SEVERE ] updating countdown to 13253
[17:16:22.456] [SEVERE ] setting player 1 freeze to -1708449382456
[17:16:22.457] [SEVERE ] setting player 2 freeze to -1708449382457
[17:16:22.468] [SEVERE ] updating countdown to 13240
[17:16:22.469] [SEVERE ] setting player 1 freeze to -1708449382469
[17:16:22.469] [SEVERE ] setting player 2 freeze to -1708449382469
[17:16:22.480] [SEVERE ] updating countdown to 13228
[17:16:22.481] [SEVERE ] setting player 1 freeze to -1708449382481
[17:16:22.481] [SEVERE ] setting player 2 freeze to -1708449382481
[17:16:22.492] [SEVERE ] updating countdown to 13216
[17:16:22.493] [SEVERE ] setting player 1 freeze to -1708449382493
[17:16:22.494] [SEVERE ] setting player 2 freeze to -1708449382494
[17:16:22.504] [SEVERE ] updating countdown to 13204
[17:16:22.505] [SEVERE ] setting player 1 freeze to -1708449382505
[17:16:22.506] [SEVERE ] setting player 2 freeze to -1708449382506
[17:16:22.517] [SEVERE ] updating countdown to 13191
[17:16:22.518] [SEVERE ] setting player 1 freeze to -1708449382518
[17:16:22.518] [SEVERE ] setting player 2 freeze to -1708449382518
[17:16:22.529] [SEVERE ] updating countdown to 13179
[17:16:22.530] [SEVERE ] setting player 1 freeze to -1708449382530
[17:16:22.531] [SEVERE ] setting player 2 freeze to -1708449382531
[17:16:22.542] [SEVERE ] updating countdown to 13166
[17:16:22.542] [SEVERE ] setting player 1 freeze to -1708449382542
[17:16:22.543] [SEVERE ] setting player 2 freeze to -1708449382543
[17:16:22.554] [SEVERE ] updating countdown to 13154
[17:16:22.555] [SEVERE ] setting player 1 freeze to -1708449382555
[17:16:22.555] [SEVERE ] setting player 2 freeze to -1708449382555
[17:16:22.566] [SEVERE ] updating countdown to 13142
[17:16:22.567] [SEVERE ] setting player 1 freeze to -1708449382567
[17:16:22.567] [SEVERE ] setting player 2 freeze to -1708449382567
[17:16:22.578] [SEVERE ] updating countdown to 13130
[17:16:22.578] [SEVERE ] setting player 1 freeze to -1708449382578
[17:16:22.579] [SEVERE ] setting player 2 freeze to -1708449382579
[17:16:22.589] [SEVERE ] updating countdown to 13119
[17:16:22.590] [SEVERE ] setting player 1 freeze to -1708449382590
[17:16:22.590] [SEVERE ] setting player 2 freeze to -1708449382590
[17:16:22.601] [SEVERE ] updating countdown to 13107
[17:16:22.601] [SEVERE ] setting player 1 freeze to -1708449382601
[17:16:22.602] [SEVERE ] setting player 2 freeze to -1708449382602
[17:16:22.613] [SEVERE ] updating countdown to 13095
[17:16:22.614] [SEVERE ] setting player 1 freeze to -1708449382614
[17:16:22.615] [SEVERE ] setting player 2 freeze to -1708449382615
[17:16:22.626] [SEVERE ] updating countdown to 13082
[17:16:22.627] [SEVERE ] setting player 1 freeze to -1708449382627
[17:16:22.628] [SEVERE ] setting player 2 freeze to -1708449382628
[17:16:22.640] [SEVERE ] updating countdown to 13068
[17:16:22.641] [SEVERE ] setting player 1 freeze to -1708449382641
[17:16:22.642] [SEVERE ] setting player 2 freeze to -1708449382642
[17:16:22.653] [SEVERE ] updating countdown to 13055
[17:16:22.654] [SEVERE ] setting player 1 freeze to -1708449382654
[17:16:22.654] [SEVERE ] setting player 2 freeze to -1708449382654
[17:16:22.665] [SEVERE ] updating countdown to 13043
[17:16:22.666] [SEVERE ] setting player 1 freeze to -1708449382666
[17:16:22.666] [SEVERE ] setting player 2 freeze to -1708449382666
[17:16:22.677] [SEVERE ] updating countdown to 13031
[17:16:22.678] [SEVERE ] setting player 1 freeze to -1708449382678
[17:16:22.678] [SEVERE ] setting player 2 freeze to -1708449382678
[17:16:22.689] [SEVERE ] updating countdown to 13019
[17:16:22.691] [SEVERE ] setting player 1 freeze to -1708449382691
[17:16:22.691] [SEVERE ] setting player 2 freeze to -1708449382691
[17:16:22.703] [SEVERE ] updating countdown to 13005
[17:16:22.704] [SEVERE ] setting player 1 freeze to -1708449382704
[17:16:22.704] [SEVERE ] setting player 2 freeze to -1708449382704
[17:16:22.715] [SEVERE ] updating countdown to 12993
[17:16:22.716] [SEVERE ] setting player 1 freeze to -1708449382716
[17:16:22.717] [SEVERE ] setting player 2 freeze to -1708449382717
[17:16:22.728] [SEVERE ] updating countdown to 12980
[17:16:22.729] [SEVERE ] setting player 1 freeze to -1708449382729
[17:16:22.730] [SEVERE ] setting player 2 freeze to -1708449382730
[17:16:22.740] [SEVERE ] updating countdown to 12968
[17:16:22.742] [SEVERE ] setting player 1 freeze to -1708449382742
[17:16:22.742] [SEVERE ] setting player 2 freeze to -1708449382742
[17:16:22.753] [SEVERE ] updating countdown to 12955
[17:16:22.754] [SEVERE ] setting player 1 freeze to -1708449382754
[17:16:22.755] [SEVERE ] setting player 2 freeze to -1708449382755
[17:16:22.765] [SEVERE ] updating countdown to 12943
[17:16:22.765] [SEVERE ] setting player 1 freeze to -1708449382765
[17:16:22.765] [SEVERE ] setting player 2 freeze to -1708449382765
[17:16:22.776] [SEVERE ] updating countdown to 12932
[17:16:22.777] [SEVERE ] setting player 1 freeze to -1708449382777
[17:16:22.777] [SEVERE ] setting player 2 freeze to -1708449382777
[17:16:22.788] [SEVERE ] updating countdown to 12920
[17:16:22.788] [SEVERE ] setting player 1 freeze to -1708449382788
[17:16:22.788] [SEVERE ] setting player 2 freeze to -1708449382788
[17:16:22.799] [SEVERE ] updating countdown to 12910
[17:16:22.799] [SEVERE ] setting player 1 freeze to -1708449382799
[17:16:22.799] [SEVERE ] setting player 2 freeze to -1708449382799
[17:16:22.809] [SEVERE ] updating countdown to 12899
[17:16:22.810] [SEVERE ] setting player 1 freeze to -1708449382810
[17:16:22.810] [SEVERE ] setting player 2 freeze to -1708449382810
[17:16:22.821] [SEVERE ] updating countdown to 12887
[17:16:22.821] [SEVERE ] setting player 1 freeze to -1708449382821
[17:16:22.822] [SEVERE ] setting player 2 freeze to -1708449382822
[17:16:22.833] [SEVERE ] updating countdown to 12875
[17:16:22.834] [SEVERE ] setting player 1 freeze to -1708449382834
[17:16:22.835] [SEVERE ] setting player 2 freeze to -1708449382835
[17:16:22.846] [SEVERE ] updating countdown to 12862
[17:16:22.846] [SEVERE ] setting player 1 freeze to -1708449382846
[17:16:22.847] [SEVERE ] setting player 2 freeze to -1708449382847
[17:16:22.858] [SEVERE ] updating countdown to 12851
[17:16:22.858] [SEVERE ] setting player 1 freeze to -1708449382858
[17:16:22.859] [SEVERE ] setting player 2 freeze to -1708449382859
[17:16:22.870] [SEVERE ] updating countdown to 12838
[17:16:22.871] [SEVERE ] setting player 1 freeze to -1708449382871
[17:16:22.872] [SEVERE ] setting player 2 freeze to -1708449382872
[17:16:22.883] [SEVERE ] updating countdown to 12825
[17:16:22.883] [SEVERE ] setting player 1 freeze to -1708449382883
[17:16:22.883] [SEVERE ] setting player 2 freeze to -1708449382883
[17:16:22.893] [SEVERE ] updating countdown to 12815
[17:16:22.894] [SEVERE ] setting player 1 freeze to -1708449382894
[17:16:22.894] [SEVERE ] setting player 2 freeze to -1708449382894
[17:16:22.904] [SEVERE ] updating countdown to 12804
[17:16:22.905] [SEVERE ] setting player 1 freeze to -1708449382905
[17:16:22.906] [SEVERE ] setting player 2 freeze to -1708449382906
[17:16:22.917] [SEVERE ] updating countdown to 12792
[17:16:22.917] [SEVERE ] setting player 1 freeze to -1708449382917
[17:16:22.918] [SEVERE ] setting player 2 freeze to -1708449382918
[17:16:22.929] [SEVERE ] updating countdown to 12779
[17:16:22.930] [SEVERE ] setting player 1 freeze to -1708449382930
[17:16:22.931] [SEVERE ] setting player 2 freeze to -1708449382931
[17:16:22.943] [SEVERE ] updating countdown to 12765
[17:16:22.944] [SEVERE ] setting player 1 freeze to -1708449382944
[17:16:22.945] [SEVERE ] setting player 2 freeze to -1708449382945
[17:16:22.956] [SEVERE ] updating countdown to 12752
[17:16:22.957] [SEVERE ] setting player 1 freeze to -1708449382957
[17:16:22.958] [SEVERE ] setting player 2 freeze to -1708449382958
[17:16:22.969] [SEVERE ] updating countdown to 12739
[17:16:22.970] [SEVERE ] setting player 1 freeze to -1708449382970
[17:16:22.971] [SEVERE ] setting player 2 freeze to -1708449382971
[17:16:22.982] [SEVERE ] updating countdown to 12726
[17:16:22.983] [SEVERE ] setting player 1 freeze to -1708449382983
[17:16:22.984] [SEVERE ] setting player 2 freeze to -1708449382984
[17:16:22.995] [SEVERE ] updating countdown to 12713
[17:16:22.996] [SEVERE ] setting player 1 freeze to -1708449382996
[17:16:22.997] [SEVERE ] setting player 2 freeze to -1708449382997
[17:16:23.008] [SEVERE ] updating countdown to 12700
[17:16:23.009] [SEVERE ] setting player 1 freeze to -1708449383009
[17:16:23.010] [SEVERE ] setting player 2 freeze to -1708449383010
[17:16:23.021] [SEVERE ] updating countdown to 12687
[17:16:23.022] [SEVERE ] setting player 1 freeze to -1708449383022
[17:16:23.023] [SEVERE ] setting player 2 freeze to -1708449383023
[17:16:23.033] [SEVERE ] updating countdown to 12675
[17:16:23.034] [SEVERE ] setting player 1 freeze to -1708449383034
[17:16:23.035] [SEVERE ] setting player 2 freeze to -1708449383035
[17:16:23.046] [SEVERE ] updating countdown to 12662
[17:16:23.046] [SEVERE ] setting player 1 freeze to -1708449383046
[17:16:23.048] [SEVERE ] setting player 2 freeze to -1708449383048
[17:16:23.059] [SEVERE ] updating countdown to 12649
[17:16:23.060] [SEVERE ] setting player 1 freeze to -1708449383059
[17:16:23.060] [SEVERE ] setting player 2 freeze to -1708449383060
[17:16:23.071] [SEVERE ] updating countdown to 12637
[17:16:23.072] [SEVERE ] setting player 1 freeze to -1708449383072
[17:16:23.073] [SEVERE ] setting player 2 freeze to -1708449383073
[17:16:23.084] [SEVERE ] updating countdown to 12624
[17:16:23.085] [SEVERE ] setting player 1 freeze to -1708449383085
[17:16:23.086] [SEVERE ] setting player 2 freeze to -1708449383086
[17:16:23.097] [SEVERE ] updating countdown to 12611
[17:16:23.099] [SEVERE ] setting player 1 freeze to -1708449383099
[17:16:23.100] [SEVERE ] setting player 2 freeze to -1708449383100
[17:16:23.111] [SEVERE ] updating countdown to 12597
[17:16:23.112] [SEVERE ] setting player 1 freeze to -1708449383112
[17:16:23.113] [SEVERE ] setting player 2 freeze to -1708449383113
[17:16:23.124] [SEVERE ] updating countdown to 12584
[17:16:23.124] [SEVERE ] setting player 1 freeze to -1708449383124
[17:16:23.124] [SEVERE ] setting player 2 freeze to -1708449383124
[17:16:23.128] [SEVERE ] key 47 was pressed by player 2
[17:16:23.128] [SEVERE ] player 2 placing token on slot 11
[17:16:23.135] [SEVERE ] updating countdown to 12573
[17:16:23.136] [SEVERE ] setting player 1 freeze to -1708449383136
[17:16:23.136] [SEVERE ] setting player 2 freeze to -1708449383136
[17:16:23.136] [SEVERE ] key 46 was pressed by player 2
[17:16:23.136] [SEVERE ] player 2 placing token on slot 10
[17:16:23.146] [SEVERE ] updating countdown to 12562
[17:16:23.146] [SEVERE ] setting player 1 freeze to -1708449383146
[17:16:23.147] [SEVERE ] setting player 2 freeze to -1708449383147
[17:16:23.157] [SEVERE ] updating countdown to 12551
[17:16:23.157] [SEVERE ] setting player 1 freeze to -1708449383157
[17:16:23.158] [SEVERE ] setting player 2 freeze to -1708449383158
[17:16:23.169] [SEVERE ] updating countdown to 12539
[17:16:23.169] [SEVERE ] setting player 1 freeze to -1708449383169
[17:16:23.170] [SEVERE ] setting player 2 freeze to -1708449383170
[17:16:23.181] [SEVERE ] updating countdown to 12527
[17:16:23.182] [SEVERE ] setting player 1 freeze to -1708449383182
[17:16:23.183] [SEVERE ] setting player 2 freeze to -1708449383183
[17:16:23.194] [SEVERE ] updating countdown to 12514
[17:16:23.194] [SEVERE ] setting player 1 freeze to -1708449383194
[17:16:23.195] [SEVERE ] setting player 2 freeze to -1708449383195
[17:16:23.205] [SEVERE ] updating countdown to 12503
[17:16:23.208] [SEVERE ] setting player 1 freeze to -1708449383208
[17:16:23.208] [SEVERE ] setting player 2 freeze to -1708449383208
[17:16:23.219] [SEVERE ] updating countdown to 12489
[17:16:23.220] [SEVERE ] setting player 1 freeze to -1708449383220
[17:16:23.220] [SEVERE ] setting player 2 freeze to -1708449383220
[17:16:23.231] [SEVERE ] updating countdown to 12477
[17:16:23.231] [SEVERE ] setting player 1 freeze to -1708449383231
[17:16:23.231] [SEVERE ] setting player 2 freeze to -1708449383231
[17:16:23.242] [SEVERE ] updating countdown to 12466
[17:16:23.242] [SEVERE ] setting player 1 freeze to -1708449383242
[17:16:23.243] [SEVERE ] setting player 2 freeze to -1708449383243
[17:16:23.254] [SEVERE ] updating countdown to 12454
[17:16:23.254] [SEVERE ] setting player 1 freeze to -1708449383254
[17:16:23.254] [SEVERE ] setting player 2 freeze to -1708449383254
[17:16:23.265] [SEVERE ] updating countdown to 12443
[17:16:23.266] [SEVERE ] setting player 1 freeze to -1708449383266
[17:16:23.267] [SEVERE ] setting player 2 freeze to -1708449383267
[17:16:23.277] [SEVERE ] updating countdown to 12431
[17:16:23.278] [SEVERE ] setting player 1 freeze to -1708449383278
[17:16:23.278] [SEVERE ] setting player 2 freeze to -1708449383278
[17:16:23.288] [SEVERE ] updating countdown to 12420
[17:16:23.288] [SEVERE ] setting player 1 freeze to -1708449383288
[17:16:23.289] [SEVERE ] setting player 2 freeze to -1708449383289
[17:16:23.299] [SEVERE ] updating countdown to 12409
[17:16:23.300] [SEVERE ] setting player 1 freeze to -1708449383300
[17:16:23.300] [SEVERE ] setting player 2 freeze to -1708449383300
[17:16:23.311] [SEVERE ] updating countdown to 12397
[17:16:23.311] [SEVERE ] setting player 1 freeze to -1708449383311
[17:16:23.312] [SEVERE ] setting player 2 freeze to -1708449383312
[17:16:23.322] [SEVERE ] updating countdown to 12386
[17:16:23.322] [SEVERE ] setting player 1 freeze to -1708449383322
[17:16:23.323] [SEVERE ] setting player 2 freeze to -1708449383323
[17:16:23.333] [SEVERE ] updating countdown to 12375
[17:16:23.334] [SEVERE ] setting player 1 freeze to -1708449383334
[17:16:23.334] [SEVERE ] setting player 2 freeze to -1708449383334
[17:16:23.344] [SEVERE ] key 44 was pressed by player 2
[17:16:23.344] [SEVERE ] player 2 placing token on slot 9
[17:16:23.344] [SEVERE ] updating countdown to 12364
[17:16:23.345] [SEVERE ] setting player 1 freeze to -1708449383345
[17:16:23.345] [SEVERE ] setting player 2 freeze to -1708449383345
[17:16:23.353] [SEVERE ] updating countdown to 12355
[17:16:23.353] [SEVERE ] setting player 1 freeze to -1708449383353
[17:16:23.353] [SEVERE ] setting player 2 freeze to -1708449383353
[17:16:23.354] [SEVERE ] setting player 2 freeze to 1000
[17:16:23.354] [SEVERE ] setting player 2 score to 1
[17:16:23.355] [SEVERE ] removing player 2 token from slot 9
[17:16:23.993] [SEVERE ] key 44 was pressed by player 2
[17:16:25.933] [SEVERE ] key 47 was pressed by player 2
[17:16:25.934] [SEVERE ] removing player 2 token from slot 11
[17:16:26.905] [SEVERE ] key 47 was pressed by player 2
[17:16:27.735] [SEVERE ] key 47 was pressed by player 2
[17:16:28.126] [SEVERE ] key 46 was pressed by player 2
[17:16:36.349] [SEVERE ] exit button pressed
